

================================================================
== Vitis HLS Report for 'KPN'
================================================================
* Date:           Tue Jun 27 13:52:04 2023

* Version:        2023.1 (Build 3854077 on May  4 2023)
* Project:        Byte_Count_Really_Good_This_Time
* Solution:       solution1 (Vivado IP Flow Target)
* Product family: zynq
* Target device:  xc7z020-clg484-1


================================================================
== Performance Estimates
================================================================
+ Timing: 
    * Summary: 
    +--------+---------+----------+------------+
    |  Clock |  Target | Estimated| Uncertainty|
    +--------+---------+----------+------------+
    |ap_clk  |  5.00 ns|  3.650 ns|     1.35 ns|
    +--------+---------+----------+------------+

+ Latency: 
    * Summary: 
    +---------+---------+----------+----------+-----+-----+----------+
    |  Latency (cycles) |  Latency (absolute) |  Interval | Pipeline |
    |   min   |   max   |    min   |    max   | min | max |   Type   |
    +---------+---------+----------+----------+-----+-----+----------+
    |        0|        0|      0 ns|      0 ns|    1|    1|  dataflow|
    +---------+---------+----------+----------+-----+-----+----------+

    + Detail: 
        * Instance: 
        +-------------+----------+---------+---------+----------+----------+-----+-----+---------+
        |             |          |  Latency (cycles) |  Latency (absolute) |  Interval | Pipeline|
        |   Instance  |  Module  |   min   |   max   |    min   |    max   | min | max |   Type  |
        +-------------+----------+---------+---------+----------+----------+-----+-----+---------+
        |worker_1_U0  |worker_1  |        0|        0|      0 ns|      0 ns|    0|    0|       no|
        |worker_2_U0  |worker_2  |        0|        0|      0 ns|      0 ns|    0|    0|       no|
        |worker_3_U0  |worker_3  |        0|        0|      0 ns|      0 ns|    0|    0|       no|
        |worker_4_U0  |worker_4  |        0|        0|      0 ns|      0 ns|    0|    0|       no|
        |worker_5_U0  |worker_5  |        0|        0|      0 ns|      0 ns|    0|    0|       no|
        |worker_6_U0  |worker_6  |        0|        0|      0 ns|      0 ns|    0|    0|       no|
        |worker_7_U0  |worker_7  |        0|        0|      0 ns|      0 ns|    0|    0|       no|
        |worker_U0    |worker    |        0|        0|      0 ns|      0 ns|    0|    0|       no|
        +-------------+----------+---------+---------+----------+----------+-----+-----+---------+

        * Loop: 
        N/A



================================================================
== Utilization Estimates
================================================================
* Summary: 
+-----------------+---------+-----+--------+-------+-----+
|       Name      | BRAM_18K| DSP |   FF   |  LUT  | URAM|
+-----------------+---------+-----+--------+-------+-----+
|DSP              |        -|    -|       -|      -|    -|
|Expression       |        -|    -|       -|      -|    -|
|FIFO             |        -|    -|       -|      -|    -|
|Instance         |        -|    -|      16|    296|    -|
|Memory           |        -|    -|       -|      -|    -|
|Multiplexer      |        -|    -|       -|      -|    -|
|Register         |        -|    -|       -|      -|    -|
+-----------------+---------+-----+--------+-------+-----+
|Total            |        0|    0|      16|    296|    0|
+-----------------+---------+-----+--------+-------+-----+
|Available        |      280|  220|  106400|  53200|    0|
+-----------------+---------+-----+--------+-------+-----+
|Utilization (%)  |        0|    0|      ~0|     ~0|    0|
+-----------------+---------+-----+--------+-------+-----+

+ Detail: 
    * Instance: 
    +-------------+----------+---------+----+---+----+-----+
    |   Instance  |  Module  | BRAM_18K| DSP| FF| LUT| URAM|
    +-------------+----------+---------+----+---+----+-----+
    |worker_U0    |worker    |        0|   0|  2|  37|    0|
    |worker_1_U0  |worker_1  |        0|   0|  2|  37|    0|
    |worker_2_U0  |worker_2  |        0|   0|  2|  37|    0|
    |worker_3_U0  |worker_3  |        0|   0|  2|  37|    0|
    |worker_4_U0  |worker_4  |        0|   0|  2|  37|    0|
    |worker_5_U0  |worker_5  |        0|   0|  2|  37|    0|
    |worker_6_U0  |worker_6  |        0|   0|  2|  37|    0|
    |worker_7_U0  |worker_7  |        0|   0|  2|  37|    0|
    +-------------+----------+---------+----+---+----+-----+
    |Total        |          |        0|   0| 16| 296|    0|
    +-------------+----------+---------+----+---+----+-----+

    * DSP: 
    N/A

    * Memory: 
    N/A

    * FIFO: 
    N/A

    * Expression: 
    N/A

    * Multiplexer: 
    N/A

    * Register: 
    N/A



================================================================
== Interface
================================================================
* Summary: 
+---------------------+-----+-----+--------------+--------------+--------------+
|      RTL Ports      | Dir | Bits|   Protocol   | Source Object|    C Type    |
+---------------------+-----+-----+--------------+--------------+--------------+
|split_out_0_dout     |   in|    8|       ap_fifo|   split_out_0|       pointer|
|split_out_0_empty_n  |   in|    1|       ap_fifo|   split_out_0|       pointer|
|split_out_0_read     |  out|    1|       ap_fifo|   split_out_0|       pointer|
|merge_in_0_din       |  out|    8|       ap_fifo|    merge_in_0|       pointer|
|merge_in_0_full_n    |   in|    1|       ap_fifo|    merge_in_0|       pointer|
|merge_in_0_write     |  out|    1|       ap_fifo|    merge_in_0|       pointer|
|split_out_1_dout     |   in|    8|       ap_fifo|   split_out_1|       pointer|
|split_out_1_empty_n  |   in|    1|       ap_fifo|   split_out_1|       pointer|
|split_out_1_read     |  out|    1|       ap_fifo|   split_out_1|       pointer|
|merge_in_1_din       |  out|    8|       ap_fifo|    merge_in_1|       pointer|
|merge_in_1_full_n    |   in|    1|       ap_fifo|    merge_in_1|       pointer|
|merge_in_1_write     |  out|    1|       ap_fifo|    merge_in_1|       pointer|
|split_out_2_dout     |   in|    8|       ap_fifo|   split_out_2|       pointer|
|split_out_2_empty_n  |   in|    1|       ap_fifo|   split_out_2|       pointer|
|split_out_2_read     |  out|    1|       ap_fifo|   split_out_2|       pointer|
|merge_in_2_din       |  out|    8|       ap_fifo|    merge_in_2|       pointer|
|merge_in_2_full_n    |   in|    1|       ap_fifo|    merge_in_2|       pointer|
|merge_in_2_write     |  out|    1|       ap_fifo|    merge_in_2|       pointer|
|split_out_3_dout     |   in|    8|       ap_fifo|   split_out_3|       pointer|
|split_out_3_empty_n  |   in|    1|       ap_fifo|   split_out_3|       pointer|
|split_out_3_read     |  out|    1|       ap_fifo|   split_out_3|       pointer|
|merge_in_3_din       |  out|    8|       ap_fifo|    merge_in_3|       pointer|
|merge_in_3_full_n    |   in|    1|       ap_fifo|    merge_in_3|       pointer|
|merge_in_3_write     |  out|    1|       ap_fifo|    merge_in_3|       pointer|
|split_out_4_dout     |   in|    8|       ap_fifo|   split_out_4|       pointer|
|split_out_4_empty_n  |   in|    1|       ap_fifo|   split_out_4|       pointer|
|split_out_4_read     |  out|    1|       ap_fifo|   split_out_4|       pointer|
|merge_in_4_din       |  out|    8|       ap_fifo|    merge_in_4|       pointer|
|merge_in_4_full_n    |   in|    1|       ap_fifo|    merge_in_4|       pointer|
|merge_in_4_write     |  out|    1|       ap_fifo|    merge_in_4|       pointer|
|split_out_5_dout     |   in|    8|       ap_fifo|   split_out_5|       pointer|
|split_out_5_empty_n  |   in|    1|       ap_fifo|   split_out_5|       pointer|
|split_out_5_read     |  out|    1|       ap_fifo|   split_out_5|       pointer|
|merge_in_5_din       |  out|    8|       ap_fifo|    merge_in_5|       pointer|
|merge_in_5_full_n    |   in|    1|       ap_fifo|    merge_in_5|       pointer|
|merge_in_5_write     |  out|    1|       ap_fifo|    merge_in_5|       pointer|
|split_out_6_dout     |   in|    8|       ap_fifo|   split_out_6|       pointer|
|split_out_6_empty_n  |   in|    1|       ap_fifo|   split_out_6|       pointer|
|split_out_6_read     |  out|    1|       ap_fifo|   split_out_6|       pointer|
|merge_in_6_din       |  out|    8|       ap_fifo|    merge_in_6|       pointer|
|merge_in_6_full_n    |   in|    1|       ap_fifo|    merge_in_6|       pointer|
|merge_in_6_write     |  out|    1|       ap_fifo|    merge_in_6|       pointer|
|split_out_7_dout     |   in|    8|       ap_fifo|   split_out_7|       pointer|
|split_out_7_empty_n  |   in|    1|       ap_fifo|   split_out_7|       pointer|
|split_out_7_read     |  out|    1|       ap_fifo|   split_out_7|       pointer|
|merge_in_7_din       |  out|    8|       ap_fifo|    merge_in_7|       pointer|
|merge_in_7_full_n    |   in|    1|       ap_fifo|    merge_in_7|       pointer|
|merge_in_7_write     |  out|    1|       ap_fifo|    merge_in_7|       pointer|
|ap_clk               |   in|    1|  ap_ctrl_none|           KPN|  return value|
|ap_rst               |   in|    1|  ap_ctrl_none|           KPN|  return value|
|ap_ready             |  out|    1|  ap_ctrl_none|           KPN|  return value|
+---------------------+-----+-----+--------------+--------------+--------------+

