

================================================================
== Vitis HLS Report for 'process_split_stream'
================================================================
* Date:           Sun Jan 29 14:07:10 2023

* Version:        2022.1 (Build 3526262 on Mon Apr 18 15:48:16 MDT 2022)
* Project:        Byte_Count_Really_Good_This_Time
* Solution:       solution1 (Vivado IP Flow Target)
* Product family: zynq
* Target device:  xc7z020-clg484-1


================================================================
== Performance Estimates
================================================================
+ Timing: 
    * Summary: 
    +--------+----------+----------+------------+
    |  Clock |  Target  | Estimated| Uncertainty|
    +--------+----------+----------+------------+
    |ap_clk  |  10.00 ns|  3.538 ns|     2.70 ns|
    +--------+----------+----------+------------+

+ Latency: 
    * Summary: 
    +---------+---------+-----------+-----------+-----+-----+---------+
    |  Latency (cycles) |   Latency (absolute)  |  Interval | Pipeline|
    |   min   |   max   |    min    |    max    | min | max |   Type  |
    +---------+---------+-----------+-----------+-----+-----+---------+
    |        1|        1|  10.000 ns|  10.000 ns|    1|    1|       no|
    +---------+---------+-----------+-----------+-----+-----+---------+

    + Detail: 
        * Instance: 
        N/A

        * Loop: 
        N/A



================================================================
== Utilization Estimates
================================================================
* Summary: 
+-----------------+---------+-----+--------+-------+-----+
|       Name      | BRAM_18K| DSP |   FF   |  LUT  | URAM|
+-----------------+---------+-----+--------+-------+-----+
|DSP              |        -|    -|       -|      -|    -|
|Expression       |        -|    -|       0|      8|    -|
|FIFO             |        -|    -|       -|      -|    -|
|Instance         |        -|    -|       -|      -|    -|
|Memory           |        -|    -|       -|      -|    -|
|Multiplexer      |        -|    -|       -|     41|    -|
|Register         |        -|    -|       4|      -|    -|
+-----------------+---------+-----+--------+-------+-----+
|Total            |        0|    0|       4|     49|    0|
+-----------------+---------+-----+--------+-------+-----+
|Available        |      280|  220|  106400|  53200|    0|
+-----------------+---------+-----+--------+-------+-----+
|Utilization (%)  |        0|    0|      ~0|     ~0|    0|
+-----------------+---------+-----+--------+-------+-----+

+ Detail: 
    * Instance: 
    N/A

    * DSP: 
    N/A

    * Memory: 
    N/A

    * FIFO: 
    N/A

    * Expression: 
    +--------------------+----------+----+---+----+------------+------------+
    |    Variable Name   | Operation| DSP| FF| LUT| Bitwidth P0| Bitwidth P1|
    +--------------------+----------+----+---+----+------------+------------+
    |ap_block_state1_io  |       and|   0|  0|   2|           1|           1|
    |ap_block_state2_io  |       and|   0|  0|   2|           1|           1|
    |ap_block_state1     |        or|   0|  0|   2|           1|           1|
    |ap_block_state2     |        or|   0|  0|   2|           1|           1|
    +--------------------+----------+----+---+----+------------+------------+
    |Total               |          |   0|  0|   8|           4|           4|
    +--------------------+----------+----+---+----+------------+------------+

    * Multiplexer: 
    +-----------------------+----+-----------+-----+-----------+
    |          Name         | LUT| Input Size| Bits| Total Bits|
    +-----------------------+----+-----------+-----+-----------+
    |OutStream_TDATA_blk_n  |   9|          2|    1|          2|
    |ap_NS_fsm              |  14|          3|    1|          3|
    |ap_done                |   9|          2|    1|          2|
    |split_buffer_blk_n     |   9|          2|    1|          2|
    +-----------------------+----+-----------+-----+-----------+
    |Total                  |  41|          9|    4|          9|
    +-----------------------+----+-----------+-----+-----------+

    * Register: 
    +-------------------+---+----+-----+-----------+
    |        Name       | FF| LUT| Bits| Const Bits|
    +-------------------+---+----+-----+-----------+
    |ap_CS_fsm          |  2|   0|    2|          0|
    |ap_done_reg        |  1|   0|    1|          0|
    |tmp_last_V_reg_81  |  1|   0|    1|          0|
    +-------------------+---+----+-----+-----------+
    |Total              |  4|   0|    4|          0|
    +-------------------+---+----+-----+-----------+



================================================================
== Interface
================================================================
* Summary: 
+-----------------------------+-----+-----+------------+----------------------+--------------+
|          RTL Ports          | Dir | Bits|  Protocol  |     Source Object    |    C Type    |
+-----------------------------+-----+-----+------------+----------------------+--------------+
|ap_clk                       |   in|    1|  ap_ctrl_hs|  process_split_stream|  return value|
|ap_rst                       |   in|    1|  ap_ctrl_hs|  process_split_stream|  return value|
|ap_start                     |   in|    1|  ap_ctrl_hs|  process_split_stream|  return value|
|ap_done                      |  out|    1|  ap_ctrl_hs|  process_split_stream|  return value|
|ap_continue                  |   in|    1|  ap_ctrl_hs|  process_split_stream|  return value|
|ap_idle                      |  out|    1|  ap_ctrl_hs|  process_split_stream|  return value|
|ap_ready                     |  out|    1|  ap_ctrl_hs|  process_split_stream|  return value|
|split_buffer_dout            |   in|    9|     ap_fifo|          split_buffer|       pointer|
|split_buffer_num_data_valid  |   in|    9|     ap_fifo|          split_buffer|       pointer|
|split_buffer_fifo_cap        |   in|    9|     ap_fifo|          split_buffer|       pointer|
|split_buffer_empty_n         |   in|    1|     ap_fifo|          split_buffer|       pointer|
|split_buffer_read            |  out|    1|     ap_fifo|          split_buffer|       pointer|
|OutStream_TDATA              |  out|    8|        axis|    OutStream_V_data_V|       pointer|
|OutStream_TVALID             |  out|    1|        axis|    OutStream_V_last_V|       pointer|
|OutStream_TREADY             |   in|    1|        axis|    OutStream_V_last_V|       pointer|
|OutStream_TLAST              |  out|    1|        axis|    OutStream_V_last_V|       pointer|
|OutStream_TKEEP              |  out|    1|        axis|    OutStream_V_keep_V|       pointer|
|OutStream_TSTRB              |  out|    1|        axis|    OutStream_V_strb_V|       pointer|
+-----------------------------+-----+-----+------------+----------------------+--------------+

