

================================================================
== Vitis HLS Report for 'read_in'
================================================================
* Date:           Tue Jun 27 13:52:03 2023

* Version:        2023.1 (Build 3854077 on May  4 2023)
* Project:        Byte_Count_Really_Good_This_Time
* Solution:       solution1 (Vivado IP Flow Target)
* Product family: zynq
* Target device:  xc7z020-clg484-1


================================================================
== Performance Estimates
================================================================
+ Timing: 
    * Summary: 
    +--------+---------+----------+------------+
    |  Clock |  Target | Estimated| Uncertainty|
    +--------+---------+----------+------------+
    |ap_clk  |  5.00 ns|  3.650 ns|     1.35 ns|
    +--------+---------+----------+------------+

+ Latency: 
    * Summary: 
    +---------+---------+----------+----------+-----+-----+---------+
    |  Latency (cycles) |  Latency (absolute) |  Interval | Pipeline|
    |   min   |   max   |    min   |    max   | min | max |   Type  |
    +---------+---------+----------+----------+-----+-----+---------+
    |       75|       75|  0.375 us|  0.375 us|   75|   75|       no|
    +---------+---------+----------+----------+-----+-----+---------+

    + Detail: 
        * Instance: 
        N/A

        * Loop: 
        +------------------+---------+---------+----------+-----------+-----------+------+----------+
        |                  |  Latency (cycles) | Iteration|  Initiation Interval  | Trip |          |
        |     Loop Name    |   min   |   max   |  Latency |  achieved |   target  | Count| Pipelined|
        +------------------+---------+---------+----------+-----------+-----------+------+----------+
        |- VITIS_LOOP_5_1  |       73|       73|        11|          1|          1|    64|       yes|
        +------------------+---------+---------+----------+-----------+-----------+------+----------+



================================================================
== Utilization Estimates
================================================================
* Summary: 
+-----------------+---------+-----+--------+-------+-----+
|       Name      | BRAM_18K| DSP |   FF   |  LUT  | URAM|
+-----------------+---------+-----+--------+-------+-----+
|DSP              |        -|    -|       -|      -|    -|
|Expression       |        -|    -|       0|     45|    -|
|FIFO             |        -|    -|       -|      -|    -|
|Instance         |        -|    -|       -|      -|    -|
|Memory           |        -|    -|       -|      -|    -|
|Multiplexer      |        -|    -|       -|     63|    -|
|Register         |        -|    -|     166|     32|    -|
+-----------------+---------+-----+--------+-------+-----+
|Total            |        0|    0|     166|    140|    0|
+-----------------+---------+-----+--------+-------+-----+
|Available        |      280|  220|  106400|  53200|    0|
+-----------------+---------+-----+--------+-------+-----+
|Utilization (%)  |        0|    0|      ~0|     ~0|    0|
+-----------------+---------+-----+--------+-------+-----+

+ Detail: 
    * Instance: 
    N/A

    * DSP: 
    N/A

    * Memory: 
    N/A

    * FIFO: 
    N/A

    * Expression: 
    +------------------------------------+----------+----+---+----+------------+------------+
    |            Variable Name           | Operation| DSP| FF| LUT| Bitwidth P0| Bitwidth P1|
    +------------------------------------+----------+----+---+----+------------+------------+
    |add_ln5_fu_113_p2                   |         +|   0|  0|  14|           7|           1|
    |ap_block_state10_pp0_stage0_iter9   |       and|   0|  0|   2|           1|           1|
    |ap_block_state11_pp0_stage0_iter10  |       and|   0|  0|   2|           1|           1|
    |ap_block_state2_io                  |       and|   0|  0|   2|           1|           1|
    |ap_condition_240                    |       and|   0|  0|   2|           1|           1|
    |ap_condition_314                    |       and|   0|  0|   2|           1|           1|
    |icmp_ln5_fu_107_p2                  |      icmp|   0|  0|  15|           7|           8|
    |ap_block_pp0_stage0_01001           |        or|   0|  0|   2|           1|           1|
    |ap_block_pp0_stage0_11001           |        or|   0|  0|   2|           1|           1|
    |ap_enable_pp0                       |       xor|   0|  0|   2|           1|           2|
    +------------------------------------+----------+----+---+----+------------+------------+
    |Total                               |          |   0|  0|  45|          22|          18|
    +------------------------------------+----------+----+---+----+------------+------------+

    * Multiplexer: 
    +-------------------------+----+-----------+-----+-----------+
    |           Name          | LUT| Input Size| Bits| Total Bits|
    +-------------------------+----+-----------+-----+-----------+
    |ap_done_int              |   9|          2|    1|          2|
    |ap_enable_reg_pp0_iter1  |   9|          2|    1|          2|
    |ap_sig_allocacmp_i_2     |   9|          2|    7|         14|
    |gmem_blk_n_AR            |   9|          2|    1|          2|
    |gmem_blk_n_R             |   9|          2|    1|          2|
    |i_fu_58                  |   9|          2|    7|         14|
    |split_in_blk_n           |   9|          2|    1|          2|
    +-------------------------+----+-----------+-----+-----------+
    |Total                    |  63|         14|   19|         38|
    +-------------------------+----+-----------+-----+-----------+

    * Register: 
    +----------------------------------+----+----+-----+-----------+
    |               Name               | FF | LUT| Bits| Const Bits|
    +----------------------------------+----+----+-----+-----------+
    |ap_CS_fsm                         |   1|   0|    1|          0|
    |ap_done_reg                       |   1|   0|    1|          0|
    |ap_enable_reg_pp0_iter1           |   1|   0|    1|          0|
    |ap_enable_reg_pp0_iter10          |   1|   0|    1|          0|
    |ap_enable_reg_pp0_iter2           |   1|   0|    1|          0|
    |ap_enable_reg_pp0_iter3           |   1|   0|    1|          0|
    |ap_enable_reg_pp0_iter4           |   1|   0|    1|          0|
    |ap_enable_reg_pp0_iter5           |   1|   0|    1|          0|
    |ap_enable_reg_pp0_iter6           |   1|   0|    1|          0|
    |ap_enable_reg_pp0_iter7           |   1|   0|    1|          0|
    |ap_enable_reg_pp0_iter8           |   1|   0|    1|          0|
    |ap_enable_reg_pp0_iter9           |   1|   0|    1|          0|
    |ap_loop_exit_ready_pp0_iter1_reg  |   1|   0|    1|          0|
    |ap_loop_exit_ready_pp0_iter2_reg  |   1|   0|    1|          0|
    |ap_loop_exit_ready_pp0_iter3_reg  |   1|   0|    1|          0|
    |ap_loop_exit_ready_pp0_iter4_reg  |   1|   0|    1|          0|
    |ap_loop_exit_ready_pp0_iter5_reg  |   1|   0|    1|          0|
    |ap_loop_exit_ready_pp0_iter6_reg  |   1|   0|    1|          0|
    |ap_loop_exit_ready_pp0_iter7_reg  |   1|   0|    1|          0|
    |ap_loop_exit_ready_pp0_iter8_reg  |   1|   0|    1|          0|
    |ap_loop_exit_ready_pp0_iter9_reg  |   1|   0|    1|          0|
    |first_iter_0_reg_87               |   1|   0|    1|          0|
    |gmem_addr_read_reg_152            |   8|   0|    8|          0|
    |i_fu_58                           |   7|   0|    7|          0|
    |icmp_ln5_reg_142                  |   1|   0|    1|          0|
    |in_read_reg_137                   |  64|   0|   64|          0|
    |icmp_ln5_reg_142                  |  64|  32|    1|          0|
    +----------------------------------+----+----+-----+-----------+
    |Total                             | 166|  32|  103|          0|
    +----------------------------------+----+----+-----+-----------+



================================================================
== Interface
================================================================
* Summary: 
+---------------------+-----+-----+------------+--------------+--------------+
|      RTL Ports      | Dir | Bits|  Protocol  | Source Object|    C Type    |
+---------------------+-----+-----+------------+--------------+--------------+
|ap_clk               |   in|    1|  ap_ctrl_hs|       read_in|  return value|
|ap_rst               |   in|    1|  ap_ctrl_hs|       read_in|  return value|
|ap_start             |   in|    1|  ap_ctrl_hs|       read_in|  return value|
|ap_done              |  out|    1|  ap_ctrl_hs|       read_in|  return value|
|ap_continue          |   in|    1|  ap_ctrl_hs|       read_in|  return value|
|ap_idle              |  out|    1|  ap_ctrl_hs|       read_in|  return value|
|ap_ready             |  out|    1|  ap_ctrl_hs|       read_in|  return value|
|m_axi_gmem_AWVALID   |  out|    1|       m_axi|          gmem|       pointer|
|m_axi_gmem_AWREADY   |   in|    1|       m_axi|          gmem|       pointer|
|m_axi_gmem_AWADDR    |  out|   64|       m_axi|          gmem|       pointer|
|m_axi_gmem_AWID      |  out|    1|       m_axi|          gmem|       pointer|
|m_axi_gmem_AWLEN     |  out|   32|       m_axi|          gmem|       pointer|
|m_axi_gmem_AWSIZE    |  out|    3|       m_axi|          gmem|       pointer|
|m_axi_gmem_AWBURST   |  out|    2|       m_axi|          gmem|       pointer|
|m_axi_gmem_AWLOCK    |  out|    2|       m_axi|          gmem|       pointer|
|m_axi_gmem_AWCACHE   |  out|    4|       m_axi|          gmem|       pointer|
|m_axi_gmem_AWPROT    |  out|    3|       m_axi|          gmem|       pointer|
|m_axi_gmem_AWQOS     |  out|    4|       m_axi|          gmem|       pointer|
|m_axi_gmem_AWREGION  |  out|    4|       m_axi|          gmem|       pointer|
|m_axi_gmem_AWUSER    |  out|    1|       m_axi|          gmem|       pointer|
|m_axi_gmem_WVALID    |  out|    1|       m_axi|          gmem|       pointer|
|m_axi_gmem_WREADY    |   in|    1|       m_axi|          gmem|       pointer|
|m_axi_gmem_WDATA     |  out|    8|       m_axi|          gmem|       pointer|
|m_axi_gmem_WSTRB     |  out|    1|       m_axi|          gmem|       pointer|
|m_axi_gmem_WLAST     |  out|    1|       m_axi|          gmem|       pointer|
|m_axi_gmem_WID       |  out|    1|       m_axi|          gmem|       pointer|
|m_axi_gmem_WUSER     |  out|    1|       m_axi|          gmem|       pointer|
|m_axi_gmem_ARVALID   |  out|    1|       m_axi|          gmem|       pointer|
|m_axi_gmem_ARREADY   |   in|    1|       m_axi|          gmem|       pointer|
|m_axi_gmem_ARADDR    |  out|   64|       m_axi|          gmem|       pointer|
|m_axi_gmem_ARID      |  out|    1|       m_axi|          gmem|       pointer|
|m_axi_gmem_ARLEN     |  out|   32|       m_axi|          gmem|       pointer|
|m_axi_gmem_ARSIZE    |  out|    3|       m_axi|          gmem|       pointer|
|m_axi_gmem_ARBURST   |  out|    2|       m_axi|          gmem|       pointer|
|m_axi_gmem_ARLOCK    |  out|    2|       m_axi|          gmem|       pointer|
|m_axi_gmem_ARCACHE   |  out|    4|       m_axi|          gmem|       pointer|
|m_axi_gmem_ARPROT    |  out|    3|       m_axi|          gmem|       pointer|
|m_axi_gmem_ARQOS     |  out|    4|       m_axi|          gmem|       pointer|
|m_axi_gmem_ARREGION  |  out|    4|       m_axi|          gmem|       pointer|
|m_axi_gmem_ARUSER    |  out|    1|       m_axi|          gmem|       pointer|
|m_axi_gmem_RVALID    |   in|    1|       m_axi|          gmem|       pointer|
|m_axi_gmem_RREADY    |  out|    1|       m_axi|          gmem|       pointer|
|m_axi_gmem_RDATA     |   in|    8|       m_axi|          gmem|       pointer|
|m_axi_gmem_RLAST     |   in|    1|       m_axi|          gmem|       pointer|
|m_axi_gmem_RID       |   in|    1|       m_axi|          gmem|       pointer|
|m_axi_gmem_RFIFONUM  |   in|   13|       m_axi|          gmem|       pointer|
|m_axi_gmem_RUSER     |   in|    1|       m_axi|          gmem|       pointer|
|m_axi_gmem_RRESP     |   in|    2|       m_axi|          gmem|       pointer|
|m_axi_gmem_BVALID    |   in|    1|       m_axi|          gmem|       pointer|
|m_axi_gmem_BREADY    |  out|    1|       m_axi|          gmem|       pointer|
|m_axi_gmem_BRESP     |   in|    2|       m_axi|          gmem|       pointer|
|m_axi_gmem_BID       |   in|    1|       m_axi|          gmem|       pointer|
|m_axi_gmem_BUSER     |   in|    1|       m_axi|          gmem|       pointer|
|split_in_din         |  out|    8|     ap_fifo|      split_in|       pointer|
|split_in_full_n      |   in|    1|     ap_fifo|      split_in|       pointer|
|split_in_write       |  out|    1|     ap_fifo|      split_in|       pointer|
|in_r                 |   in|   64|     ap_none|          in_r|        scalar|
+---------------------+-----+-----+------------+--------------+--------------+

