

================================================================
== Vitis HLS Report for 'split_input_stream_Pipeline_VITIS_LOOP_16_1'
================================================================
* Date:           Sun Jan 29 14:07:10 2023

* Version:        2022.1 (Build 3526262 on Mon Apr 18 15:48:16 MDT 2022)
* Project:        Byte_Count_Really_Good_This_Time
* Solution:       solution1 (Vivado IP Flow Target)
* Product family: zynq
* Target device:  xc7z020-clg484-1


================================================================
== Performance Estimates
================================================================
+ Timing: 
    * Summary: 
    +--------+----------+----------+------------+
    |  Clock |  Target  | Estimated| Uncertainty|
    +--------+----------+----------+------------+
    |ap_clk  |  10.00 ns|  3.538 ns|     2.70 ns|
    +--------+----------+----------+------------+

+ Latency: 
    * Summary: 
    +---------+---------+----------+----------+-----+-----+---------+
    |  Latency (cycles) |  Latency (absolute) |  Interval | Pipeline|
    |   min   |   max   |    min   |    max   | min | max |   Type  |
    +---------+---------+----------+----------+-----+-----+---------+
    |        ?|        ?|         ?|         ?|    ?|    ?|       no|
    +---------+---------+----------+----------+-----+-----+---------+

    + Detail: 
        * Instance: 
        N/A

        * Loop: 
        +-------------------+---------+---------+----------+-----------+-----------+------+----------+
        |                   |  Latency (cycles) | Iteration|  Initiation Interval  | Trip |          |
        |     Loop Name     |   min   |   max   |  Latency |  achieved |   target  | Count| Pipelined|
        +-------------------+---------+---------+----------+-----------+-----------+------+----------+
        |- VITIS_LOOP_16_1  |        ?|        ?|         1|          1|          1|     ?|       yes|
        +-------------------+---------+---------+----------+-----------+-----------+------+----------+



================================================================
== Utilization Estimates
================================================================
* Summary: 
+-----------------+---------+-----+--------+-------+-----+
|       Name      | BRAM_18K| DSP |   FF   |  LUT  | URAM|
+-----------------+---------+-----+--------+-------+-----+
|DSP              |        -|    -|       -|      -|    -|
|Expression       |        -|    -|       0|      2|    -|
|FIFO             |        -|    -|       -|      -|    -|
|Instance         |        -|    -|       -|      -|    -|
|Memory           |        -|    -|       -|      -|    -|
|Multiplexer      |        -|    -|       -|     18|    -|
|Register         |        -|    -|       2|      -|    -|
+-----------------+---------+-----+--------+-------+-----+
|Total            |        0|    0|       2|     20|    0|
+-----------------+---------+-----+--------+-------+-----+
|Available        |      280|  220|  106400|  53200|    0|
+-----------------+---------+-----+--------+-------+-----+
|Utilization (%)  |        0|    0|      ~0|     ~0|    0|
+-----------------+---------+-----+--------+-------+-----+

+ Detail: 
    * Instance: 
    N/A

    * DSP: 
    N/A

    * Memory: 
    N/A

    * FIFO: 
    N/A

    * Expression: 
    +----------------------------------+----------+----+---+----+------------+------------+
    |           Variable Name          | Operation| DSP| FF| LUT| Bitwidth P0| Bitwidth P1|
    +----------------------------------+----------+----+---+----+------------+------------+
    |ap_block_state1_pp0_stage0_iter0  |        or|   0|  0|   2|           1|           1|
    +----------------------------------+----------+----+---+----+------------+------------+
    |Total                             |          |   0|  0|   2|           1|           1|
    +----------------------------------+----------+----+---+----+------------+------------+

    * Multiplexer: 
    +--------------------+----+-----------+-----+-----------+
    |        Name        | LUT| Input Size| Bits| Total Bits|
    +--------------------+----+-----------+-----+-----------+
    |ap_done_int         |   9|          2|    1|          2|
    |split_buffer_blk_n  |   9|          2|    1|          2|
    +--------------------+----+-----------+-----+-----------+
    |Total               |  18|          4|    2|          4|
    +--------------------+----+-----------+-----+-----------+

    * Register: 
    +-------------+---+----+-----+-----------+
    |     Name    | FF| LUT| Bits| Const Bits|
    +-------------+---+----+-----+-----------+
    |ap_CS_fsm    |  1|   0|    1|          0|
    |ap_done_reg  |  1|   0|    1|          0|
    +-------------+---+----+-----+-----------+
    |Total        |  2|   0|    2|          0|
    +-------------+---+----+-----+-----------+



================================================================
== Interface
================================================================
* Summary: 
+-----------------------------+-----+-----+------------+---------------------------------------------+--------------+
|          RTL Ports          | Dir | Bits|  Protocol  |                Source Object                |    C Type    |
+-----------------------------+-----+-----+------------+---------------------------------------------+--------------+
|ap_clk                       |   in|    1|  ap_ctrl_hs|  split_input_stream_Pipeline_VITIS_LOOP_16_1|  return value|
|ap_rst                       |   in|    1|  ap_ctrl_hs|  split_input_stream_Pipeline_VITIS_LOOP_16_1|  return value|
|ap_start                     |   in|    1|  ap_ctrl_hs|  split_input_stream_Pipeline_VITIS_LOOP_16_1|  return value|
|ap_done                      |  out|    1|  ap_ctrl_hs|  split_input_stream_Pipeline_VITIS_LOOP_16_1|  return value|
|ap_idle                      |  out|    1|  ap_ctrl_hs|  split_input_stream_Pipeline_VITIS_LOOP_16_1|  return value|
|ap_ready                     |  out|    1|  ap_ctrl_hs|  split_input_stream_Pipeline_VITIS_LOOP_16_1|  return value|
|split_buffer_din             |  out|    9|     ap_fifo|                                 split_buffer|       pointer|
|split_buffer_num_data_valid  |   in|    9|     ap_fifo|                                 split_buffer|       pointer|
|split_buffer_fifo_cap        |   in|    9|     ap_fifo|                                 split_buffer|       pointer|
|split_buffer_full_n          |   in|    1|     ap_fifo|                                 split_buffer|       pointer|
|split_buffer_write           |  out|    1|     ap_fifo|                                 split_buffer|       pointer|
|tmp_1                        |   in|    9|     ap_none|                                        tmp_1|        scalar|
|tmp_last_V                   |   in|    1|     ap_none|                                   tmp_last_V|        scalar|
+-----------------------------+-----+-----+------------+---------------------------------------------+--------------+

