

================================================================
== Vitis HLS Report for 'byte_count'
================================================================
* Date:           Sun May 29 12:57:43 2022

* Version:        2022.1 (Build 3526262 on Mon Apr 18 15:48:16 MDT 2022)
* Project:        estimation_mvp
* Solution:       solution1 (Vivado IP Flow Target)
* Product family: zynq
* Target device:  xc7z010i-clg225-1L


================================================================
== Performance Estimates
================================================================
+ Timing: 
    * Summary: 
    +--------+----------+----------+------------+
    |  Clock |  Target  | Estimated| Uncertainty|
    +--------+----------+----------+------------+
    |ap_clk  |  10.00 ns|  7.300 ns|     2.70 ns|
    +--------+----------+----------+------------+

+ Latency: 
    * Summary: 
    +---------+---------+-----------+-----------+------+------+----------+
    |  Latency (cycles) |   Latency (absolute)  |   Interval  | Pipeline |
    |   min   |   max   |    min    |    max    |  min |  max |   Type   |
    +---------+---------+-----------+-----------+------+------+----------+
    |     1158|     1158|  11.580 us|  11.580 us|  1159|  1159|  dataflow|
    +---------+---------+-----------+-----------+------+------+----------+

    + Detail: 
        * Instance: 
        +----------------------+-------------------+---------+---------+-----------+-----------+------+------+---------+
        |                      |                   |  Latency (cycles) |   Latency (absolute)  |   Interval  | Pipeline|
        |       Instance       |       Module      |   min   |   max   |    min    |    max    |  min |  max |   Type  |
        +----------------------+-------------------+---------+---------+-----------+-----------+------+------+---------+
        |count_appearances_U0  |count_appearances  |     1158|     1158|  11.580 us|  11.580 us|  1158|  1158|       no|
        |count_threshold_U0    |count_threshold    |      129|      129|   1.290 us|   1.290 us|   129|   129|       no|
        +----------------------+-------------------+---------+---------+-----------+-----------+------+------+---------+

        * Loop: 
        N/A



================================================================
== Utilization Estimates
================================================================
* Summary: 
+-----------------+---------+----+-------+-------+-----+
|       Name      | BRAM_18K| DSP|   FF  |  LUT  | URAM|
+-----------------+---------+----+-------+-------+-----+
|DSP              |        -|   -|      -|      -|    -|
|Expression       |        -|   -|      0|      2|    -|
|FIFO             |        -|   -|      -|      -|    -|
|Instance         |        0|   -|   2272|  11663|    -|
|Memory           |        4|   -|      0|      0|    0|
|Multiplexer      |        -|   -|      -|      -|    -|
|Register         |        -|   -|      -|      -|    -|
+-----------------+---------+----+-------+-------+-----+
|Total            |        4|   0|   2272|  11665|    0|
+-----------------+---------+----+-------+-------+-----+
|Available        |      120|  80|  35200|  17600|    0|
+-----------------+---------+----+-------+-------+-----+
|Utilization (%)  |        3|   0|      6|     66|    0|
+-----------------+---------+----+-------+-------+-----+

+ Detail: 
    * Instance: 
    +----------------------+-------------------+---------+----+------+------+-----+
    |       Instance       |       Module      | BRAM_18K| DSP|  FF  |  LUT | URAM|
    +----------------------+-------------------+---------+----+------+------+-----+
    |control_s_axi_U       |control_s_axi      |        0|   0|   112|   168|    0|
    |count_appearances_U0  |count_appearances  |        0|   0|   242|  2499|    0|
    |count_threshold_U0    |count_threshold    |        0|   0|  1164|  7558|    0|
    |gmem_m_axi_U          |gmem_m_axi         |        0|   0|   754|  1438|    0|
    +----------------------+-------------------+---------+----+------+------+-----+
    |Total                 |                   |        0|   0|  2272| 11663|    0|
    +----------------------+-------------------+---------+----+------+------+-----+

    * DSP: 
    N/A

    * Memory: 
    +---------------+---------------------------+---------+---+----+-----+------+-----+------+-------------+
    |     Memory    |           Module          | BRAM_18K| FF| LUT| URAM| Words| Bits| Banks| W*Bits*Banks|
    +---------------+---------------------------+---------+---+----+-----+------+-----+------+-------------+
    |appearances_U  |appearances_RAM_AUTO_1R1W  |        4|  0|   0|    0|   256|   32|     1|         8192|
    +---------------+---------------------------+---------+---+----+-----+------+-----+------+-------------+
    |Total          |                           |        4|  0|   0|    0|   256|   32|     1|         8192|
    +---------------+---------------------------+---------+---+----+-----+------+-----+------+-------------+

    * FIFO: 
    N/A

    * Expression: 
    +--------------+----------+----+---+----+------------+------------+
    | Variable Name| Operation| DSP| FF| LUT| Bitwidth P0| Bitwidth P1|
    +--------------+----------+----+---+----+------------+------------+
    |ap_idle       |       and|   0|  0|   2|           1|           1|
    +--------------+----------+----+---+----+------------+------------+
    |Total         |          |   0|  0|   2|           1|           1|
    +--------------+----------+----+---+----+------------+------------+

    * Multiplexer: 
    N/A

    * Register: 
    N/A



================================================================
== Interface
================================================================
* Summary: 
+-----------------------+-----+-----+------------+--------------+--------------+
|       RTL Ports       | Dir | Bits|  Protocol  | Source Object|    C Type    |
+-----------------------+-----+-----+------------+--------------+--------------+
|s_axi_control_AWVALID  |   in|    1|       s_axi|       control|       pointer|
|s_axi_control_AWREADY  |  out|    1|       s_axi|       control|       pointer|
|s_axi_control_AWADDR   |   in|    5|       s_axi|       control|       pointer|
|s_axi_control_WVALID   |   in|    1|       s_axi|       control|       pointer|
|s_axi_control_WREADY   |  out|    1|       s_axi|       control|       pointer|
|s_axi_control_WDATA    |   in|   32|       s_axi|       control|       pointer|
|s_axi_control_WSTRB    |   in|    4|       s_axi|       control|       pointer|
|s_axi_control_ARVALID  |   in|    1|       s_axi|       control|       pointer|
|s_axi_control_ARREADY  |  out|    1|       s_axi|       control|       pointer|
|s_axi_control_ARADDR   |   in|    5|       s_axi|       control|       pointer|
|s_axi_control_RVALID   |  out|    1|       s_axi|       control|       pointer|
|s_axi_control_RREADY   |   in|    1|       s_axi|       control|       pointer|
|s_axi_control_RDATA    |  out|   32|       s_axi|       control|       pointer|
|s_axi_control_RRESP    |  out|    2|       s_axi|       control|       pointer|
|s_axi_control_BVALID   |  out|    1|       s_axi|       control|       pointer|
|s_axi_control_BREADY   |   in|    1|       s_axi|       control|       pointer|
|s_axi_control_BRESP    |  out|    2|       s_axi|       control|       pointer|
|ap_clk                 |   in|    1|  ap_ctrl_hs|    byte_count|  return value|
|ap_rst_n               |   in|    1|  ap_ctrl_hs|    byte_count|  return value|
|interrupt              |  out|    1|  ap_ctrl_hs|    byte_count|  return value|
|m_axi_gmem_AWVALID     |  out|    1|       m_axi|          gmem|       pointer|
|m_axi_gmem_AWREADY     |   in|    1|       m_axi|          gmem|       pointer|
|m_axi_gmem_AWADDR      |  out|   32|       m_axi|          gmem|       pointer|
|m_axi_gmem_AWID        |  out|    1|       m_axi|          gmem|       pointer|
|m_axi_gmem_AWLEN       |  out|    8|       m_axi|          gmem|       pointer|
|m_axi_gmem_AWSIZE      |  out|    3|       m_axi|          gmem|       pointer|
|m_axi_gmem_AWBURST     |  out|    2|       m_axi|          gmem|       pointer|
|m_axi_gmem_AWLOCK      |  out|    2|       m_axi|          gmem|       pointer|
|m_axi_gmem_AWCACHE     |  out|    4|       m_axi|          gmem|       pointer|
|m_axi_gmem_AWPROT      |  out|    3|       m_axi|          gmem|       pointer|
|m_axi_gmem_AWQOS       |  out|    4|       m_axi|          gmem|       pointer|
|m_axi_gmem_AWREGION    |  out|    4|       m_axi|          gmem|       pointer|
|m_axi_gmem_AWUSER      |  out|    1|       m_axi|          gmem|       pointer|
|m_axi_gmem_WVALID      |  out|    1|       m_axi|          gmem|       pointer|
|m_axi_gmem_WREADY      |   in|    1|       m_axi|          gmem|       pointer|
|m_axi_gmem_WDATA       |  out|   32|       m_axi|          gmem|       pointer|
|m_axi_gmem_WSTRB       |  out|    4|       m_axi|          gmem|       pointer|
|m_axi_gmem_WLAST       |  out|    1|       m_axi|          gmem|       pointer|
|m_axi_gmem_WID         |  out|    1|       m_axi|          gmem|       pointer|
|m_axi_gmem_WUSER       |  out|    1|       m_axi|          gmem|       pointer|
|m_axi_gmem_ARVALID     |  out|    1|       m_axi|          gmem|       pointer|
|m_axi_gmem_ARREADY     |   in|    1|       m_axi|          gmem|       pointer|
|m_axi_gmem_ARADDR      |  out|   32|       m_axi|          gmem|       pointer|
|m_axi_gmem_ARID        |  out|    1|       m_axi|          gmem|       pointer|
|m_axi_gmem_ARLEN       |  out|    8|       m_axi|          gmem|       pointer|
|m_axi_gmem_ARSIZE      |  out|    3|       m_axi|          gmem|       pointer|
|m_axi_gmem_ARBURST     |  out|    2|       m_axi|          gmem|       pointer|
|m_axi_gmem_ARLOCK      |  out|    2|       m_axi|          gmem|       pointer|
|m_axi_gmem_ARCACHE     |  out|    4|       m_axi|          gmem|       pointer|
|m_axi_gmem_ARPROT      |  out|    3|       m_axi|          gmem|       pointer|
|m_axi_gmem_ARQOS       |  out|    4|       m_axi|          gmem|       pointer|
|m_axi_gmem_ARREGION    |  out|    4|       m_axi|          gmem|       pointer|
|m_axi_gmem_ARUSER      |  out|    1|       m_axi|          gmem|       pointer|
|m_axi_gmem_RVALID      |   in|    1|       m_axi|          gmem|       pointer|
|m_axi_gmem_RREADY      |  out|    1|       m_axi|          gmem|       pointer|
|m_axi_gmem_RDATA       |   in|   32|       m_axi|          gmem|       pointer|
|m_axi_gmem_RLAST       |   in|    1|       m_axi|          gmem|       pointer|
|m_axi_gmem_RID         |   in|    1|       m_axi|          gmem|       pointer|
|m_axi_gmem_RUSER       |   in|    1|       m_axi|          gmem|       pointer|
|m_axi_gmem_RRESP       |   in|    2|       m_axi|          gmem|       pointer|
|m_axi_gmem_BVALID      |   in|    1|       m_axi|          gmem|       pointer|
|m_axi_gmem_BREADY      |  out|    1|       m_axi|          gmem|       pointer|
|m_axi_gmem_BRESP       |   in|    2|       m_axi|          gmem|       pointer|
|m_axi_gmem_BID         |   in|    1|       m_axi|          gmem|       pointer|
|m_axi_gmem_BUSER       |   in|    1|       m_axi|          gmem|       pointer|
+-----------------------+-----+-----+------------+--------------+--------------+

