

================================================================
== Vitis HLS Report for 'count_appearances'
================================================================
* Date:           Sun May 29 12:57:36 2022

* Version:        2022.1 (Build 3526262 on Mon Apr 18 15:48:16 MDT 2022)
* Project:        estimation_mvp
* Solution:       solution1 (Vivado IP Flow Target)
* Product family: zynq
* Target device:  xc7z010i-clg225-1L


================================================================
== Performance Estimates
================================================================
+ Timing: 
    * Summary: 
    +--------+----------+----------+------------+
    |  Clock |  Target  | Estimated| Uncertainty|
    +--------+----------+----------+------------+
    |ap_clk  |  10.00 ns|  7.300 ns|     2.70 ns|
    +--------+----------+----------+------------+

+ Latency: 
    * Summary: 
    +---------+---------+-----------+-----------+------+------+---------+
    |  Latency (cycles) |   Latency (absolute)  |   Interval  | Pipeline|
    |   min   |   max   |    min    |    max    |  min |  max |   Type  |
    +---------+---------+-----------+-----------+------+------+---------+
    |     1158|     1158|  11.580 us|  11.580 us|  1158|  1158|       no|
    +---------+---------+-----------+-----------+------+------+---------+

    + Detail: 
        * Instance: 
        +----------------------------------------------------+----------------------------------------+---------+---------+-----------+-----------+------+------+---------+
        |                                                    |                                        |  Latency (cycles) |   Latency (absolute)  |   Interval  | Pipeline|
        |                      Instance                      |                 Module                 |   min   |   max   |    min    |    max    |  min |  max |   Type  |
        +----------------------------------------------------+----------------------------------------+---------+---------+-----------+-----------+------+------+---------+
        |grp_count_appearances_Pipeline_APPEARANCES_fu_2893  |count_appearances_Pipeline_APPEARANCES  |     1028|     1028|  10.280 us|  10.280 us|  1028|  1028|       no|
        +----------------------------------------------------+----------------------------------------+---------+---------+-----------+-----------+------+------+---------+

        * Loop: 
        N/A



================================================================
== Utilization Estimates
================================================================
* Summary: 
+-----------------+---------+----+-------+-------+-----+
|       Name      | BRAM_18K| DSP|   FF  |  LUT  | URAM|
+-----------------+---------+----+-------+-------+-----+
|DSP              |        -|   -|      -|      -|    -|
|Expression       |        -|   -|      0|      2|    -|
|FIFO             |        -|   -|      -|      -|    -|
|Instance         |        -|   -|     69|    177|    -|
|Memory           |        -|   -|      -|      -|    -|
|Multiplexer      |        -|   -|      -|   2320|    -|
|Register         |        -|   -|    173|      -|    -|
+-----------------+---------+----+-------+-------+-----+
|Total            |        0|   0|    242|   2499|    0|
+-----------------+---------+----+-------+-------+-----+
|Available        |      120|  80|  35200|  17600|    0|
+-----------------+---------+----+-------+-------+-----+
|Utilization (%)  |        0|   0|     ~0|     14|    0|
+-----------------+---------+----+-------+-------+-----+

+ Detail: 
    * Instance: 
    +----------------------------------------------------+----------------------------------------+---------+----+----+-----+-----+
    |                      Instance                      |                 Module                 | BRAM_18K| DSP| FF | LUT | URAM|
    +----------------------------------------------------+----------------------------------------+---------+----+----+-----+-----+
    |grp_count_appearances_Pipeline_APPEARANCES_fu_2893  |count_appearances_Pipeline_APPEARANCES  |        0|   0|  69|  177|    0|
    +----------------------------------------------------+----------------------------------------+---------+----+----+-----+-----+
    |Total                                               |                                        |        0|   0|  69|  177|    0|
    +----------------------------------------------------+----------------------------------------+---------+----+----+-----+-----+

    * DSP: 
    N/A

    * Memory: 
    N/A

    * FIFO: 
    N/A

    * Expression: 
    +-----------------+----------+----+---+----+------------+------------+
    |  Variable Name  | Operation| DSP| FF| LUT| Bitwidth P0| Bitwidth P1|
    +-----------------+----------+----+---+----+------------+------------+
    |ap_block_state1  |        or|   0|  0|   2|           1|           1|
    +-----------------+----------+----+---+----+------------+------------+
    |Total            |          |   0|  0|   2|           1|           1|
    +-----------------+----------+----+---+----+------------+------------+

    * Multiplexer: 
    +----------------------+-----+-----------+-----+-----------+
    |         Name         | LUT | Input Size| Bits| Total Bits|
    +----------------------+-----+-----------+-----+-----------+
    |ap_NS_fsm             |  701|        132|    1|        132|
    |ap_done               |    9|          2|    1|          2|
    |appearances_address0  |  694|        131|    8|       1048|
    |appearances_address1  |  687|        130|    8|       1040|
    |appearances_ce0       |   14|          3|    1|          3|
    |appearances_ce1       |   14|          3|    1|          3|
    |appearances_d0        |   20|          4|   32|        128|
    |appearances_we0       |   14|          3|    1|          3|
    |gmem_blk_n_AR         |    9|          2|    1|          2|
    |gmem_blk_n_R          |    9|          2|    1|          2|
    |m_axi_gmem_ARADDR     |   20|          4|   32|        128|
    |m_axi_gmem_ARBURST    |    9|          2|    2|          4|
    |m_axi_gmem_ARCACHE    |    9|          2|    4|          8|
    |m_axi_gmem_ARID       |    9|          2|    1|          2|
    |m_axi_gmem_ARLEN      |   20|          4|   32|        128|
    |m_axi_gmem_ARLOCK     |    9|          2|    2|          4|
    |m_axi_gmem_ARPROT     |    9|          2|    3|          6|
    |m_axi_gmem_ARQOS      |    9|          2|    4|          8|
    |m_axi_gmem_ARREGION   |    9|          2|    4|          8|
    |m_axi_gmem_ARSIZE     |    9|          2|    3|          6|
    |m_axi_gmem_ARUSER     |    9|          2|    1|          2|
    |m_axi_gmem_ARVALID    |   14|          3|    1|          3|
    |m_axi_gmem_RREADY     |   14|          3|    1|          3|
    +----------------------+-----+-----------+-----+-----------+
    |Total                 | 2320|        444|  145|       2673|
    +----------------------+-----+-----------+-----+-----------+

    * Register: 
    +-----------------------------------------------------------------+-----+----+-----+-----------+
    |                               Name                              |  FF | LUT| Bits| Const Bits|
    +-----------------------------------------------------------------+-----+----+-----+-----------+
    |ap_CS_fsm                                                        |  131|   0|  131|          0|
    |ap_done_reg                                                      |    1|   0|    1|          0|
    |gmem_addr_reg_2941                                               |   32|   0|   32|          0|
    |grp_count_appearances_Pipeline_APPEARANCES_fu_2893_ap_start_reg  |    1|   0|    1|          0|
    |prev_reg_2947                                                    |    8|   0|    8|          0|
    +-----------------------------------------------------------------+-----+----+-----+-----------+
    |Total                                                            |  173|   0|  173|          0|
    +-----------------------------------------------------------------+-----+----+-----+-----------+



================================================================
== Interface
================================================================
* Summary: 
+----------------------+-----+-----+------------+-------------------+--------------+
|       RTL Ports      | Dir | Bits|  Protocol  |   Source Object   |    C Type    |
+----------------------+-----+-----+------------+-------------------+--------------+
|ap_clk                |   in|    1|  ap_ctrl_hs|  count_appearances|  return value|
|ap_rst                |   in|    1|  ap_ctrl_hs|  count_appearances|  return value|
|ap_start              |   in|    1|  ap_ctrl_hs|  count_appearances|  return value|
|ap_done               |  out|    1|  ap_ctrl_hs|  count_appearances|  return value|
|ap_continue           |   in|    1|  ap_ctrl_hs|  count_appearances|  return value|
|ap_idle               |  out|    1|  ap_ctrl_hs|  count_appearances|  return value|
|ap_ready              |  out|    1|  ap_ctrl_hs|  count_appearances|  return value|
|m_axi_gmem_AWVALID    |  out|    1|       m_axi|               gmem|       pointer|
|m_axi_gmem_AWREADY    |   in|    1|       m_axi|               gmem|       pointer|
|m_axi_gmem_AWADDR     |  out|   32|       m_axi|               gmem|       pointer|
|m_axi_gmem_AWID       |  out|    1|       m_axi|               gmem|       pointer|
|m_axi_gmem_AWLEN      |  out|   32|       m_axi|               gmem|       pointer|
|m_axi_gmem_AWSIZE     |  out|    3|       m_axi|               gmem|       pointer|
|m_axi_gmem_AWBURST    |  out|    2|       m_axi|               gmem|       pointer|
|m_axi_gmem_AWLOCK     |  out|    2|       m_axi|               gmem|       pointer|
|m_axi_gmem_AWCACHE    |  out|    4|       m_axi|               gmem|       pointer|
|m_axi_gmem_AWPROT     |  out|    3|       m_axi|               gmem|       pointer|
|m_axi_gmem_AWQOS      |  out|    4|       m_axi|               gmem|       pointer|
|m_axi_gmem_AWREGION   |  out|    4|       m_axi|               gmem|       pointer|
|m_axi_gmem_AWUSER     |  out|    1|       m_axi|               gmem|       pointer|
|m_axi_gmem_WVALID     |  out|    1|       m_axi|               gmem|       pointer|
|m_axi_gmem_WREADY     |   in|    1|       m_axi|               gmem|       pointer|
|m_axi_gmem_WDATA      |  out|    8|       m_axi|               gmem|       pointer|
|m_axi_gmem_WSTRB      |  out|    1|       m_axi|               gmem|       pointer|
|m_axi_gmem_WLAST      |  out|    1|       m_axi|               gmem|       pointer|
|m_axi_gmem_WID        |  out|    1|       m_axi|               gmem|       pointer|
|m_axi_gmem_WUSER      |  out|    1|       m_axi|               gmem|       pointer|
|m_axi_gmem_ARVALID    |  out|    1|       m_axi|               gmem|       pointer|
|m_axi_gmem_ARREADY    |   in|    1|       m_axi|               gmem|       pointer|
|m_axi_gmem_ARADDR     |  out|   32|       m_axi|               gmem|       pointer|
|m_axi_gmem_ARID       |  out|    1|       m_axi|               gmem|       pointer|
|m_axi_gmem_ARLEN      |  out|   32|       m_axi|               gmem|       pointer|
|m_axi_gmem_ARSIZE     |  out|    3|       m_axi|               gmem|       pointer|
|m_axi_gmem_ARBURST    |  out|    2|       m_axi|               gmem|       pointer|
|m_axi_gmem_ARLOCK     |  out|    2|       m_axi|               gmem|       pointer|
|m_axi_gmem_ARCACHE    |  out|    4|       m_axi|               gmem|       pointer|
|m_axi_gmem_ARPROT     |  out|    3|       m_axi|               gmem|       pointer|
|m_axi_gmem_ARQOS      |  out|    4|       m_axi|               gmem|       pointer|
|m_axi_gmem_ARREGION   |  out|    4|       m_axi|               gmem|       pointer|
|m_axi_gmem_ARUSER     |  out|    1|       m_axi|               gmem|       pointer|
|m_axi_gmem_RVALID     |   in|    1|       m_axi|               gmem|       pointer|
|m_axi_gmem_RREADY     |  out|    1|       m_axi|               gmem|       pointer|
|m_axi_gmem_RDATA      |   in|    8|       m_axi|               gmem|       pointer|
|m_axi_gmem_RLAST      |   in|    1|       m_axi|               gmem|       pointer|
|m_axi_gmem_RID        |   in|    1|       m_axi|               gmem|       pointer|
|m_axi_gmem_RFIFONUM   |   in|   11|       m_axi|               gmem|       pointer|
|m_axi_gmem_RUSER      |   in|    1|       m_axi|               gmem|       pointer|
|m_axi_gmem_RRESP      |   in|    2|       m_axi|               gmem|       pointer|
|m_axi_gmem_BVALID     |   in|    1|       m_axi|               gmem|       pointer|
|m_axi_gmem_BREADY     |  out|    1|       m_axi|               gmem|       pointer|
|m_axi_gmem_BRESP      |   in|    2|       m_axi|               gmem|       pointer|
|m_axi_gmem_BID        |   in|    1|       m_axi|               gmem|       pointer|
|m_axi_gmem_BUSER      |   in|    1|       m_axi|               gmem|       pointer|
|input_r               |   in|   32|     ap_none|            input_r|        scalar|
|appearances_address0  |  out|    8|   ap_memory|        appearances|         array|
|appearances_ce0       |  out|    1|   ap_memory|        appearances|         array|
|appearances_we0       |  out|    1|   ap_memory|        appearances|         array|
|appearances_d0        |  out|   32|   ap_memory|        appearances|         array|
|appearances_address1  |  out|    8|   ap_memory|        appearances|         array|
|appearances_ce1       |  out|    1|   ap_memory|        appearances|         array|
|appearances_we1       |  out|    1|   ap_memory|        appearances|         array|
|appearances_d1        |  out|   32|   ap_memory|        appearances|         array|
|appearances_q1        |   in|   32|   ap_memory|        appearances|         array|
+----------------------+-----+-----+------------+-------------------+--------------+

