

================================================================
== Synthesis Summary Report of 'byte_count'
================================================================
+ General Information: 
    * Date:           Sun May 29 12:57:45 2022
    * Version:        2022.1 (Build 3526262 on Mon Apr 18 15:48:16 MDT 2022)
    * Project:        estimation_mvp
    * Solution:       solution1 (Vivado IP Flow Target)
    * Product family: zynq
    * Target device:  xc7z010i-clg225-1L
    

+ Performance & Resource Estimates: 
    
    PS: '+' for module; 'o' for loop; '*' for dataflow
    +--------------------------------------------+------+------+---------+-----------+----------+---------+------+----------+--------+----+-----------+-------------+-----+
    |                   Modules                  | Issue|      | Latency |  Latency  | Iteration|         | Trip |          |        |    |           |             |     |
    |                   & Loops                  | Type | Slack| (cycles)|    (ns)   |  Latency | Interval| Count| Pipelined|  BRAM  | DSP|     FF    |     LUT     | URAM|
    +--------------------------------------------+------+------+---------+-----------+----------+---------+------+----------+--------+----+-----------+-------------+-----+
    |+ byte_count*                               |     -|  0.00|     1158|  1.158e+04|         -|     1159|     -|  dataflow|  4 (3%)|   -|  2272 (6%)|  11665 (66%)|    -|
    | + count_appearances                        |     -|  0.00|     1158|  1.158e+04|         -|     1158|     -|        no|       -|   -|  242 (~0%)|   2499 (14%)|    -|
    |  + count_appearances_Pipeline_APPEARANCES  |     -|  0.00|     1028|  1.028e+04|         -|     1028|     -|        no|       -|   -|   69 (~0%)|     177 (1%)|    -|
    |   o APPEARANCES                            |     -|  7.30|     1026|  1.026e+04|         4|        1|  1024|       yes|       -|   -|          -|            -|    -|
    | + count_threshold                          |     -|  0.33|      129|  1.290e+03|         -|      129|     -|        no|       -|   -|  1164 (3%)|   7558 (42%)|    -|
    +--------------------------------------------+------+------+---------+-----------+----------+---------+------+----------+--------+----+-----------+-------------+-----+


================================================================
== HW Interfaces
================================================================
* M_AXI
+------------+------------+---------------+---------+--------+----------+-----------+--------------+--------------+-------------+-------------+
| Interface  | Data Width | Address Width | Latency | Offset | Register | Max Widen | Max Read     | Max Write    | Num Read    | Num Write   |
|            | (SW->HW)   |               |         |        |          | Bitwidth  | Burst Length | Burst Length | Outstanding | Outstanding |
+------------+------------+---------------+---------+--------+----------+-----------+--------------+--------------+-------------+-------------+
| m_axi_gmem | 8 -> 8     | 32            | 0       | slave  | 0        | 0         | 16           | 16           | 16          | 16          |
+------------+------------+---------------+---------+--------+----------+-----------+--------------+--------------+-------------+-------------+

* S_AXILITE Interfaces
+---------------+------------+---------------+--------+----------+
| Interface     | Data Width | Address Width | Offset | Register |
+---------------+------------+---------------+--------+----------+
| s_axi_control | 32         | 5             | 16     | 0        |
+---------------+------------+---------------+--------+----------+

* S_AXILITE Registers
+---------------+---------------+--------+-------+--------+----------------------------------+----------------------------------------------------------------------+
| Interface     | Register      | Offset | Width | Access | Description                      | Bit Fields                                                           |
+---------------+---------------+--------+-------+--------+----------------------------------+----------------------------------------------------------------------+
| s_axi_control | CTRL          | 0x00   | 32    | RW     | Control signals                  | 0=AP_START 1=AP_DONE 2=AP_IDLE 3=AP_READY 7=AUTO_RESTART 9=INTERRUPT |
| s_axi_control | GIER          | 0x04   | 32    | RW     | Global Interrupt Enable Register | 0=Enable                                                             |
| s_axi_control | IP_IER        | 0x08   | 32    | RW     | IP Interrupt Enable Register     | 0=CHAN0_INT_EN 1=CHAN1_INT_EN                                        |
| s_axi_control | IP_ISR        | 0x0c   | 32    | RW     | IP Interrupt Status Register     | 0=CHAN0_INT_ST 1=CHAN1_INT_ST                                        |
| s_axi_control | input_r       | 0x10   | 32    | W      | Data signal of input_r           |                                                                      |
| s_axi_control | output_r      | 0x18   | 32    | R      | Data signal of output_r          |                                                                      |
| s_axi_control | output_r_ctrl | 0x1c   | 32    | R      | Control signal of output_r       | 0=output_r_ap_vld                                                    |
+---------------+---------------+--------+-------+--------+----------------------------------+----------------------------------------------------------------------+

* TOP LEVEL CONTROL
+-----------+------------+-----------+
| Interface | Type       | Ports     |
+-----------+------------+-----------+
| ap_clk    | clock      | ap_clk    |
| ap_rst_n  | reset      | ap_rst_n  |
| interrupt | interrupt  | interrupt |
| ap_ctrl   | ap_ctrl_hs |           |
+-----------+------------+-----------+


================================================================
== SW I/O Information
================================================================
* Top Function Arguments
+----------+-----------+----------------+
| Argument | Direction | Datatype       |
+----------+-----------+----------------+
| input    | in        | unsigned char* |
| output   | out       | int&           |
+----------+-----------+----------------+

* SW-to-HW Mapping
+----------+---------------+-----------+----------+
| Argument | HW Interface  | HW Type   | HW Usage |
+----------+---------------+-----------+----------+
| input    | m_axi_gmem    | interface |          |
| input    | s_axi_control | interface | offset   |
| output   | s_axi_control | interface |          |
+----------+---------------+-----------+----------+


================================================================
== M_AXI Burst Information
================================================================
 Note: All burst requests might be further partitioned into multiple requests during RTL generation based on max_read_burst_length or max_write_burst_length settings.

* Inferred Burst Summary
+--------------+-------------+-----------+--------+-------+--------------------------+
| HW Interface | Loop        | Direction | Length | Width | Location                 |
+--------------+-------------+-----------+--------+-------+--------------------------+
| m_axi_gmem   | APPEARANCES | read      | 1024   | 8     | byte_count_mvp.cpp:28:15 |
+--------------+-------------+-----------+--------+-------+--------------------------+

* Inferred Bursts and Widening Missed
+--------------+----------+-------------+------------------------------------------------------------------------------------------------------+------------+--------------------------+
| HW Interface | Variable | Loop        | Problem                                                                                              | Resolution | Location                 |
+--------------+----------+-------------+------------------------------------------------------------------------------------------------------+------------+--------------------------+
| m_axi_gmem   | input    | APPEARANCES | Could not widen since type i8 size is greater than or equal to the max_widen_bitwidth threshold of 0 | 214-353    | byte_count_mvp.cpp:28:15 |
+--------------+----------+-------------+------------------------------------------------------------------------------------------------------+------------+--------------------------+

    * Resolution URL: www.xilinx.com/cgi-bin/docs/rdoc?v=2022.1;t=hls+guidance;d=XXX-YYY.html (replace XXX-YYY with column value)

================================================================
== Bind Op Report
================================================================
+--------------------------------------------+-----+--------+-----------------+-----+--------+---------+
| Name                                       | DSP | Pragma | Variable        | Op  | Impl   | Latency |
+--------------------------------------------+-----+--------+-----------------+-----+--------+---------+
| + byte_count                               | 0   |        |                 |     |        |         |
|  + count_appearances                       | 0   |        |                 |     |        |         |
|   + count_appearances_Pipeline_APPEARANCES | 0   |        |                 |     |        |         |
|     add_ln28_fu_148_p2                     | -   |        | add_ln28        | add | fabric | 0       |
|     count_1_fu_198_p2                      | -   |        | count_1         | add | fabric | 0       |
|  + count_threshold                         | 0   |        |                 |     |        |         |
|    over_thresh_2_fu_2885_p2                | -   |        | over_thresh_2   | add | fabric | 0       |
|    add_ln50_fu_2902_p2                     | -   |        | add_ln50        | add | fabric | 0       |
|    over_thresh_5_fu_2915_p2                | -   |        | over_thresh_5   | add | fabric | 0       |
|    add_ln50_2_fu_2929_p2                   | -   |        | add_ln50_2      | add | fabric | 0       |
|    over_thresh_8_fu_2940_p2                | -   |        | over_thresh_8   | add | fabric | 0       |
|    add_ln50_4_fu_2957_p2                   | -   |        | add_ln50_4      | add | fabric | 0       |
|    over_thresh_11_fu_2970_p2               | -   |        | over_thresh_11  | add | fabric | 0       |
|    add_ln50_6_fu_2984_p2                   | -   |        | add_ln50_6      | add | fabric | 0       |
|    over_thresh_14_fu_2995_p2               | -   |        | over_thresh_14  | add | fabric | 0       |
|    add_ln50_8_fu_3009_p2                   | -   |        | add_ln50_8      | add | fabric | 0       |
|    over_thresh_17_fu_3020_p2               | -   |        | over_thresh_17  | add | fabric | 0       |
|    add_ln50_10_fu_3034_p2                  | -   |        | add_ln50_10     | add | fabric | 0       |
|    over_thresh_20_fu_3045_p2               | -   |        | over_thresh_20  | add | fabric | 0       |
|    add_ln50_12_fu_3062_p2                  | -   |        | add_ln50_12     | add | fabric | 0       |
|    over_thresh_23_fu_3075_p2               | -   |        | over_thresh_23  | add | fabric | 0       |
|    add_ln50_14_fu_3089_p2                  | -   |        | add_ln50_14     | add | fabric | 0       |
|    over_thresh_26_fu_3100_p2               | -   |        | over_thresh_26  | add | fabric | 0       |
|    add_ln50_16_fu_3114_p2                  | -   |        | add_ln50_16     | add | fabric | 0       |
|    over_thresh_29_fu_3125_p2               | -   |        | over_thresh_29  | add | fabric | 0       |
|    add_ln50_18_fu_3139_p2                  | -   |        | add_ln50_18     | add | fabric | 0       |
|    over_thresh_32_fu_3150_p2               | -   |        | over_thresh_32  | add | fabric | 0       |
|    add_ln50_20_fu_3164_p2                  | -   |        | add_ln50_20     | add | fabric | 0       |
|    over_thresh_35_fu_3175_p2               | -   |        | over_thresh_35  | add | fabric | 0       |
|    add_ln50_22_fu_3189_p2                  | -   |        | add_ln50_22     | add | fabric | 0       |
|    over_thresh_38_fu_3200_p2               | -   |        | over_thresh_38  | add | fabric | 0       |
|    add_ln50_24_fu_3214_p2                  | -   |        | add_ln50_24     | add | fabric | 0       |
|    over_thresh_41_fu_3225_p2               | -   |        | over_thresh_41  | add | fabric | 0       |
|    add_ln50_26_fu_3239_p2                  | -   |        | add_ln50_26     | add | fabric | 0       |
|    over_thresh_44_fu_3250_p2               | -   |        | over_thresh_44  | add | fabric | 0       |
|    add_ln50_28_fu_3267_p2                  | -   |        | add_ln50_28     | add | fabric | 0       |
|    over_thresh_47_fu_3280_p2               | -   |        | over_thresh_47  | add | fabric | 0       |
|    add_ln50_30_fu_3294_p2                  | -   |        | add_ln50_30     | add | fabric | 0       |
|    over_thresh_50_fu_3305_p2               | -   |        | over_thresh_50  | add | fabric | 0       |
|    add_ln50_32_fu_3319_p2                  | -   |        | add_ln50_32     | add | fabric | 0       |
|    over_thresh_53_fu_3330_p2               | -   |        | over_thresh_53  | add | fabric | 0       |
|    add_ln50_34_fu_3344_p2                  | -   |        | add_ln50_34     | add | fabric | 0       |
|    over_thresh_56_fu_3355_p2               | -   |        | over_thresh_56  | add | fabric | 0       |
|    add_ln50_36_fu_3369_p2                  | -   |        | add_ln50_36     | add | fabric | 0       |
|    over_thresh_59_fu_3380_p2               | -   |        | over_thresh_59  | add | fabric | 0       |
|    add_ln50_38_fu_3394_p2                  | -   |        | add_ln50_38     | add | fabric | 0       |
|    over_thresh_62_fu_3405_p2               | -   |        | over_thresh_62  | add | fabric | 0       |
|    add_ln50_40_fu_3419_p2                  | -   |        | add_ln50_40     | add | fabric | 0       |
|    over_thresh_65_fu_3430_p2               | -   |        | over_thresh_65  | add | fabric | 0       |
|    add_ln50_42_fu_3444_p2                  | -   |        | add_ln50_42     | add | fabric | 0       |
|    over_thresh_68_fu_3455_p2               | -   |        | over_thresh_68  | add | fabric | 0       |
|    add_ln50_44_fu_3469_p2                  | -   |        | add_ln50_44     | add | fabric | 0       |
|    over_thresh_71_fu_3480_p2               | -   |        | over_thresh_71  | add | fabric | 0       |
|    add_ln50_46_fu_3494_p2                  | -   |        | add_ln50_46     | add | fabric | 0       |
|    over_thresh_74_fu_3505_p2               | -   |        | over_thresh_74  | add | fabric | 0       |
|    add_ln50_48_fu_3519_p2                  | -   |        | add_ln50_48     | add | fabric | 0       |
|    over_thresh_77_fu_3530_p2               | -   |        | over_thresh_77  | add | fabric | 0       |
|    add_ln50_50_fu_3544_p2                  | -   |        | add_ln50_50     | add | fabric | 0       |
|    over_thresh_80_fu_3555_p2               | -   |        | over_thresh_80  | add | fabric | 0       |
|    add_ln50_52_fu_3569_p2                  | -   |        | add_ln50_52     | add | fabric | 0       |
|    over_thresh_83_fu_3580_p2               | -   |        | over_thresh_83  | add | fabric | 0       |
|    add_ln50_54_fu_3594_p2                  | -   |        | add_ln50_54     | add | fabric | 0       |
|    over_thresh_86_fu_3605_p2               | -   |        | over_thresh_86  | add | fabric | 0       |
|    add_ln50_56_fu_3619_p2                  | -   |        | add_ln50_56     | add | fabric | 0       |
|    over_thresh_89_fu_3630_p2               | -   |        | over_thresh_89  | add | fabric | 0       |
|    add_ln50_58_fu_3644_p2                  | -   |        | add_ln50_58     | add | fabric | 0       |
|    over_thresh_92_fu_3655_p2               | -   |        | over_thresh_92  | add | fabric | 0       |
|    add_ln50_60_fu_3672_p2                  | -   |        | add_ln50_60     | add | fabric | 0       |
|    over_thresh_95_fu_3685_p2               | -   |        | over_thresh_95  | add | fabric | 0       |
|    add_ln50_62_fu_3699_p2                  | -   |        | add_ln50_62     | add | fabric | 0       |
|    over_thresh_98_fu_3710_p2               | -   |        | over_thresh_98  | add | fabric | 0       |
|    add_ln50_64_fu_3724_p2                  | -   |        | add_ln50_64     | add | fabric | 0       |
|    over_thresh_101_fu_3735_p2              | -   |        | over_thresh_101 | add | fabric | 0       |
|    add_ln50_66_fu_3749_p2                  | -   |        | add_ln50_66     | add | fabric | 0       |
|    over_thresh_104_fu_3760_p2              | -   |        | over_thresh_104 | add | fabric | 0       |
|    add_ln50_68_fu_3774_p2                  | -   |        | add_ln50_68     | add | fabric | 0       |
|    over_thresh_107_fu_3785_p2              | -   |        | over_thresh_107 | add | fabric | 0       |
|    add_ln50_70_fu_3799_p2                  | -   |        | add_ln50_70     | add | fabric | 0       |
|    over_thresh_110_fu_3810_p2              | -   |        | over_thresh_110 | add | fabric | 0       |
|    add_ln50_72_fu_3824_p2                  | -   |        | add_ln50_72     | add | fabric | 0       |
|    over_thresh_113_fu_3835_p2              | -   |        | over_thresh_113 | add | fabric | 0       |
|    add_ln50_74_fu_3849_p2                  | -   |        | add_ln50_74     | add | fabric | 0       |
|    over_thresh_116_fu_3860_p2              | -   |        | over_thresh_116 | add | fabric | 0       |
|    add_ln50_76_fu_3874_p2                  | -   |        | add_ln50_76     | add | fabric | 0       |
|    over_thresh_119_fu_3885_p2              | -   |        | over_thresh_119 | add | fabric | 0       |
|    add_ln50_78_fu_3899_p2                  | -   |        | add_ln50_78     | add | fabric | 0       |
|    over_thresh_122_fu_3910_p2              | -   |        | over_thresh_122 | add | fabric | 0       |
|    add_ln50_80_fu_3924_p2                  | -   |        | add_ln50_80     | add | fabric | 0       |
|    over_thresh_125_fu_3935_p2              | -   |        | over_thresh_125 | add | fabric | 0       |
|    add_ln50_82_fu_3949_p2                  | -   |        | add_ln50_82     | add | fabric | 0       |
|    over_thresh_128_fu_3960_p2              | -   |        | over_thresh_128 | add | fabric | 0       |
|    add_ln50_84_fu_3974_p2                  | -   |        | add_ln50_84     | add | fabric | 0       |
|    over_thresh_131_fu_3985_p2              | -   |        | over_thresh_131 | add | fabric | 0       |
|    add_ln50_86_fu_3999_p2                  | -   |        | add_ln50_86     | add | fabric | 0       |
|    over_thresh_134_fu_4010_p2              | -   |        | over_thresh_134 | add | fabric | 0       |
|    add_ln50_88_fu_4024_p2                  | -   |        | add_ln50_88     | add | fabric | 0       |
|    over_thresh_137_fu_4035_p2              | -   |        | over_thresh_137 | add | fabric | 0       |
|    add_ln50_90_fu_4049_p2                  | -   |        | add_ln50_90     | add | fabric | 0       |
|    over_thresh_140_fu_4060_p2              | -   |        | over_thresh_140 | add | fabric | 0       |
|    add_ln50_92_fu_4074_p2                  | -   |        | add_ln50_92     | add | fabric | 0       |
|    over_thresh_143_fu_4085_p2              | -   |        | over_thresh_143 | add | fabric | 0       |
|    add_ln50_94_fu_4099_p2                  | -   |        | add_ln50_94     | add | fabric | 0       |
|    over_thresh_146_fu_4110_p2              | -   |        | over_thresh_146 | add | fabric | 0       |
|    add_ln50_96_fu_4124_p2                  | -   |        | add_ln50_96     | add | fabric | 0       |
|    over_thresh_149_fu_4135_p2              | -   |        | over_thresh_149 | add | fabric | 0       |
|    add_ln50_98_fu_4149_p2                  | -   |        | add_ln50_98     | add | fabric | 0       |
|    over_thresh_152_fu_4160_p2              | -   |        | over_thresh_152 | add | fabric | 0       |
|    add_ln50_100_fu_4174_p2                 | -   |        | add_ln50_100    | add | fabric | 0       |
|    over_thresh_155_fu_4185_p2              | -   |        | over_thresh_155 | add | fabric | 0       |
|    add_ln50_102_fu_4199_p2                 | -   |        | add_ln50_102    | add | fabric | 0       |
|    over_thresh_158_fu_4210_p2              | -   |        | over_thresh_158 | add | fabric | 0       |
|    add_ln50_104_fu_4224_p2                 | -   |        | add_ln50_104    | add | fabric | 0       |
|    over_thresh_161_fu_4235_p2              | -   |        | over_thresh_161 | add | fabric | 0       |
|    add_ln50_106_fu_4249_p2                 | -   |        | add_ln50_106    | add | fabric | 0       |
|    over_thresh_164_fu_4260_p2              | -   |        | over_thresh_164 | add | fabric | 0       |
|    add_ln50_108_fu_4274_p2                 | -   |        | add_ln50_108    | add | fabric | 0       |
|    over_thresh_167_fu_4285_p2              | -   |        | over_thresh_167 | add | fabric | 0       |
|    add_ln50_110_fu_4299_p2                 | -   |        | add_ln50_110    | add | fabric | 0       |
|    over_thresh_170_fu_4310_p2              | -   |        | over_thresh_170 | add | fabric | 0       |
|    add_ln50_112_fu_4324_p2                 | -   |        | add_ln50_112    | add | fabric | 0       |
|    over_thresh_173_fu_4335_p2              | -   |        | over_thresh_173 | add | fabric | 0       |
|    add_ln50_114_fu_4349_p2                 | -   |        | add_ln50_114    | add | fabric | 0       |
|    over_thresh_176_fu_4360_p2              | -   |        | over_thresh_176 | add | fabric | 0       |
|    add_ln50_116_fu_4374_p2                 | -   |        | add_ln50_116    | add | fabric | 0       |
|    over_thresh_179_fu_4385_p2              | -   |        | over_thresh_179 | add | fabric | 0       |
|    add_ln50_118_fu_4399_p2                 | -   |        | add_ln50_118    | add | fabric | 0       |
|    over_thresh_182_fu_4410_p2              | -   |        | over_thresh_182 | add | fabric | 0       |
|    add_ln50_120_fu_4424_p2                 | -   |        | add_ln50_120    | add | fabric | 0       |
|    over_thresh_185_fu_4435_p2              | -   |        | over_thresh_185 | add | fabric | 0       |
|    add_ln50_122_fu_4449_p2                 | -   |        | add_ln50_122    | add | fabric | 0       |
|    over_thresh_188_fu_4460_p2              | -   |        | over_thresh_188 | add | fabric | 0       |
|    add_ln50_124_fu_4477_p2                 | -   |        | add_ln50_124    | add | fabric | 0       |
|    over_thresh_191_fu_4490_p2              | -   |        | over_thresh_191 | add | fabric | 0       |
|    add_ln50_126_fu_4504_p2                 | -   |        | add_ln50_126    | add | fabric | 0       |
|    over_thresh_194_fu_4515_p2              | -   |        | over_thresh_194 | add | fabric | 0       |
|    add_ln50_128_fu_4529_p2                 | -   |        | add_ln50_128    | add | fabric | 0       |
|    over_thresh_197_fu_4540_p2              | -   |        | over_thresh_197 | add | fabric | 0       |
|    add_ln50_130_fu_4554_p2                 | -   |        | add_ln50_130    | add | fabric | 0       |
|    over_thresh_200_fu_4565_p2              | -   |        | over_thresh_200 | add | fabric | 0       |
|    add_ln50_132_fu_4579_p2                 | -   |        | add_ln50_132    | add | fabric | 0       |
|    over_thresh_203_fu_4590_p2              | -   |        | over_thresh_203 | add | fabric | 0       |
|    add_ln50_134_fu_4604_p2                 | -   |        | add_ln50_134    | add | fabric | 0       |
|    over_thresh_206_fu_4615_p2              | -   |        | over_thresh_206 | add | fabric | 0       |
|    add_ln50_136_fu_4629_p2                 | -   |        | add_ln50_136    | add | fabric | 0       |
|    over_thresh_209_fu_4640_p2              | -   |        | over_thresh_209 | add | fabric | 0       |
|    add_ln50_138_fu_4654_p2                 | -   |        | add_ln50_138    | add | fabric | 0       |
|    over_thresh_212_fu_4665_p2              | -   |        | over_thresh_212 | add | fabric | 0       |
|    add_ln50_140_fu_4679_p2                 | -   |        | add_ln50_140    | add | fabric | 0       |
|    over_thresh_215_fu_4690_p2              | -   |        | over_thresh_215 | add | fabric | 0       |
|    add_ln50_142_fu_4704_p2                 | -   |        | add_ln50_142    | add | fabric | 0       |
|    over_thresh_218_fu_4715_p2              | -   |        | over_thresh_218 | add | fabric | 0       |
|    add_ln50_144_fu_4729_p2                 | -   |        | add_ln50_144    | add | fabric | 0       |
|    over_thresh_221_fu_4740_p2              | -   |        | over_thresh_221 | add | fabric | 0       |
|    add_ln50_146_fu_4754_p2                 | -   |        | add_ln50_146    | add | fabric | 0       |
|    over_thresh_224_fu_4765_p2              | -   |        | over_thresh_224 | add | fabric | 0       |
|    add_ln50_148_fu_4779_p2                 | -   |        | add_ln50_148    | add | fabric | 0       |
|    over_thresh_227_fu_4790_p2              | -   |        | over_thresh_227 | add | fabric | 0       |
|    add_ln50_150_fu_4804_p2                 | -   |        | add_ln50_150    | add | fabric | 0       |
|    over_thresh_230_fu_4815_p2              | -   |        | over_thresh_230 | add | fabric | 0       |
|    add_ln50_152_fu_4829_p2                 | -   |        | add_ln50_152    | add | fabric | 0       |
|    over_thresh_233_fu_4840_p2              | -   |        | over_thresh_233 | add | fabric | 0       |
|    add_ln50_154_fu_4854_p2                 | -   |        | add_ln50_154    | add | fabric | 0       |
|    over_thresh_236_fu_4865_p2              | -   |        | over_thresh_236 | add | fabric | 0       |
|    add_ln50_156_fu_4879_p2                 | -   |        | add_ln50_156    | add | fabric | 0       |
|    over_thresh_239_fu_4890_p2              | -   |        | over_thresh_239 | add | fabric | 0       |
|    add_ln50_158_fu_4904_p2                 | -   |        | add_ln50_158    | add | fabric | 0       |
|    over_thresh_242_fu_4915_p2              | -   |        | over_thresh_242 | add | fabric | 0       |
|    add_ln50_160_fu_4929_p2                 | -   |        | add_ln50_160    | add | fabric | 0       |
|    over_thresh_245_fu_4940_p2              | -   |        | over_thresh_245 | add | fabric | 0       |
|    add_ln50_162_fu_4954_p2                 | -   |        | add_ln50_162    | add | fabric | 0       |
|    over_thresh_248_fu_4965_p2              | -   |        | over_thresh_248 | add | fabric | 0       |
|    add_ln50_164_fu_4979_p2                 | -   |        | add_ln50_164    | add | fabric | 0       |
|    over_thresh_251_fu_4990_p2              | -   |        | over_thresh_251 | add | fabric | 0       |
|    add_ln50_166_fu_5004_p2                 | -   |        | add_ln50_166    | add | fabric | 0       |
|    over_thresh_254_fu_5015_p2              | -   |        | over_thresh_254 | add | fabric | 0       |
|    add_ln50_168_fu_5029_p2                 | -   |        | add_ln50_168    | add | fabric | 0       |
|    over_thresh_257_fu_5040_p2              | -   |        | over_thresh_257 | add | fabric | 0       |
|    add_ln50_170_fu_5054_p2                 | -   |        | add_ln50_170    | add | fabric | 0       |
|    over_thresh_260_fu_5065_p2              | -   |        | over_thresh_260 | add | fabric | 0       |
|    add_ln50_172_fu_5079_p2                 | -   |        | add_ln50_172    | add | fabric | 0       |
|    over_thresh_263_fu_5090_p2              | -   |        | over_thresh_263 | add | fabric | 0       |
|    add_ln50_174_fu_5104_p2                 | -   |        | add_ln50_174    | add | fabric | 0       |
|    over_thresh_266_fu_5115_p2              | -   |        | over_thresh_266 | add | fabric | 0       |
|    add_ln50_176_fu_5129_p2                 | -   |        | add_ln50_176    | add | fabric | 0       |
|    over_thresh_269_fu_5140_p2              | -   |        | over_thresh_269 | add | fabric | 0       |
|    add_ln50_178_fu_5154_p2                 | -   |        | add_ln50_178    | add | fabric | 0       |
|    over_thresh_272_fu_5165_p2              | -   |        | over_thresh_272 | add | fabric | 0       |
|    add_ln50_180_fu_5179_p2                 | -   |        | add_ln50_180    | add | fabric | 0       |
|    over_thresh_275_fu_5190_p2              | -   |        | over_thresh_275 | add | fabric | 0       |
|    add_ln50_182_fu_5204_p2                 | -   |        | add_ln50_182    | add | fabric | 0       |
|    over_thresh_278_fu_5215_p2              | -   |        | over_thresh_278 | add | fabric | 0       |
|    add_ln50_184_fu_5229_p2                 | -   |        | add_ln50_184    | add | fabric | 0       |
|    over_thresh_281_fu_5240_p2              | -   |        | over_thresh_281 | add | fabric | 0       |
|    add_ln50_186_fu_5254_p2                 | -   |        | add_ln50_186    | add | fabric | 0       |
|    over_thresh_284_fu_5265_p2              | -   |        | over_thresh_284 | add | fabric | 0       |
|    add_ln50_188_fu_5279_p2                 | -   |        | add_ln50_188    | add | fabric | 0       |
|    over_thresh_287_fu_5290_p2              | -   |        | over_thresh_287 | add | fabric | 0       |
|    add_ln50_190_fu_5304_p2                 | -   |        | add_ln50_190    | add | fabric | 0       |
|    over_thresh_290_fu_5315_p2              | -   |        | over_thresh_290 | add | fabric | 0       |
|    add_ln50_192_fu_5329_p2                 | -   |        | add_ln50_192    | add | fabric | 0       |
|    over_thresh_293_fu_5340_p2              | -   |        | over_thresh_293 | add | fabric | 0       |
|    add_ln50_194_fu_5354_p2                 | -   |        | add_ln50_194    | add | fabric | 0       |
|    over_thresh_296_fu_5365_p2              | -   |        | over_thresh_296 | add | fabric | 0       |
|    add_ln50_196_fu_5379_p2                 | -   |        | add_ln50_196    | add | fabric | 0       |
|    over_thresh_299_fu_5390_p2              | -   |        | over_thresh_299 | add | fabric | 0       |
|    add_ln50_198_fu_5404_p2                 | -   |        | add_ln50_198    | add | fabric | 0       |
|    over_thresh_302_fu_5415_p2              | -   |        | over_thresh_302 | add | fabric | 0       |
|    add_ln50_200_fu_5429_p2                 | -   |        | add_ln50_200    | add | fabric | 0       |
|    over_thresh_305_fu_5440_p2              | -   |        | over_thresh_305 | add | fabric | 0       |
|    add_ln50_202_fu_5454_p2                 | -   |        | add_ln50_202    | add | fabric | 0       |
|    over_thresh_308_fu_5465_p2              | -   |        | over_thresh_308 | add | fabric | 0       |
|    add_ln50_204_fu_5479_p2                 | -   |        | add_ln50_204    | add | fabric | 0       |
|    over_thresh_311_fu_5490_p2              | -   |        | over_thresh_311 | add | fabric | 0       |
|    add_ln50_206_fu_5504_p2                 | -   |        | add_ln50_206    | add | fabric | 0       |
|    over_thresh_314_fu_5515_p2              | -   |        | over_thresh_314 | add | fabric | 0       |
|    add_ln50_208_fu_5529_p2                 | -   |        | add_ln50_208    | add | fabric | 0       |
|    over_thresh_317_fu_5540_p2              | -   |        | over_thresh_317 | add | fabric | 0       |
|    add_ln50_210_fu_5554_p2                 | -   |        | add_ln50_210    | add | fabric | 0       |
|    over_thresh_320_fu_5565_p2              | -   |        | over_thresh_320 | add | fabric | 0       |
|    add_ln50_212_fu_5579_p2                 | -   |        | add_ln50_212    | add | fabric | 0       |
|    over_thresh_323_fu_5590_p2              | -   |        | over_thresh_323 | add | fabric | 0       |
|    add_ln50_214_fu_5604_p2                 | -   |        | add_ln50_214    | add | fabric | 0       |
|    over_thresh_326_fu_5615_p2              | -   |        | over_thresh_326 | add | fabric | 0       |
|    add_ln50_216_fu_5629_p2                 | -   |        | add_ln50_216    | add | fabric | 0       |
|    over_thresh_329_fu_5640_p2              | -   |        | over_thresh_329 | add | fabric | 0       |
|    add_ln50_218_fu_5654_p2                 | -   |        | add_ln50_218    | add | fabric | 0       |
|    over_thresh_332_fu_5665_p2              | -   |        | over_thresh_332 | add | fabric | 0       |
|    add_ln50_220_fu_5679_p2                 | -   |        | add_ln50_220    | add | fabric | 0       |
|    over_thresh_335_fu_5690_p2              | -   |        | over_thresh_335 | add | fabric | 0       |
|    add_ln50_222_fu_5704_p2                 | -   |        | add_ln50_222    | add | fabric | 0       |
|    over_thresh_338_fu_5715_p2              | -   |        | over_thresh_338 | add | fabric | 0       |
|    add_ln50_224_fu_5729_p2                 | -   |        | add_ln50_224    | add | fabric | 0       |
|    over_thresh_341_fu_5740_p2              | -   |        | over_thresh_341 | add | fabric | 0       |
|    add_ln50_226_fu_5754_p2                 | -   |        | add_ln50_226    | add | fabric | 0       |
|    over_thresh_344_fu_5765_p2              | -   |        | over_thresh_344 | add | fabric | 0       |
|    add_ln50_228_fu_5779_p2                 | -   |        | add_ln50_228    | add | fabric | 0       |
|    over_thresh_347_fu_5790_p2              | -   |        | over_thresh_347 | add | fabric | 0       |
|    add_ln50_230_fu_5804_p2                 | -   |        | add_ln50_230    | add | fabric | 0       |
|    over_thresh_350_fu_5815_p2              | -   |        | over_thresh_350 | add | fabric | 0       |
|    add_ln50_232_fu_5829_p2                 | -   |        | add_ln50_232    | add | fabric | 0       |
|    over_thresh_353_fu_5840_p2              | -   |        | over_thresh_353 | add | fabric | 0       |
|    add_ln50_234_fu_5854_p2                 | -   |        | add_ln50_234    | add | fabric | 0       |
|    over_thresh_356_fu_5865_p2              | -   |        | over_thresh_356 | add | fabric | 0       |
|    add_ln50_236_fu_5879_p2                 | -   |        | add_ln50_236    | add | fabric | 0       |
|    over_thresh_359_fu_5890_p2              | -   |        | over_thresh_359 | add | fabric | 0       |
|    add_ln50_238_fu_5904_p2                 | -   |        | add_ln50_238    | add | fabric | 0       |
|    over_thresh_362_fu_5915_p2              | -   |        | over_thresh_362 | add | fabric | 0       |
|    add_ln50_240_fu_5929_p2                 | -   |        | add_ln50_240    | add | fabric | 0       |
|    over_thresh_365_fu_5940_p2              | -   |        | over_thresh_365 | add | fabric | 0       |
|    add_ln50_242_fu_5954_p2                 | -   |        | add_ln50_242    | add | fabric | 0       |
|    over_thresh_368_fu_5965_p2              | -   |        | over_thresh_368 | add | fabric | 0       |
|    add_ln50_244_fu_5979_p2                 | -   |        | add_ln50_244    | add | fabric | 0       |
|    over_thresh_371_fu_5990_p2              | -   |        | over_thresh_371 | add | fabric | 0       |
|    add_ln50_246_fu_6004_p2                 | -   |        | add_ln50_246    | add | fabric | 0       |
|    over_thresh_374_fu_6015_p2              | -   |        | over_thresh_374 | add | fabric | 0       |
|    add_ln50_248_fu_6029_p2                 | -   |        | add_ln50_248    | add | fabric | 0       |
|    over_thresh_377_fu_6041_p2              | -   |        | over_thresh_377 | add | fabric | 0       |
|    add_ln50_250_fu_6052_p2                 | -   |        | add_ln50_250    | add | fabric | 0       |
|    over_thresh_380_fu_6066_p2              | -   |        | over_thresh_380 | add | fabric | 0       |
|    add_ln50_252_fu_6081_p2                 | -   |        | add_ln50_252    | add | fabric | 0       |
+--------------------------------------------+-----+--------+-----------------+-----+--------+---------+


================================================================
== Bind Storage Report
================================================================
+-----------------+------+------+--------+-------------+---------+------+---------+
| Name            | BRAM | URAM | Pragma | Variable    | Storage | Impl | Latency |
+-----------------+------+------+--------+-------------+---------+------+---------+
| + byte_count    | 4    | 0    |        |             |         |      |         |
|   appearances_U | 2    | -    |        | appearances | ram_t2p | auto | 1       |
+-----------------+------+------+--------+-------------+---------+------+---------+


================================================================
== Pragma Report
================================================================
* Valid Pragma Syntax
+------------+--------------------------------------+---------------------------------------------------------+
| Type       | Options                              | Location                                                |
+------------+--------------------------------------+---------------------------------------------------------+
| interface  | mode=m_axi port=input offset=slave   | byte_count_mvp.cpp:4 in byte_count, input               |
| interface  | mode=s_axilite port=output           | byte_count_mvp.cpp:5 in byte_count, output              |
| interface  | mode=s_axilite port=return           | byte_count_mvp.cpp:6 in byte_count, return              |
| dataflow   |                                      | byte_count_mvp.cpp:7 in byte_count                      |
| dependence | variable=appearances intra RAW false | byte_count_mvp.cpp:18 in count_appearances, appearances |
| unroll     |                                      | byte_count_mvp.cpp:21 in count_appearances              |
| pipeline   | II=1                                 | byte_count_mvp.cpp:29 in count_appearances              |
| unroll     |                                      | byte_count_mvp.cpp:48 in count_threshold                |
+------------+--------------------------------------+---------------------------------------------------------+


