    *** *** *** *** 
    Input file: tb_data/zeros
    Mismatch: result=5, expected=1
    *** *** *** *** 
    *** *** *** *** 
    Input file: tb_data/count.bin
    Mismatch: result=132, expected=0
    *** *** *** *** 
    *** *** *** *** 
    Input file: tb_data/count_sorted.bin
    Mismatch: result=6, expected=0
    *** *** *** *** 
    *** *** *** *** 
    Input file: tb_data/cantrbry/alice29.txt
    Mismatch: result=246, expected=34
    *** *** *** *** 
    *** *** *** *** 
    Input file: tb_data/cantrbry/asyoulik.txt
    Mismatch: result=246, expected=47
    *** *** *** *** 
    *** *** *** *** 
    Input file: tb_data/cantrbry/cp.html
    Mismatch: result=42, expected=39
    *** *** *** *** 
    *** *** *** *** 
    Input file: tb_data/cantrbry/fields.c
    Mismatch: result=44, expected=41
    *** *** *** *** 
    *** *** *** *** 
    Input file: tb_data/cantrbry/grammar.lsp
    Results are good: expected == actual == 32
    *** *** *** *** 
    *** *** *** *** 
    Input file: tb_data/cantrbry/kennedy.xls
    Results are good: expected == actual == 9
    *** *** *** *** 
    *** *** *** *** 
    Input file: tb_data/cantrbry/lcet10.txt
    Results are good: expected == actual == 38
    *** *** *** *** 
    *** *** *** *** 
    Input file: tb_data/cantrbry/plrabn12.txt
    Mismatch: result=139, expected=32
    *** *** *** *** 
    *** *** *** *** 
    Input file: tb_data/cantrbry/ptt5
    Mismatch: result=0, expected=1
    *** *** *** *** 
    *** *** *** *** 
    Input file: tb_data/cantrbry/sum
    Mismatch: result=62, expected=7
    *** *** *** *** 
    *** *** *** *** 
    Input file: tb_data/cantrbry/xargs.1
    Mismatch: result=256, expected=33
    *** *** *** *** 
    *** *** *** *** 
    Input file: tb_data/zeros
    Results are good: expected == actual:
1, 
    *** *** *** *** 
    *** *** *** *** 
    Input file: tb_data/count.bin
    Results are good: expected == actual:
0, 
    *** *** *** *** 
    *** *** *** *** 
    Input file: tb_data/count_sorted.bin
    Results are good: expected == actual:
0, 
    *** *** *** *** 
    *** *** *** *** 
    Input file: tb_data/cantrbry/alice29.txt
    Results are good: expected == actual:
34, 29, 31, 30, 33, 26, 26, 31, 27, 27, 28, 27, 34, 27, 30, 29, 28, 28, 30, 27, 31, 30, 29, 28, 32, 31, 29, 30, 29, 28, 26, 31, 32, 28, 31, 30, 28, 29, 32, 30, 30, 31, 32, 27, 28, 27, 27, 31, 31, 31, 35, 29, 31, 27, 25, 30, 31, 33, 28, 27, 29, 29, 32, 27, 31, 29, 31, 29, 29, 27, 32, 30, 30, 27, 30, 32, 32, 30, 32, 31, 35, 31, 29, 34, 32, 28, 29, 35, 30, 26, 31, 32, 31, 29, 26, 27, 31, 33, 25, 27, 29, 29, 30, 30, 32, 32, 28, 31, 32, 30, 33, 34, 34, 30, 32, 33, 31, 31, 30, 35, 31, 35, 31, 30, 33, 30, 27, 29, 28, 30, 30, 31, 33, 31, 30, 30, 30, 26, 32, 35, 31, 32, 29, 42, 33, 29, 27, 26, 
    *** *** *** *** 
    *** *** *** *** 
    Input file: tb_data/cantrbry/asyoulik.txt
    Results are good: expected == actual:
47, 25, 37, 31, 36, 37, 27, 28, 36, 28, 34, 37, 37, 37, 37, 39, 28, 36, 39, 37, 34, 37, 37, 36, 37, 37, 33, 37, 31, 29, 38, 35, 30, 30, 28, 37, 37, 35, 36, 35, 37, 34, 32, 33, 32, 30, 36, 35, 36, 29, 36, 37, 34, 33, 37, 31, 31, 38, 27, 37, 35, 39, 38, 40, 41, 34, 35, 34, 28, 31, 39, 32, 33, 36, 34, 39, 37, 35, 29, 33, 30, 35, 33, 30, 38, 35, 35, 36, 32, 36, 37, 34, 35, 35, 35, 35, 37, 32, 32, 32, 33, 39, 39, 43, 37, 36, 31, 29, 38, 38, 43, 31, 39, 37, 36, 32, 34, 36, 34, 28, 40, 27, 
    *** *** *** *** 
    *** *** *** *** 
    Input file: tb_data/cantrbry/cp.html
    Results are good: expected == actual:
39, 40, 37, 36, 36, 41, 35, 35, 35, 37, 38, 39, 36, 37, 36, 35, 34, 37, 36, 38, 37, 39, 35, 32, 
    *** *** *** *** 
    *** *** *** *** 
    Input file: tb_data/cantrbry/fields.c
    Results are good: expected == actual:
41, 30, 31, 36, 34, 45, 42, 39, 36, 31, 
    *** *** *** *** 
    *** *** *** *** 
    Input file: tb_data/cantrbry/grammar.lsp
    Results are good: expected == actual:
32, 28, 27, 
    *** *** *** *** 
    *** *** *** *** 
    Input file: tb_data/cantrbry/kennedy.xls
    Results are good: expected == actual:
9, 12, 24, 22, 23, 24, 6, 5, 7, 7, 6, 8, 7, 6, 7, 7, 7, 7, 6, 6, 8, 7, 8, 7, 7, 8, 7, 6, 8, 6, 6, 8, 7, 6, 9, 8, 6, 8, 7, 7, 9, 8, 7, 8, 8, 7, 9, 8, 7, 7, 7, 8, 7, 7, 8, 8, 7, 9, 7, 6, 9, 7, 6, 9, 8, 7, 9, 7, 7, 9, 8, 7, 9, 8, 7, 9, 8, 7, 7, 7, 8, 7, 7, 9, 8, 7, 9, 8, 7, 8, 8, 6, 8, 8, 7, 8, 7, 7, 8, 8, 7, 8, 7, 7, 7, 7, 8, 8, 6, 8, 8, 6, 9, 7, 7, 9, 8, 6, 9, 8, 7, 8, 8, 7, 9, 8, 7, 9, 8, 7, 7, 7, 8, 7, 7, 8, 9, 7, 10, 7, 7, 9, 8, 6, 9, 7, 7, 9, 7, 7, 9, 7, 7, 9, 8, 7, 8, 7, 7, 8, 8, 8, 7, 7, 8, 8, 7, 8, 7, 6, 8, 7, 6, 8, 7, 7, 9, 7, 7, 9, 8, 7, 9, 8, 7, 8, 7, 8, 7, 7, 8, 7, 7, 9, 7, 7, 8, 7, 6, 8, 8, 7, 9, 7, 7, 9, 7, 7, 8, 7, 7, 9, 8, 7, 7, 7, 9, 7, 7, 8, 8, 7, 8, 7, 6, 9, 8, 6, 8, 7, 7, 9, 8, 7, 9, 7, 7, 8, 7, 7, 7, 7, 8, 7, 7, 8, 8, 7, 9, 8, 7, 9, 7, 6, 8, 7, 6, 10, 7, 7, 9, 8, 7, 8, 8, 7, 9, 7, 7, 7, 8, 9, 8, 7, 8, 7, 7, 8, 7, 6, 8, 7, 6, 8, 7, 7, 9, 8, 7, 9, 8, 7, 8, 7, 7, 7, 7, 8, 7, 8, 9, 7, 6, 8, 7, 7, 9, 8, 6, 9, 8, 7, 8, 7, 7, 10, 8, 7, 8, 8, 7, 8, 7, 7, 8, 7, 8, 8, 7, 8, 9, 6, 8, 7, 6, 9, 7, 6, 9, 8, 7, 9, 7, 7, 9, 8, 7, 8, 7, 7, 7, 7, 8, 7, 7, 8, 7, 7, 9, 7, 7, 8, 8, 6, 9, 8, 7, 9, 7, 7, 8, 7, 7, 8, 7, 7, 8, 8, 8, 7, 8, 8, 8, 7, 9, 8, 7, 9, 8, 6, 8, 7, 6, 9, 7, 7, 9, 8, 7, 8, 7, 7, 8, 7, 7, 8, 8, 8, 8, 7, 8, 7, 6, 8, 7, 7, 9, 8, 7, 9, 7, 7, 8, 7, 7, 9, 7, 7, 8, 7, 7, 8, 7, 8, 7, 8, 8, 8, 7, 9, 8, 7, 9, 8, 6, 9, 8, 7, 9, 7, 7, 9, 7, 7, 9, 7, 7, 9, 7, 7, 7, 8, 8, 7, 7, 8, 7, 7, 9, 8, 6, 9, 8, 6, 8, 7, 7, 9, 7, 7, 9, 8, 7, 8, 7, 7, 7, 7, 8, 7, 7, 8, 8, 7, 9, 8, 7, 9, 8, 6, 9, 7, 7, 9, 7, 7, 8, 7, 7, 8, 7, 7, 9, 7, 7, 7, 7, 8, 8, 7, 9, 8, 7, 9, 8, 6, 9, 8, 6, 9, 7, 7, 9, 8, 7, 8, 7, 7, 9, 7, 7, 9, 7, 8, 7, 7, 8, 7, 6, 9, 7, 6, 8, 7, 6, 10, 8, 7, 8, 8, 7, 8, 7, 7, 9, 7, 7, 8, 8, 7, 7, 7, 9, 8, 6, 8, 7, 6, 9, 7, 6, 9, 7, 6, 9, 7, 7, 9, 8, 7, 9, 8, 7, 8, 8, 7, 7, 7, 9, 8, 7, 8, 8, 7, 9, 8, 6, 8, 8, 6, 9, 7, 7, 8, 7, 7, 9, 7, 7, 9, 7, 7, 8, 8, 8, 7, 8, 9, 9, 7, 8, 8, 7, 8, 7, 6, 9, 7, 6, 9, 7, 7, 9, 8, 7, 9, 7, 7, 8, 7, 7, 7, 7, 8, 7, 7, 8, 8, 7, 10, 7, 7, 9, 7, 6, 9, 8, 7, 9, 8, 7, 8, 8, 7, 8, 8, 7, 8, 7, 7, 7, 7, 8, 7, 6, 8, 7, 6, 9, 7, 6, 8, 7, 6, 8, 7, 7, 8, 8, 7, 10, 7, 7, 8, 8, 7, 7, 7, 9, 7, 7, 8, 7, 7, 9, 8, 7, 9, 7, 7, 8, 8, 7, 8, 7, 7, 9, 8, 7, 8, 8, 7, 8, 7, 7, 7, 7, 8, 8, 7, 10, 8, 6, 7, 6, 5, 6, 6, 5, 7, 6, 6, 6, 7, 6, 7, 7, 7, 7, 7, 6, 7, 7, 8, 7, 8, 8, 8, 7, 8, 7, 6, 7, 7, 6, 8, 8, 7, 9, 7, 6, 9, 8, 7, 8, 7, 7, 8, 8, 7, 7, 8, 8, 8, 7, 9, 8, 7, 10, 8, 6, 9, 7, 6, 9, 8, 7, 9, 8, 7, 8, 7, 7, 8, 8, 7, 7, 7, 8, 8, 7, 8, 7, 7, 9, 7, 6, 8, 7, 7, 10, 7, 7, 9, 7, 7, 8, 7, 7, 8, 8, 7, 9, 7, 7, 7, 7, 8, 8, 6, 8, 8, 7, 8, 8, 6, 9, 8, 6, 8, 8, 7, 9, 7, 7, 8, 7, 7, 8, 7, 7, 7, 7, 9, 7, 7, 8, 7, 7, 9, 7, 7, 9, 7, 6, 8, 8, 7, 9, 8, 7, 10, 7, 7, 9, 7, 7, 8, 7, 7, 8, 7, 8, 8, 7, 8, 8, 7, 9, 7, 6, 9, 8, 6, 9, 8, 7, 9, 7, 7, 8, 8, 7, 8, 8, 7, 7, 8, 8, 7, 7, 8, 8, 7, 9, 8, 6, 9, 7, 6, 9, 8, 7, 9, 7, 7, 9, 8, 7, 9, 7, 7, 8, 8, 7, 7, 7, 8, 8, 7, 8, 8, 7, 9, 8, 6, 9, 8, 6, 9, 8, 7, 10, 7, 7, 8, 8, 7, 8, 8, 7, 8, 7, 9, 7, 7, 8, 7, 7, 9, 8, 7, 8, 7, 6, 8, 8, 7, 9, 8, 7, 8, 8, 7, 9, 
    *** *** *** *** 
    *** *** *** *** 
    Input file: tb_data/cantrbry/lcet10.txt
    Results are good: expected == actual:
38, 33, 31, 30, 26, 33, 28, 24, 38, 32, 27, 28, 37, 34, 32, 31, 32, 33, 28, 25, 26, 26, 28, 28, 28, 26, 30, 27, 30, 30, 31, 39, 31, 27, 28, 26, 27, 27, 25, 26, 29, 24, 25, 30, 29, 27, 27, 26, 26, 27, 27, 25, 25, 23, 27, 30, 30, 29, 29, 30, 28, 28, 29, 28, 26, 28, 28, 27, 25, 26, 32, 25, 29, 29, 29, 28, 29, 29, 29, 28, 28, 30, 28, 29, 28, 30, 30, 26, 26, 30, 31, 28, 30, 27, 29, 31, 29, 28, 35, 30, 27, 33, 29, 27, 30, 27, 29, 33, 30, 30, 29, 29, 32, 28, 28, 28, 26, 33, 33, 33, 28, 26, 27, 29, 30, 28, 27, 27, 31, 28, 28, 28, 29, 30, 30, 27, 26, 34, 31, 28, 29, 30, 29, 29, 33, 28, 31, 28, 27, 28, 26, 29, 27, 27, 27, 28, 28, 29, 29, 29, 30, 27, 26, 25, 28, 31, 28, 28, 27, 29, 28, 28, 32, 28, 28, 38, 29, 26, 26, 26, 27, 28, 26, 25, 27, 28, 35, 27, 31, 27, 26, 31, 25, 30, 29, 26, 32, 28, 27, 27, 27, 28, 30, 29, 26, 28, 29, 29, 30, 27, 33, 29, 27, 29, 28, 26, 28, 30, 25, 28, 31, 27, 28, 27, 32, 29, 30, 29, 28, 26, 27, 25, 28, 27, 28, 27, 26, 29, 35, 29, 31, 29, 32, 28, 25, 26, 26, 31, 30, 26, 32, 30, 27, 28, 29, 30, 27, 28, 29, 33, 30, 29, 29, 35, 29, 29, 29, 31, 29, 30, 30, 29, 28, 30, 29, 29, 32, 27, 26, 29, 28, 28, 29, 29, 29, 26, 26, 32, 29, 31, 31, 28, 30, 28, 26, 30, 26, 25, 28, 25, 26, 29, 31, 32, 29, 32, 30, 25, 28, 26, 27, 29, 28, 26, 28, 27, 26, 27, 30, 26, 27, 29, 29, 27, 25, 25, 28, 31, 28, 28, 32, 32, 30, 31, 27, 30, 34, 30, 31, 27, 28, 27, 28, 32, 30, 37, 31, 31, 38, 38, 39, 33, 35, 30, 28, 27, 29, 29, 27, 32, 28, 30, 26, 26, 28, 28, 27, 30, 27, 29, 27, 27, 27, 26, 27, 27, 27, 27, 28, 25, 26, 26, 28, 29, 28, 28, 26, 31, 29, 29, 27, 27, 26, 26, 28, 28, 29, 27, 28, 25, 35, 29, 29, 28, 45, 47, 47, 52, 45, 48, 51, 47, 48, 48, 44, 40, 
    *** *** *** *** 
    *** *** *** *** 
    Input file: tb_data/cantrbry/plrabn12.txt
    Results are good: expected == actual:
32, 26, 29, 30, 26, 27, 26, 26, 26, 27, 25, 28, 26, 27, 27, 28, 29, 26, 27, 28, 28, 27, 28, 27, 26, 30, 26, 26, 28, 26, 28, 27, 30, 26, 27, 28, 28, 27, 28, 29, 29, 28, 27, 24, 26, 30, 26, 28, 26, 29, 28, 27, 27, 26, 28, 28, 27, 26, 27, 28, 27, 29, 29, 26, 26, 26, 25, 27, 30, 29, 29, 30, 28, 26, 29, 28, 27, 27, 26, 28, 29, 27, 28, 27, 27, 27, 29, 29, 27, 29, 30, 30, 27, 28, 29, 28, 28, 29, 25, 29, 27, 27, 28, 26, 27, 28, 29, 27, 26, 28, 27, 27, 27, 26, 25, 28, 27, 28, 26, 29, 27, 28, 29, 26, 26, 27, 26, 27, 25, 26, 28, 26, 26, 27, 29, 27, 28, 29, 30, 29, 26, 28, 25, 27, 29, 27, 28, 27, 26, 25, 27, 27, 28, 27, 24, 28, 28, 28, 29, 26, 27, 26, 30, 27, 27, 30, 30, 30, 28, 25, 28, 27, 26, 28, 29, 27, 28, 28, 25, 27, 29, 28, 27, 29, 26, 27, 28, 26, 28, 27, 29, 25, 25, 27, 28, 25, 27, 24, 28, 27, 26, 28, 28, 27, 28, 28, 29, 27, 26, 26, 27, 27, 29, 29, 27, 28, 28, 26, 26, 28, 26, 26, 26, 25, 27, 26, 26, 27, 27, 27, 26, 26, 26, 30, 29, 31, 29, 28, 26, 27, 27, 28, 27, 29, 26, 28, 27, 26, 29, 29, 27, 31, 30, 26, 29, 27, 27, 27, 27, 29, 26, 28, 27, 28, 28, 28, 27, 29, 27, 27, 28, 26, 29, 27, 27, 29, 29, 28, 25, 26, 29, 28, 28, 30, 30, 29, 29, 28, 30, 30, 28, 28, 26, 28, 27, 27, 27, 28, 28, 29, 28, 30, 28, 29, 27, 27, 28, 26, 29, 26, 30, 26, 27, 28, 27, 27, 26, 29, 27, 26, 28, 29, 28, 27, 29, 29, 29, 28, 26, 28, 26, 28, 30, 25, 28, 26, 29, 27, 27, 27, 27, 25, 29, 29, 27, 28, 27, 29, 29, 29, 26, 27, 28, 27, 28, 29, 27, 26, 29, 28, 29, 28, 28, 28, 27, 25, 27, 28, 26, 26, 28, 28, 29, 27, 28, 26, 28, 28, 26, 30, 28, 28, 28, 27, 25, 29, 28, 27, 29, 28, 28, 27, 27, 30, 26, 28, 27, 28, 26, 26, 27, 27, 27, 30, 30, 29, 26, 28, 28, 26, 27, 28, 29, 28, 26, 29, 27, 30, 32, 28, 26, 30, 29, 29, 28, 28, 27, 28, 26, 28, 26, 27, 28, 25, 28, 28, 27, 28, 28, 28, 27, 30, 27, 27, 28, 27, 27, 29, 29, 28, 29, 27, 30, 29, 28, 27, 29, 27, 32, 28, 26, 28, 29, 28, 28, 28, 28, 29, 29, 29, 
    *** *** *** *** 
    *** *** *** *** 
    Input file: tb_data/cantrbry/ptt5
    Results are good: expected == actual:
1, 1, 1, 1, 1, 1, 1, 1, 1, 1, 1, 1, 1, 1, 1, 1, 1, 1, 1, 1, 1, 1, 1, 1, 1, 1, 1, 1, 1, 1, 1, 1, 1, 1, 1, 1, 1, 1, 1, 1, 1, 1, 1, 1, 1, 1, 1, 1, 1, 1, 1, 1, 16, 24, 35, 36, 29, 10, 1, 10, 21, 23, 26, 13, 5, 11, 20, 32, 31, 23, 13, 12, 14, 19, 22, 20, 8, 2, 1, 1, 1, 1, 1, 1, 1, 1, 1, 1, 3, 5, 7, 6, 11, 10, 11, 13, 14, 10, 9, 11, 9, 10, 8, 7, 3, 3, 3, 2, 3, 2, 7, 17, 27, 27, 23, 10, 8, 11, 12, 12, 15, 22, 30, 31, 14, 3, 2, 4, 10, 17, 25, 21, 17, 7, 5, 5, 10, 20, 30, 25, 24, 5, 6, 13, 29, 30, 30, 9, 5, 9, 25, 27, 31, 17, 6, 8, 16, 27, 24, 21, 4, 1, 12, 21, 21, 24, 10, 2, 7, 18, 29, 29, 17, 1, 6, 12, 32, 36, 35, 25, 20, 14, 30, 33, 37, 26, 23, 11, 23, 26, 26, 18, 2, 4, 18, 35, 40, 34, 23, 5, 11, 28, 37, 35, 28, 14, 9, 26, 33, 34, 28, 18, 14, 14, 26, 32, 30, 18, 2, 1, 1, 1, 1, 2, 5, 6, 11, 4, 1, 1, 4, 6, 5, 2, 3, 1, 1, 2, 3, 3, 8, 4, 4, 6, 10, 12, 10, 11, 8, 8, 8, 9, 6, 4, 3, 2, 2, 5, 4, 4, 7, 5, 4, 1, 1, 2, 6, 8, 8, 4, 3, 4, 5, 3, 3, 3, 4, 3, 4, 3, 3, 3, 2, 3, 2, 3, 2, 5, 13, 20, 23, 31, 23, 7, 6, 18, 28, 26, 18, 12, 9, 15, 30, 29, 28, 9, 8, 8, 12, 11, 17, 10, 9, 6, 5, 4, 6, 4, 2, 4, 4, 7, 5, 7, 10, 13, 14, 16, 17, 15, 8, 4, 6, 7, 8, 11, 7, 4, 3, 3, 4, 6, 9, 7, 8, 10, 9, 9, 8, 2, 2, 3, 3, 4, 2, 2, 2, 3, 3, 3, 3, 5, 5, 5, 4, 6, 6, 5, 2, 3, 3, 2, 2, 4, 2, 6, 4, 2, 2, 2, 2, 3, 4, 3, 2, 4, 4, 3, 5, 5, 4, 4, 4, 4, 4, 3, 8, 26, 23, 24, 13, 5, 8, 20, 30, 25, 23, 8, 8, 15, 29, 28, 26, 10, 7, 11, 24, 25, 30, 21, 6, 7, 17, 27, 25, 27, 9, 7, 3, 3, 3, 3, 8, 13, 25, 26, 18, 7, 6, 4, 2, 2, 5, 3, 4, 4, 2, 2, 2, 7, 22, 23, 22, 22, 4, 3, 2, 2, 4, 2, 1, 10, 19, 28, 28, 8, 1, 1, 1, 1, 1, 1, 1, 1, 1, 1, 1, 1, 1, 1, 1, 1, 1, 1, 1, 1, 1, 1, 1, 1, 1, 1, 1, 1, 1, 1, 1, 1, 1, 1, 1, 
    *** *** *** *** 
    *** *** *** *** 
    Input file: tb_data/cantrbry/sum
    Results are good: expected == actual:
7, 16, 41, 42, 44, 42, 42, 51, 35, 15, 14, 37, 39, 10, 11, 8, 12, 7, 13, 14, 10, 17, 37, 35, 35, 35, 42, 37, 39, 43, 41, 37, 35, 34, 36, 50, 40, 
    *** *** *** *** 
    *** *** *** *** 
    Input file: tb_data/cantrbry/xargs.1
    Results are good: expected == actual:
33, 33, 30, 31, 
    *** *** *** *** 

E:\estimation_accel\hls\byte_count_stream\solution1\sim\verilog>set PATH= 

E:\estimation_accel\hls\byte_count_stream\solution1\sim\verilog>call C:/Xilinx/Vivado/2022.1/bin/xelab xil_defaultlib.apatb_accelerator_top glbl -Oenable_linking_all_libraries  -prj accelerator.prj -L smartconnect_v1_0 -L axi_protocol_checker_v1_1_12 -L axi_protocol_checker_v1_1_13 -L axis_protocol_checker_v1_1_11 -L axis_protocol_checker_v1_1_12 -L xil_defaultlib -L unisims_ver -L xpm  -L floating_point_v7_0_20 -L floating_point_v7_1_14 --lib "ieee_proposed=./ieee_proposed" -s accelerator  
Vivado Simulator v2022.1
Copyright 1986-1999, 2001-2022 Xilinx, Inc. All Rights Reserved.
Running: C:/Xilinx/Vivado/2022.1/bin/unwrapped/win64.o/xelab.exe xil_defaultlib.apatb_accelerator_top glbl -Oenable_linking_all_libraries -prj accelerator.prj -L smartconnect_v1_0 -L axi_protocol_checker_v1_1_12 -L axi_protocol_checker_v1_1_13 -L axis_protocol_checker_v1_1_11 -L axis_protocol_checker_v1_1_12 -L xil_defaultlib -L unisims_ver -L xpm -L floating_point_v7_0_20 -L floating_point_v7_1_14 --lib ieee_proposed=./ieee_proposed -s accelerator 
Multi-threading is on. Using 10 slave threads.
INFO: [VRFC 10-2263] Analyzing SystemVerilog file "E:/estimation_accel/hls/byte_count_stream/solution1/sim/verilog/glbl.v" into library work
INFO: [VRFC 10-311] analyzing module glbl
INFO: [VRFC 10-2263] Analyzing SystemVerilog file "E:/estimation_accel/hls/byte_count_stream/solution1/sim/verilog/accelerator.autotb.v" into library xil_defaultlib
INFO: [VRFC 10-311] analyzing module apatb_accelerator_top
INFO: [VRFC 10-2263] Analyzing SystemVerilog file "E:/estimation_accel/hls/byte_count_stream/solution1/sim/verilog/accelerator.v" into library xil_defaultlib
INFO: [VRFC 10-311] analyzing module accelerator
INFO: [VRFC 10-2263] Analyzing SystemVerilog file "E:/estimation_accel/hls/byte_count_stream/solution1/sim/verilog/accelerator_ap_bound.v" into library xil_defaultlib
INFO: [VRFC 10-311] analyzing module accelerator_ap_bound_shiftReg
INFO: [VRFC 10-311] analyzing module accelerator_ap_bound
INFO: [VRFC 10-2263] Analyzing SystemVerilog file "E:/estimation_accel/hls/byte_count_stream/solution1/sim/verilog/accelerator_count.v" into library xil_defaultlib
INFO: [VRFC 10-311] analyzing module accelerator_count
INFO: [VRFC 10-2263] Analyzing SystemVerilog file "E:/estimation_accel/hls/byte_count_stream/solution1/sim/verilog/accelerator_count_Pipeline_APPEARANCES.v" into library xil_defaultlib
INFO: [VRFC 10-311] analyzing module accelerator_count_Pipeline_APPEARANCES
INFO: [VRFC 10-2263] Analyzing SystemVerilog file "E:/estimation_accel/hls/byte_count_stream/solution1/sim/verilog/accelerator_dataflow_in_loop_VITIS_LOOP_10_1.v" into library xil_defaultlib
INFO: [VRFC 10-311] analyzing module accelerator_dataflow_in_loop_VITIS_LOOP_10_1
INFO: [VRFC 10-2263] Analyzing SystemVerilog file "E:/estimation_accel/hls/byte_count_stream/solution1/sim/verilog/accelerator_dataflow_in_loop_VITIS_LOOP_10_1_appear_V_RAM_AUTO_1R1W.v" into library xil_defaultlib
INFO: [VRFC 10-311] analyzing module accelerator_dataflow_in_loop_VITIS_LOOP_10_1_appear_V_RAM_AUTO_1R1W
INFO: [VRFC 10-2263] Analyzing SystemVerilog file "E:/estimation_accel/hls/byte_count_stream/solution1/sim/verilog/accelerator_dataflow_in_loop_VITIS_LOOP_10_1_appear_V_RAM_AUTO_1R1W_memcore.v" into library xil_defaultlib
INFO: [VRFC 10-311] analyzing module accelerator_dataflow_in_loop_VITIS_LOOP_10_1_appear_V_RAM_AUTO_1R1W_memcore
INFO: [VRFC 10-2263] Analyzing SystemVerilog file "E:/estimation_accel/hls/byte_count_stream/solution1/sim/verilog/accelerator_flow_control_loop_pipe_sequential_init.v" into library xil_defaultlib
INFO: [VRFC 10-311] analyzing module accelerator_flow_control_loop_pipe_sequential_init
INFO: [VRFC 10-2263] Analyzing SystemVerilog file "E:/estimation_accel/hls/byte_count_stream/solution1/sim/verilog/accelerator_threshold.v" into library xil_defaultlib
INFO: [VRFC 10-311] analyzing module accelerator_threshold
INFO: [VRFC 10-2263] Analyzing SystemVerilog file "E:/estimation_accel/hls/byte_count_stream/solution1/sim/verilog/accelerator_threshold_Pipeline_VITIS_LOOP_58_1.v" into library xil_defaultlib
INFO: [VRFC 10-311] analyzing module accelerator_threshold_Pipeline_VITIS_LOOP_58_1
INFO: [VRFC 10-2263] Analyzing SystemVerilog file "E:/estimation_accel/hls/byte_count_stream/solution1/sim/verilog/AESL_autofifo_In_r.v" into library xil_defaultlib
INFO: [VRFC 10-311] analyzing module AESL_autofifo_In_r
INFO: [VRFC 10-2263] Analyzing SystemVerilog file "E:/estimation_accel/hls/byte_count_stream/solution1/sim/verilog/AESL_autofifo_Out_r.v" into library xil_defaultlib
INFO: [VRFC 10-311] analyzing module AESL_autofifo_Out_r
INFO: [VRFC 10-2263] Analyzing SystemVerilog file "E:/estimation_accel/hls/byte_count_stream/solution1/sim/verilog/AESL_deadlock_detection_unit.v" into library xil_defaultlib
INFO: [VRFC 10-311] analyzing module AESL_deadlock_detect_unit
INFO: [VRFC 10-2263] Analyzing SystemVerilog file "E:/estimation_accel/hls/byte_count_stream/solution1/sim/verilog/AESL_deadlock_detector.v" into library xil_defaultlib
INFO: [VRFC 10-311] analyzing module AESL_deadlock_detector
INFO: [VRFC 10-2263] Analyzing SystemVerilog file "E:/estimation_accel/hls/byte_count_stream/solution1/sim/verilog/AESL_deadlock_report_unit.v" into library xil_defaultlib
INFO: [VRFC 10-311] analyzing module AESL_deadlock_report_unit
INFO: [VRFC 10-2263] Analyzing SystemVerilog file "E:/estimation_accel/hls/byte_count_stream/solution1/sim/verilog/dataflow_monitor.sv" into library xil_defaultlib
INFO: [VRFC 10-311] analyzing module dataflow_monitor
Starting static elaboration
Pass Through NonSizing Optimizer
Completed static elaboration
Starting simulation data flow analysis
Completed simulation data flow analysis
Time Resolution for simulation is 1ps
Compiling package xil_defaultlib.$unit_dataflow_monitor_sv
Compiling module xil_defaultlib.accelerator_dataflow_in_loop_VIT...
Compiling module xil_defaultlib.accelerator_dataflow_in_loop_VIT...
Compiling module xil_defaultlib.accelerator_flow_control_loop_pi...
Compiling module xil_defaultlib.accelerator_count_Pipeline_APPEA...
Compiling module xil_defaultlib.accelerator_count
Compiling module xil_defaultlib.accelerator_threshold_Pipeline_V...
Compiling module xil_defaultlib.accelerator_threshold
Compiling module xil_defaultlib.accelerator_dataflow_in_loop_VIT...
Compiling module xil_defaultlib.accelerator_ap_bound_shiftReg
Compiling module xil_defaultlib.accelerator_ap_bound
Compiling module xil_defaultlib.accelerator
Compiling module xil_defaultlib.AESL_autofifo_In_r
Compiling module xil_defaultlib.AESL_autofifo_Out_r
Compiling module xil_defaultlib.AESL_deadlock_detect_unit(PROC_N...
Compiling module xil_defaultlib.AESL_deadlock_detect_unit(PROC_N...
Compiling module xil_defaultlib.AESL_deadlock_report_unit(PROC_N...
Compiling module xil_defaultlib.AESL_deadlock_detector_1
Compiling module xil_defaultlib.df_process_intf
Compiling module xil_defaultlib.nodf_module_intf
Compiling module xil_defaultlib.df_loop_intf
Compiling module xil_defaultlib.upc_loop_intf(FSM_WIDTH=1)
Compiling module xil_defaultlib.dataflow_monitor_1
Compiling module xil_defaultlib.apatb_accelerator_top
Compiling module work.glbl
Built simulation snapshot accelerator

****** xsim v2022.1 (64-bit)
  **** SW Build 3526262 on Mon Apr 18 15:48:16 MDT 2022
  **** IP Build 3524634 on Mon Apr 18 20:55:01 MDT 2022
    ** Copyright 1986-2022 Xilinx, Inc. All Rights Reserved.

source xsim.dir/accelerator/xsim_script.tcl
# xsim {accelerator} -autoloadwcfg -tclbatch {accelerator.tcl}
Time resolution is 1 ps
source accelerator.tcl
## run all
////////////////////////////////////////////////////////////////////////////////////
// Inter-Transaction Progress: Completed Transaction / Total Transaction
// Intra-Transaction Progress: Measured Latency / Latency Estimation * 100%
//
// RTL Simulation : "Inter-Transaction Progress" ["Intra-Transaction Progress"] @ "Simulation Time"
////////////////////////////////////////////////////////////////////////////////////
// RTL Simulation : 0 / 14 [n/a] @ "126000"
// RTL Simulation : 1 / 14 [n/a] @ "13389000"
// RTL Simulation : 2 / 14 [n/a] @ "24219000"
// RTL Simulation : 3 / 14 [n/a] @ "35049000"
// RTL Simulation : 4 / 14 [n/a] @ "1637817000"
// RTL Simulation : 5 / 14 [n/a] @ "2959019000"
// RTL Simulation : 6 / 14 [n/a] @ "3218927000"
// RTL Simulation : 7 / 14 [n/a] @ "3327223000"
// RTL Simulation : 8 / 14 [n/a] @ "3359711000"
// RTL Simulation : 9 / 14 [n/a] @ "14243379000"
// RTL Simulation : 10 / 14 [n/a] @ "18748459000"
// RTL Simulation : 11 / 14 [n/a] @ "23838333000"
// RTL Simulation : 12 / 14 [n/a] @ "29263923000"
// RTL Simulation : 13 / 14 [n/a] @ "29664615000"
// RTL Simulation : 14 / 14 [n/a] @ "29707933000"
////////////////////////////////////////////////////////////////////////////////////
$finish called at time : 29707989480 ps : File "E:/estimation_accel/hls/byte_count_stream/solution1/sim/verilog/accelerator.autotb.v" Line 332
run: Time (s): cpu = 00:00:02 ; elapsed = 00:01:29 . Memory (MB): peak = 1201.762 ; gain = 0.000
## quit
INFO: xsimkernel Simulation Memory Usage: 232288 KB (Peak: 232288 KB), Simulation CPU Usage: 88499 ms
INFO: [Common 17-206] Exiting xsim at Mon Aug  8 19:30:35 2022...
    *** *** *** *** 
    Input file: tb_data/zeros
    Results are good: expected == actual:
1, 
    *** *** *** *** 
    *** *** *** *** 
    Input file: tb_data/count.bin
    Results are good: expected == actual:
0, 
    *** *** *** *** 
    *** *** *** *** 
    Input file: tb_data/count_sorted.bin
    Results are good: expected == actual:
0, 
    *** *** *** *** 
    *** *** *** *** 
    Input file: tb_data/cantrbry/alice29.txt
    Results are good: expected == actual:
34, 29, 31, 30, 33, 26, 26, 31, 27, 27, 28, 27, 34, 27, 30, 29, 28, 28, 30, 27, 31, 30, 29, 28, 32, 31, 29, 30, 29, 28, 26, 31, 32, 28, 31, 30, 28, 29, 32, 30, 30, 31, 32, 27, 28, 27, 27, 31, 31, 31, 35, 29, 31, 27, 25, 30, 31, 33, 28, 27, 29, 29, 32, 27, 31, 29, 31, 29, 29, 27, 32, 30, 30, 27, 30, 32, 32, 30, 32, 31, 35, 31, 29, 34, 32, 28, 29, 35, 30, 26, 31, 32, 31, 29, 26, 27, 31, 33, 25, 27, 29, 29, 30, 30, 32, 32, 28, 31, 32, 30, 33, 34, 34, 30, 32, 33, 31, 31, 30, 35, 31, 35, 31, 30, 33, 30, 27, 29, 28, 30, 30, 31, 33, 31, 30, 30, 30, 26, 32, 35, 31, 32, 29, 42, 33, 29, 27, 26, 
    *** *** *** *** 
    *** *** *** *** 
    Input file: tb_data/cantrbry/asyoulik.txt
    Results are good: expected == actual:
47, 25, 37, 31, 36, 37, 27, 28, 36, 28, 34, 37, 37, 37, 37, 39, 28, 36, 39, 37, 34, 37, 37, 36, 37, 37, 33, 37, 31, 29, 38, 35, 30, 30, 28, 37, 37, 35, 36, 35, 37, 34, 32, 33, 32, 30, 36, 35, 36, 29, 36, 37, 34, 33, 37, 31, 31, 38, 27, 37, 35, 39, 38, 40, 41, 34, 35, 34, 28, 31, 39, 32, 33, 36, 34, 39, 37, 35, 29, 33, 30, 35, 33, 30, 38, 35, 35, 36, 32, 36, 37, 34, 35, 35, 35, 35, 37, 32, 32, 32, 33, 39, 39, 43, 37, 36, 31, 29, 38, 38, 43, 31, 39, 37, 36, 32, 34, 36, 34, 28, 40, 27, 
    *** *** *** *** 
    *** *** *** *** 
    Input file: tb_data/cantrbry/cp.html
    Results are good: expected == actual:
39, 40, 37, 36, 36, 41, 35, 35, 35, 37, 38, 39, 36, 37, 36, 35, 34, 37, 36, 38, 37, 39, 35, 32, 
    *** *** *** *** 
    *** *** *** *** 
    Input file: tb_data/cantrbry/fields.c
    Results are good: expected == actual:
41, 30, 31, 36, 34, 45, 42, 39, 36, 31, 
    *** *** *** *** 
    *** *** *** *** 
    Input file: tb_data/cantrbry/grammar.lsp
    Results are good: expected == actual:
32, 28, 27, 
    *** *** *** *** 
    *** *** *** *** 
    Input file: tb_data/cantrbry/kennedy.xls
    Results are good: expected == actual:
9, 12, 24, 22, 23, 24, 6, 5, 7, 7, 6, 8, 7, 6, 7, 7, 7, 7, 6, 6, 8, 7, 8, 7, 7, 8, 7, 6, 8, 6, 6, 8, 7, 6, 9, 8, 6, 8, 7, 7, 9, 8, 7, 8, 8, 7, 9, 8, 7, 7, 7, 8, 7, 7, 8, 8, 7, 9, 7, 6, 9, 7, 6, 9, 8, 7, 9, 7, 7, 9, 8, 7, 9, 8, 7, 9, 8, 7, 7, 7, 8, 7, 7, 9, 8, 7, 9, 8, 7, 8, 8, 6, 8, 8, 7, 8, 7, 7, 8, 8, 7, 8, 7, 7, 7, 7, 8, 8, 6, 8, 8, 6, 9, 7, 7, 9, 8, 6, 9, 8, 7, 8, 8, 7, 9, 8, 7, 9, 8, 7, 7, 7, 8, 7, 7, 8, 9, 7, 10, 7, 7, 9, 8, 6, 9, 7, 7, 9, 7, 7, 9, 7, 7, 9, 8, 7, 8, 7, 7, 8, 8, 8, 7, 7, 8, 8, 7, 8, 7, 6, 8, 7, 6, 8, 7, 7, 9, 7, 7, 9, 8, 7, 9, 8, 7, 8, 7, 8, 7, 7, 8, 7, 7, 9, 7, 7, 8, 7, 6, 8, 8, 7, 9, 7, 7, 9, 7, 7, 8, 7, 7, 9, 8, 7, 7, 7, 9, 7, 7, 8, 8, 7, 8, 7, 6, 9, 8, 6, 8, 7, 7, 9, 8, 7, 9, 7, 7, 8, 7, 7, 7, 7, 8, 7, 7, 8, 8, 7, 9, 8, 7, 9, 7, 6, 8, 7, 6, 10, 7, 7, 9, 8, 7, 8, 8, 7, 9, 7, 7, 7, 8, 9, 8, 7, 8, 7, 7, 8, 7, 6, 8, 7, 6, 8, 7, 7, 9, 8, 7, 9, 8, 7, 8, 7, 7, 7, 7, 8, 7, 8, 9, 7, 6, 8, 7, 7, 9, 8, 6, 9, 8, 7, 8, 7, 7, 10, 8, 7, 8, 8, 7, 8, 7, 7, 8, 7, 8, 8, 7, 8, 9, 6, 8, 7, 6, 9, 7, 6, 9, 8, 7, 9, 7, 7, 9, 8, 7, 8, 7, 7, 7, 7, 8, 7, 7, 8, 7, 7, 9, 7, 7, 8, 8, 6, 9, 8, 7, 9, 7, 7, 8, 7, 7, 8, 7, 7, 8, 8, 8, 7, 8, 8, 8, 7, 9, 8, 7, 9, 8, 6, 8, 7, 6, 9, 7, 7, 9, 8, 7, 8, 7, 7, 8, 7, 7, 8, 8, 8, 8, 7, 8, 7, 6, 8, 7, 7, 9, 8, 7, 9, 7, 7, 8, 7, 7, 9, 7, 7, 8, 7, 7, 8, 7, 8, 7, 8, 8, 8, 7, 9, 8, 7, 9, 8, 6, 9, 8, 7, 9, 7, 7, 9, 7, 7, 9, 7, 7, 9, 7, 7, 7, 8, 8, 7, 7, 8, 7, 7, 9, 8, 6, 9, 8, 6, 8, 7, 7, 9, 7, 7, 9, 8, 7, 8, 7, 7, 7, 7, 8, 7, 7, 8, 8, 7, 9, 8, 7, 9, 8, 6, 9, 7, 7, 9, 7, 7, 8, 7, 7, 8, 7, 7, 9, 7, 7, 7, 7, 8, 8, 7, 9, 8, 7, 9, 8, 6, 9, 8, 6, 9, 7, 7, 9, 8, 7, 8, 7, 7, 9, 7, 7, 9, 7, 8, 7, 7, 8, 7, 6, 9, 7, 6, 8, 7, 6, 10, 8, 7, 8, 8, 7, 8, 7, 7, 9, 7, 7, 8, 8, 7, 7, 7, 9, 8, 6, 8, 7, 6, 9, 7, 6, 9, 7, 6, 9, 7, 7, 9, 8, 7, 9, 8, 7, 8, 8, 7, 7, 7, 9, 8, 7, 8, 8, 7, 9, 8, 6, 8, 8, 6, 9, 7, 7, 8, 7, 7, 9, 7, 7, 9, 7, 7, 8, 8, 8, 7, 8, 9, 9, 7, 8, 8, 7, 8, 7, 6, 9, 7, 6, 9, 7, 7, 9, 8, 7, 9, 7, 7, 8, 7, 7, 7, 7, 8, 7, 7, 8, 8, 7, 10, 7, 7, 9, 7, 6, 9, 8, 7, 9, 8, 7, 8, 8, 7, 8, 8, 7, 8, 7, 7, 7, 7, 8, 7, 6, 8, 7, 6, 9, 7, 6, 8, 7, 6, 8, 7, 7, 8, 8, 7, 10, 7, 7, 8, 8, 7, 7, 7, 9, 7, 7, 8, 7, 7, 9, 8, 7, 9, 7, 7, 8, 8, 7, 8, 7, 7, 9, 8, 7, 8, 8, 7, 8, 7, 7, 7, 7, 8, 8, 7, 10, 8, 6, 7, 6, 5, 6, 6, 5, 7, 6, 6, 6, 7, 6, 7, 7, 7, 7, 7, 6, 7, 7, 8, 7, 8, 8, 8, 7, 8, 7, 6, 7, 7, 6, 8, 8, 7, 9, 7, 6, 9, 8, 7, 8, 7, 7, 8, 8, 7, 7, 8, 8, 8, 7, 9, 8, 7, 10, 8, 6, 9, 7, 6, 9, 8, 7, 9, 8, 7, 8, 7, 7, 8, 8, 7, 7, 7, 8, 8, 7, 8, 7, 7, 9, 7, 6, 8, 7, 7, 10, 7, 7, 9, 7, 7, 8, 7, 7, 8, 8, 7, 9, 7, 7, 7, 7, 8, 8, 6, 8, 8, 7, 8, 8, 6, 9, 8, 6, 8, 8, 7, 9, 7, 7, 8, 7, 7, 8, 7, 7, 7, 7, 9, 7, 7, 8, 7, 7, 9, 7, 7, 9, 7, 6, 8, 8, 7, 9, 8, 7, 10, 7, 7, 9, 7, 7, 8, 7, 7, 8, 7, 8, 8, 7, 8, 8, 7, 9, 7, 6, 9, 8, 6, 9, 8, 7, 9, 7, 7, 8, 8, 7, 8, 8, 7, 7, 8, 8, 7, 7, 8, 8, 7, 9, 8, 6, 9, 7, 6, 9, 8, 7, 9, 7, 7, 9, 8, 7, 9, 7, 7, 8, 8, 7, 7, 7, 8, 8, 7, 8, 8, 7, 9, 8, 6, 9, 8, 6, 9, 8, 7, 10, 7, 7, 8, 8, 7, 8, 8, 7, 8, 7, 9, 7, 7, 8, 7, 7, 9, 8, 7, 8, 7, 6, 8, 8, 7, 9, 8, 7, 8, 8, 7, 9, 
    *** *** *** *** 
    *** *** *** *** 
    Input file: tb_data/cantrbry/lcet10.txt
    Results are good: expected == actual:
38, 33, 31, 30, 26, 33, 28, 24, 38, 32, 27, 28, 37, 34, 32, 31, 32, 33, 28, 25, 26, 26, 28, 28, 28, 26, 30, 27, 30, 30, 31, 39, 31, 27, 28, 26, 27, 27, 25, 26, 29, 24, 25, 30, 29, 27, 27, 26, 26, 27, 27, 25, 25, 23, 27, 30, 30, 29, 29, 30, 28, 28, 29, 28, 26, 28, 28, 27, 25, 26, 32, 25, 29, 29, 29, 28, 29, 29, 29, 28, 28, 30, 28, 29, 28, 30, 30, 26, 26, 30, 31, 28, 30, 27, 29, 31, 29, 28, 35, 30, 27, 33, 29, 27, 30, 27, 29, 33, 30, 30, 29, 29, 32, 28, 28, 28, 26, 33, 33, 33, 28, 26, 27, 29, 30, 28, 27, 27, 31, 28, 28, 28, 29, 30, 30, 27, 26, 34, 31, 28, 29, 30, 29, 29, 33, 28, 31, 28, 27, 28, 26, 29, 27, 27, 27, 28, 28, 29, 29, 29, 30, 27, 26, 25, 28, 31, 28, 28, 27, 29, 28, 28, 32, 28, 28, 38, 29, 26, 26, 26, 27, 28, 26, 25, 27, 28, 35, 27, 31, 27, 26, 31, 25, 30, 29, 26, 32, 28, 27, 27, 27, 28, 30, 29, 26, 28, 29, 29, 30, 27, 33, 29, 27, 29, 28, 26, 28, 30, 25, 28, 31, 27, 28, 27, 32, 29, 30, 29, 28, 26, 27, 25, 28, 27, 28, 27, 26, 29, 35, 29, 31, 29, 32, 28, 25, 26, 26, 31, 30, 26, 32, 30, 27, 28, 29, 30, 27, 28, 29, 33, 30, 29, 29, 35, 29, 29, 29, 31, 29, 30, 30, 29, 28, 30, 29, 29, 32, 27, 26, 29, 28, 28, 29, 29, 29, 26, 26, 32, 29, 31, 31, 28, 30, 28, 26, 30, 26, 25, 28, 25, 26, 29, 31, 32, 29, 32, 30, 25, 28, 26, 27, 29, 28, 26, 28, 27, 26, 27, 30, 26, 27, 29, 29, 27, 25, 25, 28, 31, 28, 28, 32, 32, 30, 31, 27, 30, 34, 30, 31, 27, 28, 27, 28, 32, 30, 37, 31, 31, 38, 38, 39, 33, 35, 30, 28, 27, 29, 29, 27, 32, 28, 30, 26, 26, 28, 28, 27, 30, 27, 29, 27, 27, 27, 26, 27, 27, 27, 27, 28, 25, 26, 26, 28, 29, 28, 28, 26, 31, 29, 29, 27, 27, 26, 26, 28, 28, 29, 27, 28, 25, 35, 29, 29, 28, 45, 47, 47, 52, 45, 48, 51, 47, 48, 48, 44, 40, 
    *** *** *** *** 
    *** *** *** *** 
    Input file: tb_data/cantrbry/plrabn12.txt
    Results are good: expected == actual:
32, 26, 29, 30, 26, 27, 26, 26, 26, 27, 25, 28, 26, 27, 27, 28, 29, 26, 27, 28, 28, 27, 28, 27, 26, 30, 26, 26, 28, 26, 28, 27, 30, 26, 27, 28, 28, 27, 28, 29, 29, 28, 27, 24, 26, 30, 26, 28, 26, 29, 28, 27, 27, 26, 28, 28, 27, 26, 27, 28, 27, 29, 29, 26, 26, 26, 25, 27, 30, 29, 29, 30, 28, 26, 29, 28, 27, 27, 26, 28, 29, 27, 28, 27, 27, 27, 29, 29, 27, 29, 30, 30, 27, 28, 29, 28, 28, 29, 25, 29, 27, 27, 28, 26, 27, 28, 29, 27, 26, 28, 27, 27, 27, 26, 25, 28, 27, 28, 26, 29, 27, 28, 29, 26, 26, 27, 26, 27, 25, 26, 28, 26, 26, 27, 29, 27, 28, 29, 30, 29, 26, 28, 25, 27, 29, 27, 28, 27, 26, 25, 27, 27, 28, 27, 24, 28, 28, 28, 29, 26, 27, 26, 30, 27, 27, 30, 30, 30, 28, 25, 28, 27, 26, 28, 29, 27, 28, 28, 25, 27, 29, 28, 27, 29, 26, 27, 28, 26, 28, 27, 29, 25, 25, 27, 28, 25, 27, 24, 28, 27, 26, 28, 28, 27, 28, 28, 29, 27, 26, 26, 27, 27, 29, 29, 27, 28, 28, 26, 26, 28, 26, 26, 26, 25, 27, 26, 26, 27, 27, 27, 26, 26, 26, 30, 29, 31, 29, 28, 26, 27, 27, 28, 27, 29, 26, 28, 27, 26, 29, 29, 27, 31, 30, 26, 29, 27, 27, 27, 27, 29, 26, 28, 27, 28, 28, 28, 27, 29, 27, 27, 28, 26, 29, 27, 27, 29, 29, 28, 25, 26, 29, 28, 28, 30, 30, 29, 29, 28, 30, 30, 28, 28, 26, 28, 27, 27, 27, 28, 28, 29, 28, 30, 28, 29, 27, 27, 28, 26, 29, 26, 30, 26, 27, 28, 27, 27, 26, 29, 27, 26, 28, 29, 28, 27, 29, 29, 29, 28, 26, 28, 26, 28, 30, 25, 28, 26, 29, 27, 27, 27, 27, 25, 29, 29, 27, 28, 27, 29, 29, 29, 26, 27, 28, 27, 28, 29, 27, 26, 29, 28, 29, 28, 28, 28, 27, 25, 27, 28, 26, 26, 28, 28, 29, 27, 28, 26, 28, 28, 26, 30, 28, 28, 28, 27, 25, 29, 28, 27, 29, 28, 28, 27, 27, 30, 26, 28, 27, 28, 26, 26, 27, 27, 27, 30, 30, 29, 26, 28, 28, 26, 27, 28, 29, 28, 26, 29, 27, 30, 32, 28, 26, 30, 29, 29, 28, 28, 27, 28, 26, 28, 26, 27, 28, 25, 28, 28, 27, 28, 28, 28, 27, 30, 27, 27, 28, 27, 27, 29, 29, 28, 29, 27, 30, 29, 28, 27, 29, 27, 32, 28, 26, 28, 29, 28, 28, 28, 28, 29, 29, 29, 
    *** *** *** *** 
    *** *** *** *** 
    Input file: tb_data/cantrbry/ptt5
    Results are good: expected == actual:
1, 1, 1, 1, 1, 1, 1, 1, 1, 1, 1, 1, 1, 1, 1, 1, 1, 1, 1, 1, 1, 1, 1, 1, 1, 1, 1, 1, 1, 1, 1, 1, 1, 1, 1, 1, 1, 1, 1, 1, 1, 1, 1, 1, 1, 1, 1, 1, 1, 1, 1, 1, 16, 24, 35, 36, 29, 10, 1, 10, 21, 23, 26, 13, 5, 11, 20, 32, 31, 23, 13, 12, 14, 19, 22, 20, 8, 2, 1, 1, 1, 1, 1, 1, 1, 1, 1, 1, 3, 5, 7, 6, 11, 10, 11, 13, 14, 10, 9, 11, 9, 10, 8, 7, 3, 3, 3, 2, 3, 2, 7, 17, 27, 27, 23, 10, 8, 11, 12, 12, 15, 22, 30, 31, 14, 3, 2, 4, 10, 17, 25, 21, 17, 7, 5, 5, 10, 20, 30, 25, 24, 5, 6, 13, 29, 30, 30, 9, 5, 9, 25, 27, 31, 17, 6, 8, 16, 27, 24, 21, 4, 1, 12, 21, 21, 24, 10, 2, 7, 18, 29, 29, 17, 1, 6, 12, 32, 36, 35, 25, 20, 14, 30, 33, 37, 26, 23, 11, 23, 26, 26, 18, 2, 4, 18, 35, 40, 34, 23, 5, 11, 28, 37, 35, 28, 14, 9, 26, 33, 34, 28, 18, 14, 14, 26, 32, 30, 18, 2, 1, 1, 1, 1, 2, 5, 6, 11, 4, 1, 1, 4, 6, 5, 2, 3, 1, 1, 2, 3, 3, 8, 4, 4, 6, 10, 12, 10, 11, 8, 8, 8, 9, 6, 4, 3, 2, 2, 5, 4, 4, 7, 5, 4, 1, 1, 2, 6, 8, 8, 4, 3, 4, 5, 3, 3, 3, 4, 3, 4, 3, 3, 3, 2, 3, 2, 3, 2, 5, 13, 20, 23, 31, 23, 7, 6, 18, 28, 26, 18, 12, 9, 15, 30, 29, 28, 9, 8, 8, 12, 11, 17, 10, 9, 6, 5, 4, 6, 4, 2, 4, 4, 7, 5, 7, 10, 13, 14, 16, 17, 15, 8, 4, 6, 7, 8, 11, 7, 4, 3, 3, 4, 6, 9, 7, 8, 10, 9, 9, 8, 2, 2, 3, 3, 4, 2, 2, 2, 3, 3, 3, 3, 5, 5, 5, 4, 6, 6, 5, 2, 3, 3, 2, 2, 4, 2, 6, 4, 2, 2, 2, 2, 3, 4, 3, 2, 4, 4, 3, 5, 5, 4, 4, 4, 4, 4, 3, 8, 26, 23, 24, 13, 5, 8, 20, 30, 25, 23, 8, 8, 15, 29, 28, 26, 10, 7, 11, 24, 25, 30, 21, 6, 7, 17, 27, 25, 27, 9, 7, 3, 3, 3, 3, 8, 13, 25, 26, 18, 7, 6, 4, 2, 2, 5, 3, 4, 4, 2, 2, 2, 7, 22, 23, 22, 22, 4, 3, 2, 2, 4, 2, 1, 10, 19, 28, 28, 8, 1, 1, 1, 1, 1, 1, 1, 1, 1, 1, 1, 1, 1, 1, 1, 1, 1, 1, 1, 1, 1, 1, 1, 1, 1, 1, 1, 1, 1, 1, 1, 1, 1, 1, 1, 
    *** *** *** *** 
    *** *** *** *** 
    Input file: tb_data/cantrbry/sum
    Results are good: expected == actual:
7, 16, 41, 42, 44, 42, 42, 51, 35, 15, 14, 37, 39, 10, 11, 8, 12, 7, 13, 14, 10, 17, 37, 35, 35, 35, 42, 37, 39, 43, 41, 37, 35, 34, 36, 50, 40, 
    *** *** *** *** 
    *** *** *** *** 
    Input file: tb_data/cantrbry/xargs.1
    Results are good: expected == actual:
33, 33, 30, 31, 
    *** *** *** *** 
