#-----------------------------------------------------------
# xsim v2022.1 (64-bit)
# SW Build 3526262 on Mon Apr 18 15:48:16 MDT 2022
# IP Build 3524634 on Mon Apr 18 20:55:01 MDT 2022
# Start of session at: Mon Aug  8 19:29:03 2022
# Process ID: 8924
# Current directory: E:/estimation_accel/hls/byte_count_stream/solution1/sim/verilog
# Command line: xsim.exe -mode tcl -source {xsim.dir/accelerator/xsim_script.tcl}
# Log file: E:/estimation_accel/hls/byte_count_stream/solution1/sim/verilog/xsim.log
# Journal file: E:/estimation_accel/hls/byte_count_stream/solution1/sim/verilog\xsim.jou
# Running On: Omnya, OS: Windows, CPU Frequency: 3500 MHz, CPU Physical cores: 6, Host memory: 17087 MB
#-----------------------------------------------------------
source xsim.dir/accelerator/xsim_script.tcl
# xsim {accelerator} -autoloadwcfg -tclbatch {accelerator.tcl}
Time resolution is 1 ps
source accelerator.tcl
## run all
////////////////////////////////////////////////////////////////////////////////////
// Inter-Transaction Progress: Completed Transaction / Total Transaction
// Intra-Transaction Progress: Measured Latency / Latency Estimation * 100%
//
// RTL Simulation : "Inter-Transaction Progress" ["Intra-Transaction Progress"] @ "Simulation Time"
////////////////////////////////////////////////////////////////////////////////////
// RTL Simulation : 0 / 14 [n/a] @ "126000"
// RTL Simulation : 1 / 14 [n/a] @ "13389000"
// RTL Simulation : 2 / 14 [n/a] @ "24219000"
// RTL Simulation : 3 / 14 [n/a] @ "35049000"
// RTL Simulation : 4 / 14 [n/a] @ "1637817000"
// RTL Simulation : 5 / 14 [n/a] @ "2959019000"
// RTL Simulation : 6 / 14 [n/a] @ "3218927000"
// RTL Simulation : 7 / 14 [n/a] @ "3327223000"
// RTL Simulation : 8 / 14 [n/a] @ "3359711000"
// RTL Simulation : 9 / 14 [n/a] @ "14243379000"
// RTL Simulation : 10 / 14 [n/a] @ "18748459000"
// RTL Simulation : 11 / 14 [n/a] @ "23838333000"
// RTL Simulation : 12 / 14 [n/a] @ "29263923000"
// RTL Simulation : 13 / 14 [n/a] @ "29664615000"
// RTL Simulation : 14 / 14 [n/a] @ "29707933000"
////////////////////////////////////////////////////////////////////////////////////
$finish called at time : 29707989480 ps : File "E:/estimation_accel/hls/byte_count_stream/solution1/sim/verilog/accelerator.autotb.v" Line 332
run: Time (s): cpu = 00:00:02 ; elapsed = 00:01:29 . Memory (MB): peak = 1201.762 ; gain = 0.000
## quit
INFO: xsimkernel Simulation Memory Usage: 232288 KB (Peak: 232288 KB), Simulation CPU Usage: 88499 ms
INFO: [Common 17-206] Exiting xsim at Mon Aug  8 19:30:35 2022...
