INFO: [SIM 2] *************** CSIM start ***************
INFO: [SIM 4] CSIM will launch GCC as the compiler.
   Compiling ../../../tb.cpp in debug mode
   Compiling ../../../accelerator.cpp in debug mode
   Generating csim.exe
    *** *** *** *** 
    Input file: tb_data/zeros
    Results are good: expected == actual == 1
    *** *** *** *** 
    *** *** *** *** 
    Input file: tb_data/count.bin
    Results are good: expected == actual == 0
    *** *** *** *** 
    *** *** *** *** 
    Input file: tb_data/count_sorted.bin
    Results are good: expected == actual == 0
    *** *** *** *** 
INFO [HLS SIM]: The maximum depth reached by any hls::stream() instance in the design is 1024
INFO: [SIM 1] CSim done with 0 errors.
INFO: [SIM 3] *************** CSIM finish ***************
