

================================================================
== Vitis HLS Report for 'accelerator'
================================================================
* Date:           Mon Jul 25 22:36:30 2022

* Version:        2022.1 (Build 3526262 on Mon Apr 18 15:48:16 MDT 2022)
* Project:        byte_count_stream
* Solution:       solution1 (Vivado IP Flow Target)
* Product family: zynq
* Target device:  xc7z010i-clg225-1L


================================================================
== Performance Estimates
================================================================
+ Timing: 
    * Summary: 
    +--------+----------+----------+------------+
    |  Clock |  Target  | Estimated| Uncertainty|
    +--------+----------+----------+------------+
    |ap_clk  |  10.00 ns|  7.091 ns|     2.70 ns|
    +--------+----------+----------+------------+

+ Latency: 
    * Summary: 
    +---------+---------+-----------+-----------+------+------+----------+
    |  Latency (cycles) |   Latency (absolute)  |   Interval  | Pipeline |
    |   min   |   max   |    min    |    max    |  min |  max |   Type   |
    +---------+---------+-----------+-----------+------+------+----------+
    |     1158|     1158|  11.580 us|  11.580 us|  1159|  1159|  dataflow|
    +---------+---------+-----------+-----------+------+------+----------+

    + Detail: 
        * Instance: 
        +--------------+-----------+---------+---------+-----------+-----------+------+------+---------+
        |              |           |  Latency (cycles) |   Latency (absolute)  |   Interval  | Pipeline|
        |   Instance   |   Module  |   min   |   max   |    min    |    max    |  min |  max |   Type  |
        +--------------+-----------+---------+---------+-----------+-----------+------+------+---------+
        |count_U0      |count      |     1158|     1158|  11.580 us|  11.580 us|  1158|  1158|       no|
        |threshold_U0  |threshold  |      260|      260|   2.600 us|   2.600 us|   260|   260|       no|
        +--------------+-----------+---------+---------+-----------+-----------+------+------+---------+

        * Loop: 
        N/A



================================================================
== Utilization Estimates
================================================================
* Summary: 
+-----------------+---------+----+-------+-------+-----+
|       Name      | BRAM_18K| DSP|   FF  |  LUT  | URAM|
+-----------------+---------+----+-------+-------+-----+
|DSP              |        -|   -|      -|      -|    -|
|Expression       |        -|   -|      0|      2|    -|
|FIFO             |        -|   -|      -|      -|    -|
|Instance         |        -|   -|    229|   2519|    -|
|Memory           |        2|   -|      0|      0|    0|
|Multiplexer      |        -|   -|      -|      -|    -|
|Register         |        -|   -|      -|      -|    -|
+-----------------+---------+----+-------+-------+-----+
|Total            |        2|   0|    229|   2521|    0|
+-----------------+---------+----+-------+-------+-----+
|Available        |      120|  80|  35200|  17600|    0|
+-----------------+---------+----+-------+-------+-----+
|Utilization (%)  |        1|   0|     ~0|     14|    0|
+-----------------+---------+----+-------+-------+-----+

+ Detail: 
    * Instance: 
    +--------------+-----------+---------+----+-----+------+-----+
    |   Instance   |   Module  | BRAM_18K| DSP|  FF |  LUT | URAM|
    +--------------+-----------+---------+----+-----+------+-----+
    |count_U0      |count      |        0|   0|  180|  2325|    0|
    |threshold_U0  |threshold  |        0|   0|   49|   194|    0|
    +--------------+-----------+---------+----+-----+------+-----+
    |Total         |           |        0|   0|  229|  2519|    0|
    +--------------+-----------+---------+----+-----+------+-----+

    * DSP: 
    N/A

    * Memory: 
    +----------+----------------------+---------+---+----+-----+------+-----+------+-------------+
    |  Memory  |        Module        | BRAM_18K| FF| LUT| URAM| Words| Bits| Banks| W*Bits*Banks|
    +----------+----------------------+---------+---+----+-----+------+-----+------+-------------+
    |appear_U  |appear_RAM_AUTO_1R1W  |        2|  0|   0|    0|   256|    8|     1|         2048|
    +----------+----------------------+---------+---+----+-----+------+-----+------+-------------+
    |Total     |                      |        2|  0|   0|    0|   256|    8|     1|         2048|
    +----------+----------------------+---------+---+----+-----+------+-----+------+-------------+

    * FIFO: 
    N/A

    * Expression: 
    +--------------+----------+----+---+----+------------+------------+
    | Variable Name| Operation| DSP| FF| LUT| Bitwidth P0| Bitwidth P1|
    +--------------+----------+----+---+----+------------+------------+
    |ap_idle       |       and|   0|  0|   2|           1|           1|
    +--------------+----------+----+---+----+------------+------------+
    |Total         |          |   0|  0|   2|           1|           1|
    +--------------+----------+----+---+----+------------+------------+

    * Multiplexer: 
    N/A

    * Register: 
    N/A



================================================================
== Interface
================================================================
* Summary: 
+--------------+-----+-----+---------------+--------------+--------------+
|   RTL Ports  | Dir | Bits|    Protocol   | Source Object|    C Type    |
+--------------+-----+-----+---------------+--------------+--------------+
|ap_clk        |   in|    1|  ap_ctrl_chain|   accelerator|  return value|
|ap_rst        |   in|    1|  ap_ctrl_chain|   accelerator|  return value|
|ap_start      |   in|    1|  ap_ctrl_chain|   accelerator|  return value|
|ap_done       |  out|    1|  ap_ctrl_chain|   accelerator|  return value|
|ap_ready      |  out|    1|  ap_ctrl_chain|   accelerator|  return value|
|ap_idle       |  out|    1|  ap_ctrl_chain|   accelerator|  return value|
|ap_continue   |   in|    1|  ap_ctrl_chain|   accelerator|  return value|
|In_r_dout     |   in|    8|        ap_fifo|          In_r|       pointer|
|In_r_empty_n  |   in|    1|        ap_fifo|          In_r|       pointer|
|In_r_read     |  out|    1|        ap_fifo|          In_r|       pointer|
|Out_r_din     |  out|   32|        ap_fifo|         Out_r|       pointer|
|Out_r_full_n  |   in|    1|        ap_fifo|         Out_r|       pointer|
|Out_r_write   |  out|    1|        ap_fifo|         Out_r|       pointer|
+--------------+-----+-----+---------------+--------------+--------------+

