

================================================================
== Vitis HLS Report for 'count_Pipeline_APPEARANCES'
================================================================
* Date:           Mon Jul  4 22:30:48 2022

* Version:        2022.1 (Build 3526262 on Mon Apr 18 15:48:16 MDT 2022)
* Project:        byte_count_stream
* Solution:       solution1 (Vivado IP Flow Target)
* Product family: zynq
* Target device:  xc7z010i-clg225-1L


================================================================
== Performance Estimates
================================================================
+ Timing: 
    * Summary: 
    +--------+----------+-----------+------------+
    |  Clock |  Target  | Estimated | Uncertainty|
    +--------+----------+-----------+------------+
    |ap_clk  |  10.00 ns|  10.996 ns|     2.70 ns|
    +--------+----------+-----------+------------+

+ Latency: 
    * Summary: 
    +---------+---------+-----------+-----------+------+------+---------+
    |  Latency (cycles) |   Latency (absolute)  |   Interval  | Pipeline|
    |   min   |   max   |    min    |    max    |  min |  max |   Type  |
    +---------+---------+-----------+-----------+------+------+---------+
    |     1027|     1027|  11.293 us|  11.293 us|  1027|  1027|       no|
    +---------+---------+-----------+-----------+------+------+---------+

    + Detail: 
        * Instance: 
        N/A

        * Loop: 
        +---------------+---------+---------+----------+-----------+-----------+------+----------+
        |               |  Latency (cycles) | Iteration|  Initiation Interval  | Trip |          |
        |   Loop Name   |   min   |   max   |  Latency |  achieved |   target  | Count| Pipelined|
        +---------------+---------+---------+----------+-----------+-----------+------+----------+
        |- APPEARANCES  |     1025|     1025|         3|          1|          1|  1024|       yes|
        +---------------+---------+---------+----------+-----------+-----------+------+----------+



================================================================
== Utilization Estimates
================================================================
* Summary: 
+-----------------+---------+----+-------+-------+-----+
|       Name      | BRAM_18K| DSP|   FF  |  LUT  | URAM|
+-----------------+---------+----+-------+-------+-----+
|DSP              |        -|   -|      -|      -|    -|
|Expression       |        -|   -|      0|  14765|    -|
|FIFO             |        -|   -|      -|      -|    -|
|Instance         |        -|   -|      -|      -|    -|
|Memory           |        -|   -|      -|      -|    -|
|Multiplexer      |        -|   -|      -|     63|    -|
|Register         |        -|   -|   2098|      -|    -|
+-----------------+---------+----+-------+-------+-----+
|Total            |        0|   0|   2098|  14828|    0|
+-----------------+---------+----+-------+-------+-----+
|Available        |      120|  80|  35200|  17600|    0|
+-----------------+---------+----+-------+-------+-----+
|Utilization (%)  |        0|   0|      5|     84|    0|
+-----------------+---------+----+-------+-------+-----+

+ Detail: 
    * Instance: 
    N/A

    * DSP: 
    N/A

    * Memory: 
    N/A

    * FIFO: 
    N/A

    * Expression: 
    +-------------------------+----------+----+---+------+------------+------------+
    |      Variable Name      | Operation| DSP| FF|  LUT | Bitwidth P0| Bitwidth P1|
    +-------------------------+----------+----+---+------+------------+------------+
    |add_ln53_fu_147_p2       |         +|   0|  0|    12|          11|           1|
    |count_1_fu_267_p2        |         +|   0|  0|    15|           8|           1|
    |and_ln60_fu_220_p2       |       and|   0|  0|  2048|        2048|        2048|
    |icmp_ln53_fu_141_p2      |      icmp|   0|  0|    12|          11|          12|
    |icmp_ln57_fu_170_p2      |      icmp|   0|  0|    11|           8|           8|
    |lshr_ln61_fu_243_p2      |      lshr|   0|  0|  2171|        2048|        2048|
    |or_ln60_fu_226_p2        |        or|   0|  0|  2048|        2048|        2048|
    |select_ln57_1_fu_260_p3  |    select|   0|  0|     8|           1|           8|
    |select_ln57_fu_253_p3    |    select|   0|  0|  2048|           1|        2048|
    |shl_ln60_1_fu_208_p2     |       shl|   0|  0|  2171|        2048|        2048|
    |shl_ln60_fu_198_p2       |       shl|   0|  0|  2171|           8|        2048|
    |ap_enable_pp0            |       xor|   0|  0|     2|           1|           2|
    |xor_ln60_fu_214_p2       |       xor|   0|  0|  2048|        2048|           2|
    +-------------------------+----------+----+---+------+------------+------------+
    |Total                    |          |   0|  0| 14765|       10289|       12322|
    +-------------------------+----------+----+---+------+------------+------------+

    * Multiplexer: 
    +-------------------------+----+-----------+------+-----------+
    |           Name          | LUT| Input Size| Bits | Total Bits|
    +-------------------------+----+-----------+------+-----------+
    |ap_done_int              |   9|          2|     1|          2|
    |ap_enable_reg_pp0_iter1  |   9|          2|     1|          2|
    |ap_sig_allocacmp_i_4     |   9|          2|    11|         22|
    |count_1_1_fu_62          |   9|          2|     8|         16|
    |empty_fu_74              |   9|          2|  2048|       4096|
    |i_fu_70                  |   9|          2|    11|         22|
    |prev_1_fu_66             |   9|          2|     8|         16|
    +-------------------------+----+-----------+------+-----------+
    |Total                    |  63|         14|  2088|       4176|
    +-------------------------+----+-----------+------+-----------+

    * Register: 
    +----------------------------------+------+----+------+-----------+
    |               Name               |  FF  | LUT| Bits | Const Bits|
    +----------------------------------+------+----+------+-----------+
    |ap_CS_fsm                         |     1|   0|     1|          0|
    |ap_done_reg                       |     1|   0|     1|          0|
    |ap_enable_reg_pp0_iter1           |     1|   0|     1|          0|
    |ap_enable_reg_pp0_iter2           |     1|   0|     1|          0|
    |ap_loop_exit_ready_pp0_iter1_reg  |     1|   0|     1|          0|
    |byte_reg_340                      |     8|   0|     8|          0|
    |count_1_1_fu_62                   |     8|   0|     8|          0|
    |empty_fu_74                       |  2048|   0|  2048|          0|
    |i_fu_70                           |    11|   0|    11|          0|
    |icmp_ln53_reg_326                 |     1|   0|     1|          0|
    |icmp_ln57_reg_345                 |     1|   0|     1|          0|
    |prev_1_fu_66                      |     8|   0|     8|          0|
    |prev_1_load_1_reg_335             |     8|   0|     8|          0|
    +----------------------------------+------+----+------+-----------+
    |Total                             |  2098|   0|  2098|          0|
    +----------------------------------+------+----+------+-----------+



================================================================
== Interface
================================================================
* Summary: 
+----------------------+-----+------+------------+----------------------------+--------------+
|       RTL Ports      | Dir | Bits |  Protocol  |        Source Object       |    C Type    |
+----------------------+-----+------+------------+----------------------------+--------------+
|ap_clk                |   in|     1|  ap_ctrl_hs|  count_Pipeline_APPEARANCES|  return value|
|ap_rst                |   in|     1|  ap_ctrl_hs|  count_Pipeline_APPEARANCES|  return value|
|ap_start              |   in|     1|  ap_ctrl_hs|  count_Pipeline_APPEARANCES|  return value|
|ap_done               |  out|     1|  ap_ctrl_hs|  count_Pipeline_APPEARANCES|  return value|
|ap_idle               |  out|     1|  ap_ctrl_hs|  count_Pipeline_APPEARANCES|  return value|
|ap_ready              |  out|     1|  ap_ctrl_hs|  count_Pipeline_APPEARANCES|  return value|
|in_r_empty_n          |   in|     1|  ap_ctrl_hs|  count_Pipeline_APPEARANCES|  return value|
|in_r_read             |  out|     1|  ap_ctrl_hs|  count_Pipeline_APPEARANCES|  return value|
|prev                  |   in|     8|     ap_none|                        prev|        scalar|
|in_r_address0         |  out|    10|    mem_fifo|                        in_r|         array|
|in_r_ce0              |  out|     1|    mem_fifo|                        in_r|         array|
|in_r_q0               |   in|     8|    mem_fifo|                        in_r|         array|
|p_out                 |  out|  2048|      ap_vld|                       p_out|       pointer|
|p_out_ap_vld          |  out|     1|      ap_vld|                       p_out|       pointer|
|prev_1_out            |  out|     8|      ap_vld|                  prev_1_out|       pointer|
|prev_1_out_ap_vld     |  out|     1|      ap_vld|                  prev_1_out|       pointer|
|count_1_1_out         |  out|     8|      ap_vld|               count_1_1_out|       pointer|
|count_1_1_out_ap_vld  |  out|     1|      ap_vld|               count_1_1_out|       pointer|
+----------------------+-----+------+------------+----------------------------+--------------+

