

================================================================
== Vitis HLS Report for 'reduce'
================================================================
* Date:           Tue Jul 19 19:36:02 2022

* Version:        2022.1 (Build 3526262 on Mon Apr 18 15:48:16 MDT 2022)
* Project:        byte_count_stream
* Solution:       solution1 (Vivado IP Flow Target)
* Product family: zynq
* Target device:  xc7z010i-clg225-1L


================================================================
== Performance Estimates
================================================================
+ Timing: 
    * Summary: 
    +--------+----------+----------+------------+
    |  Clock |  Target  | Estimated| Uncertainty|
    +--------+----------+----------+------------+
    |ap_clk  |  10.00 ns|  6.923 ns|     2.70 ns|
    +--------+----------+----------+------------+

+ Latency: 
    * Summary: 
    +---------+---------+----------+----------+-----+-----+---------+
    |  Latency (cycles) |  Latency (absolute) |  Interval | Pipeline|
    |   min   |   max   |    min   |    max   | min | max |   Type  |
    +---------+---------+----------+----------+-----+-----+---------+
    |      258|      258|  2.580 us|  2.580 us|  258|  258|       no|
    +---------+---------+----------+----------+-----+-----+---------+

    + Detail: 
        * Instance: 
        N/A

        * Loop: 
        +--------------------+---------+---------+----------+-----------+-----------+------+----------+
        |                    |  Latency (cycles) | Iteration|  Initiation Interval  | Trip |          |
        |      Loop Name     |   min   |   max   |  Latency |  achieved |   target  | Count| Pipelined|
        +--------------------+---------+---------+----------+-----------+-----------+------+----------+
        |- VITIS_LOOP_201_1  |      256|      256|         2|          1|          1|   256|       yes|
        +--------------------+---------+---------+----------+-----------+-----------+------+----------+



================================================================
== Utilization Estimates
================================================================
* Summary: 
+-----------------+---------+----+-------+-------+-----+
|       Name      | BRAM_18K| DSP|   FF  |  LUT  | URAM|
+-----------------+---------+----+-------+-------+-----+
|DSP              |        -|   -|      -|      -|    -|
|Expression       |        -|   -|      0|   8746|    -|
|FIFO             |        -|   -|      -|      -|    -|
|Instance         |        -|   -|      -|      -|    -|
|Memory           |        -|   -|      -|      -|    -|
|Multiplexer      |        -|   -|      -|     61|    -|
|Register         |        -|   -|     48|      -|    -|
+-----------------+---------+----+-------+-------+-----+
|Total            |        0|   0|     48|   8807|    0|
+-----------------+---------+----+-------+-------+-----+
|Available        |      120|  80|  35200|  17600|    0|
+-----------------+---------+----+-------+-------+-----+
|Utilization (%)  |        0|   0|     ~0|     50|    0|
+-----------------+---------+----+-------+-------+-----+

+ Detail: 
    * Instance: 
    N/A

    * DSP: 
    N/A

    * Memory: 
    N/A

    * FIFO: 
    N/A

    * Expression: 
    +-------------------------+----------+----+---+------+------------+------------+
    |      Variable Name      | Operation| DSP| FF|  LUT | Bitwidth P0| Bitwidth P1|
    +-------------------------+----------+----+---+------+------------+------------+
    |add_ln201_fu_193_p2      |         +|   0|  0|    14|           9|           1|
    |add_ln202_1_fu_251_p2    |         +|   0|  0|    15|           8|           8|
    |add_ln202_fu_262_p2      |         +|   0|  0|     8|           8|           8|
    |out_r_d0                 |         +|   0|  0|     8|           8|           8|
    |icmp_ln201_fu_187_p2     |      icmp|   0|  0|    11|           9|          10|
    |lshr_ln202_1_fu_224_p2   |      lshr|   0|  0|  2171|           1|        2048|
    |lshr_ln202_2_fu_233_p2   |      lshr|   0|  0|  2171|           1|        2048|
    |lshr_ln202_3_fu_242_p2   |      lshr|   0|  0|  2171|           1|        2048|
    |lshr_ln202_fu_215_p2     |      lshr|   0|  0|  2171|           1|        2048|
    |ap_block_state1          |        or|   0|  0|     2|           1|           1|
    |ap_enable_pp0            |       xor|   0|  0|     2|           1|           2|
    |ap_enable_reg_pp0_iter1  |       xor|   0|  0|     2|           2|           1|
    +-------------------------+----------+----+---+------+------------+------------+
    |Total                    |          |   0|  0|  8746|          50|        8231|
    +-------------------------+----------+----+---+------+------------+------------+

    * Multiplexer: 
    +-------------------------+----+-----------+-----+-----------+
    |           Name          | LUT| Input Size| Bits| Total Bits|
    +-------------------------+----+-----------+-----+-----------+
    |ap_NS_fsm                |  20|          4|    1|          4|
    |ap_done                  |   9|          2|    1|          2|
    |ap_enable_reg_pp0_iter1  |  14|          3|    1|          3|
    |i_fu_58                  |   9|          2|    9|         18|
    |real_start               |   9|          2|    1|          2|
    +-------------------------+----+-----------+-----+-----------+
    |Total                    |  61|         13|   13|         29|
    +-------------------------+----+-----------+-----+-----------+

    * Register: 
    +-------------------------+---+----+------+-----------+
    |           Name          | FF| LUT| Bits | Const Bits|
    +-------------------------+---+----+------+-----------+
    |add_ln202_1_reg_321      |  8|   0|     8|          0|
    |ap_CS_fsm                |  3|   0|     3|          0|
    |ap_done_reg              |  1|   0|     1|          0|
    |ap_enable_reg_pp0_iter0  |  1|   0|     1|          0|
    |ap_enable_reg_pp0_iter1  |  1|   0|     1|          0|
    |i_fu_58                  |  9|   0|     9|          0|
    |in0_read_reg_283         |  0|   0|  2048|       2048|
    |in1_read_reg_288         |  0|   0|  2048|       2048|
    |in2_read_reg_293         |  0|   0|  2048|       2048|
    |in3_read_reg_298         |  0|   0|  2048|       2048|
    |start_once_reg           |  1|   0|     1|          0|
    |trunc_ln202_1_reg_311    |  8|   0|     8|          0|
    |trunc_ln202_2_reg_316    |  8|   0|     8|          0|
    |trunc_ln202_reg_306      |  8|   0|     8|          0|
    +-------------------------+---+----+------+-----------+
    |Total                    | 48|   0|  8240|       8192|
    +-------------------------+---+----+------+-----------+



================================================================
== Interface
================================================================
* Summary: 
+----------------+-----+------+------------+--------------+--------------+
|    RTL Ports   | Dir | Bits |  Protocol  | Source Object|    C Type    |
+----------------+-----+------+------------+--------------+--------------+
|ap_clk          |   in|     1|  ap_ctrl_hs|        reduce|  return value|
|ap_rst          |   in|     1|  ap_ctrl_hs|        reduce|  return value|
|ap_start        |   in|     1|  ap_ctrl_hs|        reduce|  return value|
|start_full_n    |   in|     1|  ap_ctrl_hs|        reduce|  return value|
|ap_done         |  out|     1|  ap_ctrl_hs|        reduce|  return value|
|ap_continue     |   in|     1|  ap_ctrl_hs|        reduce|  return value|
|ap_idle         |  out|     1|  ap_ctrl_hs|        reduce|  return value|
|ap_ready        |  out|     1|  ap_ctrl_hs|        reduce|  return value|
|start_out       |  out|     1|  ap_ctrl_hs|        reduce|  return value|
|start_write     |  out|     1|  ap_ctrl_hs|        reduce|  return value|
|out_r_full_n    |   in|     1|  ap_ctrl_hs|        reduce|  return value|
|out_r_write     |  out|     1|  ap_ctrl_hs|        reduce|  return value|
|in0_empty_n     |   in|     1|  ap_ctrl_hs|        reduce|  return value|
|in1_empty_n     |   in|     1|  ap_ctrl_hs|        reduce|  return value|
|in2_empty_n     |   in|     1|  ap_ctrl_hs|        reduce|  return value|
|in3_empty_n     |   in|     1|  ap_ctrl_hs|        reduce|  return value|
|in0_read        |  out|     1|  ap_ctrl_hs|        reduce|  return value|
|in1_read        |  out|     1|  ap_ctrl_hs|        reduce|  return value|
|in2_read        |  out|     1|  ap_ctrl_hs|        reduce|  return value|
|in3_read        |  out|     1|  ap_ctrl_hs|        reduce|  return value|
|in0             |   in|  2048|    mem_fifo|           in0|       pointer|
|in1             |   in|  2048|    mem_fifo|           in1|       pointer|
|in2             |   in|  2048|    mem_fifo|           in2|       pointer|
|in3             |   in|  2048|    mem_fifo|           in3|       pointer|
|out_r_address0  |  out|     8|    mem_fifo|         out_r|         array|
|out_r_ce0       |  out|     1|    mem_fifo|         out_r|         array|
|out_r_we0       |  out|     1|    mem_fifo|         out_r|         array|
|out_r_d0        |  out|     8|    mem_fifo|         out_r|         array|
+----------------+-----+------+------------+--------------+--------------+

