    *** *** *** *** 
    Input file: tb_data/zeros
    Mismatch: result=5, expected=1
    *** *** *** *** 
    *** *** *** *** 
    Input file: tb_data/count.bin
    Mismatch: result=132, expected=0
    *** *** *** *** 
    *** *** *** *** 
    Input file: tb_data/count_sorted.bin
    Mismatch: result=6, expected=0
    *** *** *** *** 
    *** *** *** *** 
    Input file: tb_data/cantrbry/alice29.txt
    Mismatch: result=246, expected=34
    *** *** *** *** 
    *** *** *** *** 
    Input file: tb_data/cantrbry/asyoulik.txt
    Mismatch: result=246, expected=47
    *** *** *** *** 
    *** *** *** *** 
    Input file: tb_data/cantrbry/cp.html
    Mismatch: result=42, expected=39
    *** *** *** *** 
    *** *** *** *** 
    Input file: tb_data/cantrbry/fields.c
    Mismatch: result=44, expected=41
    *** *** *** *** 
    *** *** *** *** 
    Input file: tb_data/cantrbry/grammar.lsp
    Results are good: expected == actual == 32
    *** *** *** *** 
    *** *** *** *** 
    Input file: tb_data/cantrbry/kennedy.xls
    Results are good: expected == actual == 9
    *** *** *** *** 
    *** *** *** *** 
    Input file: tb_data/cantrbry/lcet10.txt
    Results are good: expected == actual == 38
    *** *** *** *** 
    *** *** *** *** 
    Input file: tb_data/cantrbry/plrabn12.txt
    Mismatch: result=139, expected=32
    *** *** *** *** 
    *** *** *** *** 
    Input file: tb_data/cantrbry/ptt5
    Mismatch: result=0, expected=1
    *** *** *** *** 
    *** *** *** *** 
    Input file: tb_data/cantrbry/sum
    Mismatch: result=62, expected=7
    *** *** *** *** 
    *** *** *** *** 
    Input file: tb_data/cantrbry/xargs.1
    Mismatch: result=256, expected=33
    *** *** *** *** 
