E:\estimation_accel\hls\Byte_Count_Really_Good_This_Time\solution1\.autopilot\db\accelerator.pp.0.cpp:1635:7: warning: Added loop label VITIS_LOOP_1213_1:   [xilinx-label-all-loops]
      for (i = 0; i < __N - 1; ++i) {
      ^~~
      VITIS_LOOP_1213_1: 
E:\estimation_accel\hls\Byte_Count_Really_Good_This_Time\solution1\.autopilot\db\accelerator.pp.0.cpp:1635:7: note: FIX-IT applied suggested code changes
E:\estimation_accel\hls\Byte_Count_Really_Good_This_Time\solution1\.autopilot\db\accelerator.pp.0.cpp:2609:5: warning: Added loop label VITIS_LOOP_676_1:   [xilinx-label-all-loops]
    for (unsigned i = low; i != high; ++i) {
    ^~~
    VITIS_LOOP_676_1: 
E:\estimation_accel\hls\Byte_Count_Really_Good_This_Time\solution1\.autopilot\db\accelerator.pp.0.cpp:2609:5: note: FIX-IT applied suggested code changes
E:\estimation_accel\hls\Byte_Count_Really_Good_This_Time\solution1\.autopilot\db\accelerator.pp.0.cpp:2623:5: warning: Added loop label VITIS_LOOP_690_1:   [xilinx-label-all-loops]
    for (unsigned i = low; i != high; ++i) {
    ^~~
    VITIS_LOOP_690_1: 
E:\estimation_accel\hls\Byte_Count_Really_Good_This_Time\solution1\.autopilot\db\accelerator.pp.0.cpp:2623:5: note: FIX-IT applied suggested code changes
E:\estimation_accel\hls\Byte_Count_Really_Good_This_Time\solution1\.autopilot\db\accelerator.pp.0.cpp:2637:5: warning: Added loop label VITIS_LOOP_704_1:   [xilinx-label-all-loops]
    for (unsigned i = low; i != high; ++i) {
    ^~~
    VITIS_LOOP_704_1: 
E:\estimation_accel\hls\Byte_Count_Really_Good_This_Time\solution1\.autopilot\db\accelerator.pp.0.cpp:2637:5: note: FIX-IT applied suggested code changes
E:\estimation_accel\hls\Byte_Count_Really_Good_This_Time\solution1\.autopilot\db\accelerator.pp.0.cpp:4248:7: warning: Added loop label VITIS_LOOP_1247_1:   [xilinx-label-all-loops]
      for (i = 0; i < __N - 1; ++i) {
      ^~~
      VITIS_LOOP_1247_1: 
E:\estimation_accel\hls\Byte_Count_Really_Good_This_Time\solution1\.autopilot\db\accelerator.pp.0.cpp:4248:7: note: FIX-IT applied suggested code changes
E:\estimation_accel\hls\Byte_Count_Really_Good_This_Time\solution1\.autopilot\db\accelerator.pp.0.cpp:6732:2: warning: Added loop label VITIS_LOOP_4_1:   [xilinx-label-all-loops]
 for (int i = 0; i < 1024; i++) {
 ^~~
 VITIS_LOOP_4_1: 
E:\estimation_accel\hls\Byte_Count_Really_Good_This_Time\solution1\.autopilot\db\accelerator.pp.0.cpp:6732:2: note: FIX-IT applied suggested code changes
E:\estimation_accel\hls\Byte_Count_Really_Good_This_Time\solution1\.autopilot\db\accelerator.pp.0.cpp:6750:2: warning: Added loop label VITIS_LOOP_22_1:   [xilinx-label-all-loops]
 for (int i = 0; i < 1024; i++) {
 ^~~
 VITIS_LOOP_22_1: 
E:\estimation_accel\hls\Byte_Count_Really_Good_This_Time\solution1\.autopilot\db\accelerator.pp.0.cpp:6750:2: note: FIX-IT applied suggested code changes
E:\estimation_accel\hls\Byte_Count_Really_Good_This_Time\solution1\.autopilot\db\accelerator.pp.0.cpp:6772:2: warning: Added loop label VITIS_LOOP_44_1:   [xilinx-label-all-loops]
 for (int i = 0; i < 256; i++) {
 ^~~
 VITIS_LOOP_44_1: 
E:\estimation_accel\hls\Byte_Count_Really_Good_This_Time\solution1\.autopilot\db\accelerator.pp.0.cpp:6772:2: note: FIX-IT applied suggested code changes
E:\estimation_accel\hls\Byte_Count_Really_Good_This_Time\solution1\.autopilot\db\accelerator.pp.0.cpp:6785:2: warning: Added loop label VITIS_LOOP_71_1:   [xilinx-label-all-loops]
 for (int i = 0; i < 256; i++) {
 ^~~
 VITIS_LOOP_71_1: 
E:\estimation_accel\hls\Byte_Count_Really_Good_This_Time\solution1\.autopilot\db\accelerator.pp.0.cpp:6785:2: note: FIX-IT applied suggested code changes
