INFO-FLOW: Workspace E:/estimation_accel/hls/Byte_Count_Really_Good_This_Time/solution1 opened at Fri Aug 11 20:24:19 -0500 2023
Execute     ap_set_clock -name default -period 5 -default=false 
INFO: [SYN 201-201] Setting up clock 'default' with a period of 5ns.
Execute     set_part xc7z020-clg484-1 
Execute       create_platform xc7z020-clg484-1 -board  
DBG:HLSDevice: Trying to load device library: C:/Xilinx/Vitis_HLS/2023.1\lib\win64.o\xv_hlsvwrap.dll
DBG:HLSDevice: first parts/arch.xml in RDI_DATADIR: C:/Xilinx/Vivado/2023.1/data/parts/arch.xml
DBG:HLSDevice: init success
INFO: [HLS 200-1611] Setting target device to 'xc7z020-clg484-1'
Command       create_platform done; 0.552 sec.
Execute       source C:/Xilinx/Vitis_HLS/2023.1/common/technology/xilinx/common/xilinx.gen 
Execute         source C:/Xilinx/Vitis_HLS/2023.1/common/technology/xilinx/interface/plb46.gen 
Execute         source C:/Xilinx/Vitis_HLS/2023.1/common/technology/xilinx/interface/axi4.gen 
Execute         source C:/Xilinx/Vitis_HLS/2023.1/common/technology/xilinx/interface/nativeAXI4.gen 
Execute           source C:/Xilinx/Vitis_HLS/2023.1/common/technology/xilinx/interface/saxilite.gen 
Execute         source C:/Xilinx/Vitis_HLS/2023.1/common/technology/xilinx/scripts/xilinxcoregen.gen 
Execute         source C:/Xilinx/Vitis_HLS/2023.1/common/technology/xilinx/interface/XilEDKCoreGen.gen 
Execute         source C:/Xilinx/Vitis_HLS/2023.1/common/technology/xilinx/ip/dds_compiler.gen 
Execute         source C:/Xilinx/Vitis_HLS/2023.1/common/technology/xilinx/ip/util.gen 
Execute         source C:/Xilinx/Vitis_HLS/2023.1/common/technology/xilinx/ip/xfft.gen 
Command         ap_source done; 0.106 sec.
Execute         source C:/Xilinx/Vitis_HLS/2023.1/common/technology/xilinx/ip/xfir.gen 
Execute         source C:/Xilinx/Vitis_HLS/2023.1/common/technology/xilinx/DSP48/dsp48.gen 
Command       ap_source done; 0.136 sec.
Execute       ap_part_info -name xc7z020-clg484-1 -data info 
Execute       config_compile -quiet -complex-mul-dsp=0 
Command     set_part done; 0.695 sec.
Execute     send_msg_by_id INFO @200-1505@%s%s  vivado 
INFO: [HLS 200-1505] Using flow_target 'vivado'
Execute     send_msg_by_id INFO @200-1464@%s config_debug -enable=1 
INFO: [HLS 200-1464] Running solution command: config_debug -enable=1
Execute     config_debug -enable=1 
Execute     send_msg_by_id INFO @200-1464@%s config_export -output=E:/estimation_accel/hls/Byte_Count_Really_Good_This_Time 
INFO: [HLS 200-1464] Running solution command: config_export -output=E:/estimation_accel/hls/Byte_Count_Really_Good_This_Time
Execute     config_export -output=E:/estimation_accel/hls/Byte_Count_Really_Good_This_Time 
Command   open_solution done; 0.831 sec.
Execute   set_part xc7z020-clg484-1 
INFO: [HLS 200-1510] Running: set_part xc7z020-clg484-1 
Execute     create_platform xc7z020-clg484-1 -board  
Execute     source C:/Xilinx/Vitis_HLS/2023.1/common/technology/xilinx/common/xilinx.gen 
Execute       source C:/Xilinx/Vitis_HLS/2023.1/common/technology/xilinx/interface/plb46.gen 
Execute       source C:/Xilinx/Vitis_HLS/2023.1/common/technology/xilinx/interface/axi4.gen 
Execute       source C:/Xilinx/Vitis_HLS/2023.1/common/technology/xilinx/interface/nativeAXI4.gen 
Execute         source C:/Xilinx/Vitis_HLS/2023.1/common/technology/xilinx/interface/saxilite.gen 
Execute       source C:/Xilinx/Vitis_HLS/2023.1/common/technology/xilinx/scripts/xilinxcoregen.gen 
Execute       source C:/Xilinx/Vitis_HLS/2023.1/common/technology/xilinx/interface/XilEDKCoreGen.gen 
Execute       source C:/Xilinx/Vitis_HLS/2023.1/common/technology/xilinx/ip/dds_compiler.gen 
Execute       source C:/Xilinx/Vitis_HLS/2023.1/common/technology/xilinx/ip/util.gen 
Execute       source C:/Xilinx/Vitis_HLS/2023.1/common/technology/xilinx/ip/xfft.gen 
Execute       source C:/Xilinx/Vitis_HLS/2023.1/common/technology/xilinx/ip/xfir.gen 
Execute       source C:/Xilinx/Vitis_HLS/2023.1/common/technology/xilinx/DSP48/dsp48.gen 
Command     ap_source done; 0.118 sec.
Execute     ap_part_info -name xc7z020-clg484-1 -data info 
Execute     config_compile -quiet -complex-mul-dsp=0 
Command   set_part done; 0.133 sec.
Execute   create_clock -period 5 -name default 
INFO: [HLS 200-1510] Running: create_clock -period 5 -name default 
Execute   config_debug -enable 
INFO: [HLS 200-1510] Running: config_debug -enable 
Execute   config_export -output E:/estimation_accel/hls/Byte_Count_Really_Good_This_Time 
INFO: [HLS 200-1510] Running: config_export -output E:/estimation_accel/hls/Byte_Count_Really_Good_This_Time 
Execute   source ./Byte_Count_Really_Good_This_Time/solution1/directives.tcl 
INFO: [HLS 200-1510] Running: source ./Byte_Count_Really_Good_This_Time/solution1/directives.tcl
Execute     set_directive_top -name make_go_fast make_go_fast 
INFO: [HLS 200-1510] Running: set_directive_top -name make_go_fast make_go_fast 
Execute   csynth_design 
INFO: [HLS 200-1510] Running: csynth_design 
INFO-FLOW: Running SLX 'csynth' proc: ::SLX::run_csynth
Execute     elaborate -effort=medium -skip_syncheck=0 -keep_printf=0 -skip_cdt=0 -skip_transform=0 -ng=0 -g=0 -opt_fp=0 -from_csynth_design=1 
INFO: [HLS 200-111] Finished File checks and directory preparation: CPU user time: 1 seconds. CPU system time: 0 seconds. Elapsed time: 0.133 seconds; current allocated memory: 90.246 MB.
Execute       set_directive_top make_go_fast -name=make_go_fast 
Execute       source C:/Xilinx/Vitis_HLS/2023.1/tps/tcl/tcllib1.11.1/yaml/huddle.tcl 
Execute       source C:/Xilinx/Vitis_HLS/2023.1/tps/tcl/tcllib1.11.1/yaml/json2huddle.tcl 
Execute         source C:/Xilinx/Vitis_HLS/2023.1/tps/tcl/tcllib1.11.1/try/try.tcl 
INFO: [HLS 200-10] Analyzing design file 'Byte_Count_Really_Good_This_Time/accelerator.cpp' ... 
INFO-FLOW: Compiling one TU...
INFO-FLOW: Handling Byte_Count_Really_Good_This_Time/accelerator.cpp as C++
Execute       ap_part_info -name xc7z020-clg484-1 -data info 
INFO-FLOW: Running: GCC PP 39
INFO-FLOW: Source preprocessing
INFO-FLOW: run_clang exec: C:/Xilinx/Vitis_HLS/2023.1/win64/tools/clang-3.9-csynth/bin/clang Byte_Count_Really_Good_This_Time/accelerator.cpp -foptimization-record-file=E:/estimation_accel/hls/Byte_Count_Really_Good_This_Time/solution1/.autopilot/db/accelerator.cpp.clang.diag.yml -mllvm -pass-remarks-missed=reflow|pasta|unroll -mllvm -pass-remarks=reflow|pasta|unroll|inline -fno-limit-debug-info --sysroot C:/Xilinx/Vitis_HLS/2023.1/tps/mingw/8.3.0/win64.o/nt -fhls -fno-exceptions -insert-hls-directive=E:/estimation_accel/hls/Byte_Count_Really_Good_This_Time/solution1/.autopilot/db/all.directive.json -E -fno-math-errno -c -emit-llvm -mllvm -disable-llvm-optzns -Werror=implicit-function-declaration -Werror=implicit-hls-streams -Werror=return-type -Wpragmas -Wunused-parameter -Wdump-hls-pragmas -Wno-error=dump-hls-pragmas -fno-threadsafe-statics -fno-use-cxa-atexit -std=gnu++14 -target fpga64-xilinx-mingw32 -fno-threadsafe-statics -fno-use-cxa-atexit -D__VITIS_HLS__ -DAESL_SYN -D__SYNTHESIS__ -D__HLS_SYN__ -I C:/Xilinx/Vitis_HLS/2023.1/common/technology/autopilot -I C:/Xilinx/Vitis_HLS/2023.1/common/technology/autopilot/ap_sysc -include etc/autopilot_ssdm_op.h -D__DSP48E1__ -I /usr/include/x86_64-linux-gnu -o E:/estimation_accel/hls/Byte_Count_Really_Good_This_Time/solution1/.autopilot/db/accelerator.pp.0.cpp {-hls-platform-db-name=C:/Xilinx/Vitis_HLS/2023.1/common/technology\xilinx/common/platform.db} -hls-platform-name=zynq_slow -device-resource-info=BRAM_280.000000_DSP_220.000000_FF_106400.000000_LUT_53200.000000_SLICE_13300.000000_URAM_0.000000 -device-name-info=xc7z020clg484-1 > E:/estimation_accel/hls/Byte_Count_Really_Good_This_Time/solution1/.autopilot/db/accelerator.cpp.clang.out.log 2> E:/estimation_accel/hls/Byte_Count_Really_Good_This_Time/solution1/.autopilot/db/accelerator.cpp.clang.err.log
INFO-FLOW: Done: GCC PP 39 time: 0.3 seconds per iteration
INFO-FLOW: Source syntax check for synthesis
INFO-FLOW: run_clang exec: C:/Xilinx/Vitis_HLS/2023.1/win64/tools/clang-3.9-csynth/bin/clang -foptimization-record-file=E:/estimation_accel/hls/Byte_Count_Really_Good_This_Time/solution1/.autopilot/db/clang.diag.yml -mllvm -pass-remarks-missed=reflow|pasta|unroll -mllvm -pass-remarks=reflow|pasta|unroll|inline -fsyntax-only -fhls -target fpga64-xilinx-linux-gnu E:/estimation_accel/hls/Byte_Count_Really_Good_This_Time/solution1/.autopilot/db/accelerator.pp.0.cpp {-hls-platform-db-name=C:/Xilinx/Vitis_HLS/2023.1/common/technology\xilinx/common/platform.db} -hls-platform-name=zynq_slow -device-resource-info=BRAM_280.000000_DSP_220.000000_FF_106400.000000_LUT_53200.000000_SLICE_13300.000000_URAM_0.000000 -device-name-info=xc7z020clg484-1 > E:/estimation_accel/hls/Byte_Count_Really_Good_This_Time/solution1/.autopilot/db/clang.out.log 2> E:/estimation_accel/hls/Byte_Count_Really_Good_This_Time/solution1/.autopilot/db/clang.err.log
Execute       clang_tidy xilinx-systemc-detector -desc systemc-detector E:/estimation_accel/hls/Byte_Count_Really_Good_This_Time/solution1/.autopilot/db/accelerator.pp.0.cpp std=gnu++14 -target fpga  -directive=E:/estimation_accel/hls/Byte_Count_Really_Good_This_Time/solution1/.autopilot/db/.systemc_flag 
INFO-FLOW: exec C:/Xilinx/Vitis_HLS/2023.1/win64/tools/clang-3.9-csynth/bin/clang-tidy -header-filter=.* --checks=-*,xilinx-systemc-detector -import-directive=E:/estimation_accel/hls/Byte_Count_Really_Good_This_Time/solution1/.autopilot/db/.systemc_flag -fix-errors E:/estimation_accel/hls/Byte_Count_Really_Good_This_Time/solution1/.autopilot/db/accelerator.pp.0.cpp -- -std=gnu++14 -target fpga -fhls -ferror-limit=0
Command       clang_tidy done; 0.689 sec.
INFO-FLOW: Running: clang-tidy CDT preprocess 39
Execute       clang_tidy xilinx-directive2pragma -desc directive2pragma E:/estimation_accel/hls/Byte_Count_Really_Good_This_Time/solution1/.autopilot/db/accelerator.pp.0.cpp std=gnu++14 -target fpga  -directive=E:/estimation_accel/hls/Byte_Count_Really_Good_This_Time/solution1/.autopilot/db/all.directive.json 
INFO-FLOW: exec C:/Xilinx/Vitis_HLS/2023.1/win64/tools/clang-3.9-csynth/bin/clang-tidy -header-filter=.* --checks=-*,xilinx-directive2pragma -import-directive=E:/estimation_accel/hls/Byte_Count_Really_Good_This_Time/solution1/.autopilot/db/all.directive.json -fix-errors E:/estimation_accel/hls/Byte_Count_Really_Good_This_Time/solution1/.autopilot/db/accelerator.pp.0.cpp -- -std=gnu++14 -target fpga -fhls -ferror-limit=0
Command       clang_tidy done; 1.24 sec.
INFO-FLOW: Done: clang-tidy CDT preprocess 39 time: 1.2 seconds per iteration
INFO-FLOW: Calling xilinx-label-all-loops ... 
INFO-FLOW: Calling xilinx-aggregate-on-hls-vector ... 
Execute       clang_tidy -errorcheck -desc loop-label xilinx-label-all-loops,xilinx-aggregate-on-hls-vector,,xilinx-warn-mayneed-no-ctor-attribute E:/estimation_accel/hls/Byte_Count_Really_Good_This_Time/solution1/.autopilot/db/accelerator.pp.0.cpp std=gnu++14 -target fpga  
INFO-FLOW: run_clang exec: C:/Xilinx/Vitis_HLS/2023.1/win64/tools/clang-3.9-csynth/bin/clang-tidy -export-fixes=E:/estimation_accel/hls/Byte_Count_Really_Good_This_Time/solution1/.autopilot/db/accelerator.pp.0.cpp.clang-tidy.loop-label.diag.yml -header-filter=.* --checks=-*,xilinx-label-all-loops,xilinx-aggregate-on-hls-vector,,xilinx-warn-mayneed-no-ctor-attribute -fix-errors E:/estimation_accel/hls/Byte_Count_Really_Good_This_Time/solution1/.autopilot/db/accelerator.pp.0.cpp -- -std=gnu++14 -target fpga -fhls -ferror-limit=0 > E:/estimation_accel/hls/Byte_Count_Really_Good_This_Time/solution1/.autopilot/db/accelerator.pp.0.cpp.clang-tidy.loop-label.out.log 2> E:/estimation_accel/hls/Byte_Count_Really_Good_This_Time/solution1/.autopilot/db/accelerator.pp.0.cpp.clang-tidy.loop-label.err.log
Execute         source C:/Xilinx/Vitis_HLS/2023.1/tps/tcl/tcllib1.11.1/yaml/yaml.tcl 
Command       clang_tidy done; 1.465 sec.
INFO-FLOW: run_clang exec: C:/Xilinx/Vitis_HLS/2023.1/win64/tools/clang-3.9-csynth/bin/xilinx-dataflow-lawyer -export-fixes=E:/estimation_accel/hls/Byte_Count_Really_Good_This_Time/solution1/.autopilot/db/accelerator.pp.0.cpp.xilinx-dataflow-lawyer.diag.yml E:/estimation_accel/hls/Byte_Count_Really_Good_This_Time/solution1/.autopilot/db/accelerator.pp.0.cpp -- -std=gnu++14 -target fpga -fhls -ferror-limit=0 -fstrict-dataflow > E:/estimation_accel/hls/Byte_Count_Really_Good_This_Time/solution1/.autopilot/db/accelerator.pp.0.cpp.xilinx-dataflow-lawyer.out.log 2> E:/estimation_accel/hls/Byte_Count_Really_Good_This_Time/solution1/.autopilot/db/accelerator.pp.0.cpp.xilinx-dataflow-lawyer.err.log
Execute       ap_part_info -name xc7z020-clg484-1 -data info 
INFO-FLOW: compiling source code to llvm bc
INFO-FLOW: run_clang exec: C:/Xilinx/Vitis_HLS/2023.1/win64/tools/clang-3.9-csynth/bin/clang -foptimization-record-file=E:/estimation_accel/hls/Byte_Count_Really_Good_This_Time/solution1/.autopilot/db/accelerator.pp.0.cpp.clang.diag.yml -mllvm -pass-remarks-missed=reflow|pasta|unroll -mllvm -pass-remarks=reflow|pasta|unroll|inline -fno-limit-debug-info -fhls -flto -fno-exceptions -Wno-error=c++11-narrowing E:/estimation_accel/hls/Byte_Count_Really_Good_This_Time/solution1/.autopilot/db/accelerator.pp.0.cpp -fno-math-errno -c -emit-llvm -mllvm -disable-llvm-optzns -Werror=implicit-function-declaration -Werror=implicit-hls-streams -Werror=return-type -Wpragmas -Wunused-parameter -Wdump-hls-pragmas -Wno-error=dump-hls-pragmas -fno-threadsafe-statics -fno-use-cxa-atexit -std=gnu++14 -target fpga64-xilinx-linux-gnu -D__VITIS_HLS__ -DAESL_SYN -D__SYNTHESIS__ -D__HLS_SYN__ -I C:/Xilinx/Vitis_HLS/2023.1/common/technology/autopilot -I C:/Xilinx/Vitis_HLS/2023.1/common/technology/autopilot/ap_sysc -include etc/autopilot_ssdm_op.h -D__DSP48E1__ -g -o E:/estimation_accel/hls/Byte_Count_Really_Good_This_Time/solution1/.autopilot/db/accelerator.bc {-hls-platform-db-name=C:/Xilinx/Vitis_HLS/2023.1/common/technology\xilinx/common/platform.db} -hls-platform-name=zynq_slow -device-resource-info=BRAM_280.000000_DSP_220.000000_FF_106400.000000_LUT_53200.000000_SLICE_13300.000000_URAM_0.000000 -device-name-info=xc7z020clg484-1 > E:/estimation_accel/hls/Byte_Count_Really_Good_This_Time/solution1/.autopilot/db/accelerator.pp.0.cpp.clang.out.log 2> E:/estimation_accel/hls/Byte_Count_Really_Good_This_Time/solution1/.autopilot/db/accelerator.pp.0.cpp.clang.err.log
INFO: [HLS 200-111] Finished Source Code Analysis and Preprocessing: CPU user time: 0 seconds. CPU system time: 0 seconds. Elapsed time: 6.381 seconds; current allocated memory: 92.859 MB.
INFO-FLOW: Linking Debug ...
INFO-FLOW: Linking dut bc code.
Execute       run_link_or_opt -out E:/estimation_accel/hls/Byte_Count_Really_Good_This_Time/solution1/.autopilot/db/a.g.ld.0.bc -args  "E:/estimation_accel/hls/Byte_Count_Really_Good_This_Time/solution1/.autopilot/db/accelerator.g.bc"  
INFO-FLOW: run_clang exec: C:/Xilinx/Vitis_HLS/2023.1/win64/tools/clang-3.9-csynth/bin/llvm-link E:/estimation_accel/hls/Byte_Count_Really_Good_This_Time/solution1/.autopilot/db/accelerator.g.bc -o E:/estimation_accel/hls/Byte_Count_Really_Good_This_Time/solution1/.autopilot/db/a.g.ld.0.bc > E:/estimation_accel/hls/Byte_Count_Really_Good_This_Time/solution1/.autopilot/db/a.g.ld.0.bc.llvm-link.out.log 2> E:/estimation_accel/hls/Byte_Count_Really_Good_This_Time/solution1/.autopilot/db/a.g.ld.0.bc.llvm-link.err.log
INFO-FLOW: 
Execute       run_link_or_opt -opt -out E:/estimation_accel/hls/Byte_Count_Really_Good_This_Time/solution1/.autopilot/db/a.g.ld.1.lower.bc -args E:/estimation_accel/hls/Byte_Count_Really_Good_This_Time/solution1/.autopilot/db/a.g.ld.0.bc -reflow-lower-math-intrinsics 
INFO-FLOW: run_clang exec: C:/Xilinx/Vitis_HLS/2023.1/win64/tools/clang-3.9-csynth/bin/opt -pass-remarks-missed=reflow|pasta|unroll -pass-remarks=reflow|pasta|unroll|inline -pass-remarks-output=E:/estimation_accel/hls/Byte_Count_Really_Good_This_Time/solution1/.autopilot/db/a.g.ld.1.lower.bc.opt.diag.yml E:/estimation_accel/hls/Byte_Count_Really_Good_This_Time/solution1/.autopilot/db/a.g.ld.0.bc -reflow-lower-math-intrinsics -o E:/estimation_accel/hls/Byte_Count_Really_Good_This_Time/solution1/.autopilot/db/a.g.ld.1.lower.bc > E:/estimation_accel/hls/Byte_Count_Really_Good_This_Time/solution1/.autopilot/db/a.g.ld.1.lower.bc.opt.out.log 2> E:/estimation_accel/hls/Byte_Count_Really_Good_This_Time/solution1/.autopilot/db/a.g.ld.1.lower.bc.opt.err.log
INFO-FLOW: 
INFO-FLOW: Running: gen_design_size_report post-opt
INFO-FLOW: Done: gen_design_size_report post-opt time: 0 seconds per iteration
INFO-FLOW: Linking math bc lib
Execute       run_link_or_opt -out E:/estimation_accel/hls/Byte_Count_Really_Good_This_Time/solution1/.autopilot/db/a.g.ld.2.m1.bc -args E:/estimation_accel/hls/Byte_Count_Really_Good_This_Time/solution1/.autopilot/db/a.g.ld.1.lower.bc -only-needed C:/Xilinx/Vitis_HLS/2023.1/win64/lib/libhlsm_39.bc C:/Xilinx/Vitis_HLS/2023.1/win64/lib/libhlsmc++_39.bc 
INFO-FLOW: run_clang exec: C:/Xilinx/Vitis_HLS/2023.1/win64/tools/clang-3.9-csynth/bin/llvm-link E:/estimation_accel/hls/Byte_Count_Really_Good_This_Time/solution1/.autopilot/db/a.g.ld.1.lower.bc -only-needed C:/Xilinx/Vitis_HLS/2023.1/win64/lib/libhlsm_39.bc C:/Xilinx/Vitis_HLS/2023.1/win64/lib/libhlsmc++_39.bc -o E:/estimation_accel/hls/Byte_Count_Really_Good_This_Time/solution1/.autopilot/db/a.g.ld.2.m1.bc > E:/estimation_accel/hls/Byte_Count_Really_Good_This_Time/solution1/.autopilot/db/a.g.ld.2.m1.bc.llvm-link.out.log 2> E:/estimation_accel/hls/Byte_Count_Really_Good_This_Time/solution1/.autopilot/db/a.g.ld.2.m1.bc.llvm-link.err.log
INFO-FLOW: 
Command       run_link_or_opt done; 2.413 sec.
Execute       run_link_or_opt -opt -out E:/estimation_accel/hls/Byte_Count_Really_Good_This_Time/solution1/.autopilot/db/a.g.ld.3.fpc.bc -args E:/estimation_accel/hls/Byte_Count_Really_Good_This_Time/solution1/.autopilot/db/a.g.ld.2.m1.bc -reflow-globaldce -hls-top-function-name=make_go_fast -reflow-float-conversion 
INFO-FLOW: run_clang exec: C:/Xilinx/Vitis_HLS/2023.1/win64/tools/clang-3.9-csynth/bin/opt -pass-remarks-missed=reflow|pasta|unroll -pass-remarks=reflow|pasta|unroll|inline -pass-remarks-output=E:/estimation_accel/hls/Byte_Count_Really_Good_This_Time/solution1/.autopilot/db/a.g.ld.3.fpc.bc.opt.diag.yml E:/estimation_accel/hls/Byte_Count_Really_Good_This_Time/solution1/.autopilot/db/a.g.ld.2.m1.bc -reflow-globaldce -hls-top-function-name=make_go_fast -reflow-float-conversion -o E:/estimation_accel/hls/Byte_Count_Really_Good_This_Time/solution1/.autopilot/db/a.g.ld.3.fpc.bc > E:/estimation_accel/hls/Byte_Count_Really_Good_This_Time/solution1/.autopilot/db/a.g.ld.3.fpc.bc.opt.out.log 2> E:/estimation_accel/hls/Byte_Count_Really_Good_This_Time/solution1/.autopilot/db/a.g.ld.3.fpc.bc.opt.err.log
INFO-FLOW: 
INFO-FLOW: Running: gen_design_size_report post-opt
INFO-FLOW: Done: gen_design_size_report post-opt time: 0 seconds per iteration
Command       run_link_or_opt done; 1.034 sec.
Execute       run_link_or_opt -out E:/estimation_accel/hls/Byte_Count_Really_Good_This_Time/solution1/.autopilot/db/a.g.ld.4.m2.bc -args E:/estimation_accel/hls/Byte_Count_Really_Good_This_Time/solution1/.autopilot/db/a.g.ld.3.fpc.bc -only-needed C:/Xilinx/Vitis_HLS/2023.1/win64/lib/libfloatconversion_39.bc 
INFO-FLOW: run_clang exec: C:/Xilinx/Vitis_HLS/2023.1/win64/tools/clang-3.9-csynth/bin/llvm-link E:/estimation_accel/hls/Byte_Count_Really_Good_This_Time/solution1/.autopilot/db/a.g.ld.3.fpc.bc -only-needed C:/Xilinx/Vitis_HLS/2023.1/win64/lib/libfloatconversion_39.bc -o E:/estimation_accel/hls/Byte_Count_Really_Good_This_Time/solution1/.autopilot/db/a.g.ld.4.m2.bc > E:/estimation_accel/hls/Byte_Count_Really_Good_This_Time/solution1/.autopilot/db/a.g.ld.4.m2.bc.llvm-link.out.log 2> E:/estimation_accel/hls/Byte_Count_Really_Good_This_Time/solution1/.autopilot/db/a.g.ld.4.m2.bc.llvm-link.err.log
INFO-FLOW: 
Execute       run_link_or_opt -opt -out E:/estimation_accel/hls/Byte_Count_Really_Good_This_Time/solution1/.autopilot/db/a.g.ld.5.gdce.bc -args E:/estimation_accel/hls/Byte_Count_Really_Good_This_Time/solution1/.autopilot/db/a.g.ld.4.m2.bc -reflow-globaldce -hls-top-function-name=make_go_fast 
INFO-FLOW: run_clang exec: C:/Xilinx/Vitis_HLS/2023.1/win64/tools/clang-3.9-csynth/bin/opt -pass-remarks-missed=reflow|pasta|unroll -pass-remarks=reflow|pasta|unroll|inline -pass-remarks-output=E:/estimation_accel/hls/Byte_Count_Really_Good_This_Time/solution1/.autopilot/db/a.g.ld.5.gdce.bc.opt.diag.yml E:/estimation_accel/hls/Byte_Count_Really_Good_This_Time/solution1/.autopilot/db/a.g.ld.4.m2.bc -reflow-globaldce -hls-top-function-name=make_go_fast -o E:/estimation_accel/hls/Byte_Count_Really_Good_This_Time/solution1/.autopilot/db/a.g.ld.5.gdce.bc > E:/estimation_accel/hls/Byte_Count_Really_Good_This_Time/solution1/.autopilot/db/a.g.ld.5.gdce.bc.opt.out.log 2> E:/estimation_accel/hls/Byte_Count_Really_Good_This_Time/solution1/.autopilot/db/a.g.ld.5.gdce.bc.opt.err.log
INFO-FLOW: 
INFO-FLOW: Running: gen_design_size_report post-opt
INFO-FLOW: Done: gen_design_size_report post-opt time: 0 seconds per iteration
Execute       send_msg_by_id INFO @200-777@%s Vivado 
INFO: [HLS 200-777] Using interface defaults for 'Vivado' flow target.
Execute       is_m_axi_addr64 
INFO-FLOW: Doing LTO.
INFO-FLOW: run_clang exec: C:/Xilinx/Vitis_HLS/2023.1/win64/tools/clang-3.9-csynth/bin/clang -foptimization-record-file=E:/estimation_accel/hls/Byte_Count_Really_Good_This_Time/solution1/.autopilot/db/a.g.ld.0.bc.clang.reflow.diag.yml -mllvm -pass-remarks-missed=reflow|pasta|unroll -mllvm -pass-remarks=reflow|pasta|unroll|inline -fhls -mllvm -hls-top-function-name=make_go_fast -mllvm -hls-db-dir -mllvm E:/estimation_accel/hls/Byte_Count_Really_Good_This_Time/solution1/.autopilot/db -emit-llvm -c -target fpga64-xilinx-none -mllvm -xcl-xmlinfo=E:/estimation_accel/hls/Byte_Count_Really_Good_This_Time/solution1/.autopilot/db/kernel.internal.xml -mllvm -top-io-mapping-info=E:/estimation_accel/hls/Byte_Count_Really_Good_This_Time/solution1/.autopilot/db/top-io-fe.xml -mllvm -hls-bitcode-version=3.1 -mllvm -reflow-enable-slave-interface-default-setting=true -mllvm -gen-kernel-xml=false -mllvm -default-maxi-offset=slave -mllvm -maxi-latency=0 -mllvm -hls-maxi-data-size-in-bits=8 -mllvm -hls-maxi-max-data-size-in-bits=1024 -mllvm -hls-max-widen-size-in-bits=0 -mllvm -xcl-kernel-max-mem-ports=0 -mllvm -maxi-read-trans=16 -mllvm -maxi-write-trans=16 -mllvm -maxi-read-burst-len=16 -mllvm -maxi-write-burst-len=16 -mllvm -reflow-enable-saxi-64bits=0 -mllvm -reflow-basic-block-instr-threshold=200000 -mllvm -reflow-auto-pipeline-threshold=64 -mllvm -reflow-enable-maxi-auto-id-channel=0 -mllvm -enable-fp-thr=0 -mllvm -reflow-bdd-simplify-threshold=1024 -mllvm -reflow-fanout-threshold=16 -mllvm -assume-maxi-align=1 -mllvm -reflow-pipeline-style-llvm-setting=2 -mllvm -reflow-enable-dataflow-strict-mode-checking=1 -ftime-report -mllvm -time-passes -mllvm -reflow-auto-array-partition-mode=default -mllvm -reflow-enable-auto-array-partition=true -mllvm -reflow-enable-auto-parallel-performance-driven=true -mllvm -reflow-enable-partition-for-automation=true -mllvm -reflow-aggregate-bitwidth-threshold=4096 -mllvm -reflow-reserved-saxilite-registers=1024 -mllvm -reflow-assume-no-address-wrap=true -mllvm -reflow-enable-occurrence-inference=true -mllvm -hls -mllvm -disable-inlined-alloca-merging=true -mllvm -default-clock-period=5 -x ir E:/estimation_accel/hls/Byte_Count_Really_Good_This_Time/solution1/.autopilot/db/a.g.ld.5.gdce.bc -o E:/estimation_accel/hls/Byte_Count_Really_Good_This_Time/solution1/.autopilot/db/a.g.lto.bc {-hls-platform-db-name=C:/Xilinx/Vitis_HLS/2023.1/common/technology\xilinx/common/platform.db} -hls-platform-name=zynq_slow -device-resource-info=BRAM_280.000000_DSP_220.000000_FF_106400.000000_LUT_53200.000000_SLICE_13300.000000_URAM_0.000000 -device-name-info=xc7z020clg484-1 > E:/estimation_accel/hls/Byte_Count_Really_Good_This_Time/solution1/.autopilot/db/a.g.ld.0.bc.clang.reflow.out.log 2> E:/estimation_accel/hls/Byte_Count_Really_Good_This_Time/solution1/.autopilot/db/a.g.ld.0.bc.clang.reflow.err.log
INFO: [HLS 214-241] Aggregating stream-of-blocks variable 'appearances' with compact=bit mode in 4096-bits (Byte_Count_Really_Good_This_Time/accelerator.cpp:82:42)
INFO-FLOW: DBG:PUTS: copy_raw_kernel_xml ap_link_39: kernel.xml not generated: E:/estimation_accel/hls/Byte_Count_Really_Good_This_Time/solution1/.autopilot/db/kernel.internal.xml
INFO: [HLS 200-111] Finished Compiling Optimization and Transform: CPU user time: 0 seconds. CPU system time: 0 seconds. Elapsed time: 4.548 seconds; current allocated memory: 93.875 MB.
INFO: [HLS 200-111] Finished Checking Pragmas: CPU user time: 0 seconds. CPU system time: 0 seconds. Elapsed time: 0.002 seconds; current allocated memory: 93.875 MB.
Execute       opt_and_import_c a -opt_level=2 -skip_syncheck=0 -ng=0 -keep_printf=0 
Execute         cleanup_all_models 
INFO: [HLS 200-10] Starting code transformations ...
INFO-FLOW: Running Standard Transforms...
Execute         transform -hls -share-std-xform -demangle-name -inline-byval-memcpy -always-inline -promote-dbg-pointer -interface-preproc -mem2reg -scalarrepl -mem2reg -keep-read-access -instcombine -dce -promote-dbg-pointer -bitop-raise -loop-simplify -indvarspre -indvars -loop-simplify -xunroll -constprop -instcombine -simplifycfg -indvars -simplifycfg -dce -globaldce -basicaa -simplifycfg -mem2reg -globalopt -global-constprop -deadargelim -instcombine -simplifycfg -scalarrepl -instcombine -reassociate -licm -simplifycfg -loop-simplify -indvars -instcombine -simplifycfg -mem2reg -loop-simplify -indvars -instcombine -gvn -gvn -instcombine -adce -break-crit-edges -simplifycfg -loop-delete -global-array-opt -dce -dse -adce -find-syn-modules -top make_go_fast -deadargelim -mem2reg -instcombine -dce -presyn-prepare -auto-rom-infer -interface-preproc -syn-check -check-rec-only -find-region -simplifycfg -func-extr -function-inline -globaldce -mem2reg -instcombine -dce -gvn -globaldce -adce -adse -constprop -instcombine -bit-constprop -instcombine -dce -simplifycfg -bitop-raise -simplifycfg -dce -loop-delete -reassociate -globalopt -global-privatize -mem2reg -dce -global-constprop -pointer-simplify -constprop -dce -auto-shift-reg-idiom -promote-dbg-pointer -norm-name E:/estimation_accel/hls/Byte_Count_Really_Good_This_Time/solution1/.autopilot/db/a.g.0.bc -o E:/estimation_accel/hls/Byte_Count_Really_Good_This_Time/solution1/.autopilot/db/a.g.1.bc -f -phase std-opt 
INFO: [HLS 200-111] Finished Standard Transforms: CPU user time: 0 seconds. CPU system time: 0 seconds. Elapsed time: 0.077 seconds; current allocated memory: 99.219 MB.
INFO: [HLS 200-10] Checking synthesizability ...
INFO-FLOW: Checking Synthesizability 1/2..
Execute         transform -hls -syn-check -check-rec-only -scalarrepl -norm-name -dce -mem2reg -instcombine -directive-preproc -mem2reg -dse -dce -auto-rom-infer -dce -pag -array-normalize -instcombine -dce -array-seg-normalize -instcombine -dce -data-pack -instcombine -dce -inst-simplify -array-flatten -instcombine -dce -array-burst -dce -deadargelim -promote-global-argument -simplifycfg -mem2reg -globaldce -dce -deadargelim -dce -instcombine -function-inline -globaldce -dce -doublePtrSimplify -doublePtrElim -dce -doublePtrSimplify -promote-dbg-pointer -dce -scalarrepl -dse -adse -instcombine -ptrLegalization -simplifycfg -dce -instcombine -pointer-simplify -ptrArgReplace -dce -instcombine -resolve-double-ptr -scalarrepl -norm-name -dce -mem2reg -instcombine -ptrLegalization -simplifycfg -deadargelim -instcombine -dce -inst-simplify -directive-preproc -mem2reg -dse -dce -globaldce E:/estimation_accel/hls/Byte_Count_Really_Good_This_Time/solution1/.autopilot/db/a.g.1.bc -o E:/estimation_accel/hls/Byte_Count_Really_Good_This_Time/solution1/.autopilot/db/a.g.2.prechk.bc -f 
INFO-FLOW: Checking Synthesizability 2/2..
Execute         transform -syn-check E:/estimation_accel/hls/Byte_Count_Really_Good_This_Time/solution1/.autopilot/db/a.g.2.prechk.bc -o E:/estimation_accel/hls/Byte_Count_Really_Good_This_Time/solution1/.autopilot/db/a.g.2.bc -f -phase syn-check 
INFO: [HLS 200-111] Finished Checking Synthesizability: CPU user time: 0 seconds. CPU system time: 0 seconds. Elapsed time: 0.048 seconds; current allocated memory: 101.148 MB.
INFO-FLOW: Compiler optimizing ...
INFO-FLOW: Share syncheck's 1.bc for syn flow: copy E:/estimation_accel/hls/Byte_Count_Really_Good_This_Time/solution1/.autopilot/db/a.g.1.bc to E:/estimation_accel/hls/Byte_Count_Really_Good_This_Time/solution1/.autopilot/db/a.o.1.bc
INFO-FLOW: Presyn 1...
Execute         transform -hls -tmp E:/estimation_accel/hls/Byte_Count_Really_Good_This_Time/solution1/.autopilot/db -interface-port-rename -directive-preproc -mem2reg -dse -dce -scalarrepl -norm-name -deadargelim -mem2reg -instcombine -dce -simplifycfg -auto-rom-infer -dce -resource-proc -clib-intrinsic-prepare -dce -func-buffer -dce -pag -array-normalize -func-legal -instcombine -gvn -constprop -dce -simplifycfg -mem2reg -globaldce -resolve-double-ptr -dce -deadargelim -dce -instcombine -ptrArgReplace -mem2reg -dce -array-seg-normalize -deadargelim -instcombine -dce -directive-preproc -mem2reg -dse -dce -pointer-simplify -dce -port-alignment -dce -interface-preproc -data-pack -instcombine -dce -basicaa -aggr-aa -aggrmodref-aa -aggr-aa -gvn -gvn -basicaa -aggr-aa -aggrmodref-aa -aggr-aa -dse -adse -adce -loop-simplify -indvars -instcombine -gvn -loop-simplify -mem2reg -dce -find-region -instcombine -auto-loop-pipeline -inst-simplify -interface-preproc -cfgopt -instcombine -indvars -auto-loop-unroll -loop-simplify -loop-bound -xunroll -constprop -instcombine -simplifycfg -indvars -simplifycfg -dce -globaldce -clean-region -attach-range -gvn -inst-simplify -constprop -simplifycfg -dce -pointer-simplify -dce -globalopt -constprop -dce -array-promote -scalar-auto-dep-elim -constprop -dce -ptrArgReplace -mem2reg -simplifycfg -dce -instcombine -dce -array-transform-check -array-reshape -instcombine -simplifycfg -dce -ptrArgReplace -deadargelim -mem2reg -instcombine -simplifycfg -dce -indvars -loop-simplify -loop-bound -xunroll -constprop -instcombine -simplifycfg -indvars -simplifycfg -dce -globaldce -basicaa -aggr-aa -aggrmodref-aa -aggr-aa -dse -duplicate-dataflow-processes -globaldce -instcombine -array-partition -prepare-dynamic-array-partition -instcombine -simplifycfg -dce -ptrArgReplace -global-constprop -deadargelim -mem2reg -func-legal -dce -global-constprop -deadargelim -mem2reg -simplifycfg -dce -merge-param -deadargelim -globalopt -constprop -dce -array-promote -scalar-auto-dep-elim -constprop -dce -ptrArgReplace -mem2reg -simplifycfg -dce -mem-intrinsic-preproc -dce -global-internalize -global-privatize -mem2reg -globaldce -promote-global-argument -ptrArgReplace -mem2reg -dce -globalopt -mergereturn -simplify-global-access -mem2reg -dce -pointer-simplify -dce -functionattrs -basicaa -aggr-aa -aggrmodref-aa -aggr-aa -gvn -gvn -basicaa -aggr-aa -aggrmodref-aa -aggr-aa -dse -adse -adce -dce -norm-name -basicaa -aggr-aa -aggrmodref-aa -aggr-aa -accesses-merge -function-inline -complex-op-raise -inst-simplify -globaldce -func-legal -dce -loop-bound -arraycheck -bitwidthmin2 -bitwidthmin2 -on-by-dataflow -loop-delete -instcombine -simplifycfg -globaldce -dce -gvn -deadargelim -dce -loop-simplify -clean-region -simplifycfg -propagate-stable-arguments -loop-stream -instcombine -simplifycfg -dce -globaldce -duplicate-dataflow-processes -stream-intrinsic-preproc -dce -check-ap-stream -loop-simplify -eliminate-keepreads -extract-dataflow-in-loop -loop-simplify -dce -gvn -deadargelim -dse -duplicate-dataflow-processes -check-dataflow-syntax -legalize-stream-variable -globaldce -legalize-global -extract-subproc -dce -dead-channel-elimination -canonicalize-gep -globaldce -dce -gvn -hls-dead-arg-elim -deadargelim -directive-preproc -canonicalize-dataflow -dce -globaldce -scalar-preprocessing -scalar-propagation2 -deadargelim -globaldce -mem2reg -check-dataflow-channels -function-stream -dce -globaldce -prop-fifo-spec -internal-stream-gen -canonicalize-gep -globaldce -dce -gvn -deadargelim -mergereturn -indvars -loop-simplify -instcombine -array-stream -array-seg-normalize -array-partition -func-legal -instcombine -simplifycfg -dce -bundle-memfifo-ops -deadargelim -directive-preproc -mem2reg -dse -dce -group-axi-access -licm -simplifycfg -dce -loop-delete -hls-display -norm-name E:/estimation_accel/hls/Byte_Count_Really_Good_This_Time/solution1/.autopilot/db/a.o.1.bc -o E:/estimation_accel/hls/Byte_Count_Really_Good_This_Time/solution1/.autopilot/db/a.o.1.tmp.bc -f 
INFO: [XFORM 203-510] Pipelining loop 'VITIS_LOOP_44_1' (Byte_Count_Really_Good_This_Time/accelerator.cpp:44) in function 'threshold' automatically.
INFO: [XFORM 203-510] Pipelining loop 'VITIS_LOOP_71_1' (Byte_Count_Really_Good_This_Time/accelerator.cpp:71) in function 'reduce_appearances' automatically.
INFO: [XFORM 203-510] Pipelining loop 'VITIS_LOOP_4_1' (Byte_Count_Really_Good_This_Time/accelerator.cpp:4) in function 'read_in' automatically.
INFO: [XFORM 203-510] Pipelining loop 'VITIS_LOOP_22_1' (Byte_Count_Really_Good_This_Time/accelerator.cpp:22) in function 'count_appearances' automatically.
INFO: [XFORM 203-712] Applying dataflow to function 'make_go_fast' (Byte_Count_Really_Good_This_Time/accelerator.cpp:76:1), detected/extracted 4 process function(s): 
	 'read_in'
	 'count_appearances'
	 'reduce_appearances'
	 'threshold'.
Command         transform done; 0.135 sec.
INFO-FLOW: Presyn 2...
Execute         transform -hls -keep-callgraph -scalarrepl -mem2reg -port-alignment -attach-range -dce -pipe-mux-gen -indvars -loop-bound -inst-simplify -instcombine -dce -merge-array-access -mem2reg -dce -clean-region -mergereturn -if-conv -instcombine -dce -constprop -basicaa -aggr-aa -aggrmodref-aa -aggr-aa -gvn -gvn -basicaa -aggr-aa -aggrmodref-aa -aggr-aa -dse -adse -adce -scalarrepl -mem2reg -global-constprop -deadargelim -deadargelim -instcombine -dce -simplifycfg -ptrArgReplace -mem2reg -function-inline -globaldce -mem2reg -instcombine -dce -expr-balance -instcombine -dce -bitwidthmin2 -bitwidthmin2 -interface-preproc -directive-preproc -inst-rectify -instcombine -dce -functionattrs -constprop -instcombine -bit-constprop -simplify-global-access -globalopt -globaldce -inst-simplify -instcombine -elimdeaddata -dce -loop-delete -simplifycfg -loop-simplify -barrier -norm-name E:/estimation_accel/hls/Byte_Count_Really_Good_This_Time/solution1/.autopilot/db/a.o.1.tmp.bc -o E:/estimation_accel/hls/Byte_Count_Really_Good_This_Time/solution1/.autopilot/db/a.o.2.bc -f -phase presyn 
INFO: [HLS 200-111] Finished Loop, function and other optimizations: CPU user time: 0 seconds. CPU system time: 0 seconds. Elapsed time: 0.206 seconds; current allocated memory: 124.199 MB.
INFO-FLOW: Building ssdm...
Execute         transform -hls -auto-function-inline -globaldce -ptrArgReplace -mem2reg -dce -reset-lda -loop-simplify -indvars -aggr-aa -licm -loop-dep -loop-bound -licm -loop-simplify -loop-sink-hoist -flattenloopnest -array-flatten -gvn -instcombine -dce -array-map -dce -func-legal -gvn -adce -instcombine -cfgopt -simplifycfg-lite -loop-simplify -array-burst -promote-global-argument -dce -array-seg-normalize -basicaa -aggrmodref-aa -globalsmodref-aa -aggr-aa -gvn -gvn -basicaa -aggrmodref-aa -globalsmodref-aa -aggr-aa -dse -adse -adce -licm -inst-simplify -dce -globaldce -instcombine -array-stream -eliminate-keepreads -instcombine -dce -deadargelim -doublePtrSimplify -doublePtrElim -dce -doublePtrSimplify -promote-dbg-pointer -dce -scalarrepl -mem2reg -norm-name -mem2reg -instcombine -dse -adse -adce -ptrLegalization -dce -auto-rom-infer -array-flatten -dce -instcombine -check-doubleptr -loop-rot -constprop -cfgopt -simplifycfg-lite -loop-simplify -indvars -pointer-simplify -dce -loop-bound -loop-simplify -loop-preproc -constprop -global-constprop -gvn -mem2reg -instcombine -dce -loop-bound -loop-merge -dce -deadargelim -dce -canonicalize-dataflow -dce -deadargelim -globaldce -mem2reg -bram-byte-enable -load-elim -read-loop-dep -loop-simplify -loop-extract-inner -directive-preproc -bitwidthmin2 -bitwidthmin2 -read-loop-dep -interface-preproc -directive-preproc -interface-gen -bram-byte-enable-spec-prop -deadargelim -inst-simplify -dce -gvn -mem2reg -instcombine -dce -adse -loop-bound -instcombine -cfgopt -simplifycfg-lite -loop-simplify -clean-region -io-protocol -find-region -mem2reg -bitop-raise -complex-op-raise -inst-simplify -inst-rectify -instcombine -adce -deadargelim -float-op-raise -loop-simplify -phi-opt -bitop-raise -cfgopt -simplifycfg-lite -strip-dead-prototypes -interface-lower -bitop-lower -intrinsic-lower -auto-function-inline -basicaa -aggrmodref-aa -globalsmodref-aa -aggr-aa -inst-simplify -simplifycfg-lite -loop-simplify -mergereturn -inst-simplify -inst-rectify -globaldce -dce -load-elim -bitop-lower -float-op-raise -fma-raise -loop-rewind -pointer-simplify -dce -cfgopt -dce -loop-bound -loop-dep -read-loop-dep -dce -dyn-mem-reuse -dce -recurrence-min -dce -share-scalar-alloca -deadargelim -dce -check-stream -norm-name -legalize -validate-dataflow -inst-clarity -bitwidth -dce -dump-loop-dep-to-ir -check-all-ssdm -dump-complexity-metric -cdfg-build E:/estimation_accel/hls/Byte_Count_Really_Good_This_Time/solution1/.autopilot/db/a.o.2.bc -o E:/estimation_accel/hls/Byte_Count_Really_Good_This_Time/solution1/.autopilot/db/a.o.3.bc -f -phase build-ssdm 
Execute           auto_get_db
ERROR: [HLS 200-1607] Unsupported bidirectional channel appearances in function make_go_fast
Command         transform done; error code: 1; 0.112 sec.
ERROR: [HLS 200-70] Failed building synthesis data model.
INFO-FLOW: Caught error in opt_and_import_c: 
    while executing
"::AP::OptAndImportC_39 $irbase $opt_level $skip_syncheck $ng $keep_printf"
    (procedure "ap_internal_opt_and_import_c" line 22)
    invoked from within
"ap_internal_opt_and_import_c "
Command       opt_and_import_c done; error code: 2; 0.458 sec.
INFO-FLOW: Caught error in elaborate: 
    while executing
"ap_internal_elaborate "
Command     elaborate done; error code: 2; 11.413 sec.
INFO-FLOW: Caught error in csynth_design: 
    while executing
"ap_internal_csynth_design "
Command   csynth_design done; error code: 2; 11.535 sec.
INFO: [HLS 200-111] Finished Command csynth_design CPU user time: 1 seconds. CPU system time: 0 seconds. Elapsed time: 11.536 seconds; current allocated memory: 71.945 MB.
Command ap_source done; error code: 1; 12.566 sec.
Execute cleanup_all 
