

================================================================
== Vitis HLS Report for 'KPN'
================================================================
* Date:           Tue Jun 27 13:52:02 2023

* Version:        2023.1 (Build 3854077 on May  4 2023)
* Project:        Byte_Count_Really_Good_This_Time
* Solution:       solution1 (Vivado IP Flow Target)
* Product family: zynq
* Target device:  xc7z020-clg484-1


================================================================
== Performance Estimates
================================================================
+ Timing: 
    * Summary: 
    +--------+---------+----------+------------+
    |  Clock |  Target | Estimated| Uncertainty|
    +--------+---------+----------+------------+
    |ap_clk  |  5.00 ns|  3.650 ns|     1.35 ns|
    +--------+---------+----------+------------+

+ Latency: 
    * Summary: 
    +---------+---------+----------+----------+-----+-----+----------+
    |  Latency (cycles) |  Latency (absolute) |  Interval | Pipeline |
    |   min   |   max   |    min   |    max   | min | max |   Type   |
    +---------+---------+----------+----------+-----+-----+----------+
    |        0|        0|      0 ns|      0 ns|    1|    1|  dataflow|
    +---------+---------+----------+----------+-----+-----+----------+

    + Detail: 
        * Instance: 
        +---------------------------+----------+---------+---------+----------+----------+-----+-----+---------+
        |                           |          |  Latency (cycles) |  Latency (absolute) |  Interval | Pipeline|
        |          Instance         |  Module  |   min   |   max   |    min   |    max   | min | max |   Type  |
        +---------------------------+----------+---------+---------+----------+----------+-----+-----+---------+
        |call_ln87_worker_1_fu_64   |worker_1  |        0|        0|      0 ns|      0 ns|    0|    0|       no|
        |call_ln87_worker_2_fu_72   |worker_2  |        0|        0|      0 ns|      0 ns|    0|    0|       no|
        |call_ln87_worker_3_fu_80   |worker_3  |        0|        0|      0 ns|      0 ns|    0|    0|       no|
        |call_ln87_worker_4_fu_88   |worker_4  |        0|        0|      0 ns|      0 ns|    0|    0|       no|
        |call_ln87_worker_5_fu_96   |worker_5  |        0|        0|      0 ns|      0 ns|    0|    0|       no|
        |call_ln87_worker_6_fu_104  |worker_6  |        0|        0|      0 ns|      0 ns|    0|    0|       no|
        |call_ln87_worker_7_fu_112  |worker_7  |        0|        0|      0 ns|      0 ns|    0|    0|       no|
        |call_ln87_worker_fu_120    |worker    |        0|        0|      0 ns|      0 ns|    0|    0|       no|
        +---------------------------+----------+---------+---------+----------+----------+-----+-----+---------+

        * Loop: 
        N/A

============================================================
+ Verbose Summary: Synthesis Manager
============================================================
InlineROM: 1
ExposeGlobal: 0
============================================================
+ Verbose Summary: CDFG Model
============================================================
IsTopModel: 0
ResetActiveHigh: 1
IsCombinational: 2
IsDatapathOnly: 0
HasWiredReturn: 1
HasMFsm: 0
HasVarLatency: 0
IsPipeline: 0
IsRtlPipelined: 0
IsInstanceOverlapped: 0
IsDontTouch: 0
HasImplIP: 0
IsGatedGlobalClock: 0


============================================================
+ Verbose Summary: Schedule
============================================================
* Number of FSM states : 1
* Pipeline : 0
* Dataflow Pipeline: 1
  DF-Pipeline-0: Size = 1, States = { 1 }

* FSM state transitions: 
1 --> 

* FSM state operations: 

State 1 <SV = 0> <Delay = 0.00>
ST_1 : Operation 2 [1/1] (0.00ns)   --->   "%specdataflowpipeline_ln87 = specdataflowpipeline void @_ssdm_op_SpecDataflowPipeline, i32 4294967295, i32 1, void @empty_0" [Byte_Count_Really_Good_This_Time/accelerator.cpp:87]   --->   Operation 2 'specdataflowpipeline' 'specdataflowpipeline_ln87' <Predicate = true> <Delay = 0.00>
ST_1 : Operation 3 [1/1] (0.00ns)   --->   "%specinterface_ln0 = specinterface void @_ssdm_op_SpecInterface, i8 %merge_in_7, void @empty_10, i32 0, i32 0, void @empty_0, i32 0, i32 0, void @empty_0, void @empty_0, void @empty_0, i32 0, i32 0, i32 0, i32 0, void @empty_0, void @empty_0, i32 4294967295, i32 0"   --->   Operation 3 'specinterface' 'specinterface_ln0' <Predicate = true> <Delay = 0.00>
ST_1 : Operation 4 [1/1] (0.00ns)   --->   "%specinterface_ln0 = specinterface void @_ssdm_op_SpecInterface, i8 %merge_in_6, void @empty_10, i32 0, i32 0, void @empty_0, i32 0, i32 0, void @empty_0, void @empty_0, void @empty_0, i32 0, i32 0, i32 0, i32 0, void @empty_0, void @empty_0, i32 4294967295, i32 0"   --->   Operation 4 'specinterface' 'specinterface_ln0' <Predicate = true> <Delay = 0.00>
ST_1 : Operation 5 [1/1] (0.00ns)   --->   "%specinterface_ln0 = specinterface void @_ssdm_op_SpecInterface, i8 %merge_in_5, void @empty_10, i32 0, i32 0, void @empty_0, i32 0, i32 0, void @empty_0, void @empty_0, void @empty_0, i32 0, i32 0, i32 0, i32 0, void @empty_0, void @empty_0, i32 4294967295, i32 0"   --->   Operation 5 'specinterface' 'specinterface_ln0' <Predicate = true> <Delay = 0.00>
ST_1 : Operation 6 [1/1] (0.00ns)   --->   "%specinterface_ln0 = specinterface void @_ssdm_op_SpecInterface, i8 %merge_in_4, void @empty_10, i32 0, i32 0, void @empty_0, i32 0, i32 0, void @empty_0, void @empty_0, void @empty_0, i32 0, i32 0, i32 0, i32 0, void @empty_0, void @empty_0, i32 4294967295, i32 0"   --->   Operation 6 'specinterface' 'specinterface_ln0' <Predicate = true> <Delay = 0.00>
ST_1 : Operation 7 [1/1] (0.00ns)   --->   "%specinterface_ln0 = specinterface void @_ssdm_op_SpecInterface, i8 %merge_in_3, void @empty_10, i32 0, i32 0, void @empty_0, i32 0, i32 0, void @empty_0, void @empty_0, void @empty_0, i32 0, i32 0, i32 0, i32 0, void @empty_0, void @empty_0, i32 4294967295, i32 0"   --->   Operation 7 'specinterface' 'specinterface_ln0' <Predicate = true> <Delay = 0.00>
ST_1 : Operation 8 [1/1] (0.00ns)   --->   "%specinterface_ln0 = specinterface void @_ssdm_op_SpecInterface, i8 %merge_in_2, void @empty_10, i32 0, i32 0, void @empty_0, i32 0, i32 0, void @empty_0, void @empty_0, void @empty_0, i32 0, i32 0, i32 0, i32 0, void @empty_0, void @empty_0, i32 4294967295, i32 0"   --->   Operation 8 'specinterface' 'specinterface_ln0' <Predicate = true> <Delay = 0.00>
ST_1 : Operation 9 [1/1] (0.00ns)   --->   "%specinterface_ln0 = specinterface void @_ssdm_op_SpecInterface, i8 %merge_in_1, void @empty_10, i32 0, i32 0, void @empty_0, i32 0, i32 0, void @empty_0, void @empty_0, void @empty_0, i32 0, i32 0, i32 0, i32 0, void @empty_0, void @empty_0, i32 4294967295, i32 0"   --->   Operation 9 'specinterface' 'specinterface_ln0' <Predicate = true> <Delay = 0.00>
ST_1 : Operation 10 [1/1] (0.00ns)   --->   "%specinterface_ln0 = specinterface void @_ssdm_op_SpecInterface, i8 %merge_in_0, void @empty_10, i32 0, i32 0, void @empty_0, i32 0, i32 0, void @empty_0, void @empty_0, void @empty_0, i32 0, i32 0, i32 0, i32 0, void @empty_0, void @empty_0, i32 4294967295, i32 0"   --->   Operation 10 'specinterface' 'specinterface_ln0' <Predicate = true> <Delay = 0.00>
ST_1 : Operation 11 [1/1] (0.00ns)   --->   "%specinterface_ln0 = specinterface void @_ssdm_op_SpecInterface, i8 %split_out_7, void @empty_10, i32 0, i32 0, void @empty_0, i32 0, i32 0, void @empty_0, void @empty_0, void @empty_0, i32 0, i32 0, i32 0, i32 0, void @empty_0, void @empty_0, i32 4294967295, i32 0"   --->   Operation 11 'specinterface' 'specinterface_ln0' <Predicate = true> <Delay = 0.00>
ST_1 : Operation 12 [1/1] (0.00ns)   --->   "%specinterface_ln0 = specinterface void @_ssdm_op_SpecInterface, i8 %split_out_6, void @empty_10, i32 0, i32 0, void @empty_0, i32 0, i32 0, void @empty_0, void @empty_0, void @empty_0, i32 0, i32 0, i32 0, i32 0, void @empty_0, void @empty_0, i32 4294967295, i32 0"   --->   Operation 12 'specinterface' 'specinterface_ln0' <Predicate = true> <Delay = 0.00>
ST_1 : Operation 13 [1/1] (0.00ns)   --->   "%specinterface_ln0 = specinterface void @_ssdm_op_SpecInterface, i8 %split_out_5, void @empty_10, i32 0, i32 0, void @empty_0, i32 0, i32 0, void @empty_0, void @empty_0, void @empty_0, i32 0, i32 0, i32 0, i32 0, void @empty_0, void @empty_0, i32 4294967295, i32 0"   --->   Operation 13 'specinterface' 'specinterface_ln0' <Predicate = true> <Delay = 0.00>
ST_1 : Operation 14 [1/1] (0.00ns)   --->   "%specinterface_ln0 = specinterface void @_ssdm_op_SpecInterface, i8 %split_out_4, void @empty_10, i32 0, i32 0, void @empty_0, i32 0, i32 0, void @empty_0, void @empty_0, void @empty_0, i32 0, i32 0, i32 0, i32 0, void @empty_0, void @empty_0, i32 4294967295, i32 0"   --->   Operation 14 'specinterface' 'specinterface_ln0' <Predicate = true> <Delay = 0.00>
ST_1 : Operation 15 [1/1] (0.00ns)   --->   "%specinterface_ln0 = specinterface void @_ssdm_op_SpecInterface, i8 %split_out_3, void @empty_10, i32 0, i32 0, void @empty_0, i32 0, i32 0, void @empty_0, void @empty_0, void @empty_0, i32 0, i32 0, i32 0, i32 0, void @empty_0, void @empty_0, i32 4294967295, i32 0"   --->   Operation 15 'specinterface' 'specinterface_ln0' <Predicate = true> <Delay = 0.00>
ST_1 : Operation 16 [1/1] (0.00ns)   --->   "%specinterface_ln0 = specinterface void @_ssdm_op_SpecInterface, i8 %split_out_2, void @empty_10, i32 0, i32 0, void @empty_0, i32 0, i32 0, void @empty_0, void @empty_0, void @empty_0, i32 0, i32 0, i32 0, i32 0, void @empty_0, void @empty_0, i32 4294967295, i32 0"   --->   Operation 16 'specinterface' 'specinterface_ln0' <Predicate = true> <Delay = 0.00>
ST_1 : Operation 17 [1/1] (0.00ns)   --->   "%specinterface_ln0 = specinterface void @_ssdm_op_SpecInterface, i8 %split_out_1, void @empty_10, i32 0, i32 0, void @empty_0, i32 0, i32 0, void @empty_0, void @empty_0, void @empty_0, i32 0, i32 0, i32 0, i32 0, void @empty_0, void @empty_0, i32 4294967295, i32 0"   --->   Operation 17 'specinterface' 'specinterface_ln0' <Predicate = true> <Delay = 0.00>
ST_1 : Operation 18 [1/1] (0.00ns)   --->   "%specinterface_ln0 = specinterface void @_ssdm_op_SpecInterface, i8 %split_out_0, void @empty_10, i32 0, i32 0, void @empty_0, i32 0, i32 0, void @empty_0, void @empty_0, void @empty_0, i32 0, i32 0, i32 0, i32 0, void @empty_0, void @empty_0, i32 4294967295, i32 0"   --->   Operation 18 'specinterface' 'specinterface_ln0' <Predicate = true> <Delay = 0.00>
ST_1 : Operation 19 [1/1] (0.00ns)   --->   "%specinterface_ln87 = specinterface void @_ssdm_op_SpecInterface, i32 0, void @empty_11, i32 0, i32 0, void @empty_0, i32 0, i32 0, void @empty_0, void @empty_0, void @empty_0, i32 0, i32 0, i32 0, i32 0, void @empty_0, void @empty_0, i32 4294967295, i32 0" [Byte_Count_Really_Good_This_Time/accelerator.cpp:87]   --->   Operation 19 'specinterface' 'specinterface_ln87' <Predicate = true> <Delay = 0.00>
ST_1 : Operation 20 [1/1] (0.00ns)   --->   "%call_ln87 = call void @worker.1, i8 %split_out_0, i8 %merge_in_0" [Byte_Count_Really_Good_This_Time/accelerator.cpp:87]   --->   Operation 20 'call' 'call_ln87' <Predicate = true> <Delay = 0.00> <CoreType = "Generic">   --->   Core 0 '' <Latency = 0> <II = 1> <Delay = 1.00> <Generic> <Opcode : >
ST_1 : Operation 21 [1/1] (0.00ns)   --->   "%call_ln87 = call void @worker.2, i8 %split_out_1, i8 %merge_in_1" [Byte_Count_Really_Good_This_Time/accelerator.cpp:87]   --->   Operation 21 'call' 'call_ln87' <Predicate = true> <Delay = 0.00> <CoreType = "Generic">   --->   Core 0 '' <Latency = 0> <II = 1> <Delay = 1.00> <Generic> <Opcode : >
ST_1 : Operation 22 [1/1] (0.00ns)   --->   "%call_ln87 = call void @worker.3, i8 %split_out_2, i8 %merge_in_2" [Byte_Count_Really_Good_This_Time/accelerator.cpp:87]   --->   Operation 22 'call' 'call_ln87' <Predicate = true> <Delay = 0.00> <CoreType = "Generic">   --->   Core 0 '' <Latency = 0> <II = 1> <Delay = 1.00> <Generic> <Opcode : >
ST_1 : Operation 23 [1/1] (0.00ns)   --->   "%call_ln87 = call void @worker.4, i8 %split_out_3, i8 %merge_in_3" [Byte_Count_Really_Good_This_Time/accelerator.cpp:87]   --->   Operation 23 'call' 'call_ln87' <Predicate = true> <Delay = 0.00> <CoreType = "Generic">   --->   Core 0 '' <Latency = 0> <II = 1> <Delay = 1.00> <Generic> <Opcode : >
ST_1 : Operation 24 [1/1] (0.00ns)   --->   "%call_ln87 = call void @worker.5, i8 %split_out_4, i8 %merge_in_4" [Byte_Count_Really_Good_This_Time/accelerator.cpp:87]   --->   Operation 24 'call' 'call_ln87' <Predicate = true> <Delay = 0.00> <CoreType = "Generic">   --->   Core 0 '' <Latency = 0> <II = 1> <Delay = 1.00> <Generic> <Opcode : >
ST_1 : Operation 25 [1/1] (0.00ns)   --->   "%call_ln87 = call void @worker.6, i8 %split_out_5, i8 %merge_in_5" [Byte_Count_Really_Good_This_Time/accelerator.cpp:87]   --->   Operation 25 'call' 'call_ln87' <Predicate = true> <Delay = 0.00> <CoreType = "Generic">   --->   Core 0 '' <Latency = 0> <II = 1> <Delay = 1.00> <Generic> <Opcode : >
ST_1 : Operation 26 [1/1] (0.00ns)   --->   "%call_ln87 = call void @worker.7, i8 %split_out_6, i8 %merge_in_6" [Byte_Count_Really_Good_This_Time/accelerator.cpp:87]   --->   Operation 26 'call' 'call_ln87' <Predicate = true> <Delay = 0.00> <CoreType = "Generic">   --->   Core 0 '' <Latency = 0> <II = 1> <Delay = 1.00> <Generic> <Opcode : >
ST_1 : Operation 27 [1/1] (0.00ns)   --->   "%call_ln87 = call void @worker, i8 %split_out_7, i8 %merge_in_7" [Byte_Count_Really_Good_This_Time/accelerator.cpp:87]   --->   Operation 27 'call' 'call_ln87' <Predicate = true> <Delay = 0.00> <CoreType = "Generic">   --->   Core 0 '' <Latency = 0> <II = 1> <Delay = 1.00> <Generic> <Opcode : >
ST_1 : Operation 28 [1/1] (0.00ns)   --->   "%ret_ln0 = ret"   --->   Operation 28 'ret' 'ret_ln0' <Predicate = true> <Delay = 0.00>


============================================================
+ Verbose Summary: Binding
============================================================
STG Binding: 
---------------- STG Properties BEGIN ----------------
- Is combinational: 0
- Is one-state seq: 1
- Is datapath-only: 0
- Is pipelined: 0
- Is top level: 0
Port [ Return ] is wired: 1; IO mode=ap_ctrl_none:ce=0
Port [ split_out_0]:  wired=1; compound=1; hidden=0; nouse=0; global=0; static=0; extern=0; dir=0; type=3; pingpong=0; private_global=0; IO mode=ap_fifo:ce=0
Port [ merge_in_0]:  wired=1; compound=1; hidden=0; nouse=0; global=0; static=0; extern=0; dir=1; type=3; pingpong=0; private_global=0; IO mode=ap_fifo:ce=0
Port [ split_out_1]:  wired=1; compound=1; hidden=0; nouse=0; global=0; static=0; extern=0; dir=0; type=3; pingpong=0; private_global=0; IO mode=ap_fifo:ce=0
Port [ merge_in_1]:  wired=1; compound=1; hidden=0; nouse=0; global=0; static=0; extern=0; dir=1; type=3; pingpong=0; private_global=0; IO mode=ap_fifo:ce=0
Port [ split_out_2]:  wired=1; compound=1; hidden=0; nouse=0; global=0; static=0; extern=0; dir=0; type=3; pingpong=0; private_global=0; IO mode=ap_fifo:ce=0
Port [ merge_in_2]:  wired=1; compound=1; hidden=0; nouse=0; global=0; static=0; extern=0; dir=1; type=3; pingpong=0; private_global=0; IO mode=ap_fifo:ce=0
Port [ split_out_3]:  wired=1; compound=1; hidden=0; nouse=0; global=0; static=0; extern=0; dir=0; type=3; pingpong=0; private_global=0; IO mode=ap_fifo:ce=0
Port [ merge_in_3]:  wired=1; compound=1; hidden=0; nouse=0; global=0; static=0; extern=0; dir=1; type=3; pingpong=0; private_global=0; IO mode=ap_fifo:ce=0
Port [ split_out_4]:  wired=1; compound=1; hidden=0; nouse=0; global=0; static=0; extern=0; dir=0; type=3; pingpong=0; private_global=0; IO mode=ap_fifo:ce=0
Port [ merge_in_4]:  wired=1; compound=1; hidden=0; nouse=0; global=0; static=0; extern=0; dir=1; type=3; pingpong=0; private_global=0; IO mode=ap_fifo:ce=0
Port [ split_out_5]:  wired=1; compound=1; hidden=0; nouse=0; global=0; static=0; extern=0; dir=0; type=3; pingpong=0; private_global=0; IO mode=ap_fifo:ce=0
Port [ merge_in_5]:  wired=1; compound=1; hidden=0; nouse=0; global=0; static=0; extern=0; dir=1; type=3; pingpong=0; private_global=0; IO mode=ap_fifo:ce=0
Port [ split_out_6]:  wired=1; compound=1; hidden=0; nouse=0; global=0; static=0; extern=0; dir=0; type=3; pingpong=0; private_global=0; IO mode=ap_fifo:ce=0
Port [ merge_in_6]:  wired=1; compound=1; hidden=0; nouse=0; global=0; static=0; extern=0; dir=1; type=3; pingpong=0; private_global=0; IO mode=ap_fifo:ce=0
Port [ split_out_7]:  wired=1; compound=1; hidden=0; nouse=0; global=0; static=0; extern=0; dir=0; type=3; pingpong=0; private_global=0; IO mode=ap_fifo:ce=0
Port [ merge_in_7]:  wired=1; compound=1; hidden=0; nouse=0; global=0; static=0; extern=0; dir=1; type=3; pingpong=0; private_global=0; IO mode=ap_fifo:ce=0
---------------- STG Properties END ------------------

---------------- Datapath Model BEGIN ----------------

<LifeTime>
<method=bitvector/>
specdataflowpipeline_ln87 (specdataflowpipeline) [ 00]
specinterface_ln0         (specinterface       ) [ 00]
specinterface_ln0         (specinterface       ) [ 00]
specinterface_ln0         (specinterface       ) [ 00]
specinterface_ln0         (specinterface       ) [ 00]
specinterface_ln0         (specinterface       ) [ 00]
specinterface_ln0         (specinterface       ) [ 00]
specinterface_ln0         (specinterface       ) [ 00]
specinterface_ln0         (specinterface       ) [ 00]
specinterface_ln0         (specinterface       ) [ 00]
specinterface_ln0         (specinterface       ) [ 00]
specinterface_ln0         (specinterface       ) [ 00]
specinterface_ln0         (specinterface       ) [ 00]
specinterface_ln0         (specinterface       ) [ 00]
specinterface_ln0         (specinterface       ) [ 00]
specinterface_ln0         (specinterface       ) [ 00]
specinterface_ln0         (specinterface       ) [ 00]
specinterface_ln87        (specinterface       ) [ 00]
call_ln87                 (call                ) [ 00]
call_ln87                 (call                ) [ 00]
call_ln87                 (call                ) [ 00]
call_ln87                 (call                ) [ 00]
call_ln87                 (call                ) [ 00]
call_ln87                 (call                ) [ 00]
call_ln87                 (call                ) [ 00]
call_ln87                 (call                ) [ 00]
ret_ln0                   (ret                 ) [ 00]
</LifeTime>

<model>

<comp_list>
<comp id="0" class="1000" name="split_out_0">
<pin_list>
<pin id="1" dir="1" index="0" bw="1" slack="0"/>
</pin_list>
<bind>
<StgValue><ssdm name="split_out_0"/></StgValue>
</bind>
</comp>

<comp id="2" class="1000" name="merge_in_0">
<pin_list>
<pin id="3" dir="1" index="0" bw="1" slack="0"/>
</pin_list>
<bind>
<StgValue><ssdm name="merge_in_0"/></StgValue>
</bind>
</comp>

<comp id="4" class="1000" name="split_out_1">
<pin_list>
<pin id="5" dir="1" index="0" bw="1" slack="0"/>
</pin_list>
<bind>
<StgValue><ssdm name="split_out_1"/></StgValue>
</bind>
</comp>

<comp id="6" class="1000" name="merge_in_1">
<pin_list>
<pin id="7" dir="1" index="0" bw="1" slack="0"/>
</pin_list>
<bind>
<StgValue><ssdm name="merge_in_1"/></StgValue>
</bind>
</comp>

<comp id="8" class="1000" name="split_out_2">
<pin_list>
<pin id="9" dir="1" index="0" bw="1" slack="0"/>
</pin_list>
<bind>
<StgValue><ssdm name="split_out_2"/></StgValue>
</bind>
</comp>

<comp id="10" class="1000" name="merge_in_2">
<pin_list>
<pin id="11" dir="1" index="0" bw="1" slack="0"/>
</pin_list>
<bind>
<StgValue><ssdm name="merge_in_2"/></StgValue>
</bind>
</comp>

<comp id="12" class="1000" name="split_out_3">
<pin_list>
<pin id="13" dir="1" index="0" bw="1" slack="0"/>
</pin_list>
<bind>
<StgValue><ssdm name="split_out_3"/></StgValue>
</bind>
</comp>

<comp id="14" class="1000" name="merge_in_3">
<pin_list>
<pin id="15" dir="1" index="0" bw="1" slack="0"/>
</pin_list>
<bind>
<StgValue><ssdm name="merge_in_3"/></StgValue>
</bind>
</comp>

<comp id="16" class="1000" name="split_out_4">
<pin_list>
<pin id="17" dir="1" index="0" bw="1" slack="0"/>
</pin_list>
<bind>
<StgValue><ssdm name="split_out_4"/></StgValue>
</bind>
</comp>

<comp id="18" class="1000" name="merge_in_4">
<pin_list>
<pin id="19" dir="1" index="0" bw="1" slack="0"/>
</pin_list>
<bind>
<StgValue><ssdm name="merge_in_4"/></StgValue>
</bind>
</comp>

<comp id="20" class="1000" name="split_out_5">
<pin_list>
<pin id="21" dir="1" index="0" bw="1" slack="0"/>
</pin_list>
<bind>
<StgValue><ssdm name="split_out_5"/></StgValue>
</bind>
</comp>

<comp id="22" class="1000" name="merge_in_5">
<pin_list>
<pin id="23" dir="1" index="0" bw="1" slack="0"/>
</pin_list>
<bind>
<StgValue><ssdm name="merge_in_5"/></StgValue>
</bind>
</comp>

<comp id="24" class="1000" name="split_out_6">
<pin_list>
<pin id="25" dir="1" index="0" bw="1" slack="0"/>
</pin_list>
<bind>
<StgValue><ssdm name="split_out_6"/></StgValue>
</bind>
</comp>

<comp id="26" class="1000" name="merge_in_6">
<pin_list>
<pin id="27" dir="1" index="0" bw="1" slack="0"/>
</pin_list>
<bind>
<StgValue><ssdm name="merge_in_6"/></StgValue>
</bind>
</comp>

<comp id="28" class="1000" name="split_out_7">
<pin_list>
<pin id="29" dir="1" index="0" bw="1" slack="0"/>
</pin_list>
<bind>
<StgValue><ssdm name="split_out_7"/></StgValue>
</bind>
</comp>

<comp id="30" class="1000" name="merge_in_7">
<pin_list>
<pin id="31" dir="1" index="0" bw="1" slack="0"/>
</pin_list>
<bind>
<StgValue><ssdm name="merge_in_7"/></StgValue>
</bind>
</comp>

<comp id="32" class="1001" name="const_32">
<pin_list>
<pin id="33" dir="1" index="0" bw="1" slack="2147483647"/>
</pin_list>
<bind>
<StgValue><ssdm name="_ssdm_op_SpecDataflowPipeline"/></StgValue>
</bind>
</comp>

<comp id="34" class="1001" name="const_34">
<pin_list>
<pin id="35" dir="1" index="0" bw="1" slack="2147483647"/>
</pin_list>
<bind>
<StgValue><ssdm name=""/></StgValue>
</bind>
</comp>

<comp id="36" class="1001" name="const_36">
<pin_list>
<pin id="37" dir="1" index="0" bw="1" slack="2147483647"/>
</pin_list>
<bind>
<StgValue><ssdm name=""/></StgValue>
</bind>
</comp>

<comp id="38" class="1001" name="const_38">
<pin_list>
<pin id="39" dir="1" index="0" bw="1" slack="2147483647"/>
</pin_list>
<bind>
<StgValue><ssdm name="empty_0"/></StgValue>
</bind>
</comp>

<comp id="40" class="1001" name="const_40">
<pin_list>
<pin id="41" dir="1" index="0" bw="1" slack="2147483647"/>
</pin_list>
<bind>
<StgValue><ssdm name="_ssdm_op_SpecInterface"/></StgValue>
</bind>
</comp>

<comp id="42" class="1001" name="const_42">
<pin_list>
<pin id="43" dir="1" index="0" bw="1" slack="2147483647"/>
</pin_list>
<bind>
<StgValue><ssdm name="empty_10"/></StgValue>
</bind>
</comp>

<comp id="44" class="1001" name="const_44">
<pin_list>
<pin id="45" dir="1" index="0" bw="1" slack="2147483647"/>
</pin_list>
<bind>
<StgValue><ssdm name=""/></StgValue>
</bind>
</comp>

<comp id="46" class="1001" name="const_46">
<pin_list>
<pin id="47" dir="1" index="0" bw="1" slack="2147483647"/>
</pin_list>
<bind>
<StgValue><ssdm name="empty_11"/></StgValue>
</bind>
</comp>

<comp id="48" class="1001" name="const_48">
<pin_list>
<pin id="49" dir="1" index="0" bw="1" slack="0"/>
</pin_list>
<bind>
<StgValue><ssdm name="worker.1"/></StgValue>
</bind>
</comp>

<comp id="50" class="1001" name="const_50">
<pin_list>
<pin id="51" dir="1" index="0" bw="1" slack="0"/>
</pin_list>
<bind>
<StgValue><ssdm name="worker.2"/></StgValue>
</bind>
</comp>

<comp id="52" class="1001" name="const_52">
<pin_list>
<pin id="53" dir="1" index="0" bw="1" slack="0"/>
</pin_list>
<bind>
<StgValue><ssdm name="worker.3"/></StgValue>
</bind>
</comp>

<comp id="54" class="1001" name="const_54">
<pin_list>
<pin id="55" dir="1" index="0" bw="1" slack="0"/>
</pin_list>
<bind>
<StgValue><ssdm name="worker.4"/></StgValue>
</bind>
</comp>

<comp id="56" class="1001" name="const_56">
<pin_list>
<pin id="57" dir="1" index="0" bw="1" slack="0"/>
</pin_list>
<bind>
<StgValue><ssdm name="worker.5"/></StgValue>
</bind>
</comp>

<comp id="58" class="1001" name="const_58">
<pin_list>
<pin id="59" dir="1" index="0" bw="1" slack="0"/>
</pin_list>
<bind>
<StgValue><ssdm name="worker.6"/></StgValue>
</bind>
</comp>

<comp id="60" class="1001" name="const_60">
<pin_list>
<pin id="61" dir="1" index="0" bw="1" slack="0"/>
</pin_list>
<bind>
<StgValue><ssdm name="worker.7"/></StgValue>
</bind>
</comp>

<comp id="62" class="1001" name="const_62">
<pin_list>
<pin id="63" dir="1" index="0" bw="1" slack="0"/>
</pin_list>
<bind>
<StgValue><ssdm name="worker"/></StgValue>
</bind>
</comp>

<comp id="64" class="1004" name="call_ln87_worker_1_fu_64">
<pin_list>
<pin id="65" dir="0" index="0" bw="0" slack="0"/>
<pin id="66" dir="0" index="1" bw="8" slack="0"/>
<pin id="67" dir="0" index="2" bw="8" slack="0"/>
<pin id="68" dir="1" index="3" bw="0" slack="2147483647"/>
</pin_list>
<bind>
<opcode="call(48) " fcode="call"/>
<opset="call_ln87/1 "/>
</bind>
</comp>

<comp id="72" class="1004" name="call_ln87_worker_2_fu_72">
<pin_list>
<pin id="73" dir="0" index="0" bw="0" slack="0"/>
<pin id="74" dir="0" index="1" bw="8" slack="0"/>
<pin id="75" dir="0" index="2" bw="8" slack="0"/>
<pin id="76" dir="1" index="3" bw="0" slack="2147483647"/>
</pin_list>
<bind>
<opcode="call(48) " fcode="call"/>
<opset="call_ln87/1 "/>
</bind>
</comp>

<comp id="80" class="1004" name="call_ln87_worker_3_fu_80">
<pin_list>
<pin id="81" dir="0" index="0" bw="0" slack="0"/>
<pin id="82" dir="0" index="1" bw="8" slack="0"/>
<pin id="83" dir="0" index="2" bw="8" slack="0"/>
<pin id="84" dir="1" index="3" bw="0" slack="2147483647"/>
</pin_list>
<bind>
<opcode="call(48) " fcode="call"/>
<opset="call_ln87/1 "/>
</bind>
</comp>

<comp id="88" class="1004" name="call_ln87_worker_4_fu_88">
<pin_list>
<pin id="89" dir="0" index="0" bw="0" slack="0"/>
<pin id="90" dir="0" index="1" bw="8" slack="0"/>
<pin id="91" dir="0" index="2" bw="8" slack="0"/>
<pin id="92" dir="1" index="3" bw="0" slack="2147483647"/>
</pin_list>
<bind>
<opcode="call(48) " fcode="call"/>
<opset="call_ln87/1 "/>
</bind>
</comp>

<comp id="96" class="1004" name="call_ln87_worker_5_fu_96">
<pin_list>
<pin id="97" dir="0" index="0" bw="0" slack="0"/>
<pin id="98" dir="0" index="1" bw="8" slack="0"/>
<pin id="99" dir="0" index="2" bw="8" slack="0"/>
<pin id="100" dir="1" index="3" bw="0" slack="2147483647"/>
</pin_list>
<bind>
<opcode="call(48) " fcode="call"/>
<opset="call_ln87/1 "/>
</bind>
</comp>

<comp id="104" class="1004" name="call_ln87_worker_6_fu_104">
<pin_list>
<pin id="105" dir="0" index="0" bw="0" slack="0"/>
<pin id="106" dir="0" index="1" bw="8" slack="0"/>
<pin id="107" dir="0" index="2" bw="8" slack="0"/>
<pin id="108" dir="1" index="3" bw="0" slack="2147483647"/>
</pin_list>
<bind>
<opcode="call(48) " fcode="call"/>
<opset="call_ln87/1 "/>
</bind>
</comp>

<comp id="112" class="1004" name="call_ln87_worker_7_fu_112">
<pin_list>
<pin id="113" dir="0" index="0" bw="0" slack="0"/>
<pin id="114" dir="0" index="1" bw="8" slack="0"/>
<pin id="115" dir="0" index="2" bw="8" slack="0"/>
<pin id="116" dir="1" index="3" bw="0" slack="2147483647"/>
</pin_list>
<bind>
<opcode="call(48) " fcode="call"/>
<opset="call_ln87/1 "/>
</bind>
</comp>

<comp id="120" class="1004" name="call_ln87_worker_fu_120">
<pin_list>
<pin id="121" dir="0" index="0" bw="0" slack="0"/>
<pin id="122" dir="0" index="1" bw="8" slack="0"/>
<pin id="123" dir="0" index="2" bw="8" slack="0"/>
<pin id="124" dir="1" index="3" bw="0" slack="2147483647"/>
</pin_list>
<bind>
<opcode="call(48) " fcode="call"/>
<opset="call_ln87/1 "/>
</bind>
</comp>

</comp_list>

<net_list>
<net id="69"><net_src comp="48" pin="0"/><net_sink comp="64" pin=0"/></net>

<net id="70"><net_src comp="0" pin="0"/><net_sink comp="64" pin=1"/></net>

<net id="71"><net_src comp="2" pin="0"/><net_sink comp="64" pin=2"/></net>

<net id="77"><net_src comp="50" pin="0"/><net_sink comp="72" pin=0"/></net>

<net id="78"><net_src comp="4" pin="0"/><net_sink comp="72" pin=1"/></net>

<net id="79"><net_src comp="6" pin="0"/><net_sink comp="72" pin=2"/></net>

<net id="85"><net_src comp="52" pin="0"/><net_sink comp="80" pin=0"/></net>

<net id="86"><net_src comp="8" pin="0"/><net_sink comp="80" pin=1"/></net>

<net id="87"><net_src comp="10" pin="0"/><net_sink comp="80" pin=2"/></net>

<net id="93"><net_src comp="54" pin="0"/><net_sink comp="88" pin=0"/></net>

<net id="94"><net_src comp="12" pin="0"/><net_sink comp="88" pin=1"/></net>

<net id="95"><net_src comp="14" pin="0"/><net_sink comp="88" pin=2"/></net>

<net id="101"><net_src comp="56" pin="0"/><net_sink comp="96" pin=0"/></net>

<net id="102"><net_src comp="16" pin="0"/><net_sink comp="96" pin=1"/></net>

<net id="103"><net_src comp="18" pin="0"/><net_sink comp="96" pin=2"/></net>

<net id="109"><net_src comp="58" pin="0"/><net_sink comp="104" pin=0"/></net>

<net id="110"><net_src comp="20" pin="0"/><net_sink comp="104" pin=1"/></net>

<net id="111"><net_src comp="22" pin="0"/><net_sink comp="104" pin=2"/></net>

<net id="117"><net_src comp="60" pin="0"/><net_sink comp="112" pin=0"/></net>

<net id="118"><net_src comp="24" pin="0"/><net_sink comp="112" pin=1"/></net>

<net id="119"><net_src comp="26" pin="0"/><net_sink comp="112" pin=2"/></net>

<net id="125"><net_src comp="62" pin="0"/><net_sink comp="120" pin=0"/></net>

<net id="126"><net_src comp="28" pin="0"/><net_sink comp="120" pin=1"/></net>

<net id="127"><net_src comp="30" pin="0"/><net_sink comp="120" pin=2"/></net>

</net_list>

</model> 
---------------- Datapath Model END ------------------

* FSMD analyzer results:
  - Output states:
	Port: merge_in_0 | {1 }
	Port: merge_in_1 | {1 }
	Port: merge_in_2 | {1 }
	Port: merge_in_3 | {1 }
	Port: merge_in_4 | {1 }
	Port: merge_in_5 | {1 }
	Port: merge_in_6 | {1 }
	Port: merge_in_7 | {1 }
 - Input state : 
	Port: KPN : split_out_0 | {1 }
	Port: KPN : split_out_1 | {1 }
	Port: KPN : split_out_2 | {1 }
	Port: KPN : split_out_3 | {1 }
	Port: KPN : split_out_4 | {1 }
	Port: KPN : split_out_5 | {1 }
	Port: KPN : split_out_6 | {1 }
	Port: KPN : split_out_7 | {1 }
  - Chain level:
	State 1


============================================================
+ Verbose Summary: Datapath Resource usage 
============================================================

* Functional unit list:
|----------|---------------------------|
| Operation|      Functional Unit      |
|----------|---------------------------|
|          |  call_ln87_worker_1_fu_64 |
|          |  call_ln87_worker_2_fu_72 |
|          |  call_ln87_worker_3_fu_80 |
|   call   |  call_ln87_worker_4_fu_88 |
|          |  call_ln87_worker_5_fu_96 |
|          | call_ln87_worker_6_fu_104 |
|          | call_ln87_worker_7_fu_112 |
|          |  call_ln87_worker_fu_120  |
|----------|---------------------------|
|   Total  |                           |
|----------|---------------------------|

Memories:
N/A

* Register list:
N/A

* Multiplexer (MUX) list: 
|--------|------|------|------|--------|
|  Comp  |  Pin | Size |  BW  | S x BW |
|--------|------|------|------|--------|
|  Total |      |      |      |    0   |
|--------|------|------|------|--------|



* Summary:
+-----------+
|           |
+-----------+
|  Function |
|   Memory  |
|Multiplexer|
|  Register |
+-----------+
|   Total   |
+-----------+
