

================================================================
== Vitis HLS Report for 'split_input_stream'
================================================================
* Date:           Sun Jan 29 14:07:09 2023

* Version:        2022.1 (Build 3526262 on Mon Apr 18 15:48:16 MDT 2022)
* Project:        Byte_Count_Really_Good_This_Time
* Solution:       solution1 (Vivado IP Flow Target)
* Product family: zynq
* Target device:  xc7z020-clg484-1


================================================================
== Performance Estimates
================================================================
+ Timing: 
    * Summary: 
    +--------+----------+----------+------------+
    |  Clock |  Target  | Estimated| Uncertainty|
    +--------+----------+----------+------------+
    |ap_clk  |  10.00 ns|  3.538 ns|     2.70 ns|
    +--------+----------+----------+------------+

+ Latency: 
    * Summary: 
    +---------+---------+----------+----------+-----+-----+---------+
    |  Latency (cycles) |  Latency (absolute) |  Interval | Pipeline|
    |   min   |   max   |    min   |    max   | min | max |   Type  |
    +---------+---------+----------+----------+-----+-----+---------+
    |        ?|        ?|         ?|         ?|    ?|    ?|       no|
    +---------+---------+----------+----------+-----+-----+---------+

    + Detail: 
        * Instance: 
        N/A

        * Loop: 
        N/A

============================================================
+ Verbose Summary: Synthesis Manager
============================================================
InlineROM: 1
ExposeGlobal: 0
============================================================
+ Verbose Summary: CDFG Model
============================================================
IsTopModel: 0
ResetActiveHigh: 1
IsCombinational: 2
IsDatapathOnly: 0
HasWiredReturn: 1
HasMFsm: 0
HasVarLatency: 1
IsPipeline: 0
IsRtlPipelined: 0
IsInstanceOverlapped: 0
IsDontTouch: 0
HasImplIP: 0
IsGatedGlobalClock: 0


============================================================
+ Verbose Summary: Schedule
============================================================
* Number of FSM states : 3
* Pipeline : 0
* Dataflow Pipeline: 0

* FSM state transitions: 
1 --> 2 
2 --> 3 
3 --> 

* FSM state operations: 

State 1 <SV = 0> <Delay = 0.00>
ST_1 : Operation 4 [1/1] (0.00ns)   --->   "%empty = read i11 @_ssdm_op_Read.axis.volatile.i8P0A.i1P0A.i1P0A.i1P0A, i8 %InStream_V_data_V, i1 %InStream_V_keep_V, i1 %InStream_V_strb_V, i1 %InStream_V_last_V"   --->   Operation 4 'read' 'empty' <Predicate = true> <Delay = 0.00> <CoreInst = "axis">   --->   Core 115 'axis' <Latency = 0> <II = 1> <Delay = 1.00> <Adapter> <Opcode : >
ST_1 : Operation 5 [1/1] (0.00ns)   --->   "%tmp_data_V = extractvalue i11 %empty"   --->   Operation 5 'extractvalue' 'tmp_data_V' <Predicate = true> <Delay = 0.00>
ST_1 : Operation 6 [1/1] (0.00ns)   --->   "%tmp_last_V = extractvalue i11 %empty"   --->   Operation 6 'extractvalue' 'tmp_last_V' <Predicate = true> <Delay = 0.00>

State 2 <SV = 1> <Delay = 3.53>
ST_2 : Operation 7 [1/1] (0.00ns)   --->   "%tmp_1 = bitconcatenate i9 @_ssdm_op_BitConcatenate.i9.i1.i8, i1 %tmp_last_V, i8 %tmp_data_V" [C:/Xilinx/Vitis_HLS/2022.1/common/technology/autopilot/hls_stream_39.h:174]   --->   Operation 7 'bitconcatenate' 'tmp_1' <Predicate = true> <Delay = 0.00>
ST_2 : Operation 8 [1/1] (0.00ns)   --->   "%empty_10 = wait i32 @_ssdm_op_Wait"   --->   Operation 8 'wait' 'empty_10' <Predicate = true> <Delay = 0.00>
ST_2 : Operation 9 [2/2] (3.53ns)   --->   "%call_ln174 = call void @split_input_stream_Pipeline_VITIS_LOOP_16_1, i9 %tmp_1, i9 %split_buffer, i1 %tmp_last_V" [C:/Xilinx/Vitis_HLS/2022.1/common/technology/autopilot/hls_stream_39.h:174]   --->   Operation 9 'call' 'call_ln174' <Predicate = true> <Delay = 3.53> <CoreType = "Generic">   --->   Core 0 '' <Latency = 0> <II = 1> <Delay = 1.00> <Generic> <Opcode : >

State 3 <SV = 2> <Delay = 0.00>
ST_3 : Operation 10 [1/1] (0.00ns)   --->   "%specinterface_ln0 = specinterface void @_ssdm_op_SpecInterface, i9 %split_buffer, void @empty_4, i32 0, i32 0, void @empty_1, i32 0, i32 0, void @empty_1, void @empty_1, void @empty_1, i32 0, i32 0, i32 0, i32 0, void @empty_1, void @empty_1, i32 4294967295, i32 0"   --->   Operation 10 'specinterface' 'specinterface_ln0' <Predicate = true> <Delay = 0.00>
ST_3 : Operation 11 [1/1] (0.00ns)   --->   "%specinterface_ln0 = specinterface void @_ssdm_op_SpecInterface, i1 %InStream_V_last_V, i1 %InStream_V_strb_V, i1 %InStream_V_keep_V, i8 %InStream_V_data_V, void @empty, i32 1, i32 1, void @empty_0, i32 0, i32 0, void @empty_1, void @empty_1, void @empty_1, i32 0, i32 0, i32 0, i32 0, void @empty_1, void @empty_1, i32 4294967295, i32 0"   --->   Operation 11 'specinterface' 'specinterface_ln0' <Predicate = true> <Delay = 0.00>
ST_3 : Operation 12 [1/2] (0.00ns)   --->   "%call_ln174 = call void @split_input_stream_Pipeline_VITIS_LOOP_16_1, i9 %tmp_1, i9 %split_buffer, i1 %tmp_last_V" [C:/Xilinx/Vitis_HLS/2022.1/common/technology/autopilot/hls_stream_39.h:174]   --->   Operation 12 'call' 'call_ln174' <Predicate = true> <Delay = 0.00> <CoreType = "Generic">   --->   Core 0 '' <Latency = 0> <II = 1> <Delay = 1.00> <Generic> <Opcode : >
ST_3 : Operation 13 [1/1] (0.00ns)   --->   "%ret_ln22 = ret" [Byte_Count_Really_Good_This_Time/accelerator.cpp:22]   --->   Operation 13 'ret' 'ret_ln22' <Predicate = true> <Delay = 0.00>


============================================================
+ Verbose Summary: Timing violations
============================================================
Target clock period: 10ns, clock uncertainty: 2.7ns.

 <State 1>: 0ns
The critical path consists of the following:

 <State 2>: 3.54ns
The critical path consists of the following:
	'call' operation ('call_ln174', C:/Xilinx/Vitis_HLS/2022.1/common/technology/autopilot/hls_stream_39.h:174) to 'split_input_stream_Pipeline_VITIS_LOOP_16_1' [13]  (3.54 ns)

 <State 3>: 0ns
The critical path consists of the following:


============================================================
+ Verbose Summary: Binding
============================================================
N/A
* FSMD analyzer results:
  - Output states:
 - Input state : 
  - Chain level:
	State 1
	State 2
	State 3


============================================================
+ Verbose Summary: Datapath Resource usage 
============================================================
N/A
