

================================================================
== Vitis HLS Report for 'worker_4'
================================================================
* Date:           Thu Jul 13 17:55:00 2023

* Version:        2023.1 (Build 3854077 on May  4 2023)
* Project:        Byte_Count_Really_Good_This_Time
* Solution:       solution1 (Vivado IP Flow Target)
* Product family: zynq
* Target device:  xc7z020-clg484-1


================================================================
== Performance Estimates
================================================================
+ Timing: 
    * Summary: 
    +--------+---------+----------+------------+
    |  Clock |  Target | Estimated| Uncertainty|
    +--------+---------+----------+------------+
    |ap_clk  |  5.00 ns|  3.650 ns|     1.35 ns|
    +--------+---------+----------+------------+

+ Latency: 
    * Summary: 
    +---------+---------+----------+----------+-----+-----+---------+
    |  Latency (cycles) |  Latency (absolute) |  Interval | Pipeline|
    |   min   |   max   |    min   |    max   | min | max |   Type  |
    +---------+---------+----------+----------+-----+-----+---------+
    |        0|        0|      0 ns|      0 ns|    0|    0|       no|
    +---------+---------+----------+----------+-----+-----+---------+

    + Detail: 
        * Instance: 
        N/A

        * Loop: 
        N/A



================================================================
== Utilization Estimates
================================================================
* Summary: 
+-----------------+---------+-----+--------+-------+-----+
|       Name      | BRAM_18K| DSP |   FF   |  LUT  | URAM|
+-----------------+---------+-----+--------+-------+-----+
|DSP              |        -|    -|       -|      -|    -|
|Expression       |        -|    -|       0|     10|    -|
|FIFO             |        -|    -|       -|      -|    -|
|Instance         |        -|    -|       -|      -|    -|
|Memory           |        -|    -|       -|      -|    -|
|Multiplexer      |        -|    -|       -|     27|    -|
|Register         |        -|    -|       2|      -|    -|
+-----------------+---------+-----+--------+-------+-----+
|Total            |        0|    0|       2|     37|    0|
+-----------------+---------+-----+--------+-------+-----+
|Available        |      280|  220|  106400|  53200|    0|
+-----------------+---------+-----+--------+-------+-----+
|Utilization (%)  |        0|    0|      ~0|     ~0|    0|
+-----------------+---------+-----+--------+-------+-----+

+ Detail: 
    * Instance: 
    N/A

    * DSP: 
    N/A

    * Memory: 
    N/A

    * FIFO: 
    N/A

    * Expression: 
    +-----------------+----------+----+---+----+------------+------------+
    |  Variable Name  | Operation| DSP| FF| LUT| Bitwidth P0| Bitwidth P1|
    +-----------------+----------+----+---+----+------------+------------+
    |ap_block_state1  |        or|   0|  0|   2|           1|           1|
    |merge_in_3_din   |        or|   0|  0|   8|           8|           1|
    +-----------------+----------+----+---+----+------------+------------+
    |Total            |          |   0|  0|  10|           9|           2|
    +-----------------+----------+----+---+----+------------+------------+

    * Multiplexer: 
    +-------------------+----+-----------+-----+-----------+
    |        Name       | LUT| Input Size| Bits| Total Bits|
    +-------------------+----+-----------+-----+-----------+
    |ap_done            |   9|          2|    1|          2|
    |merge_in_3_blk_n   |   9|          2|    1|          2|
    |split_out_3_blk_n  |   9|          2|    1|          2|
    +-------------------+----+-----------+-----+-----------+
    |Total              |  27|          6|    3|          6|
    +-------------------+----+-----------+-----+-----------+

    * Register: 
    +-------------+---+----+-----+-----------+
    |     Name    | FF| LUT| Bits| Const Bits|
    +-------------+---+----+-----+-----------+
    |ap_CS_fsm    |  1|   0|    1|          0|
    |ap_done_reg  |  1|   0|    1|          0|
    +-------------+---+----+-----+-----------+
    |Total        |  2|   0|    2|          0|
    +-------------+---+----+-----+-----------+



================================================================
== Interface
================================================================
* Summary: 
+---------------------+-----+-----+------------+--------------+--------------+
|      RTL Ports      | Dir | Bits|  Protocol  | Source Object|    C Type    |
+---------------------+-----+-----+------------+--------------+--------------+
|ap_clk               |   in|    1|  ap_ctrl_hs|      worker.4|  return value|
|ap_rst               |   in|    1|  ap_ctrl_hs|      worker.4|  return value|
|ap_start             |   in|    1|  ap_ctrl_hs|      worker.4|  return value|
|ap_done              |  out|    1|  ap_ctrl_hs|      worker.4|  return value|
|ap_continue          |   in|    1|  ap_ctrl_hs|      worker.4|  return value|
|ap_idle              |  out|    1|  ap_ctrl_hs|      worker.4|  return value|
|ap_ready             |  out|    1|  ap_ctrl_hs|      worker.4|  return value|
|split_out_3_dout     |   in|    8|     ap_fifo|   split_out_3|       pointer|
|split_out_3_empty_n  |   in|    1|     ap_fifo|   split_out_3|       pointer|
|split_out_3_read     |  out|    1|     ap_fifo|   split_out_3|       pointer|
|merge_in_3_din       |  out|    8|     ap_fifo|    merge_in_3|       pointer|
|merge_in_3_full_n    |   in|    1|     ap_fifo|    merge_in_3|       pointer|
|merge_in_3_write     |  out|    1|     ap_fifo|    merge_in_3|       pointer|
+---------------------+-----+-----+------------+--------------+--------------+

============================================================
+ Verbose Summary: Synthesis Manager
============================================================
InlineROM: 1
ExposeGlobal: 0
============================================================
+ Verbose Summary: CDFG Model
============================================================
IsTopModel: 0
ResetActiveHigh: 1
IsCombinational: 2
IsDatapathOnly: 0
HasWiredReturn: 1
HasMFsm: 0
HasVarLatency: 0
IsPipeline: 0
IsRtlPipelined: 0
IsInstanceOverlapped: 0
IsDontTouch: 0
HasImplIP: 0
IsGatedGlobalClock: 0


============================================================
+ Verbose Summary: Schedule
============================================================
* Number of FSM states : 1
* Pipeline : 0
* Dataflow Pipeline: 0

* FSM state transitions: 
1 --> 

* FSM state operations: 

State 1 <SV = 0> <Delay = 3.65>
ST_1 : Operation 2 [1/1] (0.00ns)   --->   "%specinterface_ln0 = specinterface void @_ssdm_op_SpecInterface, i8 %split_out_3, void @empty_3, i32 0, i32 0, void @empty_1, i32 0, i32 0, void @empty_1, void @empty_1, void @empty_1, i32 0, i32 0, i32 0, i32 0, void @empty_1, void @empty_1, i32 4294967295, i32 0"   --->   Operation 2 'specinterface' 'specinterface_ln0' <Predicate = true> <Delay = 0.00>
ST_1 : Operation 3 [1/1] (0.00ns)   --->   "%specinterface_ln0 = specinterface void @_ssdm_op_SpecInterface, i8 %merge_in_3, void @empty_3, i32 0, i32 0, void @empty_1, i32 0, i32 0, void @empty_1, void @empty_1, void @empty_1, i32 0, i32 0, i32 0, i32 0, void @empty_1, void @empty_1, i32 4294967295, i32 0"   --->   Operation 3 'specinterface' 'specinterface_ln0' <Predicate = true> <Delay = 0.00>
ST_1 : Operation 4 [1/1] (1.82ns)   --->   "%temp = read i8 @_ssdm_op_Read.ap_fifo.volatile.i8P0A, i8 %split_out_3" [Byte_Count_Really_Good_This_Time/accelerator.cpp:23]   --->   Operation 4 'read' 'temp' <Predicate = true> <Delay = 1.82> <CoreInst = "FIFO">   --->   Core 78 'FIFO' <Latency = 0> <II = 1> <Delay = 3.47> <Storage> <Opcode : 'read' 'write' 'nbread' 'nbwrite'> <Ports = 0> <Width = -1> <Depth = -1> <FIFO>
ST_1 : Operation 5 [1/1] (0.00ns)   --->   "%shl_ln24 = shl i8 %temp, i8 1" [Byte_Count_Really_Good_This_Time/accelerator.cpp:24]   --->   Operation 5 'shl' 'shl_ln24' <Predicate = true> <Delay = 0.00>
ST_1 : Operation 6 [1/1] (0.00ns)   --->   "%temp_4 = or i8 %shl_ln24, i8 1" [Byte_Count_Really_Good_This_Time/accelerator.cpp:24]   --->   Operation 6 'or' 'temp_4' <Predicate = true> <Delay = 0.00>
ST_1 : Operation 7 [1/1] (1.82ns)   --->   "%write_ln25 = write void @_ssdm_op_Write.ap_fifo.volatile.i8P0A, i8 %merge_in_3, i8 %temp_4" [Byte_Count_Really_Good_This_Time/accelerator.cpp:25]   --->   Operation 7 'write' 'write_ln25' <Predicate = true> <Delay = 1.82> <CoreInst = "FIFO">   --->   Core 78 'FIFO' <Latency = 0> <II = 1> <Delay = 3.47> <Storage> <Opcode : 'read' 'write' 'nbread' 'nbwrite'> <Ports = 0> <Width = -1> <Depth = -1> <FIFO>
ST_1 : Operation 8 [1/1] (0.00ns)   --->   "%ret_ln26 = ret" [Byte_Count_Really_Good_This_Time/accelerator.cpp:26]   --->   Operation 8 'ret' 'ret_ln26' <Predicate = true> <Delay = 0.00>


============================================================
+ Verbose Summary: Binding
============================================================
STG Binding: 
---------------- STG Properties BEGIN ----------------
- Is combinational: 0
- Is one-state seq: 1
- Is datapath-only: 0
- Is pipelined: 0
- Is top level: 0
Port [ Return ] is wired: 1; IO mode=ap_ctrl_hs:ce=0
Port [ split_out_3]:  wired=1; compound=1; hidden=0; nouse=0; global=0; static=0; extern=0; dir=0; type=3; pingpong=0; private_global=0; IO mode=ap_fifo:ce=0
Port [ merge_in_3]:  wired=1; compound=1; hidden=0; nouse=0; global=0; static=0; extern=0; dir=1; type=3; pingpong=0; private_global=0; IO mode=ap_fifo:ce=0
---------------- STG Properties END ------------------

---------------- Datapath Model BEGIN ----------------

<LifeTime>
<method=bitvector/>
specinterface_ln0 (specinterface) [ 00]
specinterface_ln0 (specinterface) [ 00]
temp              (read         ) [ 00]
shl_ln24          (shl          ) [ 00]
temp_4            (or           ) [ 00]
write_ln25        (write        ) [ 00]
ret_ln26          (ret          ) [ 00]
</LifeTime>

<model>

<comp_list>
<comp id="0" class="1000" name="split_out_3">
<pin_list>
<pin id="1" dir="1" index="0" bw="1" slack="0"/>
</pin_list>
<bind>
<StgValue><ssdm name="split_out_3"/></StgValue>
</bind>
</comp>

<comp id="2" class="1000" name="merge_in_3">
<pin_list>
<pin id="3" dir="1" index="0" bw="1" slack="0"/>
</pin_list>
<bind>
<StgValue><ssdm name="merge_in_3"/></StgValue>
</bind>
</comp>

<comp id="4" class="1001" name="const_4">
<pin_list>
<pin id="5" dir="1" index="0" bw="1" slack="2147483647"/>
</pin_list>
<bind>
<StgValue><ssdm name="_ssdm_op_SpecInterface"/></StgValue>
</bind>
</comp>

<comp id="6" class="1001" name="const_6">
<pin_list>
<pin id="7" dir="1" index="0" bw="1" slack="2147483647"/>
</pin_list>
<bind>
<StgValue><ssdm name="empty_3"/></StgValue>
</bind>
</comp>

<comp id="8" class="1001" name="const_8">
<pin_list>
<pin id="9" dir="1" index="0" bw="1" slack="2147483647"/>
</pin_list>
<bind>
<StgValue><ssdm name=""/></StgValue>
</bind>
</comp>

<comp id="10" class="1001" name="const_10">
<pin_list>
<pin id="11" dir="1" index="0" bw="1" slack="2147483647"/>
</pin_list>
<bind>
<StgValue><ssdm name="empty_1"/></StgValue>
</bind>
</comp>

<comp id="12" class="1001" name="const_12">
<pin_list>
<pin id="13" dir="1" index="0" bw="1" slack="2147483647"/>
</pin_list>
<bind>
<StgValue><ssdm name=""/></StgValue>
</bind>
</comp>

<comp id="14" class="1001" name="const_14">
<pin_list>
<pin id="15" dir="1" index="0" bw="1" slack="0"/>
</pin_list>
<bind>
<StgValue><ssdm name="_ssdm_op_Read.ap_fifo.volatile.i8P0A"/></StgValue>
</bind>
</comp>

<comp id="16" class="1001" name="const_16">
<pin_list>
<pin id="17" dir="1" index="0" bw="1" slack="0"/>
</pin_list>
<bind>
<StgValue><ssdm name=""/></StgValue>
</bind>
</comp>

<comp id="18" class="1001" name="const_18">
<pin_list>
<pin id="19" dir="1" index="0" bw="1" slack="0"/>
</pin_list>
<bind>
<StgValue><ssdm name="_ssdm_op_Write.ap_fifo.volatile.i8P0A"/></StgValue>
</bind>
</comp>

<comp id="20" class="1004" name="temp_read_fu_20">
<pin_list>
<pin id="21" dir="0" index="0" bw="8" slack="0"/>
<pin id="22" dir="0" index="1" bw="8" slack="0"/>
<pin id="23" dir="1" index="2" bw="8" slack="0"/>
</pin_list>
<bind>
<opcode="read(1150) " fcode="read"/>
<opset="temp/1 "/>
</bind>
</comp>

<comp id="26" class="1004" name="write_ln25_write_fu_26">
<pin_list>
<pin id="27" dir="0" index="0" bw="0" slack="0"/>
<pin id="28" dir="0" index="1" bw="8" slack="0"/>
<pin id="29" dir="0" index="2" bw="8" slack="0"/>
<pin id="30" dir="1" index="3" bw="0" slack="2147483647"/>
</pin_list>
<bind>
<opcode="write(1151) " fcode="write"/>
<opset="write_ln25/1 "/>
</bind>
</comp>

<comp id="33" class="1004" name="shl_ln24_fu_33">
<pin_list>
<pin id="34" dir="0" index="0" bw="8" slack="0"/>
<pin id="35" dir="0" index="1" bw="1" slack="0"/>
<pin id="36" dir="1" index="2" bw="8" slack="0"/>
</pin_list>
<bind>
<opcode="shl(20) " fcode="shl"/>
<opset="shl_ln24/1 "/>
</bind>
</comp>

<comp id="39" class="1004" name="temp_4_fu_39">
<pin_list>
<pin id="40" dir="0" index="0" bw="8" slack="0"/>
<pin id="41" dir="0" index="1" bw="8" slack="0"/>
<pin id="42" dir="1" index="2" bw="8" slack="0"/>
</pin_list>
<bind>
<opcode="or(24) " fcode="or"/>
<opset="temp_4/1 "/>
</bind>
</comp>

</comp_list>

<net_list>
<net id="24"><net_src comp="14" pin="0"/><net_sink comp="20" pin=0"/></net>

<net id="25"><net_src comp="0" pin="0"/><net_sink comp="20" pin=1"/></net>

<net id="31"><net_src comp="18" pin="0"/><net_sink comp="26" pin=0"/></net>

<net id="32"><net_src comp="2" pin="0"/><net_sink comp="26" pin=1"/></net>

<net id="37"><net_src comp="20" pin="2"/><net_sink comp="33" pin=0"/></net>

<net id="38"><net_src comp="16" pin="0"/><net_sink comp="33" pin=1"/></net>

<net id="43"><net_src comp="33" pin="2"/><net_sink comp="39" pin=0"/></net>

<net id="44"><net_src comp="16" pin="0"/><net_sink comp="39" pin=1"/></net>

<net id="45"><net_src comp="39" pin="2"/><net_sink comp="26" pin=2"/></net>

</net_list>

</model> 
---------------- Datapath Model END ------------------

* FSMD analyzer results:
  - Output states:
	Port: split_out_3 | {}
	Port: merge_in_3 | {1 }
 - Input state : 
	Port: worker.4 : split_out_3 | {1 }
	Port: worker.4 : merge_in_3 | {}
  - Chain level:
	State 1


============================================================
+ Verbose Summary: Datapath Resource usage 
============================================================

* Functional unit list:
|----------|------------------------|
| Operation|     Functional Unit    |
|----------|------------------------|
|   read   |     temp_read_fu_20    |
|----------|------------------------|
|   write  | write_ln25_write_fu_26 |
|----------|------------------------|
|    shl   |     shl_ln24_fu_33     |
|----------|------------------------|
|    or    |      temp_4_fu_39      |
|----------|------------------------|
|   Total  |                        |
|----------|------------------------|

Memories:
N/A

* Register list:
N/A

* Multiplexer (MUX) list: 
|--------|------|------|------|--------|
|  Comp  |  Pin | Size |  BW  | S x BW |
|--------|------|------|------|--------|
|  Total |      |      |      |    0   |
|--------|------|------|------|--------|



* Summary:
+-----------+
|           |
+-----------+
|  Function |
|   Memory  |
|Multiplexer|
|  Register |
+-----------+
|   Total   |
+-----------+
