

================================================================
== Vitis HLS Report for 'getinstream'
================================================================
* Date:           Sun Jan 22 12:18:54 2023

* Version:        2022.1 (Build 3526262 on Mon Apr 18 15:48:16 MDT 2022)
* Project:        axi_stream_to_master_example
* Solution:       solution1 (Vivado IP Flow Target)
* Product family: zynq
* Target device:  xc7z010i-clg225-1L


================================================================
== Performance Estimates
================================================================
+ Timing: 
    * Summary: 
    +--------+----------+----------+------------+
    |  Clock |  Target  | Estimated| Uncertainty|
    +--------+----------+----------+------------+
    |ap_clk  |  10.00 ns|  5.986 ns|     2.70 ns|
    +--------+----------+----------+------------+

+ Latency: 
    * Summary: 
    +---------+---------+----------+----------+-----+-----+---------+
    |  Latency (cycles) |  Latency (absolute) |  Interval | Pipeline|
    |   min   |   max   |    min   |    max   | min | max |   Type  |
    +---------+---------+----------+----------+-----+-----+---------+
    |        ?|        ?|         ?|         ?|    ?|    ?|       no|
    +---------+---------+----------+----------+-----+-----+---------+

    + Detail: 
        * Instance: 
        N/A

        * Loop: 
        +-------------------+---------+---------+----------+-----------+-----------+------+----------+
        |                   |  Latency (cycles) | Iteration|  Initiation Interval  | Trip |          |
        |     Loop Name     |   min   |   max   |  Latency |  achieved |   target  | Count| Pipelined|
        +-------------------+---------+---------+----------+-----------+-----------+------+----------+
        |- VITIS_LOOP_38_1  |        ?|        ?|         2|          1|          1|     ?|       yes|
        +-------------------+---------+---------+----------+-----------+-----------+------+----------+

============================================================
+ Verbose Summary: Synthesis Manager
============================================================
InlineROM: 1
ExposeGlobal: 0
============================================================
+ Verbose Summary: CDFG Model
============================================================
IsTopModel: 0
ResetActiveHigh: 1
IsCombinational: 2
IsDatapathOnly: 0
HasWiredReturn: 1
HasMFsm: 2
HasVarLatency: 1
IsPipeline: 0
IsRtlPipelined: 0
IsInstanceOverlapped: 0
IsDontTouch: 0
HasImplIP: 0
IsGatedGlobalClock: 0

+ Individual pipeline summary: 
  * Pipeline-0: initiation interval (II) = 1, depth = 2


============================================================
+ Verbose Summary: Schedule
============================================================
* Number of FSM states : 2
* Pipeline : 1
  Pipeline-0 : II = 1, D = 2, States = { 1 2 }
* Dataflow Pipeline: 0

* FSM state transitions: 
1 --> 2 
2 --> 

* FSM state operations: 

State 1 <SV = 0> <Delay = 5.98>
ST_1 : Operation 5 [1/1] (0.00ns)   --->   "%count = alloca i32 1"   --->   Operation 5 'alloca' 'count' <Predicate = true> <Delay = 0.00>
ST_1 : Operation 6 [1/1] (0.00ns)   --->   "%specinterface_ln0 = specinterface void @_ssdm_op_SpecInterface, i32 %count9, void @empty_10, i32 0, i32 0, void @empty_0, i32 0, i32 0, void @empty_0, void @empty_0, void @empty_0, i32 0, i32 0, i32 0, i32 0, void @empty_0, void @empty_0, i32 4294967295, i32 0"   --->   Operation 6 'specinterface' 'specinterface_ln0' <Predicate = true> <Delay = 0.00>
ST_1 : Operation 7 [1/1] (0.00ns)   --->   "%specinterface_ln0 = specinterface void @_ssdm_op_SpecInterface, i65 %buf_r, void @empty_10, i32 0, i32 0, void @empty_0, i32 0, i32 0, void @empty_0, void @empty_0, void @empty_0, i32 0, i32 0, i32 0, i32 0, void @empty_0, void @empty_0, i32 4294967295, i32 0"   --->   Operation 7 'specinterface' 'specinterface_ln0' <Predicate = true> <Delay = 0.00>
ST_1 : Operation 8 [1/1] (0.00ns)   --->   "%specinterface_ln0 = specinterface void @_ssdm_op_SpecInterface, i1 %inStreamTop_V_last_V, i8 %inStreamTop_V_strb_V, i8 %inStreamTop_V_keep_V, i64 %inStreamTop_V_data_V, void @empty_3, i32 1, i32 1, void @empty_4, i32 0, i32 0, void @empty_0, void @empty_0, void @empty_0, i32 0, i32 0, i32 0, i32 0, void @empty_0, void @empty_0, i32 4294967295, i32 0"   --->   Operation 8 'specinterface' 'specinterface_ln0' <Predicate = true> <Delay = 0.00>
ST_1 : Operation 9 [1/1] (1.58ns)   --->   "%store_ln38 = store i32 0, i32 %count" [example.cpp:38]   --->   Operation 9 'store' 'store_ln38' <Predicate = true> <Delay = 1.58>
ST_1 : Operation 10 [1/1] (0.00ns)   --->   "%br_ln38 = br void %do.body" [example.cpp:38]   --->   Operation 10 'br' 'br_ln38' <Predicate = true> <Delay = 0.00>
ST_1 : Operation 11 [1/1] (0.00ns)   --->   "%count_1 = load i32 %count" [example.cpp:43]   --->   Operation 11 'load' 'count_1' <Predicate = true> <Delay = 0.00>
ST_1 : Operation 12 [1/1] (0.00ns)   --->   "%specpipeline_ln39 = specpipeline void @_ssdm_op_SpecPipeline, i32 4294967295, i32 0, i32 0, i32 0, void @empty_0" [example.cpp:39]   --->   Operation 12 'specpipeline' 'specpipeline_ln39' <Predicate = true> <Delay = 0.00>
ST_1 : Operation 13 [1/1] (0.00ns)   --->   "%specloopname_ln36 = specloopname void @_ssdm_op_SpecLoopName, void @empty_12" [example.cpp:36]   --->   Operation 13 'specloopname' 'specloopname_ln36' <Predicate = true> <Delay = 0.00>
ST_1 : Operation 14 [1/1] (0.00ns)   --->   "%empty = read i81 @_ssdm_op_Read.axis.volatile.i64P0A.i8P0A.i8P0A.i1P0A, i64 %inStreamTop_V_data_V, i8 %inStreamTop_V_keep_V, i8 %inStreamTop_V_strb_V, i1 %inStreamTop_V_last_V"   --->   Operation 14 'read' 'empty' <Predicate = true> <Delay = 0.00> <CoreInst = "axis">   --->   Core 115 'axis' <Latency = 0> <II = 1> <Delay = 1.00> <Adapter> <Opcode : >
ST_1 : Operation 15 [1/1] (0.00ns)   --->   "%tmp_data_V = extractvalue i81 %empty"   --->   Operation 15 'extractvalue' 'tmp_data_V' <Predicate = true> <Delay = 0.00>
ST_1 : Operation 16 [1/1] (0.00ns)   --->   "%tmp_last_V = extractvalue i81 %empty"   --->   Operation 16 'extractvalue' 'tmp_last_V' <Predicate = true> <Delay = 0.00>
ST_1 : Operation 17 [1/1] (0.00ns)   --->   "%tmp_2 = bitconcatenate i65 @_ssdm_op_BitConcatenate.i65.i1.i64, i1 %tmp_last_V, i64 %tmp_data_V" [C:/Xilinx/Vitis_HLS/2022.1/common/technology/autopilot/hls_stream_39.h:174]   --->   Operation 17 'bitconcatenate' 'tmp_2' <Predicate = true> <Delay = 0.00>
ST_1 : Operation 18 [1/1] (3.50ns)   --->   "%write_ln174 = write void @_ssdm_op_Write.ap_fifo.volatile.i65P0A, i65 %buf_r, i65 %tmp_2" [C:/Xilinx/Vitis_HLS/2022.1/common/technology/autopilot/hls_stream_39.h:174]   --->   Operation 18 'write' 'write_ln174' <Predicate = true> <Delay = 3.50> <CoreInst = "FIFO">   --->   Core 78 'FIFO' <Latency = 0> <II = 1> <Delay = 3.50> <Storage> <Opcode : 'read' 'write' 'nbread' 'nbwrite'> <Ports = 0> <Width = 65> <Depth = 4096> <FIFO>
ST_1 : Operation 19 [1/1] (2.55ns)   --->   "%count_2 = add i32 %count_1, i32 1" [example.cpp:43]   --->   Operation 19 'add' 'count_2' <Predicate = true> <Delay = 2.55> <CoreInst = "Adder">   --->   Core 1 'Adder' <Latency = 0> <II = 1> <Delay = 2.55> <FuncUnit> <Opcode : 'add' 'sub'> <InPorts = 2> <OutPorts = 1>
ST_1 : Operation 20 [1/1] (0.00ns)   --->   "%tmp = partselect i26 @_ssdm_op_PartSelect.i26.i32.i32.i32, i32 %count_2, i32 6, i32 31" [example.cpp:44]   --->   Operation 20 'partselect' 'tmp' <Predicate = true> <Delay = 0.00>
ST_1 : Operation 21 [1/1] (2.45ns)   --->   "%icmp_ln44 = icmp_sgt  i26 %tmp, i26 0" [example.cpp:44]   --->   Operation 21 'icmp' 'icmp_ln44' <Predicate = true> <Delay = 2.45> <CoreInst = "Cmp">   --->   Core 9 'Cmp' <Latency = 0> <II = 1> <Delay = 2.45> <FuncUnit> <Opcode : 'icmp'> <InPorts = 2> <OutPorts = 1>
ST_1 : Operation 22 [1/1] (0.97ns)   --->   "%or_ln44 = or i1 %tmp_last_V, i1 %icmp_ln44" [example.cpp:44]   --->   Operation 22 'or' 'or_ln44' <Predicate = true> <Delay = 0.97> <CoreInst = "LogicGate">   --->   Core 74 'LogicGate' <Latency = 0> <II = 1> <Delay = 0.97> <FuncUnit> <Opcode : 'and' 'or' 'xor'> <InPorts = 2> <OutPorts = 1>
ST_1 : Operation 23 [1/1] (0.00ns)   --->   "%br_ln44 = br i1 %or_ln44, void %do.body.do.cond_crit_edge, void %if.then" [example.cpp:44]   --->   Operation 23 'br' 'br_ln44' <Predicate = true> <Delay = 0.00>
ST_1 : Operation 24 [1/1] (0.00ns)   --->   "%br_ln48 = br i1 %tmp_last_V, void %do.body, void %do.end" [example.cpp:48]   --->   Operation 24 'br' 'br_ln48' <Predicate = true> <Delay = 0.00>

State 2 <SV = 1> <Delay = 3.56>
ST_2 : Operation 25 [1/1] (1.58ns)   --->   "%store_ln44 = store i32 %count_2, i32 %count" [example.cpp:44]   --->   Operation 25 'store' 'store_ln44' <Predicate = (!or_ln44)> <Delay = 1.58>
ST_2 : Operation 26 [1/1] (0.00ns)   --->   "%br_ln44 = br void %do.cond" [example.cpp:44]   --->   Operation 26 'br' 'br_ln44' <Predicate = (!or_ln44)> <Delay = 0.00>
ST_2 : Operation 27 [1/1] (3.56ns)   --->   "%write_ln174 = write void @_ssdm_op_Write.ap_fifo.volatile.i32P0A, i32 %count9, i32 %count_2" [C:/Xilinx/Vitis_HLS/2022.1/common/technology/autopilot/hls_stream_39.h:174]   --->   Operation 27 'write' 'write_ln174' <Predicate = (or_ln44)> <Delay = 3.56> <CoreInst = "FIFO">   --->   Core 78 'FIFO' <Latency = 0> <II = 1> <Delay = 3.56> <Storage> <Opcode : 'read' 'write' 'nbread' 'nbwrite'> <Ports = 0> <Width = 32> <Depth = 64> <FIFO>
ST_2 : Operation 28 [1/1] (1.58ns)   --->   "%store_ln47 = store i32 0, i32 %count" [example.cpp:47]   --->   Operation 28 'store' 'store_ln47' <Predicate = (or_ln44)> <Delay = 1.58>
ST_2 : Operation 29 [1/1] (0.00ns)   --->   "%br_ln47 = br void %do.cond" [example.cpp:47]   --->   Operation 29 'br' 'br_ln47' <Predicate = (or_ln44)> <Delay = 0.00>
ST_2 : Operation 30 [1/1] (0.00ns)   --->   "%ret_ln49 = ret" [example.cpp:49]   --->   Operation 30 'ret' 'ret_ln49' <Predicate = (tmp_last_V)> <Delay = 0.00>


============================================================
+ Verbose Summary: Timing violations
============================================================
Target clock period: 10ns, clock uncertainty: 2.7ns.

 <State 1>: 5.99ns
The critical path consists of the following:
	'alloca' operation ('count') [7]  (0 ns)
	'load' operation ('count', example.cpp:43) on local variable 'count' [14]  (0 ns)
	'add' operation ('count', example.cpp:43) [22]  (2.55 ns)
	'icmp' operation ('icmp_ln44', example.cpp:44) [24]  (2.46 ns)
	'or' operation ('or_ln44', example.cpp:44) [25]  (0.978 ns)

 <State 2>: 3.56ns
The critical path consists of the following:
	fifo write operation ('write_ln174', C:/Xilinx/Vitis_HLS/2022.1/common/technology/autopilot/hls_stream_39.h:174) on port 'count9' (C:/Xilinx/Vitis_HLS/2022.1/common/technology/autopilot/hls_stream_39.h:174) [31]  (3.56 ns)


============================================================
+ Verbose Summary: Binding
============================================================
N/A
* FSMD analyzer results:
  - Output states:
 - Input state : 
  - Chain level:
	State 1
	State 2


============================================================
+ Verbose Summary: Datapath Resource usage 
============================================================
N/A
