

================================================================
== Vitis HLS Report for 'dataflow_in_loop_VITIS_LOOP_13_1'
================================================================
* Date:           Sun Sep 18 13:44:07 2022

* Version:        2022.1 (Build 3526262 on Mon Apr 18 15:48:16 MDT 2022)
* Project:        byte_count_stream
* Solution:       solution1 (Vivado IP Flow Target)
* Product family: zynq
* Target device:  xc7z010i-clg225-1L


================================================================
== Performance Estimates
================================================================
+ Timing: 
    * Summary: 
    +--------+---------+----------+------------+
    |  Clock |  Target | Estimated| Uncertainty|
    +--------+---------+----------+------------+
    |ap_clk  |  9.36 ns|  6.659 ns|     2.53 ns|
    +--------+---------+----------+------------+

+ Latency: 
    * Summary: 
    +---------+---------+-----------+-----------+------+------+----------+
    |  Latency (cycles) |   Latency (absolute)  |   Interval  | Pipeline |
    |   min   |   max   |    min    |    max    |  min |  max |   Type   |
    +---------+---------+-----------+-----------+------+------+----------+
    |     1157|     1157|  10.828 us|  10.828 us|  1158|  1158|  dataflow|
    +---------+---------+-----------+-----------+------+------+----------+

    + Detail: 
        * Instance: 
        +---------------------+-----------+---------+---------+-----------+-----------+------+------+---------+
        |                     |           |  Latency (cycles) |   Latency (absolute)  |   Interval  | Pipeline|
        |       Instance      |   Module  |   min   |   max   |    min    |    max    |  min |  max |   Type  |
        +---------------------+-----------+---------+---------+-----------+-----------+------+------+---------+
        |grp_count_fu_28      |count      |     1157|     1157|  10.828 us|  10.828 us|  1157|  1157|       no|
        |grp_threshold_fu_36  |threshold  |      261|      261|   2.443 us|   2.443 us|   261|   261|       no|
        +---------------------+-----------+---------+---------+-----------+-----------+------+------+---------+

        * Loop: 
        N/A

============================================================
+ Verbose Summary: Synthesis Manager
============================================================
InlineROM: 1
ExposeGlobal: 0
============================================================
+ Verbose Summary: CDFG Model
============================================================
IsTopModel: 0
ResetActiveHigh: 1
IsCombinational: 2
IsDatapathOnly: 0
HasWiredReturn: 1
HasMFsm: 0
HasVarLatency: 1
IsPipeline: 0
IsRtlPipelined: 0
IsInstanceOverlapped: 0
IsDontTouch: 0
HasImplIP: 0
IsGatedGlobalClock: 0


============================================================
+ Verbose Summary: Schedule
============================================================
* Number of FSM states : 4
* Pipeline : 0
* Dataflow Pipeline: 1
  DF-Pipeline-0: Size = 4, States = { 1 2 3 4 }

* FSM state transitions: 
1 --> 2 
2 --> 3 
3 --> 4 
4 --> 

* FSM state operations: 

State 1 <SV = 0> <Delay = 2.32>
ST_1 : Operation 5 [1/1] (2.32ns)   --->   "%appear_V = alloca i32 1" [byte_count_stream/src/byte_count_stream.cpp:16]   --->   Operation 5 'alloca' 'appear_V' <Predicate = true> <Delay = 2.32>
ST_1 : Operation 6 [2/2] (0.00ns)   --->   "%call_ln18 = call void @count, i8 %In_r, i3 %appear_V" [byte_count_stream/src/byte_count_stream.cpp:18]   --->   Operation 6 'call' 'call_ln18' <Predicate = true> <Delay = 0.00> <CoreType = "Generic">   --->   Core 0 '' <Latency = 0> <II = 1> <Delay = 1.00> <Generic> <Opcode : >

State 2 <SV = 1> <Delay = 0.00>
ST_2 : Operation 7 [1/2] (0.00ns)   --->   "%call_ln18 = call void @count, i8 %In_r, i3 %appear_V" [byte_count_stream/src/byte_count_stream.cpp:18]   --->   Operation 7 'call' 'call_ln18' <Predicate = true> <Delay = 0.00> <CoreType = "Generic">   --->   Core 0 '' <Latency = 0> <II = 1> <Delay = 1.00> <Generic> <Opcode : >

State 3 <SV = 2> <Delay = 0.00>
ST_3 : Operation 8 [2/2] (0.00ns)   --->   "%call_ln19 = call void @threshold, i3 %appear_V, i32 %Out_r" [byte_count_stream/src/byte_count_stream.cpp:19]   --->   Operation 8 'call' 'call_ln19' <Predicate = true> <Delay = 0.00> <CoreType = "Generic">   --->   Core 0 '' <Latency = 0> <II = 1> <Delay = 1.00> <Generic> <Opcode : >

State 4 <SV = 3> <Delay = 0.00>
ST_4 : Operation 9 [1/1] (0.00ns)   --->   "%specinterface_ln0 = specinterface void @_ssdm_op_SpecInterface, i32 %Out_r, void @empty, i32 0, i32 0, void @empty_0, i32 0, i32 0, void @empty_1, void @empty_1, void @empty_1, i32 0, i32 0, i32 0, i32 0, void @empty_1, void @empty_1, i32 4294967295, i32 0"   --->   Operation 9 'specinterface' 'specinterface_ln0' <Predicate = true> <Delay = 0.00>
ST_4 : Operation 10 [1/1] (0.00ns)   --->   "%specinterface_ln0 = specinterface void @_ssdm_op_SpecInterface, i8 %In_r, void @empty, i32 0, i32 0, void @empty_0, i32 0, i32 0, void @empty_1, void @empty_1, void @empty_1, i32 0, i32 0, i32 0, i32 0, void @empty_1, void @empty_1, i32 4294967295, i32 0"   --->   Operation 10 'specinterface' 'specinterface_ln0' <Predicate = true> <Delay = 0.00>
ST_4 : Operation 11 [1/1] (0.00ns)   --->   "%specdataflowpipeline_ln14 = specdataflowpipeline void @_ssdm_op_SpecDataflowPipeline, i32 4294967295, i32 0, void @empty_1" [byte_count_stream/src/byte_count_stream.cpp:14]   --->   Operation 11 'specdataflowpipeline' 'specdataflowpipeline_ln14' <Predicate = true> <Delay = 0.00>
ST_4 : Operation 12 [1/2] (0.00ns)   --->   "%call_ln19 = call void @threshold, i3 %appear_V, i32 %Out_r" [byte_count_stream/src/byte_count_stream.cpp:19]   --->   Operation 12 'call' 'call_ln19' <Predicate = true> <Delay = 0.00> <CoreType = "Generic">   --->   Core 0 '' <Latency = 0> <II = 1> <Delay = 1.00> <Generic> <Opcode : >
ST_4 : Operation 13 [1/1] (0.00ns)   --->   "%ret_ln19 = ret" [byte_count_stream/src/byte_count_stream.cpp:19]   --->   Operation 13 'ret' 'ret_ln19' <Predicate = true> <Delay = 0.00>


============================================================
+ Verbose Summary: Binding
============================================================
STG Binding: 
---------------- STG Properties BEGIN ----------------
- Is combinational: 0
- Is one-state seq: 0
- Is datapath-only: 0
- Is pipelined: 0
- Is top level: 0
Port [ Return ] is wired: 1; IO mode=ap_ctrl_hs:ce=0
Port [ In_r]:  wired=1; compound=1; hidden=0; nouse=0; global=0; static=0; extern=0; dir=0; type=0; pingpong=0; private_global=0; IO mode=axis:ce=0
Port [ Out_r]:  wired=1; compound=1; hidden=0; nouse=0; global=0; static=0; extern=0; dir=1; type=0; pingpong=0; private_global=0; IO mode=axis:ce=0
---------------- STG Properties END ------------------

---------------- Datapath Model BEGIN ----------------

<LifeTime>
<method=bitvector/>
appear_V                  (alloca              ) [ 00111]
call_ln18                 (call                ) [ 00000]
specinterface_ln0         (specinterface       ) [ 00000]
specinterface_ln0         (specinterface       ) [ 00000]
specdataflowpipeline_ln14 (specdataflowpipeline) [ 00000]
call_ln19                 (call                ) [ 00000]
ret_ln19                  (ret                 ) [ 00000]
</LifeTime>

<model>

<comp_list>
<comp id="0" class="1000" name="In_r">
<pin_list>
<pin id="1" dir="1" index="0" bw="1" slack="0"/>
</pin_list>
<bind>
<StgValue><ssdm name="In_r"/></StgValue>
</bind>
</comp>

<comp id="2" class="1000" name="Out_r">
<pin_list>
<pin id="3" dir="1" index="0" bw="1" slack="0"/>
</pin_list>
<bind>
<StgValue><ssdm name="Out_r"/></StgValue>
</bind>
</comp>

<comp id="4" class="1001" name="const_4">
<pin_list>
<pin id="5" dir="1" index="0" bw="1" slack="0"/>
</pin_list>
<bind>
<StgValue><ssdm name=""/></StgValue>
</bind>
</comp>

<comp id="6" class="1001" name="const_6">
<pin_list>
<pin id="7" dir="1" index="0" bw="1" slack="0"/>
</pin_list>
<bind>
<StgValue><ssdm name="count"/></StgValue>
</bind>
</comp>

<comp id="8" class="1001" name="const_8">
<pin_list>
<pin id="9" dir="1" index="0" bw="1" slack="0"/>
</pin_list>
<bind>
<StgValue><ssdm name="threshold"/></StgValue>
</bind>
</comp>

<comp id="10" class="1001" name="const_10">
<pin_list>
<pin id="11" dir="1" index="0" bw="1" slack="2147483647"/>
</pin_list>
<bind>
<StgValue><ssdm name="_ssdm_op_SpecInterface"/></StgValue>
</bind>
</comp>

<comp id="12" class="1001" name="const_12">
<pin_list>
<pin id="13" dir="1" index="0" bw="1" slack="2147483647"/>
</pin_list>
<bind>
<StgValue><ssdm name="empty"/></StgValue>
</bind>
</comp>

<comp id="14" class="1001" name="const_14">
<pin_list>
<pin id="15" dir="1" index="0" bw="1" slack="2147483647"/>
</pin_list>
<bind>
<StgValue><ssdm name=""/></StgValue>
</bind>
</comp>

<comp id="16" class="1001" name="const_16">
<pin_list>
<pin id="17" dir="1" index="0" bw="1" slack="2147483647"/>
</pin_list>
<bind>
<StgValue><ssdm name="empty_0"/></StgValue>
</bind>
</comp>

<comp id="18" class="1001" name="const_18">
<pin_list>
<pin id="19" dir="1" index="0" bw="1" slack="2147483647"/>
</pin_list>
<bind>
<StgValue><ssdm name="empty_1"/></StgValue>
</bind>
</comp>

<comp id="20" class="1001" name="const_20">
<pin_list>
<pin id="21" dir="1" index="0" bw="1" slack="2147483647"/>
</pin_list>
<bind>
<StgValue><ssdm name=""/></StgValue>
</bind>
</comp>

<comp id="22" class="1001" name="const_22">
<pin_list>
<pin id="23" dir="1" index="0" bw="1" slack="2147483647"/>
</pin_list>
<bind>
<StgValue><ssdm name="_ssdm_op_SpecDataflowPipeline"/></StgValue>
</bind>
</comp>

<comp id="24" class="1004" name="appear_V_alloca_fu_24">
<pin_list>
<pin id="25" dir="0" index="0" bw="1" slack="0"/>
<pin id="26" dir="1" index="1" bw="3" slack="0"/>
</pin_list>
<bind>
<opcode="alloca(26) " fcode="alloca"/>
<opset="appear_V/1 "/>
</bind>
</comp>

<comp id="28" class="1004" name="grp_count_fu_28">
<pin_list>
<pin id="29" dir="0" index="0" bw="0" slack="0"/>
<pin id="30" dir="0" index="1" bw="8" slack="0"/>
<pin id="31" dir="0" index="2" bw="3" slack="0"/>
<pin id="32" dir="1" index="3" bw="0" slack="2147483647"/>
</pin_list>
<bind>
<opcode="call(48) " fcode="call"/>
<opset="call_ln18/1 "/>
</bind>
</comp>

<comp id="36" class="1004" name="grp_threshold_fu_36">
<pin_list>
<pin id="37" dir="0" index="0" bw="0" slack="0"/>
<pin id="38" dir="0" index="1" bw="3" slack="2147483647"/>
<pin id="39" dir="0" index="2" bw="32" slack="0"/>
<pin id="40" dir="1" index="3" bw="0" slack="2147483647"/>
</pin_list>
<bind>
<opcode="call(48) " fcode="call"/>
<opset="call_ln19/3 "/>
</bind>
</comp>

</comp_list>

<net_list>
<net id="27"><net_src comp="4" pin="0"/><net_sink comp="24" pin=0"/></net>

<net id="33"><net_src comp="6" pin="0"/><net_sink comp="28" pin=0"/></net>

<net id="34"><net_src comp="0" pin="0"/><net_sink comp="28" pin=1"/></net>

<net id="35"><net_src comp="24" pin="1"/><net_sink comp="28" pin=2"/></net>

<net id="41"><net_src comp="8" pin="0"/><net_sink comp="36" pin=0"/></net>

<net id="42"><net_src comp="2" pin="0"/><net_sink comp="36" pin=2"/></net>

</net_list>

</model> 
---------------- Datapath Model END ------------------

* FSMD analyzer results:
  - Output states:
	Port: Out_r | {3 4 }
 - Input state : 
	Port: dataflow_in_loop_VITIS_LOOP_13_1 : In_r | {1 2 }
  - Chain level:
	State 1
		call_ln18 : 1
	State 2
	State 3
	State 4


============================================================
+ Verbose Summary: Datapath Resource usage 
============================================================

* Functional unit list:
|----------|---------------------|---------|---------|---------|
| Operation|   Functional Unit   |  Delay  |    FF   |   LUT   |
|----------|---------------------|---------|---------|---------|
|   call   |   grp_count_fu_28   | 11.6509 |    52   |   1474  |
|          | grp_threshold_fu_36 |  1.588  |    81   |   113   |
|----------|---------------------|---------|---------|---------|
|   Total  |                     | 13.2389 |   133   |   1587  |
|----------|---------------------|---------|---------|---------|

Memories:
+--------+--------+--------+--------+--------+
|        |  BRAM  |   FF   |   LUT  |  URAM  |
+--------+--------+--------+--------+--------+
|appear_V|    0   |   12   |   24   |    0   |
+--------+--------+--------+--------+--------+
|  Total |    0   |   12   |   24   |    0   |
+--------+--------+--------+--------+--------+

* Register list:
N/A

* Multiplexer (MUX) list: 
|--------|------|------|------|--------|
|  Comp  |  Pin | Size |  BW  | S x BW |
|--------|------|------|------|--------|
|  Total |      |      |      |    0   |
|--------|------|------|------|--------|



* Summary:
+-----------+--------+--------+--------+--------+--------+
|           |  BRAM  |  Delay |   FF   |   LUT  |  URAM  |
+-----------+--------+--------+--------+--------+--------+
|  Function |    -   |   13   |   133  |  1587  |    -   |
|   Memory  |    0   |    -   |   12   |   24   |    0   |
|Multiplexer|    -   |    -   |    -   |    -   |    -   |
|  Register |    -   |    -   |    -   |    -   |    -   |
+-----------+--------+--------+--------+--------+--------+
|   Total   |    0   |   13   |   145  |  1611  |    0   |
+-----------+--------+--------+--------+--------+--------+
