

================================================================
== Vitis HLS Report for 'split'
================================================================
* Date:           Tue Jul 19 19:35:55 2022

* Version:        2022.1 (Build 3526262 on Mon Apr 18 15:48:16 MDT 2022)
* Project:        byte_count_stream
* Solution:       solution1 (Vivado IP Flow Target)
* Product family: zynq
* Target device:  xc7z010i-clg225-1L


================================================================
== Performance Estimates
================================================================
+ Timing: 
    * Summary: 
    +--------+----------+----------+------------+
    |  Clock |  Target  | Estimated| Uncertainty|
    +--------+----------+----------+------------+
    |ap_clk  |  10.00 ns|  6.731 ns|     2.70 ns|
    +--------+----------+----------+------------+

+ Latency: 
    * Summary: 
    +---------+---------+----------+----------+-----+-----+---------+
    |  Latency (cycles) |  Latency (absolute) |  Interval | Pipeline|
    |   min   |   max   |    min   |    max   | min | max |   Type  |
    +---------+---------+----------+----------+-----+-----+---------+
    |      258|      258|  2.580 us|  2.580 us|  258|  258|       no|
    +---------+---------+----------+----------+-----+-----+---------+

    + Detail: 
        * Instance: 
        N/A

        * Loop: 
        +-------------------+---------+---------+----------+-----------+-----------+------+----------+
        |                   |  Latency (cycles) | Iteration|  Initiation Interval  | Trip |          |
        |     Loop Name     |   min   |   max   |  Latency |  achieved |   target  | Count| Pipelined|
        +-------------------+---------+---------+----------+-----------+-----------+------+----------+
        |- VITIS_LOOP_39_1  |      256|      256|         2|          1|          1|   256|       yes|
        +-------------------+---------+---------+----------+-----------+-----------+------+----------+

============================================================
+ Verbose Summary: Synthesis Manager
============================================================
InlineROM: 1
ExposeGlobal: 0
============================================================
+ Verbose Summary: CDFG Model
============================================================
IsTopModel: 0
ResetActiveHigh: 1
IsCombinational: 2
IsDatapathOnly: 0
HasWiredReturn: 1
HasMFsm: 2
HasVarLatency: 1
IsPipeline: 0
IsRtlPipelined: 0
IsInstanceOverlapped: 0
IsDontTouch: 0
HasImplIP: 0
IsGatedGlobalClock: 0

+ Individual pipeline summary: 
  * Pipeline-0: initiation interval (II) = 1, depth = 2


============================================================
+ Verbose Summary: Schedule
============================================================
* Number of FSM states : 4
* Pipeline : 1
  Pipeline-0 : II = 1, D = 2, States = { 2 3 }
* Dataflow Pipeline: 0

* FSM state transitions: 
1 --> 2 
2 --> 4 3 
3 --> 2 
4 --> 

* FSM state operations: 

State 1 <SV = 0> <Delay = 1.58>
ST_1 : Operation 5 [1/1] (0.00ns)   --->   "%i = alloca i32 1"   --->   Operation 5 'alloca' 'i' <Predicate = true> <Delay = 0.00>
ST_1 : Operation 6 [1/1] (0.00ns)   --->   "%specinterface_ln0 = specinterface void @_ssdm_op_SpecInterface, i32 %In_r, void @empty_0, i32 0, i32 0, void @empty, i32 0, i32 0, void @empty, void @empty, void @empty, i32 0, i32 0, i32 0, i32 0, void @empty, void @empty, i32 4294967295, i32 0"   --->   Operation 6 'specinterface' 'specinterface_ln0' <Predicate = true> <Delay = 0.00>
ST_1 : Operation 7 [1/1] (0.00ns)   --->   "%writereq_ln115 = writereq void @_ssdm_op_WriteReq, i8 %out0, i32 2" [C:/Xilinx/Vitis_HLS/2022.1/common/technology/autopilot\hls_streamofblocks.h:115]   --->   Operation 7 'writereq' 'writereq_ln115' <Predicate = true> <Delay = 0.00> <CoreInst = "RAM">   --->   Core 82 'RAM' <Latency = 1> <II = 1> <Delay = 3.25> <Storage> <Opcode : 'load' 'store'> <Ports = 2> <Width = 8> <Depth = 512> <RAM>
ST_1 : Operation 8 [1/1] (0.00ns)   --->   "%specinterface_ln286 = specinterface void @_ssdm_op_SpecInterface, i8 %out0, void @empty_2, i32 0, i32 0, void @empty, i32 0, i32 0, void @empty, void @empty, void @empty, i32 2, i32 2, i32 16, i32 16, void @empty, void @empty, i32 4294967295, i32 0" [C:/Xilinx/Vitis_HLS/2022.1/common/technology/autopilot\hls_streamofblocks.h:286]   --->   Operation 8 'specinterface' 'specinterface_ln286' <Predicate = true> <Delay = 0.00>
ST_1 : Operation 9 [1/1] (0.00ns)   --->   "%writereq_ln115 = writereq void @_ssdm_op_WriteReq, i8 %out1, i32 2" [C:/Xilinx/Vitis_HLS/2022.1/common/technology/autopilot\hls_streamofblocks.h:115]   --->   Operation 9 'writereq' 'writereq_ln115' <Predicate = true> <Delay = 0.00> <CoreInst = "RAM">   --->   Core 82 'RAM' <Latency = 1> <II = 1> <Delay = 3.25> <Storage> <Opcode : 'load' 'store'> <Ports = 2> <Width = 8> <Depth = 512> <RAM>
ST_1 : Operation 10 [1/1] (0.00ns)   --->   "%specinterface_ln286 = specinterface void @_ssdm_op_SpecInterface, i8 %out1, void @empty_2, i32 0, i32 0, void @empty, i32 0, i32 0, void @empty, void @empty, void @empty, i32 2, i32 2, i32 16, i32 16, void @empty, void @empty, i32 4294967295, i32 0" [C:/Xilinx/Vitis_HLS/2022.1/common/technology/autopilot\hls_streamofblocks.h:286]   --->   Operation 10 'specinterface' 'specinterface_ln286' <Predicate = true> <Delay = 0.00>
ST_1 : Operation 11 [1/1] (0.00ns)   --->   "%writereq_ln115 = writereq void @_ssdm_op_WriteReq, i8 %out2, i32 2" [C:/Xilinx/Vitis_HLS/2022.1/common/technology/autopilot\hls_streamofblocks.h:115]   --->   Operation 11 'writereq' 'writereq_ln115' <Predicate = true> <Delay = 0.00> <CoreInst = "RAM">   --->   Core 82 'RAM' <Latency = 1> <II = 1> <Delay = 3.25> <Storage> <Opcode : 'load' 'store'> <Ports = 2> <Width = 8> <Depth = 512> <RAM>
ST_1 : Operation 12 [1/1] (0.00ns)   --->   "%specinterface_ln286 = specinterface void @_ssdm_op_SpecInterface, i8 %out2, void @empty_2, i32 0, i32 0, void @empty, i32 0, i32 0, void @empty, void @empty, void @empty, i32 2, i32 2, i32 16, i32 16, void @empty, void @empty, i32 4294967295, i32 0" [C:/Xilinx/Vitis_HLS/2022.1/common/technology/autopilot\hls_streamofblocks.h:286]   --->   Operation 12 'specinterface' 'specinterface_ln286' <Predicate = true> <Delay = 0.00>
ST_1 : Operation 13 [1/1] (0.00ns)   --->   "%writereq_ln115 = writereq void @_ssdm_op_WriteReq, i8 %out3, i32 2" [C:/Xilinx/Vitis_HLS/2022.1/common/technology/autopilot\hls_streamofblocks.h:115]   --->   Operation 13 'writereq' 'writereq_ln115' <Predicate = true> <Delay = 0.00> <CoreInst = "RAM">   --->   Core 82 'RAM' <Latency = 1> <II = 1> <Delay = 3.25> <Storage> <Opcode : 'load' 'store'> <Ports = 2> <Width = 8> <Depth = 512> <RAM>
ST_1 : Operation 14 [1/1] (0.00ns)   --->   "%specinterface_ln286 = specinterface void @_ssdm_op_SpecInterface, i8 %out3, void @empty_2, i32 0, i32 0, void @empty, i32 0, i32 0, void @empty, void @empty, void @empty, i32 2, i32 2, i32 16, i32 16, void @empty, void @empty, i32 4294967295, i32 0" [C:/Xilinx/Vitis_HLS/2022.1/common/technology/autopilot\hls_streamofblocks.h:286]   --->   Operation 14 'specinterface' 'specinterface_ln286' <Predicate = true> <Delay = 0.00>
ST_1 : Operation 15 [1/1] (1.58ns)   --->   "%store_ln39 = store i9 0, i9 %i" [byte_count_stream/src/byte_count_stream.cpp:39]   --->   Operation 15 'store' 'store_ln39' <Predicate = true> <Delay = 1.58>
ST_1 : Operation 16 [1/1] (0.00ns)   --->   "%br_ln39 = br void %for.inc" [byte_count_stream/src/byte_count_stream.cpp:39]   --->   Operation 16 'br' 'br_ln39' <Predicate = true> <Delay = 0.00>

State 2 <SV = 1> <Delay = 3.41>
ST_2 : Operation 17 [1/1] (0.00ns)   --->   "%i_2 = load i9 %i" [byte_count_stream/src/byte_count_stream.cpp:42]   --->   Operation 17 'load' 'i_2' <Predicate = true> <Delay = 0.00>
ST_2 : Operation 18 [1/1] (0.00ns)   --->   "%specpipeline_ln0 = specpipeline void @_ssdm_op_SpecPipeline, i32 4294967295, i32 0, i32 1, i32 0, void @p_str"   --->   Operation 18 'specpipeline' 'specpipeline_ln0' <Predicate = true> <Delay = 0.00>
ST_2 : Operation 19 [1/1] (1.66ns)   --->   "%icmp_ln39 = icmp_eq  i9 %i_2, i9 256" [byte_count_stream/src/byte_count_stream.cpp:39]   --->   Operation 19 'icmp' 'icmp_ln39' <Predicate = true> <Delay = 1.66> <CoreInst = "Cmp">   --->   Core 9 'Cmp' <Latency = 0> <II = 1> <Delay = 1.66> <FuncUnit> <Opcode : 'icmp'> <InPorts = 2> <OutPorts = 1>
ST_2 : Operation 20 [1/1] (0.00ns)   --->   "%empty = speclooptripcount i32 @_ssdm_op_SpecLoopTripCount, i64 256, i64 256, i64 256"   --->   Operation 20 'speclooptripcount' 'empty' <Predicate = true> <Delay = 0.00>
ST_2 : Operation 21 [1/1] (1.82ns)   --->   "%add_ln39 = add i9 %i_2, i9 1" [byte_count_stream/src/byte_count_stream.cpp:39]   --->   Operation 21 'add' 'add_ln39' <Predicate = true> <Delay = 1.82> <CoreInst = "Adder">   --->   Core 1 'Adder' <Latency = 0> <II = 1> <Delay = 1.82> <FuncUnit> <Opcode : 'add' 'sub'> <InPorts = 2> <OutPorts = 1>
ST_2 : Operation 22 [1/1] (0.00ns)   --->   "%br_ln39 = br i1 %icmp_ln39, void %for.inc.split, void %for.end" [byte_count_stream/src/byte_count_stream.cpp:39]   --->   Operation 22 'br' 'br_ln39' <Predicate = true> <Delay = 0.00>
ST_2 : Operation 23 [1/1] (0.00ns)   --->   "%trunc_ln42 = trunc i9 %i_2" [byte_count_stream/src/byte_count_stream.cpp:42]   --->   Operation 23 'trunc' 'trunc_ln42' <Predicate = (!icmp_ln39)> <Delay = 0.00>
ST_2 : Operation 24 [1/1] (1.58ns)   --->   "%store_ln39 = store i9 %add_ln39, i9 %i" [byte_count_stream/src/byte_count_stream.cpp:39]   --->   Operation 24 'store' 'store_ln39' <Predicate = (!icmp_ln39)> <Delay = 1.58>

State 3 <SV = 2> <Delay = 6.73>
ST_3 : Operation 25 [1/1] (0.00ns)   --->   "%specloopname_ln39 = specloopname void @_ssdm_op_SpecLoopName, void @empty_7" [byte_count_stream/src/byte_count_stream.cpp:39]   --->   Operation 25 'specloopname' 'specloopname_ln39' <Predicate = true> <Delay = 0.00>
ST_3 : Operation 26 [1/1] (3.47ns)   --->   "%p_V = read i32 @_ssdm_op_Read.ap_fifo.volatile.i32P0A, i32 %In_r" [C:/Xilinx/Vitis_HLS/2022.1/common/technology/autopilot/hls_stream_39.h:145]   --->   Operation 26 'read' 'p_V' <Predicate = true> <Delay = 3.47> <CoreInst = "FIFO">   --->   Core 78 'FIFO' <Latency = 0> <II = 1> <Delay = 3.47> <Storage> <Opcode : 'read' 'write' 'nbread' 'nbwrite'> <Ports = 0> <Width = -1> <Depth = -1> <FIFO>
ST_3 : Operation 27 [1/1] (0.00ns)   --->   "%trunc_ln714 = trunc i32 %p_V"   --->   Operation 27 'trunc' 'trunc_ln714' <Predicate = true> <Delay = 0.00>
ST_3 : Operation 28 [1/1] (0.00ns)   --->   "%zext_ln42 = zext i8 %trunc_ln42" [byte_count_stream/src/byte_count_stream.cpp:42]   --->   Operation 28 'zext' 'zext_ln42' <Predicate = true> <Delay = 0.00>
ST_3 : Operation 29 [1/1] (0.00ns)   --->   "%out0_addr = getelementptr i8 %out0, i32 0, i32 %zext_ln42" [byte_count_stream/src/byte_count_stream.cpp:42]   --->   Operation 29 'getelementptr' 'out0_addr' <Predicate = true> <Delay = 0.00>
ST_3 : Operation 30 [1/1] (3.25ns)   --->   "%store_ln42 = store i8 %trunc_ln714, i9 %out0_addr" [byte_count_stream/src/byte_count_stream.cpp:42]   --->   Operation 30 'store' 'store_ln42' <Predicate = true> <Delay = 3.25> <CoreInst = "RAM">   --->   Core 82 'RAM' <Latency = 1> <II = 1> <Delay = 3.25> <Storage> <Opcode : 'load' 'store'> <Ports = 2> <Width = 8> <Depth = 512> <RAM>
ST_3 : Operation 31 [1/1] (0.00ns)   --->   "%tmp_s = partselect i8 @_ssdm_op_PartSelect.i8.i32.i32.i32, i32 %p_V, i32 8, i32 15"   --->   Operation 31 'partselect' 'tmp_s' <Predicate = true> <Delay = 0.00>
ST_3 : Operation 32 [1/1] (0.00ns)   --->   "%out1_addr = getelementptr i8 %out1, i32 0, i32 %zext_ln42" [byte_count_stream/src/byte_count_stream.cpp:43]   --->   Operation 32 'getelementptr' 'out1_addr' <Predicate = true> <Delay = 0.00>
ST_3 : Operation 33 [1/1] (3.25ns)   --->   "%store_ln43 = store i8 %tmp_s, i9 %out1_addr" [byte_count_stream/src/byte_count_stream.cpp:43]   --->   Operation 33 'store' 'store_ln43' <Predicate = true> <Delay = 3.25> <CoreInst = "RAM">   --->   Core 82 'RAM' <Latency = 1> <II = 1> <Delay = 3.25> <Storage> <Opcode : 'load' 'store'> <Ports = 2> <Width = 8> <Depth = 512> <RAM>
ST_3 : Operation 34 [1/1] (0.00ns)   --->   "%tmp_1 = partselect i8 @_ssdm_op_PartSelect.i8.i32.i32.i32, i32 %p_V, i32 16, i32 23"   --->   Operation 34 'partselect' 'tmp_1' <Predicate = true> <Delay = 0.00>
ST_3 : Operation 35 [1/1] (0.00ns)   --->   "%out2_addr = getelementptr i8 %out2, i32 0, i32 %zext_ln42" [byte_count_stream/src/byte_count_stream.cpp:44]   --->   Operation 35 'getelementptr' 'out2_addr' <Predicate = true> <Delay = 0.00>
ST_3 : Operation 36 [1/1] (3.25ns)   --->   "%store_ln44 = store i8 %tmp_1, i9 %out2_addr" [byte_count_stream/src/byte_count_stream.cpp:44]   --->   Operation 36 'store' 'store_ln44' <Predicate = true> <Delay = 3.25> <CoreInst = "RAM">   --->   Core 82 'RAM' <Latency = 1> <II = 1> <Delay = 3.25> <Storage> <Opcode : 'load' 'store'> <Ports = 2> <Width = 8> <Depth = 512> <RAM>
ST_3 : Operation 37 [1/1] (0.00ns)   --->   "%tmp_2 = partselect i8 @_ssdm_op_PartSelect.i8.i32.i32.i32, i32 %p_V, i32 24, i32 31"   --->   Operation 37 'partselect' 'tmp_2' <Predicate = true> <Delay = 0.00>
ST_3 : Operation 38 [1/1] (0.00ns)   --->   "%out3_addr = getelementptr i8 %out3, i32 0, i32 %zext_ln42" [byte_count_stream/src/byte_count_stream.cpp:45]   --->   Operation 38 'getelementptr' 'out3_addr' <Predicate = true> <Delay = 0.00>
ST_3 : Operation 39 [1/1] (3.25ns)   --->   "%store_ln45 = store i8 %tmp_2, i9 %out3_addr" [byte_count_stream/src/byte_count_stream.cpp:45]   --->   Operation 39 'store' 'store_ln45' <Predicate = true> <Delay = 3.25> <CoreInst = "RAM">   --->   Core 82 'RAM' <Latency = 1> <II = 1> <Delay = 3.25> <Storage> <Opcode : 'load' 'store'> <Ports = 2> <Width = 8> <Depth = 512> <RAM>
ST_3 : Operation 40 [1/1] (0.00ns)   --->   "%br_ln39 = br void %for.inc" [byte_count_stream/src/byte_count_stream.cpp:39]   --->   Operation 40 'br' 'br_ln39' <Predicate = true> <Delay = 0.00>

State 4 <SV = 2> <Delay = 0.00>
ST_4 : Operation 41 [1/1] (0.00ns)   --->   "%write_ln131 = write void @_ssdm_op_Write, i8 %out3, i32 2" [C:/Xilinx/Vitis_HLS/2022.1/common/technology/autopilot\hls_streamofblocks.h:131]   --->   Operation 41 'write' 'write_ln131' <Predicate = true> <Delay = 0.00>
ST_4 : Operation 42 [1/1] (0.00ns)   --->   "%write_ln131 = write void @_ssdm_op_Write, i8 %out2, i32 2" [C:/Xilinx/Vitis_HLS/2022.1/common/technology/autopilot\hls_streamofblocks.h:131]   --->   Operation 42 'write' 'write_ln131' <Predicate = true> <Delay = 0.00>
ST_4 : Operation 43 [1/1] (0.00ns)   --->   "%write_ln131 = write void @_ssdm_op_Write, i8 %out1, i32 2" [C:/Xilinx/Vitis_HLS/2022.1/common/technology/autopilot\hls_streamofblocks.h:131]   --->   Operation 43 'write' 'write_ln131' <Predicate = true> <Delay = 0.00>
ST_4 : Operation 44 [1/1] (0.00ns)   --->   "%write_ln131 = write void @_ssdm_op_Write, i8 %out0, i32 2" [C:/Xilinx/Vitis_HLS/2022.1/common/technology/autopilot\hls_streamofblocks.h:131]   --->   Operation 44 'write' 'write_ln131' <Predicate = true> <Delay = 0.00>
ST_4 : Operation 45 [1/1] (0.00ns)   --->   "%ret_ln47 = ret" [byte_count_stream/src/byte_count_stream.cpp:47]   --->   Operation 45 'ret' 'ret_ln47' <Predicate = true> <Delay = 0.00>


============================================================
+ Verbose Summary: Timing violations
============================================================
Target clock period: 10ns, clock uncertainty: 2.7ns.

 <State 1>: 1.59ns
The critical path consists of the following:
	'alloca' operation ('i') [6]  (0 ns)
	'store' operation ('store_ln39', byte_count_stream/src/byte_count_stream.cpp:39) of constant 0 on local variable 'i' [16]  (1.59 ns)

 <State 2>: 3.41ns
The critical path consists of the following:
	'load' operation ('i', byte_count_stream/src/byte_count_stream.cpp:42) on local variable 'i' [19]  (0 ns)
	'add' operation ('add_ln39', byte_count_stream/src/byte_count_stream.cpp:39) [23]  (1.82 ns)
	'store' operation ('store_ln39', byte_count_stream/src/byte_count_stream.cpp:39) of variable 'add_ln39', byte_count_stream/src/byte_count_stream.cpp:39 on local variable 'i' [42]  (1.59 ns)

 <State 3>: 6.73ns
The critical path consists of the following:
	fifo read operation ('p.V', C:/Xilinx/Vitis_HLS/2022.1/common/technology/autopilot/hls_stream_39.h:145) on port 'In_r' (C:/Xilinx/Vitis_HLS/2022.1/common/technology/autopilot/hls_stream_39.h:145) [27]  (3.48 ns)
	'store' operation ('store_ln42', byte_count_stream/src/byte_count_stream.cpp:42) of variable 'trunc_ln714' on array 'out0' [32]  (3.25 ns)

 <State 4>: 0ns
The critical path consists of the following:


============================================================
+ Verbose Summary: Binding
============================================================
N/A
* FSMD analyzer results:
  - Output states:
 - Input state : 
  - Chain level:
	State 1
	State 2
	State 3
	State 4


============================================================
+ Verbose Summary: Datapath Resource usage 
============================================================
N/A
