

================================================================
== Vitis HLS Report for 'threshold_Pipeline_VITIS_LOOP_86_1'
================================================================
* Date:           Mon Jul  4 22:30:46 2022

* Version:        2022.1 (Build 3526262 on Mon Apr 18 15:48:16 MDT 2022)
* Project:        byte_count_stream
* Solution:       solution1 (Vivado IP Flow Target)
* Product family: zynq
* Target device:  xc7z010i-clg225-1L


================================================================
== Performance Estimates
================================================================
+ Timing: 
    * Summary: 
    +--------+----------+----------+------------+
    |  Clock |  Target  | Estimated| Uncertainty|
    +--------+----------+----------+------------+
    |ap_clk  |  10.00 ns|  7.091 ns|     2.70 ns|
    +--------+----------+----------+------------+

+ Latency: 
    * Summary: 
    +---------+---------+----------+----------+-----+-----+---------+
    |  Latency (cycles) |  Latency (absolute) |  Interval | Pipeline|
    |   min   |   max   |    min   |    max   | min | max |   Type  |
    +---------+---------+----------+----------+-----+-----+---------+
    |      258|      258|  2.580 us|  2.580 us|  258|  258|       no|
    +---------+---------+----------+----------+-----+-----+---------+

    + Detail: 
        * Instance: 
        N/A

        * Loop: 
        +-------------------+---------+---------+----------+-----------+-----------+------+----------+
        |                   |  Latency (cycles) | Iteration|  Initiation Interval  | Trip |          |
        |     Loop Name     |   min   |   max   |  Latency |  achieved |   target  | Count| Pipelined|
        +-------------------+---------+---------+----------+-----------+-----------+------+----------+
        |- VITIS_LOOP_86_1  |      256|      256|         2|          1|          1|   256|       yes|
        +-------------------+---------+---------+----------+-----------+-----------+------+----------+

============================================================
+ Verbose Summary: Synthesis Manager
============================================================
InlineROM: 1
ExposeGlobal: 0
============================================================
+ Verbose Summary: CDFG Model
============================================================
IsTopModel: 0
ResetActiveHigh: 1
IsCombinational: 0
IsDatapathOnly: 0
HasWiredReturn: 1
HasMFsm: 2
HasVarLatency: 1
IsPipeline: 0
IsRtlPipelined: 0
IsInstanceOverlapped: 0
IsDontTouch: 0
HasImplIP: 0
IsGatedGlobalClock: 0

+ Individual pipeline summary: 
  * Pipeline-0: initiation interval (II) = 1, depth = 2


============================================================
+ Verbose Summary: Schedule
============================================================
* Number of FSM states : 2
* Pipeline : 1
  Pipeline-0 : II = 1, D = 2, States = { 1 2 }
* Dataflow Pipeline: 0

* FSM state transitions: 
1 --> 2 
2 --> 

* FSM state operations: 

State 1 <SV = 0> <Delay = 3.41>
ST_1 : Operation 5 [1/1] (0.00ns)   --->   "%over_thresh = alloca i32 1"   --->   Operation 5 'alloca' 'over_thresh' <Predicate = true> <Delay = 0.00>
ST_1 : Operation 6 [1/1] (0.00ns)   --->   "%i = alloca i32 1"   --->   Operation 6 'alloca' 'i' <Predicate = true> <Delay = 0.00>
ST_1 : Operation 7 [1/1] (0.00ns)   --->   "%specinterface_ln0 = specinterface void @_ssdm_op_SpecInterface, i8 %in_r, void @empty_1, i32 0, i32 0, void @empty, i32 0, i32 0, void @empty, void @empty, void @empty, i32 2, i32 2, i32 16, i32 16, void @empty, void @empty, i32 4294967295, i32 0"   --->   Operation 7 'specinterface' 'specinterface_ln0' <Predicate = true> <Delay = 0.00>
ST_1 : Operation 8 [1/1] (1.58ns)   --->   "%store_ln0 = store i9 0, i9 %i"   --->   Operation 8 'store' 'store_ln0' <Predicate = true> <Delay = 1.58>
ST_1 : Operation 9 [1/1] (1.58ns)   --->   "%store_ln0 = store i32 0, i32 %over_thresh"   --->   Operation 9 'store' 'store_ln0' <Predicate = true> <Delay = 1.58>
ST_1 : Operation 10 [1/1] (0.00ns)   --->   "%br_ln0 = br void %for.body"   --->   Operation 10 'br' 'br_ln0' <Predicate = true> <Delay = 0.00>
ST_1 : Operation 11 [1/1] (0.00ns)   --->   "%i_1 = load i9 %i" [byte_count_stream/src/byte_count_stream.cpp:87]   --->   Operation 11 'load' 'i_1' <Predicate = true> <Delay = 0.00>
ST_1 : Operation 12 [1/1] (0.00ns)   --->   "%specpipeline_ln0 = specpipeline void @_ssdm_op_SpecPipeline, i32 4294967295, i32 0, i32 1, i32 0, void @p_str"   --->   Operation 12 'specpipeline' 'specpipeline_ln0' <Predicate = true> <Delay = 0.00>
ST_1 : Operation 13 [1/1] (1.66ns)   --->   "%icmp_ln86 = icmp_eq  i9 %i_1, i9 256" [byte_count_stream/src/byte_count_stream.cpp:86]   --->   Operation 13 'icmp' 'icmp_ln86' <Predicate = true> <Delay = 1.66> <CoreInst = "Cmp">   --->   Core 9 'Cmp' <Latency = 0> <II = 1> <Delay = 1.66> <FuncUnit> <Opcode : 'icmp'> <InPorts = 2> <OutPorts = 1>
ST_1 : Operation 14 [1/1] (0.00ns)   --->   "%empty = speclooptripcount i32 @_ssdm_op_SpecLoopTripCount, i64 256, i64 256, i64 256"   --->   Operation 14 'speclooptripcount' 'empty' <Predicate = true> <Delay = 0.00>
ST_1 : Operation 15 [1/1] (1.82ns)   --->   "%add_ln86 = add i9 %i_1, i9 1" [byte_count_stream/src/byte_count_stream.cpp:86]   --->   Operation 15 'add' 'add_ln86' <Predicate = true> <Delay = 1.82> <CoreInst = "Adder">   --->   Core 1 'Adder' <Latency = 0> <II = 1> <Delay = 1.82> <FuncUnit> <Opcode : 'add' 'sub'> <InPorts = 2> <OutPorts = 1>
ST_1 : Operation 16 [1/1] (0.00ns)   --->   "%br_ln86 = br i1 %icmp_ln86, void %for.body.split, void %for.end.exitStub" [byte_count_stream/src/byte_count_stream.cpp:86]   --->   Operation 16 'br' 'br_ln86' <Predicate = true> <Delay = 0.00>
ST_1 : Operation 17 [1/1] (0.00ns)   --->   "%trunc_ln87 = trunc i9 %i_1" [byte_count_stream/src/byte_count_stream.cpp:87]   --->   Operation 17 'trunc' 'trunc_ln87' <Predicate = (!icmp_ln86)> <Delay = 0.00>
ST_1 : Operation 18 [1/1] (0.00ns)   --->   "%zext_ln87 = zext i8 %trunc_ln87" [byte_count_stream/src/byte_count_stream.cpp:87]   --->   Operation 18 'zext' 'zext_ln87' <Predicate = (!icmp_ln86)> <Delay = 0.00>
ST_1 : Operation 19 [1/1] (0.00ns)   --->   "%in_addr = getelementptr i8 %in_r, i32 0, i32 %zext_ln87" [byte_count_stream/src/byte_count_stream.cpp:87]   --->   Operation 19 'getelementptr' 'in_addr' <Predicate = (!icmp_ln86)> <Delay = 0.00>
ST_1 : Operation 20 [2/2] (3.25ns)   --->   "%in_load = load i8 %in_addr" [byte_count_stream/src/byte_count_stream.cpp:87]   --->   Operation 20 'load' 'in_load' <Predicate = (!icmp_ln86)> <Delay = 3.25> <CoreInst = "RAM">   --->   Core 82 'RAM' <Latency = 1> <II = 1> <Delay = 3.25> <Storage> <Opcode : 'load' 'store'> <Ports = 2> <Width = 8> <Depth = 256> <RAM>
ST_1 : Operation 21 [1/1] (1.58ns)   --->   "%store_ln86 = store i9 %add_ln86, i9 %i" [byte_count_stream/src/byte_count_stream.cpp:86]   --->   Operation 21 'store' 'store_ln86' <Predicate = (!icmp_ln86)> <Delay = 1.58>
ST_1 : Operation 30 [1/1] (0.00ns)   --->   "%over_thresh_load_1 = load i32 %over_thresh"   --->   Operation 30 'load' 'over_thresh_load_1' <Predicate = (icmp_ln86)> <Delay = 0.00>
ST_1 : Operation 31 [1/1] (0.00ns)   --->   "%write_ln0 = write void @_ssdm_op_Write.ap_auto.i32P0A, i32 %over_thresh_out, i32 %over_thresh_load_1"   --->   Operation 31 'write' 'write_ln0' <Predicate = (icmp_ln86)> <Delay = 0.00>
ST_1 : Operation 32 [1/1] (0.00ns)   --->   "%ret_ln0 = ret"   --->   Operation 32 'ret' 'ret_ln0' <Predicate = (icmp_ln86)> <Delay = 0.00>

State 2 <SV = 1> <Delay = 7.09>
ST_2 : Operation 22 [1/1] (0.00ns)   --->   "%over_thresh_load = load i32 %over_thresh" [byte_count_stream/src/byte_count_stream.cpp:88]   --->   Operation 22 'load' 'over_thresh_load' <Predicate = true> <Delay = 0.00>
ST_2 : Operation 23 [1/1] (0.00ns)   --->   "%specloopname_ln84 = specloopname void @_ssdm_op_SpecLoopName, void @empty_7" [byte_count_stream/src/byte_count_stream.cpp:84]   --->   Operation 23 'specloopname' 'specloopname_ln84' <Predicate = true> <Delay = 0.00>
ST_2 : Operation 24 [1/2] (3.25ns)   --->   "%in_load = load i8 %in_addr" [byte_count_stream/src/byte_count_stream.cpp:87]   --->   Operation 24 'load' 'in_load' <Predicate = true> <Delay = 3.25> <CoreInst = "RAM">   --->   Core 82 'RAM' <Latency = 1> <II = 1> <Delay = 3.25> <Storage> <Opcode : 'load' 'store'> <Ports = 2> <Width = 8> <Depth = 256> <RAM>
ST_2 : Operation 25 [1/1] (1.55ns)   --->   "%icmp_ln87 = icmp_ugt  i8 %in_load, i8 4" [byte_count_stream/src/byte_count_stream.cpp:87]   --->   Operation 25 'icmp' 'icmp_ln87' <Predicate = true> <Delay = 1.55> <CoreInst = "Cmp">   --->   Core 9 'Cmp' <Latency = 0> <II = 1> <Delay = 1.55> <FuncUnit> <Opcode : 'icmp'> <InPorts = 2> <OutPorts = 1>
ST_2 : Operation 26 [1/1] (2.55ns)   --->   "%add_ln88 = add i32 %over_thresh_load, i32 1" [byte_count_stream/src/byte_count_stream.cpp:88]   --->   Operation 26 'add' 'add_ln88' <Predicate = true> <Delay = 2.55> <CoreInst = "Adder">   --->   Core 1 'Adder' <Latency = 0> <II = 1> <Delay = 2.55> <FuncUnit> <Opcode : 'add' 'sub'> <InPorts = 2> <OutPorts = 1>
ST_2 : Operation 27 [1/1] (0.69ns)   --->   "%over_thresh_1 = select i1 %icmp_ln87, i32 %add_ln88, i32 %over_thresh_load" [byte_count_stream/src/byte_count_stream.cpp:87]   --->   Operation 27 'select' 'over_thresh_1' <Predicate = true> <Delay = 0.69> <CoreInst = "Sel">   --->   Core 73 'Sel' <Latency = 0> <II = 1> <Delay = 0.69> <FuncUnit> <Opcode : 'select'> <InPorts = 3> <OutPorts = 1>
ST_2 : Operation 28 [1/1] (1.58ns)   --->   "%store_ln86 = store i32 %over_thresh_1, i32 %over_thresh" [byte_count_stream/src/byte_count_stream.cpp:86]   --->   Operation 28 'store' 'store_ln86' <Predicate = true> <Delay = 1.58>
ST_2 : Operation 29 [1/1] (0.00ns)   --->   "%br_ln86 = br void %for.body" [byte_count_stream/src/byte_count_stream.cpp:86]   --->   Operation 29 'br' 'br_ln86' <Predicate = true> <Delay = 0.00>


============================================================
+ Verbose Summary: Timing violations
============================================================
Target clock period: 10ns, clock uncertainty: 2.7ns.

 <State 1>: 3.41ns
The critical path consists of the following:
	'alloca' operation ('i') [4]  (0 ns)
	'load' operation ('i', byte_count_stream/src/byte_count_stream.cpp:87) on local variable 'i' [10]  (0 ns)
	'add' operation ('add_ln86', byte_count_stream/src/byte_count_stream.cpp:86) [14]  (1.82 ns)
	'store' operation ('store_ln86', byte_count_stream/src/byte_count_stream.cpp:86) of variable 'add_ln86', byte_count_stream/src/byte_count_stream.cpp:86 on local variable 'i' [26]  (1.59 ns)

 <State 2>: 7.09ns
The critical path consists of the following:
	'load' operation ('in_load', byte_count_stream/src/byte_count_stream.cpp:87) on array 'in_r' [22]  (3.25 ns)
	'icmp' operation ('icmp_ln87', byte_count_stream/src/byte_count_stream.cpp:87) [23]  (1.55 ns)
	'select' operation ('over_thresh', byte_count_stream/src/byte_count_stream.cpp:87) [25]  (0.698 ns)
	'store' operation ('store_ln86', byte_count_stream/src/byte_count_stream.cpp:86) of variable 'over_thresh', byte_count_stream/src/byte_count_stream.cpp:87 on local variable 'over_thresh' [27]  (1.59 ns)


============================================================
+ Verbose Summary: Binding
============================================================
N/A
* FSMD analyzer results:
  - Output states:
 - Input state : 
  - Chain level:
	State 1
	State 2


============================================================
+ Verbose Summary: Datapath Resource usage 
============================================================
N/A
