

================================================================
== Vitis HLS Report for 'byte_count_Pipeline_THRESHOLD'
================================================================
* Date:           Wed Feb  2 13:07:44 2022

* Version:        2021.2 (Build 3367213 on Tue Oct 19 02:48:09 MDT 2021)
* Project:        estimation
* Solution:       byte_count (Vitis Kernel Flow Target)
* Product family: zynq
* Target device:  xc7z020-clg484-1


================================================================
== Performance Estimates
================================================================
+ Timing: 
    * Summary: 
    +--------+----------+----------+------------+
    |  Clock |  Target  | Estimated| Uncertainty|
    +--------+----------+----------+------------+
    |ap_clk  |  10.00 ns|  5.905 ns|     2.70 ns|
    +--------+----------+----------+------------+

+ Latency: 
    * Summary: 
    +---------+---------+----------+----------+-----+-----+---------+
    |  Latency (cycles) |  Latency (absolute) |  Interval | Pipeline|
    |   min   |   max   |    min   |    max   | min | max |   Type  |
    +---------+---------+----------+----------+-----+-----+---------+
    |      258|      258|  2.580 us|  2.580 us|  258|  258|       no|
    +---------+---------+----------+----------+-----+-----+---------+

    + Detail: 
        * Instance: 
        N/A

        * Loop: 
        +-------------+---------+---------+----------+-----------+-----------+------+----------+
        |             |  Latency (cycles) | Iteration|  Initiation Interval  | Trip |          |
        |  Loop Name  |   min   |   max   |  Latency |  achieved |   target  | Count| Pipelined|
        +-------------+---------+---------+----------+-----------+-----------+------+----------+
        |- THRESHOLD  |      256|      256|         2|          1|          1|   256|       yes|
        +-------------+---------+---------+----------+-----------+-----------+------+----------+



================================================================
== Utilization Estimates
================================================================
* Summary: 
+-----------------+---------+-----+--------+-------+-----+
|       Name      | BRAM_18K| DSP |   FF   |  LUT  | URAM|
+-----------------+---------+-----+--------+-------+-----+
|DSP              |        -|    -|       -|      -|    -|
|Expression       |        -|    -|       0|     59|    -|
|FIFO             |        -|    -|       -|      -|    -|
|Instance         |        -|    -|       0|   1362|    -|
|Memory           |        -|    -|       -|      -|    -|
|Multiplexer      |        -|    -|       -|     45|    -|
|Register         |        -|    -|      21|      -|    -|
+-----------------+---------+-----+--------+-------+-----+
|Total            |        0|    0|      21|   1466|    0|
+-----------------+---------+-----+--------+-------+-----+
|Available        |      280|  220|  106400|  53200|    0|
+-----------------+---------+-----+--------+-------+-----+
|Utilization (%)  |        0|    0|      ~0|      2|    0|
+-----------------+---------+-----+--------+-------+-----+

+ Detail: 
    * Instance: 
    +---------------------+----------------+---------+----+---+------+-----+
    |       Instance      |     Module     | BRAM_18K| DSP| FF|  LUT | URAM|
    +---------------------+----------------+---------+----+---+------+-----+
    |mux_2569_3_1_1_U261  |mux_2569_3_1_1  |        0|   0|  0|  1362|    0|
    +---------------------+----------------+---------+----+---+------+-----+
    |Total                |                |        0|   0|  0|  1362|    0|
    +---------------------+----------------+---------+----+---+------+-----+

    * DSP: 
    N/A

    * Memory: 
    N/A

    * FIFO: 
    N/A

    * Expression: 
    +------------------------+----------+----+---+----+------------+------------+
    |      Variable Name     | Operation| DSP| FF| LUT| Bitwidth P0| Bitwidth P1|
    +------------------------+----------+----+---+----+------------+------------+
    |add_ln885_fu_2658_p2    |         +|   0|  0|  15|           8|           1|
    |i_V_2_fu_2120_p2        |         +|   0|  0|  14|           9|           1|
    |icmp_ln1072_fu_2114_p2  |      icmp|   0|  0|  11|           9|          10|
    |icmp_ln1547_fu_2644_p2  |      icmp|   0|  0|   9|           3|           4|
    |select_ln29_fu_2664_p3  |    select|   0|  0|   8|           1|           8|
    |ap_enable_pp0           |       xor|   0|  0|   2|           1|           2|
    +------------------------+----------+----+---+----+------------+------------+
    |Total                   |          |   0|  0|  59|          31|          26|
    +------------------------+----------+----+---+----+------------+------------+

    * Multiplexer: 
    +-------------------------+----+-----------+-----+-----------+
    |           Name          | LUT| Input Size| Bits| Total Bits|
    +-------------------------+----+-----------+-----+-----------+
    |ap_done_int              |   9|          2|    1|          2|
    |ap_enable_reg_pp0_iter1  |   9|          2|    1|          2|
    |ap_sig_allocacmp_i_V_1   |   9|          2|    9|         18|
    |conv3_i_i74_i_fu_554     |   9|          2|    8|         16|
    |i_V_fu_550               |   9|          2|    9|         18|
    +-------------------------+----+-----------+-----+-----------+
    |Total                    |  45|         10|   28|         56|
    +-------------------------+----+-----------+-----+-----------+

    * Register: 
    +-------------------------+---+----+-----+-----------+
    |           Name          | FF| LUT| Bits| Const Bits|
    +-------------------------+---+----+-----+-----------+
    |ap_CS_fsm                |  1|   0|    1|          0|
    |ap_done_reg              |  1|   0|    1|          0|
    |ap_enable_reg_pp0_iter1  |  1|   0|    1|          0|
    |conv3_i_i74_i_fu_554     |  8|   0|    8|          0|
    |i_V_fu_550               |  9|   0|    9|          0|
    |icmp_ln1547_reg_2698     |  1|   0|    1|          0|
    +-------------------------+---+----+-----+-----------+
    |Total                    | 21|   0|   21|          0|
    +-------------------------+---+----+-----+-----------+



================================================================
== Interface
================================================================
* Summary: 
+--------------------------------------------------------------------------+-----+-----+------------+--------------------------------------------------------------------------+--------------+
|                                 RTL Ports                                | Dir | Bits|  Protocol  |                               Source Object                              |    C Type    |
+--------------------------------------------------------------------------+-----+-----+------------+--------------------------------------------------------------------------+--------------+
|ap_clk                                                                    |   in|    1|  ap_ctrl_hs|                                             byte_count_Pipeline_THRESHOLD|  return value|
|ap_rst                                                                    |   in|    1|  ap_ctrl_hs|                                             byte_count_Pipeline_THRESHOLD|  return value|
|ap_start                                                                  |   in|    1|  ap_ctrl_hs|                                             byte_count_Pipeline_THRESHOLD|  return value|
|ap_done                                                                   |  out|    1|  ap_ctrl_hs|                                             byte_count_Pipeline_THRESHOLD|  return value|
|ap_idle                                                                   |  out|    1|  ap_ctrl_hs|                                             byte_count_Pipeline_THRESHOLD|  return value|
|ap_ready                                                                  |  out|    1|  ap_ctrl_hs|                                             byte_count_Pipeline_THRESHOLD|  return value|
|byte_count_ap_uint_8_appearances_load                                     |   in|    3|     ap_none|                                     byte_count_ap_uint_8_appearances_load|        scalar|
|byte_count_ap_uint_8_appearances_1_load                                   |   in|    3|     ap_none|                                   byte_count_ap_uint_8_appearances_1_load|        scalar|
|byte_count_ap_uint_8_appearances_2_load                                   |   in|    3|     ap_none|                                   byte_count_ap_uint_8_appearances_2_load|        scalar|
|byte_count_ap_uint_8_appearances_3_load                                   |   in|    3|     ap_none|                                   byte_count_ap_uint_8_appearances_3_load|        scalar|
|byte_count_ap_uint_8_appearances_4_load                                   |   in|    3|     ap_none|                                   byte_count_ap_uint_8_appearances_4_load|        scalar|
|byte_count_ap_uint_8_appearances_5_load                                   |   in|    3|     ap_none|                                   byte_count_ap_uint_8_appearances_5_load|        scalar|
|byte_count_ap_uint_8_appearances_6_load                                   |   in|    3|     ap_none|                                   byte_count_ap_uint_8_appearances_6_load|        scalar|
|byte_count_ap_uint_8_appearances_7_load                                   |   in|    3|     ap_none|                                   byte_count_ap_uint_8_appearances_7_load|        scalar|
|byte_count_ap_uint_8_appearances_8_load                                   |   in|    3|     ap_none|                                   byte_count_ap_uint_8_appearances_8_load|        scalar|
|byte_count_ap_uint_8_appearances_9_load                                   |   in|    3|     ap_none|                                   byte_count_ap_uint_8_appearances_9_load|        scalar|
|p_ZZN9bytecount10byte_countEP7ap_uintILi8EEE11appearances_10_0_0_0_load   |   in|    3|     ap_none|   p_ZZN9bytecount10byte_countEP7ap_uintILi8EEE11appearances_10_0_0_0_load|        scalar|
|p_ZZN9bytecount10byte_countEP7ap_uintILi8EEE11appearances_11_0_0_0_load   |   in|    3|     ap_none|   p_ZZN9bytecount10byte_countEP7ap_uintILi8EEE11appearances_11_0_0_0_load|        scalar|
|byte_count_ap_uint_8_appearances_0_0_0_load_29                            |   in|    3|     ap_none|                            byte_count_ap_uint_8_appearances_0_0_0_load_29|        scalar|
|p_ZZN9bytecount10byte_countEP7ap_uintILi8EEE11appearances_13_0_0_0_load   |   in|    3|     ap_none|   p_ZZN9bytecount10byte_countEP7ap_uintILi8EEE11appearances_13_0_0_0_load|        scalar|
|byte_count_ap_uint_8_appearances_0_0_0_load                               |   in|    3|     ap_none|                               byte_count_ap_uint_8_appearances_0_0_0_load|        scalar|
|p_ZZN9bytecount10byte_countEP7ap_uintILi8EEE11appearances_15_0_0_0_load   |   in|    3|     ap_none|   p_ZZN9bytecount10byte_countEP7ap_uintILi8EEE11appearances_15_0_0_0_load|        scalar|
|byte_count_ap_uint_8_appearances_10_load                                  |   in|    3|     ap_none|                                  byte_count_ap_uint_8_appearances_10_load|        scalar|
|bytecount_byte_count_ap_uint_8_appearances_30                             |   in|    3|     ap_none|                             bytecount_byte_count_ap_uint_8_appearances_30|        scalar|
|bytecount_byte_count_ap_uint_8_appearances_31                             |   in|    3|     ap_none|                             bytecount_byte_count_ap_uint_8_appearances_31|        scalar|
|bytecount_byte_count_ap_uint_8_appearances_33                             |   in|    3|     ap_none|                             bytecount_byte_count_ap_uint_8_appearances_33|        scalar|
|p_ZZN9bytecount10byte_countEP7ap_uintILi8EEE11appearances_20_0_0_0_load   |   in|    3|     ap_none|   p_ZZN9bytecount10byte_countEP7ap_uintILi8EEE11appearances_20_0_0_0_load|        scalar|
|p_ZZN9bytecount10byte_countEP7ap_uintILi8EEE11appearances_21_0_0_0_load   |   in|    3|     ap_none|   p_ZZN9bytecount10byte_countEP7ap_uintILi8EEE11appearances_21_0_0_0_load|        scalar|
|byte_count_ap_uint_8_appearances_0_0_0_1_load_32                          |   in|    3|     ap_none|                          byte_count_ap_uint_8_appearances_0_0_0_1_load_32|        scalar|
|p_ZZN9bytecount10byte_countEP7ap_uintILi8EEE11appearances_23_0_0_0_load   |   in|    3|     ap_none|   p_ZZN9bytecount10byte_countEP7ap_uintILi8EEE11appearances_23_0_0_0_load|        scalar|
|byte_count_ap_uint_8_appearances_0_0_0_1_load                             |   in|    3|     ap_none|                             byte_count_ap_uint_8_appearances_0_0_0_1_load|        scalar|
|p_ZZN9bytecount10byte_countEP7ap_uintILi8EEE11appearances_25_0_0_0_load   |   in|    3|     ap_none|   p_ZZN9bytecount10byte_countEP7ap_uintILi8EEE11appearances_25_0_0_0_load|        scalar|
|byte_count_ap_uint_8_appearances_11_load                                  |   in|    3|     ap_none|                                  byte_count_ap_uint_8_appearances_11_load|        scalar|
|bytecount_byte_count_ap_uint_8_appearances_34                             |   in|    3|     ap_none|                             bytecount_byte_count_ap_uint_8_appearances_34|        scalar|
|bytecount_byte_count_ap_uint_8_appearances_35                             |   in|    3|     ap_none|                             bytecount_byte_count_ap_uint_8_appearances_35|        scalar|
|bytecount_byte_count_ap_uint_8_appearances_37                             |   in|    3|     ap_none|                             bytecount_byte_count_ap_uint_8_appearances_37|        scalar|
|p_ZZN9bytecount10byte_countEP7ap_uintILi8EEE11appearances_30_0_0_0_load   |   in|    3|     ap_none|   p_ZZN9bytecount10byte_countEP7ap_uintILi8EEE11appearances_30_0_0_0_load|        scalar|
|p_ZZN9bytecount10byte_countEP7ap_uintILi8EEE11appearances_31_0_0_0_load   |   in|    3|     ap_none|   p_ZZN9bytecount10byte_countEP7ap_uintILi8EEE11appearances_31_0_0_0_load|        scalar|
|byte_count_ap_uint_8_appearances_0_0_0_2_load_36                          |   in|    3|     ap_none|                          byte_count_ap_uint_8_appearances_0_0_0_2_load_36|        scalar|
|p_ZZN9bytecount10byte_countEP7ap_uintILi8EEE11appearances_33_0_0_0_load   |   in|    3|     ap_none|   p_ZZN9bytecount10byte_countEP7ap_uintILi8EEE11appearances_33_0_0_0_load|        scalar|
|byte_count_ap_uint_8_appearances_0_0_0_2_load                             |   in|    3|     ap_none|                             byte_count_ap_uint_8_appearances_0_0_0_2_load|        scalar|
|p_ZZN9bytecount10byte_countEP7ap_uintILi8EEE11appearances_35_0_0_0_load   |   in|    3|     ap_none|   p_ZZN9bytecount10byte_countEP7ap_uintILi8EEE11appearances_35_0_0_0_load|        scalar|
|byte_count_ap_uint_8_appearances_12_load                                  |   in|    3|     ap_none|                                  byte_count_ap_uint_8_appearances_12_load|        scalar|
|bytecount_byte_count_ap_uint_8_appearances_38                             |   in|    3|     ap_none|                             bytecount_byte_count_ap_uint_8_appearances_38|        scalar|
|bytecount_byte_count_ap_uint_8_appearances_39                             |   in|    3|     ap_none|                             bytecount_byte_count_ap_uint_8_appearances_39|        scalar|
|bytecount_byte_count_ap_uint_8_appearances_41                             |   in|    3|     ap_none|                             bytecount_byte_count_ap_uint_8_appearances_41|        scalar|
|p_ZZN9bytecount10byte_countEP7ap_uintILi8EEE11appearances_40_0_0_0_load   |   in|    3|     ap_none|   p_ZZN9bytecount10byte_countEP7ap_uintILi8EEE11appearances_40_0_0_0_load|        scalar|
|p_ZZN9bytecount10byte_countEP7ap_uintILi8EEE11appearances_41_0_0_0_load   |   in|    3|     ap_none|   p_ZZN9bytecount10byte_countEP7ap_uintILi8EEE11appearances_41_0_0_0_load|        scalar|
|byte_count_ap_uint_8_appearances_0_0_0_3_load_40                          |   in|    3|     ap_none|                          byte_count_ap_uint_8_appearances_0_0_0_3_load_40|        scalar|
|p_ZZN9bytecount10byte_countEP7ap_uintILi8EEE11appearances_43_0_0_0_load   |   in|    3|     ap_none|   p_ZZN9bytecount10byte_countEP7ap_uintILi8EEE11appearances_43_0_0_0_load|        scalar|
|byte_count_ap_uint_8_appearances_0_0_0_3_load                             |   in|    3|     ap_none|                             byte_count_ap_uint_8_appearances_0_0_0_3_load|        scalar|
|p_ZZN9bytecount10byte_countEP7ap_uintILi8EEE11appearances_45_0_0_0_load   |   in|    3|     ap_none|   p_ZZN9bytecount10byte_countEP7ap_uintILi8EEE11appearances_45_0_0_0_load|        scalar|
|byte_count_ap_uint_8_appearances_13_load                                  |   in|    3|     ap_none|                                  byte_count_ap_uint_8_appearances_13_load|        scalar|
|bytecount_byte_count_ap_uint_8_appearances_42                             |   in|    3|     ap_none|                             bytecount_byte_count_ap_uint_8_appearances_42|        scalar|
|bytecount_byte_count_ap_uint_8_appearances_43                             |   in|    3|     ap_none|                             bytecount_byte_count_ap_uint_8_appearances_43|        scalar|
|bytecount_byte_count_ap_uint_8_appearances_45                             |   in|    3|     ap_none|                             bytecount_byte_count_ap_uint_8_appearances_45|        scalar|
|p_ZZN9bytecount10byte_countEP7ap_uintILi8EEE11appearances_50_0_0_0_load   |   in|    3|     ap_none|   p_ZZN9bytecount10byte_countEP7ap_uintILi8EEE11appearances_50_0_0_0_load|        scalar|
|p_ZZN9bytecount10byte_countEP7ap_uintILi8EEE11appearances_51_0_0_0_load   |   in|    3|     ap_none|   p_ZZN9bytecount10byte_countEP7ap_uintILi8EEE11appearances_51_0_0_0_load|        scalar|
|byte_count_ap_uint_8_appearances_0_0_0_4_load_44                          |   in|    3|     ap_none|                          byte_count_ap_uint_8_appearances_0_0_0_4_load_44|        scalar|
|p_ZZN9bytecount10byte_countEP7ap_uintILi8EEE11appearances_53_0_0_0_load   |   in|    3|     ap_none|   p_ZZN9bytecount10byte_countEP7ap_uintILi8EEE11appearances_53_0_0_0_load|        scalar|
|byte_count_ap_uint_8_appearances_0_0_0_4_load                             |   in|    3|     ap_none|                             byte_count_ap_uint_8_appearances_0_0_0_4_load|        scalar|
|p_ZZN9bytecount10byte_countEP7ap_uintILi8EEE11appearances_55_0_0_0_load   |   in|    3|     ap_none|   p_ZZN9bytecount10byte_countEP7ap_uintILi8EEE11appearances_55_0_0_0_load|        scalar|
|byte_count_ap_uint_8_appearances_14_load                                  |   in|    3|     ap_none|                                  byte_count_ap_uint_8_appearances_14_load|        scalar|
|bytecount_byte_count_ap_uint_8_appearances_46                             |   in|    3|     ap_none|                             bytecount_byte_count_ap_uint_8_appearances_46|        scalar|
|bytecount_byte_count_ap_uint_8_appearances_47                             |   in|    3|     ap_none|                             bytecount_byte_count_ap_uint_8_appearances_47|        scalar|
|bytecount_byte_count_ap_uint_8_appearances_49                             |   in|    3|     ap_none|                             bytecount_byte_count_ap_uint_8_appearances_49|        scalar|
|p_ZZN9bytecount10byte_countEP7ap_uintILi8EEE11appearances_60_0_0_0_load   |   in|    3|     ap_none|   p_ZZN9bytecount10byte_countEP7ap_uintILi8EEE11appearances_60_0_0_0_load|        scalar|
|p_ZZN9bytecount10byte_countEP7ap_uintILi8EEE11appearances_61_0_0_0_load   |   in|    3|     ap_none|   p_ZZN9bytecount10byte_countEP7ap_uintILi8EEE11appearances_61_0_0_0_load|        scalar|
|byte_count_ap_uint_8_appearances_0_0_0_5_load_48                          |   in|    3|     ap_none|                          byte_count_ap_uint_8_appearances_0_0_0_5_load_48|        scalar|
|p_ZZN9bytecount10byte_countEP7ap_uintILi8EEE11appearances_63_0_0_0_load   |   in|    3|     ap_none|   p_ZZN9bytecount10byte_countEP7ap_uintILi8EEE11appearances_63_0_0_0_load|        scalar|
|byte_count_ap_uint_8_appearances_0_0_0_5_load                             |   in|    3|     ap_none|                             byte_count_ap_uint_8_appearances_0_0_0_5_load|        scalar|
|p_ZZN9bytecount10byte_countEP7ap_uintILi8EEE11appearances_65_0_0_0_load   |   in|    3|     ap_none|   p_ZZN9bytecount10byte_countEP7ap_uintILi8EEE11appearances_65_0_0_0_load|        scalar|
|byte_count_ap_uint_8_appearances_15_load                                  |   in|    3|     ap_none|                                  byte_count_ap_uint_8_appearances_15_load|        scalar|
|bytecount_byte_count_ap_uint_8_appearances_50                             |   in|    3|     ap_none|                             bytecount_byte_count_ap_uint_8_appearances_50|        scalar|
|bytecount_byte_count_ap_uint_8_appearances_51                             |   in|    3|     ap_none|                             bytecount_byte_count_ap_uint_8_appearances_51|        scalar|
|bytecount_byte_count_ap_uint_8_appearances_53                             |   in|    3|     ap_none|                             bytecount_byte_count_ap_uint_8_appearances_53|        scalar|
|p_ZZN9bytecount10byte_countEP7ap_uintILi8EEE11appearances_70_0_0_0_load   |   in|    3|     ap_none|   p_ZZN9bytecount10byte_countEP7ap_uintILi8EEE11appearances_70_0_0_0_load|        scalar|
|p_ZZN9bytecount10byte_countEP7ap_uintILi8EEE11appearances_71_0_0_0_load   |   in|    3|     ap_none|   p_ZZN9bytecount10byte_countEP7ap_uintILi8EEE11appearances_71_0_0_0_load|        scalar|
|byte_count_ap_uint_8_appearances_0_0_0_6_load_52                          |   in|    3|     ap_none|                          byte_count_ap_uint_8_appearances_0_0_0_6_load_52|        scalar|
|p_ZZN9bytecount10byte_countEP7ap_uintILi8EEE11appearances_73_0_0_0_load   |   in|    3|     ap_none|   p_ZZN9bytecount10byte_countEP7ap_uintILi8EEE11appearances_73_0_0_0_load|        scalar|
|byte_count_ap_uint_8_appearances_0_0_0_6_load                             |   in|    3|     ap_none|                             byte_count_ap_uint_8_appearances_0_0_0_6_load|        scalar|
|p_ZZN9bytecount10byte_countEP7ap_uintILi8EEE11appearances_75_0_0_0_load   |   in|    3|     ap_none|   p_ZZN9bytecount10byte_countEP7ap_uintILi8EEE11appearances_75_0_0_0_load|        scalar|
|byte_count_ap_uint_8_appearances_16_load                                  |   in|    3|     ap_none|                                  byte_count_ap_uint_8_appearances_16_load|        scalar|
|bytecount_byte_count_ap_uint_8_appearances_54                             |   in|    3|     ap_none|                             bytecount_byte_count_ap_uint_8_appearances_54|        scalar|
|bytecount_byte_count_ap_uint_8_appearances_55                             |   in|    3|     ap_none|                             bytecount_byte_count_ap_uint_8_appearances_55|        scalar|
|bytecount_byte_count_ap_uint_8_appearances_57                             |   in|    3|     ap_none|                             bytecount_byte_count_ap_uint_8_appearances_57|        scalar|
|p_ZZN9bytecount10byte_countEP7ap_uintILi8EEE11appearances_80_0_0_0_load   |   in|    3|     ap_none|   p_ZZN9bytecount10byte_countEP7ap_uintILi8EEE11appearances_80_0_0_0_load|        scalar|
|p_ZZN9bytecount10byte_countEP7ap_uintILi8EEE11appearances_81_0_0_0_load   |   in|    3|     ap_none|   p_ZZN9bytecount10byte_countEP7ap_uintILi8EEE11appearances_81_0_0_0_load|        scalar|
|byte_count_ap_uint_8_appearances_0_0_0_7_load_56                          |   in|    3|     ap_none|                          byte_count_ap_uint_8_appearances_0_0_0_7_load_56|        scalar|
|p_ZZN9bytecount10byte_countEP7ap_uintILi8EEE11appearances_83_0_0_0_load   |   in|    3|     ap_none|   p_ZZN9bytecount10byte_countEP7ap_uintILi8EEE11appearances_83_0_0_0_load|        scalar|
|byte_count_ap_uint_8_appearances_0_0_0_7_load                             |   in|    3|     ap_none|                             byte_count_ap_uint_8_appearances_0_0_0_7_load|        scalar|
|p_ZZN9bytecount10byte_countEP7ap_uintILi8EEE11appearances_85_0_0_0_load   |   in|    3|     ap_none|   p_ZZN9bytecount10byte_countEP7ap_uintILi8EEE11appearances_85_0_0_0_load|        scalar|
|byte_count_ap_uint_8_appearances_17_load                                  |   in|    3|     ap_none|                                  byte_count_ap_uint_8_appearances_17_load|        scalar|
|bytecount_byte_count_ap_uint_8_appearances_58                             |   in|    3|     ap_none|                             bytecount_byte_count_ap_uint_8_appearances_58|        scalar|
|bytecount_byte_count_ap_uint_8_appearances_59                             |   in|    3|     ap_none|                             bytecount_byte_count_ap_uint_8_appearances_59|        scalar|
|bytecount_byte_count_ap_uint_8_appearances_61                             |   in|    3|     ap_none|                             bytecount_byte_count_ap_uint_8_appearances_61|        scalar|
|p_ZZN9bytecount10byte_countEP7ap_uintILi8EEE11appearances_90_0_0_0_load   |   in|    3|     ap_none|   p_ZZN9bytecount10byte_countEP7ap_uintILi8EEE11appearances_90_0_0_0_load|        scalar|
|p_ZZN9bytecount10byte_countEP7ap_uintILi8EEE11appearances_91_0_0_0_load   |   in|    3|     ap_none|   p_ZZN9bytecount10byte_countEP7ap_uintILi8EEE11appearances_91_0_0_0_load|        scalar|
|byte_count_ap_uint_8_appearances_0_0_0_8_load_60                          |   in|    3|     ap_none|                          byte_count_ap_uint_8_appearances_0_0_0_8_load_60|        scalar|
|p_ZZN9bytecount10byte_countEP7ap_uintILi8EEE11appearances_93_0_0_0_load   |   in|    3|     ap_none|   p_ZZN9bytecount10byte_countEP7ap_uintILi8EEE11appearances_93_0_0_0_load|        scalar|
|byte_count_ap_uint_8_appearances_0_0_0_8_load                             |   in|    3|     ap_none|                             byte_count_ap_uint_8_appearances_0_0_0_8_load|        scalar|
|p_ZZN9bytecount10byte_countEP7ap_uintILi8EEE11appearances_95_0_0_0_load   |   in|    3|     ap_none|   p_ZZN9bytecount10byte_countEP7ap_uintILi8EEE11appearances_95_0_0_0_load|        scalar|
|byte_count_ap_uint_8_appearances_18_load                                  |   in|    3|     ap_none|                                  byte_count_ap_uint_8_appearances_18_load|        scalar|
|bytecount_byte_count_ap_uint_8_appearances_62                             |   in|    3|     ap_none|                             bytecount_byte_count_ap_uint_8_appearances_62|        scalar|
|bytecount_byte_count_ap_uint_8_appearances_63                             |   in|    3|     ap_none|                             bytecount_byte_count_ap_uint_8_appearances_63|        scalar|
|bytecount_byte_count_ap_uint_8_appearances_64                             |   in|    3|     ap_none|                             bytecount_byte_count_ap_uint_8_appearances_64|        scalar|
|p_ZZN9bytecount10byte_countEP7ap_uintILi8EEE11appearances_100_0_0_0_load  |   in|    3|     ap_none|  p_ZZN9bytecount10byte_countEP7ap_uintILi8EEE11appearances_100_0_0_0_load|        scalar|
|p_ZZN9bytecount10byte_countEP7ap_uintILi8EEE11appearances_101_0_0_0_load  |   in|    3|     ap_none|  p_ZZN9bytecount10byte_countEP7ap_uintILi8EEE11appearances_101_0_0_0_load|        scalar|
|p_ZZN9bytecount10byte_countEP7ap_uintILi8EEE11appearances_102_0_0_0_load  |   in|    3|     ap_none|  p_ZZN9bytecount10byte_countEP7ap_uintILi8EEE11appearances_102_0_0_0_load|        scalar|
|p_ZZN9bytecount10byte_countEP7ap_uintILi8EEE11appearances_103_0_0_0_load  |   in|    3|     ap_none|  p_ZZN9bytecount10byte_countEP7ap_uintILi8EEE11appearances_103_0_0_0_load|        scalar|
|p_ZZN9bytecount10byte_countEP7ap_uintILi8EEE11appearances_104_0_0_0_load  |   in|    3|     ap_none|  p_ZZN9bytecount10byte_countEP7ap_uintILi8EEE11appearances_104_0_0_0_load|        scalar|
|p_ZZN9bytecount10byte_countEP7ap_uintILi8EEE11appearances_105_0_0_0_load  |   in|    3|     ap_none|  p_ZZN9bytecount10byte_countEP7ap_uintILi8EEE11appearances_105_0_0_0_load|        scalar|
|p_ZZN9bytecount10byte_countEP7ap_uintILi8EEE11appearances_106_0_0_0_load  |   in|    3|     ap_none|  p_ZZN9bytecount10byte_countEP7ap_uintILi8EEE11appearances_106_0_0_0_load|        scalar|
|p_ZZN9bytecount10byte_countEP7ap_uintILi8EEE11appearances_107_0_0_0_load  |   in|    3|     ap_none|  p_ZZN9bytecount10byte_countEP7ap_uintILi8EEE11appearances_107_0_0_0_load|        scalar|
|p_ZZN9bytecount10byte_countEP7ap_uintILi8EEE11appearances_108_0_0_0_load  |   in|    3|     ap_none|  p_ZZN9bytecount10byte_countEP7ap_uintILi8EEE11appearances_108_0_0_0_load|        scalar|
|p_ZZN9bytecount10byte_countEP7ap_uintILi8EEE11appearances_109_0_0_0_load  |   in|    3|     ap_none|  p_ZZN9bytecount10byte_countEP7ap_uintILi8EEE11appearances_109_0_0_0_load|        scalar|
|bytecount_byte_count_ap_uint_8_appearances_65                             |   in|    3|     ap_none|                             bytecount_byte_count_ap_uint_8_appearances_65|        scalar|
|bytecount_byte_count_ap_uint_8_appearances_66                             |   in|    3|     ap_none|                             bytecount_byte_count_ap_uint_8_appearances_66|        scalar|
|p_ZZN9bytecount10byte_countEP7ap_uintILi8EEE11appearances_112_0_0_0_load  |   in|    3|     ap_none|  p_ZZN9bytecount10byte_countEP7ap_uintILi8EEE11appearances_112_0_0_0_load|        scalar|
|p_ZZN9bytecount10byte_countEP7ap_uintILi8EEE11appearances_113_0_0_0_load  |   in|    3|     ap_none|  p_ZZN9bytecount10byte_countEP7ap_uintILi8EEE11appearances_113_0_0_0_load|        scalar|
|p_ZZN9bytecount10byte_countEP7ap_uintILi8EEE11appearances_114_0_0_0_load  |   in|    3|     ap_none|  p_ZZN9bytecount10byte_countEP7ap_uintILi8EEE11appearances_114_0_0_0_load|        scalar|
|p_ZZN9bytecount10byte_countEP7ap_uintILi8EEE11appearances_115_0_0_0_load  |   in|    3|     ap_none|  p_ZZN9bytecount10byte_countEP7ap_uintILi8EEE11appearances_115_0_0_0_load|        scalar|
|p_ZZN9bytecount10byte_countEP7ap_uintILi8EEE11appearances_116_0_0_0_load  |   in|    3|     ap_none|  p_ZZN9bytecount10byte_countEP7ap_uintILi8EEE11appearances_116_0_0_0_load|        scalar|
|p_ZZN9bytecount10byte_countEP7ap_uintILi8EEE11appearances_117_0_0_0_load  |   in|    3|     ap_none|  p_ZZN9bytecount10byte_countEP7ap_uintILi8EEE11appearances_117_0_0_0_load|        scalar|
|p_ZZN9bytecount10byte_countEP7ap_uintILi8EEE11appearances_118_0_0_0_load  |   in|    3|     ap_none|  p_ZZN9bytecount10byte_countEP7ap_uintILi8EEE11appearances_118_0_0_0_load|        scalar|
|p_ZZN9bytecount10byte_countEP7ap_uintILi8EEE11appearances_119_0_0_0_load  |   in|    3|     ap_none|  p_ZZN9bytecount10byte_countEP7ap_uintILi8EEE11appearances_119_0_0_0_load|        scalar|
|p_ZZN9bytecount10byte_countEP7ap_uintILi8EEE11appearances_120_0_0_0_load  |   in|    3|     ap_none|  p_ZZN9bytecount10byte_countEP7ap_uintILi8EEE11appearances_120_0_0_0_load|        scalar|
|p_ZZN9bytecount10byte_countEP7ap_uintILi8EEE11appearances_121_0_0_0_load  |   in|    3|     ap_none|  p_ZZN9bytecount10byte_countEP7ap_uintILi8EEE11appearances_121_0_0_0_load|        scalar|
|p_ZZN9bytecount10byte_countEP7ap_uintILi8EEE11appearances_122_0_0_0_load  |   in|    3|     ap_none|  p_ZZN9bytecount10byte_countEP7ap_uintILi8EEE11appearances_122_0_0_0_load|        scalar|
|p_ZZN9bytecount10byte_countEP7ap_uintILi8EEE11appearances_123_0_0_0_load  |   in|    3|     ap_none|  p_ZZN9bytecount10byte_countEP7ap_uintILi8EEE11appearances_123_0_0_0_load|        scalar|
|p_ZZN9bytecount10byte_countEP7ap_uintILi8EEE11appearances_124_0_0_0_load  |   in|    3|     ap_none|  p_ZZN9bytecount10byte_countEP7ap_uintILi8EEE11appearances_124_0_0_0_load|        scalar|
|p_ZZN9bytecount10byte_countEP7ap_uintILi8EEE11appearances_125_0_0_0_load  |   in|    3|     ap_none|  p_ZZN9bytecount10byte_countEP7ap_uintILi8EEE11appearances_125_0_0_0_load|        scalar|
|p_ZZN9bytecount10byte_countEP7ap_uintILi8EEE11appearances_126_0_0_0_load  |   in|    3|     ap_none|  p_ZZN9bytecount10byte_countEP7ap_uintILi8EEE11appearances_126_0_0_0_load|        scalar|
|p_ZZN9bytecount10byte_countEP7ap_uintILi8EEE11appearances_127_0_0_0_load  |   in|    3|     ap_none|  p_ZZN9bytecount10byte_countEP7ap_uintILi8EEE11appearances_127_0_0_0_load|        scalar|
|p_ZZN9bytecount10byte_countEP7ap_uintILi8EEE11appearances_128_0_0_0_load  |   in|    3|     ap_none|  p_ZZN9bytecount10byte_countEP7ap_uintILi8EEE11appearances_128_0_0_0_load|        scalar|
|p_ZZN9bytecount10byte_countEP7ap_uintILi8EEE11appearances_129_0_0_0_load  |   in|    3|     ap_none|  p_ZZN9bytecount10byte_countEP7ap_uintILi8EEE11appearances_129_0_0_0_load|        scalar|
|p_ZZN9bytecount10byte_countEP7ap_uintILi8EEE11appearances_130_0_0_0_load  |   in|    3|     ap_none|  p_ZZN9bytecount10byte_countEP7ap_uintILi8EEE11appearances_130_0_0_0_load|        scalar|
|p_ZZN9bytecount10byte_countEP7ap_uintILi8EEE11appearances_131_0_0_0_load  |   in|    3|     ap_none|  p_ZZN9bytecount10byte_countEP7ap_uintILi8EEE11appearances_131_0_0_0_load|        scalar|
|p_ZZN9bytecount10byte_countEP7ap_uintILi8EEE11appearances_132_0_0_0_load  |   in|    3|     ap_none|  p_ZZN9bytecount10byte_countEP7ap_uintILi8EEE11appearances_132_0_0_0_load|        scalar|
|p_ZZN9bytecount10byte_countEP7ap_uintILi8EEE11appearances_133_0_0_0_load  |   in|    3|     ap_none|  p_ZZN9bytecount10byte_countEP7ap_uintILi8EEE11appearances_133_0_0_0_load|        scalar|
|p_ZZN9bytecount10byte_countEP7ap_uintILi8EEE11appearances_134_0_0_0_load  |   in|    3|     ap_none|  p_ZZN9bytecount10byte_countEP7ap_uintILi8EEE11appearances_134_0_0_0_load|        scalar|
|p_ZZN9bytecount10byte_countEP7ap_uintILi8EEE11appearances_135_0_0_0_load  |   in|    3|     ap_none|  p_ZZN9bytecount10byte_countEP7ap_uintILi8EEE11appearances_135_0_0_0_load|        scalar|
|p_ZZN9bytecount10byte_countEP7ap_uintILi8EEE11appearances_136_0_0_0_load  |   in|    3|     ap_none|  p_ZZN9bytecount10byte_countEP7ap_uintILi8EEE11appearances_136_0_0_0_load|        scalar|
|p_ZZN9bytecount10byte_countEP7ap_uintILi8EEE11appearances_137_0_0_0_load  |   in|    3|     ap_none|  p_ZZN9bytecount10byte_countEP7ap_uintILi8EEE11appearances_137_0_0_0_load|        scalar|
|p_ZZN9bytecount10byte_countEP7ap_uintILi8EEE11appearances_138_0_0_0_load  |   in|    3|     ap_none|  p_ZZN9bytecount10byte_countEP7ap_uintILi8EEE11appearances_138_0_0_0_load|        scalar|
|p_ZZN9bytecount10byte_countEP7ap_uintILi8EEE11appearances_139_0_0_0_load  |   in|    3|     ap_none|  p_ZZN9bytecount10byte_countEP7ap_uintILi8EEE11appearances_139_0_0_0_load|        scalar|
|p_ZZN9bytecount10byte_countEP7ap_uintILi8EEE11appearances_140_0_0_0_load  |   in|    3|     ap_none|  p_ZZN9bytecount10byte_countEP7ap_uintILi8EEE11appearances_140_0_0_0_load|        scalar|
|p_ZZN9bytecount10byte_countEP7ap_uintILi8EEE11appearances_141_0_0_0_load  |   in|    3|     ap_none|  p_ZZN9bytecount10byte_countEP7ap_uintILi8EEE11appearances_141_0_0_0_load|        scalar|
|p_ZZN9bytecount10byte_countEP7ap_uintILi8EEE11appearances_142_0_0_0_load  |   in|    3|     ap_none|  p_ZZN9bytecount10byte_countEP7ap_uintILi8EEE11appearances_142_0_0_0_load|        scalar|
|p_ZZN9bytecount10byte_countEP7ap_uintILi8EEE11appearances_143_0_0_0_load  |   in|    3|     ap_none|  p_ZZN9bytecount10byte_countEP7ap_uintILi8EEE11appearances_143_0_0_0_load|        scalar|
|p_ZZN9bytecount10byte_countEP7ap_uintILi8EEE11appearances_144_0_0_0_load  |   in|    3|     ap_none|  p_ZZN9bytecount10byte_countEP7ap_uintILi8EEE11appearances_144_0_0_0_load|        scalar|
|p_ZZN9bytecount10byte_countEP7ap_uintILi8EEE11appearances_145_0_0_0_load  |   in|    3|     ap_none|  p_ZZN9bytecount10byte_countEP7ap_uintILi8EEE11appearances_145_0_0_0_load|        scalar|
|p_ZZN9bytecount10byte_countEP7ap_uintILi8EEE11appearances_146_0_0_0_load  |   in|    3|     ap_none|  p_ZZN9bytecount10byte_countEP7ap_uintILi8EEE11appearances_146_0_0_0_load|        scalar|
|p_ZZN9bytecount10byte_countEP7ap_uintILi8EEE11appearances_147_0_0_0_load  |   in|    3|     ap_none|  p_ZZN9bytecount10byte_countEP7ap_uintILi8EEE11appearances_147_0_0_0_load|        scalar|
|p_ZZN9bytecount10byte_countEP7ap_uintILi8EEE11appearances_148_0_0_0_load  |   in|    3|     ap_none|  p_ZZN9bytecount10byte_countEP7ap_uintILi8EEE11appearances_148_0_0_0_load|        scalar|
|p_ZZN9bytecount10byte_countEP7ap_uintILi8EEE11appearances_149_0_0_0_load  |   in|    3|     ap_none|  p_ZZN9bytecount10byte_countEP7ap_uintILi8EEE11appearances_149_0_0_0_load|        scalar|
|p_ZZN9bytecount10byte_countEP7ap_uintILi8EEE11appearances_150_0_0_0_load  |   in|    3|     ap_none|  p_ZZN9bytecount10byte_countEP7ap_uintILi8EEE11appearances_150_0_0_0_load|        scalar|
|p_ZZN9bytecount10byte_countEP7ap_uintILi8EEE11appearances_151_0_0_0_load  |   in|    3|     ap_none|  p_ZZN9bytecount10byte_countEP7ap_uintILi8EEE11appearances_151_0_0_0_load|        scalar|
|p_ZZN9bytecount10byte_countEP7ap_uintILi8EEE11appearances_152_0_0_0_load  |   in|    3|     ap_none|  p_ZZN9bytecount10byte_countEP7ap_uintILi8EEE11appearances_152_0_0_0_load|        scalar|
|p_ZZN9bytecount10byte_countEP7ap_uintILi8EEE11appearances_153_0_0_0_load  |   in|    3|     ap_none|  p_ZZN9bytecount10byte_countEP7ap_uintILi8EEE11appearances_153_0_0_0_load|        scalar|
|p_ZZN9bytecount10byte_countEP7ap_uintILi8EEE11appearances_154_0_0_0_load  |   in|    3|     ap_none|  p_ZZN9bytecount10byte_countEP7ap_uintILi8EEE11appearances_154_0_0_0_load|        scalar|
|p_ZZN9bytecount10byte_countEP7ap_uintILi8EEE11appearances_155_0_0_0_load  |   in|    3|     ap_none|  p_ZZN9bytecount10byte_countEP7ap_uintILi8EEE11appearances_155_0_0_0_load|        scalar|
|p_ZZN9bytecount10byte_countEP7ap_uintILi8EEE11appearances_156_0_0_0_load  |   in|    3|     ap_none|  p_ZZN9bytecount10byte_countEP7ap_uintILi8EEE11appearances_156_0_0_0_load|        scalar|
|p_ZZN9bytecount10byte_countEP7ap_uintILi8EEE11appearances_157_0_0_0_load  |   in|    3|     ap_none|  p_ZZN9bytecount10byte_countEP7ap_uintILi8EEE11appearances_157_0_0_0_load|        scalar|
|p_ZZN9bytecount10byte_countEP7ap_uintILi8EEE11appearances_158_0_0_0_load  |   in|    3|     ap_none|  p_ZZN9bytecount10byte_countEP7ap_uintILi8EEE11appearances_158_0_0_0_load|        scalar|
|p_ZZN9bytecount10byte_countEP7ap_uintILi8EEE11appearances_159_0_0_0_load  |   in|    3|     ap_none|  p_ZZN9bytecount10byte_countEP7ap_uintILi8EEE11appearances_159_0_0_0_load|        scalar|
|p_ZZN9bytecount10byte_countEP7ap_uintILi8EEE11appearances_160_0_0_0_load  |   in|    3|     ap_none|  p_ZZN9bytecount10byte_countEP7ap_uintILi8EEE11appearances_160_0_0_0_load|        scalar|
|p_ZZN9bytecount10byte_countEP7ap_uintILi8EEE11appearances_161_0_0_0_load  |   in|    3|     ap_none|  p_ZZN9bytecount10byte_countEP7ap_uintILi8EEE11appearances_161_0_0_0_load|        scalar|
|p_ZZN9bytecount10byte_countEP7ap_uintILi8EEE11appearances_162_0_0_0_load  |   in|    3|     ap_none|  p_ZZN9bytecount10byte_countEP7ap_uintILi8EEE11appearances_162_0_0_0_load|        scalar|
|p_ZZN9bytecount10byte_countEP7ap_uintILi8EEE11appearances_163_0_0_0_load  |   in|    3|     ap_none|  p_ZZN9bytecount10byte_countEP7ap_uintILi8EEE11appearances_163_0_0_0_load|        scalar|
|p_ZZN9bytecount10byte_countEP7ap_uintILi8EEE11appearances_164_0_0_0_load  |   in|    3|     ap_none|  p_ZZN9bytecount10byte_countEP7ap_uintILi8EEE11appearances_164_0_0_0_load|        scalar|
|p_ZZN9bytecount10byte_countEP7ap_uintILi8EEE11appearances_165_0_0_0_load  |   in|    3|     ap_none|  p_ZZN9bytecount10byte_countEP7ap_uintILi8EEE11appearances_165_0_0_0_load|        scalar|
|p_ZZN9bytecount10byte_countEP7ap_uintILi8EEE11appearances_166_0_0_0_load  |   in|    3|     ap_none|  p_ZZN9bytecount10byte_countEP7ap_uintILi8EEE11appearances_166_0_0_0_load|        scalar|
|p_ZZN9bytecount10byte_countEP7ap_uintILi8EEE11appearances_167_0_0_0_load  |   in|    3|     ap_none|  p_ZZN9bytecount10byte_countEP7ap_uintILi8EEE11appearances_167_0_0_0_load|        scalar|
|p_ZZN9bytecount10byte_countEP7ap_uintILi8EEE11appearances_168_0_0_0_load  |   in|    3|     ap_none|  p_ZZN9bytecount10byte_countEP7ap_uintILi8EEE11appearances_168_0_0_0_load|        scalar|
|p_ZZN9bytecount10byte_countEP7ap_uintILi8EEE11appearances_169_0_0_0_load  |   in|    3|     ap_none|  p_ZZN9bytecount10byte_countEP7ap_uintILi8EEE11appearances_169_0_0_0_load|        scalar|
|p_ZZN9bytecount10byte_countEP7ap_uintILi8EEE11appearances_170_0_0_0_load  |   in|    3|     ap_none|  p_ZZN9bytecount10byte_countEP7ap_uintILi8EEE11appearances_170_0_0_0_load|        scalar|
|p_ZZN9bytecount10byte_countEP7ap_uintILi8EEE11appearances_171_0_0_0_load  |   in|    3|     ap_none|  p_ZZN9bytecount10byte_countEP7ap_uintILi8EEE11appearances_171_0_0_0_load|        scalar|
|p_ZZN9bytecount10byte_countEP7ap_uintILi8EEE11appearances_172_0_0_0_load  |   in|    3|     ap_none|  p_ZZN9bytecount10byte_countEP7ap_uintILi8EEE11appearances_172_0_0_0_load|        scalar|
|p_ZZN9bytecount10byte_countEP7ap_uintILi8EEE11appearances_173_0_0_0_load  |   in|    3|     ap_none|  p_ZZN9bytecount10byte_countEP7ap_uintILi8EEE11appearances_173_0_0_0_load|        scalar|
|p_ZZN9bytecount10byte_countEP7ap_uintILi8EEE11appearances_174_0_0_0_load  |   in|    3|     ap_none|  p_ZZN9bytecount10byte_countEP7ap_uintILi8EEE11appearances_174_0_0_0_load|        scalar|
|p_ZZN9bytecount10byte_countEP7ap_uintILi8EEE11appearances_175_0_0_0_load  |   in|    3|     ap_none|  p_ZZN9bytecount10byte_countEP7ap_uintILi8EEE11appearances_175_0_0_0_load|        scalar|
|p_ZZN9bytecount10byte_countEP7ap_uintILi8EEE11appearances_176_0_0_0_load  |   in|    3|     ap_none|  p_ZZN9bytecount10byte_countEP7ap_uintILi8EEE11appearances_176_0_0_0_load|        scalar|
|p_ZZN9bytecount10byte_countEP7ap_uintILi8EEE11appearances_177_0_0_0_load  |   in|    3|     ap_none|  p_ZZN9bytecount10byte_countEP7ap_uintILi8EEE11appearances_177_0_0_0_load|        scalar|
|p_ZZN9bytecount10byte_countEP7ap_uintILi8EEE11appearances_178_0_0_0_load  |   in|    3|     ap_none|  p_ZZN9bytecount10byte_countEP7ap_uintILi8EEE11appearances_178_0_0_0_load|        scalar|
|p_ZZN9bytecount10byte_countEP7ap_uintILi8EEE11appearances_179_0_0_0_load  |   in|    3|     ap_none|  p_ZZN9bytecount10byte_countEP7ap_uintILi8EEE11appearances_179_0_0_0_load|        scalar|
|p_ZZN9bytecount10byte_countEP7ap_uintILi8EEE11appearances_180_0_0_0_load  |   in|    3|     ap_none|  p_ZZN9bytecount10byte_countEP7ap_uintILi8EEE11appearances_180_0_0_0_load|        scalar|
|p_ZZN9bytecount10byte_countEP7ap_uintILi8EEE11appearances_181_0_0_0_load  |   in|    3|     ap_none|  p_ZZN9bytecount10byte_countEP7ap_uintILi8EEE11appearances_181_0_0_0_load|        scalar|
|p_ZZN9bytecount10byte_countEP7ap_uintILi8EEE11appearances_182_0_0_0_load  |   in|    3|     ap_none|  p_ZZN9bytecount10byte_countEP7ap_uintILi8EEE11appearances_182_0_0_0_load|        scalar|
|p_ZZN9bytecount10byte_countEP7ap_uintILi8EEE11appearances_183_0_0_0_load  |   in|    3|     ap_none|  p_ZZN9bytecount10byte_countEP7ap_uintILi8EEE11appearances_183_0_0_0_load|        scalar|
|p_ZZN9bytecount10byte_countEP7ap_uintILi8EEE11appearances_184_0_0_0_load  |   in|    3|     ap_none|  p_ZZN9bytecount10byte_countEP7ap_uintILi8EEE11appearances_184_0_0_0_load|        scalar|
|p_ZZN9bytecount10byte_countEP7ap_uintILi8EEE11appearances_185_0_0_0_load  |   in|    3|     ap_none|  p_ZZN9bytecount10byte_countEP7ap_uintILi8EEE11appearances_185_0_0_0_load|        scalar|
|p_ZZN9bytecount10byte_countEP7ap_uintILi8EEE11appearances_186_0_0_0_load  |   in|    3|     ap_none|  p_ZZN9bytecount10byte_countEP7ap_uintILi8EEE11appearances_186_0_0_0_load|        scalar|
|p_ZZN9bytecount10byte_countEP7ap_uintILi8EEE11appearances_187_0_0_0_load  |   in|    3|     ap_none|  p_ZZN9bytecount10byte_countEP7ap_uintILi8EEE11appearances_187_0_0_0_load|        scalar|
|p_ZZN9bytecount10byte_countEP7ap_uintILi8EEE11appearances_188_0_0_0_load  |   in|    3|     ap_none|  p_ZZN9bytecount10byte_countEP7ap_uintILi8EEE11appearances_188_0_0_0_load|        scalar|
|p_ZZN9bytecount10byte_countEP7ap_uintILi8EEE11appearances_189_0_0_0_load  |   in|    3|     ap_none|  p_ZZN9bytecount10byte_countEP7ap_uintILi8EEE11appearances_189_0_0_0_load|        scalar|
|p_ZZN9bytecount10byte_countEP7ap_uintILi8EEE11appearances_190_0_0_0_load  |   in|    3|     ap_none|  p_ZZN9bytecount10byte_countEP7ap_uintILi8EEE11appearances_190_0_0_0_load|        scalar|
|p_ZZN9bytecount10byte_countEP7ap_uintILi8EEE11appearances_191_0_0_0_load  |   in|    3|     ap_none|  p_ZZN9bytecount10byte_countEP7ap_uintILi8EEE11appearances_191_0_0_0_load|        scalar|
|p_ZZN9bytecount10byte_countEP7ap_uintILi8EEE11appearances_192_0_0_0_load  |   in|    3|     ap_none|  p_ZZN9bytecount10byte_countEP7ap_uintILi8EEE11appearances_192_0_0_0_load|        scalar|
|p_ZZN9bytecount10byte_countEP7ap_uintILi8EEE11appearances_193_0_0_0_load  |   in|    3|     ap_none|  p_ZZN9bytecount10byte_countEP7ap_uintILi8EEE11appearances_193_0_0_0_load|        scalar|
|p_ZZN9bytecount10byte_countEP7ap_uintILi8EEE11appearances_194_0_0_0_load  |   in|    3|     ap_none|  p_ZZN9bytecount10byte_countEP7ap_uintILi8EEE11appearances_194_0_0_0_load|        scalar|
|p_ZZN9bytecount10byte_countEP7ap_uintILi8EEE11appearances_195_0_0_0_load  |   in|    3|     ap_none|  p_ZZN9bytecount10byte_countEP7ap_uintILi8EEE11appearances_195_0_0_0_load|        scalar|
|p_ZZN9bytecount10byte_countEP7ap_uintILi8EEE11appearances_196_0_0_0_load  |   in|    3|     ap_none|  p_ZZN9bytecount10byte_countEP7ap_uintILi8EEE11appearances_196_0_0_0_load|        scalar|
|p_ZZN9bytecount10byte_countEP7ap_uintILi8EEE11appearances_197_0_0_0_load  |   in|    3|     ap_none|  p_ZZN9bytecount10byte_countEP7ap_uintILi8EEE11appearances_197_0_0_0_load|        scalar|
|p_ZZN9bytecount10byte_countEP7ap_uintILi8EEE11appearances_198_0_0_0_load  |   in|    3|     ap_none|  p_ZZN9bytecount10byte_countEP7ap_uintILi8EEE11appearances_198_0_0_0_load|        scalar|
|p_ZZN9bytecount10byte_countEP7ap_uintILi8EEE11appearances_199_0_0_0_load  |   in|    3|     ap_none|  p_ZZN9bytecount10byte_countEP7ap_uintILi8EEE11appearances_199_0_0_0_load|        scalar|
|p_ZZN9bytecount10byte_countEP7ap_uintILi8EEE11appearances_200_0_0_0_load  |   in|    3|     ap_none|  p_ZZN9bytecount10byte_countEP7ap_uintILi8EEE11appearances_200_0_0_0_load|        scalar|
|p_ZZN9bytecount10byte_countEP7ap_uintILi8EEE11appearances_201_0_0_0_load  |   in|    3|     ap_none|  p_ZZN9bytecount10byte_countEP7ap_uintILi8EEE11appearances_201_0_0_0_load|        scalar|
|p_ZZN9bytecount10byte_countEP7ap_uintILi8EEE11appearances_202_0_0_0_load  |   in|    3|     ap_none|  p_ZZN9bytecount10byte_countEP7ap_uintILi8EEE11appearances_202_0_0_0_load|        scalar|
|p_ZZN9bytecount10byte_countEP7ap_uintILi8EEE11appearances_203_0_0_0_load  |   in|    3|     ap_none|  p_ZZN9bytecount10byte_countEP7ap_uintILi8EEE11appearances_203_0_0_0_load|        scalar|
|p_ZZN9bytecount10byte_countEP7ap_uintILi8EEE11appearances_204_0_0_0_load  |   in|    3|     ap_none|  p_ZZN9bytecount10byte_countEP7ap_uintILi8EEE11appearances_204_0_0_0_load|        scalar|
|p_ZZN9bytecount10byte_countEP7ap_uintILi8EEE11appearances_205_0_0_0_load  |   in|    3|     ap_none|  p_ZZN9bytecount10byte_countEP7ap_uintILi8EEE11appearances_205_0_0_0_load|        scalar|
|p_ZZN9bytecount10byte_countEP7ap_uintILi8EEE11appearances_206_0_0_0_load  |   in|    3|     ap_none|  p_ZZN9bytecount10byte_countEP7ap_uintILi8EEE11appearances_206_0_0_0_load|        scalar|
|p_ZZN9bytecount10byte_countEP7ap_uintILi8EEE11appearances_207_0_0_0_load  |   in|    3|     ap_none|  p_ZZN9bytecount10byte_countEP7ap_uintILi8EEE11appearances_207_0_0_0_load|        scalar|
|p_ZZN9bytecount10byte_countEP7ap_uintILi8EEE11appearances_208_0_0_0_load  |   in|    3|     ap_none|  p_ZZN9bytecount10byte_countEP7ap_uintILi8EEE11appearances_208_0_0_0_load|        scalar|
|p_ZZN9bytecount10byte_countEP7ap_uintILi8EEE11appearances_209_0_0_0_load  |   in|    3|     ap_none|  p_ZZN9bytecount10byte_countEP7ap_uintILi8EEE11appearances_209_0_0_0_load|        scalar|
|bytecount_byte_count_ap_uint_8_appearances_67                             |   in|    3|     ap_none|                             bytecount_byte_count_ap_uint_8_appearances_67|        scalar|
|bytecount_byte_count_ap_uint_8_appearances                                |   in|    3|     ap_none|                                bytecount_byte_count_ap_uint_8_appearances|        scalar|
|p_ZZN9bytecount10byte_countEP7ap_uintILi8EEE11appearances_212_0_0_0_load  |   in|    3|     ap_none|  p_ZZN9bytecount10byte_countEP7ap_uintILi8EEE11appearances_212_0_0_0_load|        scalar|
|p_ZZN9bytecount10byte_countEP7ap_uintILi8EEE11appearances_213_0_0_0_load  |   in|    3|     ap_none|  p_ZZN9bytecount10byte_countEP7ap_uintILi8EEE11appearances_213_0_0_0_load|        scalar|
|p_ZZN9bytecount10byte_countEP7ap_uintILi8EEE11appearances_214_0_0_0_load  |   in|    3|     ap_none|  p_ZZN9bytecount10byte_countEP7ap_uintILi8EEE11appearances_214_0_0_0_load|        scalar|
|p_ZZN9bytecount10byte_countEP7ap_uintILi8EEE11appearances_215_0_0_0_load  |   in|    3|     ap_none|  p_ZZN9bytecount10byte_countEP7ap_uintILi8EEE11appearances_215_0_0_0_load|        scalar|
|p_ZZN9bytecount10byte_countEP7ap_uintILi8EEE11appearances_216_0_0_0_load  |   in|    3|     ap_none|  p_ZZN9bytecount10byte_countEP7ap_uintILi8EEE11appearances_216_0_0_0_load|        scalar|
|p_ZZN9bytecount10byte_countEP7ap_uintILi8EEE11appearances_217_0_0_0_load  |   in|    3|     ap_none|  p_ZZN9bytecount10byte_countEP7ap_uintILi8EEE11appearances_217_0_0_0_load|        scalar|
|p_ZZN9bytecount10byte_countEP7ap_uintILi8EEE11appearances_218_0_0_0_load  |   in|    3|     ap_none|  p_ZZN9bytecount10byte_countEP7ap_uintILi8EEE11appearances_218_0_0_0_load|        scalar|
|p_ZZN9bytecount10byte_countEP7ap_uintILi8EEE11appearances_219_0_0_0_load  |   in|    3|     ap_none|  p_ZZN9bytecount10byte_countEP7ap_uintILi8EEE11appearances_219_0_0_0_load|        scalar|
|p_ZZN9bytecount10byte_countEP7ap_uintILi8EEE11appearances_220_0_0_0_load  |   in|    3|     ap_none|  p_ZZN9bytecount10byte_countEP7ap_uintILi8EEE11appearances_220_0_0_0_load|        scalar|
|p_ZZN9bytecount10byte_countEP7ap_uintILi8EEE11appearances_221_0_0_0_load  |   in|    3|     ap_none|  p_ZZN9bytecount10byte_countEP7ap_uintILi8EEE11appearances_221_0_0_0_load|        scalar|
|p_ZZN9bytecount10byte_countEP7ap_uintILi8EEE11appearances_222_0_0_0_load  |   in|    3|     ap_none|  p_ZZN9bytecount10byte_countEP7ap_uintILi8EEE11appearances_222_0_0_0_load|        scalar|
|p_ZZN9bytecount10byte_countEP7ap_uintILi8EEE11appearances_223_0_0_0_load  |   in|    3|     ap_none|  p_ZZN9bytecount10byte_countEP7ap_uintILi8EEE11appearances_223_0_0_0_load|        scalar|
|p_ZZN9bytecount10byte_countEP7ap_uintILi8EEE11appearances_224_0_0_0_load  |   in|    3|     ap_none|  p_ZZN9bytecount10byte_countEP7ap_uintILi8EEE11appearances_224_0_0_0_load|        scalar|
|p_ZZN9bytecount10byte_countEP7ap_uintILi8EEE11appearances_225_0_0_0_load  |   in|    3|     ap_none|  p_ZZN9bytecount10byte_countEP7ap_uintILi8EEE11appearances_225_0_0_0_load|        scalar|
|p_ZZN9bytecount10byte_countEP7ap_uintILi8EEE11appearances_226_0_0_0_load  |   in|    3|     ap_none|  p_ZZN9bytecount10byte_countEP7ap_uintILi8EEE11appearances_226_0_0_0_load|        scalar|
|p_ZZN9bytecount10byte_countEP7ap_uintILi8EEE11appearances_227_0_0_0_load  |   in|    3|     ap_none|  p_ZZN9bytecount10byte_countEP7ap_uintILi8EEE11appearances_227_0_0_0_load|        scalar|
|p_ZZN9bytecount10byte_countEP7ap_uintILi8EEE11appearances_228_0_0_0_load  |   in|    3|     ap_none|  p_ZZN9bytecount10byte_countEP7ap_uintILi8EEE11appearances_228_0_0_0_load|        scalar|
|p_ZZN9bytecount10byte_countEP7ap_uintILi8EEE11appearances_229_0_0_0_load  |   in|    3|     ap_none|  p_ZZN9bytecount10byte_countEP7ap_uintILi8EEE11appearances_229_0_0_0_load|        scalar|
|p_ZZN9bytecount10byte_countEP7ap_uintILi8EEE11appearances_230_0_0_0_load  |   in|    3|     ap_none|  p_ZZN9bytecount10byte_countEP7ap_uintILi8EEE11appearances_230_0_0_0_load|        scalar|
|p_ZZN9bytecount10byte_countEP7ap_uintILi8EEE11appearances_231_0_0_0_load  |   in|    3|     ap_none|  p_ZZN9bytecount10byte_countEP7ap_uintILi8EEE11appearances_231_0_0_0_load|        scalar|
|p_ZZN9bytecount10byte_countEP7ap_uintILi8EEE11appearances_232_0_0_0_load  |   in|    3|     ap_none|  p_ZZN9bytecount10byte_countEP7ap_uintILi8EEE11appearances_232_0_0_0_load|        scalar|
|p_ZZN9bytecount10byte_countEP7ap_uintILi8EEE11appearances_233_0_0_0_load  |   in|    3|     ap_none|  p_ZZN9bytecount10byte_countEP7ap_uintILi8EEE11appearances_233_0_0_0_load|        scalar|
|p_ZZN9bytecount10byte_countEP7ap_uintILi8EEE11appearances_234_0_0_0_load  |   in|    3|     ap_none|  p_ZZN9bytecount10byte_countEP7ap_uintILi8EEE11appearances_234_0_0_0_load|        scalar|
|p_ZZN9bytecount10byte_countEP7ap_uintILi8EEE11appearances_235_0_0_0_load  |   in|    3|     ap_none|  p_ZZN9bytecount10byte_countEP7ap_uintILi8EEE11appearances_235_0_0_0_load|        scalar|
|p_ZZN9bytecount10byte_countEP7ap_uintILi8EEE11appearances_236_0_0_0_load  |   in|    3|     ap_none|  p_ZZN9bytecount10byte_countEP7ap_uintILi8EEE11appearances_236_0_0_0_load|        scalar|
|p_ZZN9bytecount10byte_countEP7ap_uintILi8EEE11appearances_237_0_0_0_load  |   in|    3|     ap_none|  p_ZZN9bytecount10byte_countEP7ap_uintILi8EEE11appearances_237_0_0_0_load|        scalar|
|p_ZZN9bytecount10byte_countEP7ap_uintILi8EEE11appearances_238_0_0_0_load  |   in|    3|     ap_none|  p_ZZN9bytecount10byte_countEP7ap_uintILi8EEE11appearances_238_0_0_0_load|        scalar|
|p_ZZN9bytecount10byte_countEP7ap_uintILi8EEE11appearances_239_0_0_0_load  |   in|    3|     ap_none|  p_ZZN9bytecount10byte_countEP7ap_uintILi8EEE11appearances_239_0_0_0_load|        scalar|
|p_ZZN9bytecount10byte_countEP7ap_uintILi8EEE11appearances_240_0_0_0_load  |   in|    3|     ap_none|  p_ZZN9bytecount10byte_countEP7ap_uintILi8EEE11appearances_240_0_0_0_load|        scalar|
|p_ZZN9bytecount10byte_countEP7ap_uintILi8EEE11appearances_241_0_0_0_load  |   in|    3|     ap_none|  p_ZZN9bytecount10byte_countEP7ap_uintILi8EEE11appearances_241_0_0_0_load|        scalar|
|p_ZZN9bytecount10byte_countEP7ap_uintILi8EEE11appearances_242_0_0_0_load  |   in|    3|     ap_none|  p_ZZN9bytecount10byte_countEP7ap_uintILi8EEE11appearances_242_0_0_0_load|        scalar|
|p_ZZN9bytecount10byte_countEP7ap_uintILi8EEE11appearances_243_0_0_0_load  |   in|    3|     ap_none|  p_ZZN9bytecount10byte_countEP7ap_uintILi8EEE11appearances_243_0_0_0_load|        scalar|
|p_ZZN9bytecount10byte_countEP7ap_uintILi8EEE11appearances_244_0_0_0_load  |   in|    3|     ap_none|  p_ZZN9bytecount10byte_countEP7ap_uintILi8EEE11appearances_244_0_0_0_load|        scalar|
|p_ZZN9bytecount10byte_countEP7ap_uintILi8EEE11appearances_245_0_0_0_load  |   in|    3|     ap_none|  p_ZZN9bytecount10byte_countEP7ap_uintILi8EEE11appearances_245_0_0_0_load|        scalar|
|p_ZZN9bytecount10byte_countEP7ap_uintILi8EEE11appearances_246_0_0_0_load  |   in|    3|     ap_none|  p_ZZN9bytecount10byte_countEP7ap_uintILi8EEE11appearances_246_0_0_0_load|        scalar|
|p_ZZN9bytecount10byte_countEP7ap_uintILi8EEE11appearances_247_0_0_0_load  |   in|    3|     ap_none|  p_ZZN9bytecount10byte_countEP7ap_uintILi8EEE11appearances_247_0_0_0_load|        scalar|
|p_ZZN9bytecount10byte_countEP7ap_uintILi8EEE11appearances_248_0_0_0_load  |   in|    3|     ap_none|  p_ZZN9bytecount10byte_countEP7ap_uintILi8EEE11appearances_248_0_0_0_load|        scalar|
|p_ZZN9bytecount10byte_countEP7ap_uintILi8EEE11appearances_249_0_0_0_load  |   in|    3|     ap_none|  p_ZZN9bytecount10byte_countEP7ap_uintILi8EEE11appearances_249_0_0_0_load|        scalar|
|p_ZZN9bytecount10byte_countEP7ap_uintILi8EEE11appearances_250_0_0_0_load  |   in|    3|     ap_none|  p_ZZN9bytecount10byte_countEP7ap_uintILi8EEE11appearances_250_0_0_0_load|        scalar|
|p_ZZN9bytecount10byte_countEP7ap_uintILi8EEE11appearances_251_0_0_0_load  |   in|    3|     ap_none|  p_ZZN9bytecount10byte_countEP7ap_uintILi8EEE11appearances_251_0_0_0_load|        scalar|
|p_ZZN9bytecount10byte_countEP7ap_uintILi8EEE11appearances_252_0_0_0_load  |   in|    3|     ap_none|  p_ZZN9bytecount10byte_countEP7ap_uintILi8EEE11appearances_252_0_0_0_load|        scalar|
|p_ZZN9bytecount10byte_countEP7ap_uintILi8EEE11appearances_253_0_0_0_load  |   in|    3|     ap_none|  p_ZZN9bytecount10byte_countEP7ap_uintILi8EEE11appearances_253_0_0_0_load|        scalar|
|p_ZZN9bytecount10byte_countEP7ap_uintILi8EEE11appearances_254_0_0_0_load  |   in|    3|     ap_none|  p_ZZN9bytecount10byte_countEP7ap_uintILi8EEE11appearances_254_0_0_0_load|        scalar|
|p_ZZN9bytecount10byte_countEP7ap_uintILi8EEE11appearances_255_0_0_0_load  |   in|    3|     ap_none|  p_ZZN9bytecount10byte_countEP7ap_uintILi8EEE11appearances_255_0_0_0_load|        scalar|
|conv3_i_i74_i_out                                                         |  out|    8|      ap_vld|                                                         conv3_i_i74_i_out|       pointer|
|conv3_i_i74_i_out_ap_vld                                                  |  out|    1|      ap_vld|                                                         conv3_i_i74_i_out|       pointer|
+--------------------------------------------------------------------------+-----+-----+------------+--------------------------------------------------------------------------+--------------+

